2021-05-05 09:27:00,383 | 3179 | proxy.proxy, open_connection, 242 | ERROR | Failed to connect to controller : [Errno 111] Connect call failed ('127.0.0.1', 6653)
2021-05-05 09:27:00,384 | 3179 | proxy.proxy, open_connection, 248 | DEBUG | reconnect to controller a few seconds later
2021-05-05 09:27:00,385 | 3179 | proxy.proxy, start_server, 132 | INFO | Server on ('127.0.0.1', 63333)
2021-05-05 09:27:00,386 | 3179 | proxy.proxy, start_server, 135 | INFO | Server serve forever ('127.0.0.1', 63333)
2021-05-05 09:27:05,388 | 3179 | proxy.proxy, open_connection, 242 | ERROR | Failed to connect to controller : [Errno 111] Connect call failed ('127.0.0.1', 6653)
2021-05-05 09:27:05,388 | 3179 | proxy.proxy, open_connection, 248 | DEBUG | reconnect to controller a few seconds later
2021-05-05 09:27:10,393 | 3179 | proxy.proxy, open_connection, 242 | ERROR | Failed to connect to controller : [Errno 111] Connect call failed ('127.0.0.1', 6653)
2021-05-05 09:27:10,394 | 3179 | proxy.proxy, open_connection, 248 | DEBUG | reconnect to controller a few seconds later
2021-05-05 09:27:15,400 | 3179 | proxy.proxy, open_connection, 242 | ERROR | Failed to connect to controller : [Errno 111] Connect call failed ('127.0.0.1', 6653)
2021-05-05 09:27:15,400 | 3179 | proxy.proxy, open_connection, 248 | DEBUG | reconnect to controller a few seconds later
2021-05-05 09:27:20,403 | 3179 | proxy.proxy, open_connection, 242 | ERROR | Failed to connect to controller : [Errno 111] Connect call failed ('127.0.0.1', 6653)
2021-05-05 09:27:20,404 | 3179 | proxy.proxy, open_connection, 248 | DEBUG | reconnect to controller a few seconds later
2021-05-05 09:27:25,408 | 3179 | proxy.proxy, open_connection, 242 | ERROR | Failed to connect to controller : [Errno 111] Connect call failed ('127.0.0.1', 6653)
2021-05-05 09:27:25,408 | 3179 | proxy.proxy, open_connection, 248 | DEBUG | reconnect to controller a few seconds later
2021-05-05 09:27:30,411 | 3179 | proxy.proxy, open_connection, 242 | ERROR | Failed to connect to controller : [Errno 111] Connect call failed ('127.0.0.1', 6653)
2021-05-05 09:27:30,412 | 3179 | proxy.proxy, open_connection, 248 | DEBUG | reconnect to controller a few seconds later
2021-05-05 09:27:35,416 | 3179 | proxy.proxy, open_connection, 242 | ERROR | Failed to connect to controller : [Errno 111] Connect call failed ('127.0.0.1', 6653)
2021-05-05 09:27:35,417 | 3179 | proxy.proxy, open_connection, 248 | DEBUG | reconnect to controller a few seconds later
2021-05-05 09:27:40,425 | 3179 | proxy.proxy, open_connection, 242 | ERROR | Failed to connect to controller : [Errno 111] Connect call failed ('127.0.0.1', 6653)
2021-05-05 09:27:40,425 | 3179 | proxy.proxy, open_connection, 248 | DEBUG | reconnect to controller a few seconds later
2021-05-05 09:27:42,438 | 3179 | proxy.proxy, handle_switch, 149 | INFO | Client ('127.0.0.1', 41278) is connected
2021-05-05 09:27:42,438 | 3179 | proxy.proxy, handle_switch, 155 | DEBUG | waiting data ......
2021-05-05 09:27:42,440 | 3179 | proxy.proxy, handle_switch, 157 | DEBUG | read b''
2021-05-05 09:27:42,440 | 3179 | proxy.proxy, handle_switch, 159 | DEBUG | no data from switch read
2021-05-05 09:27:42,441 | 3179 | proxy.proxy, handle_switch, 170 | INFO | Close the connection and do exit processing
2021-05-05 09:27:45,158 | 3179 | proxy.proxy, handle_switch, 149 | INFO | Client ('127.0.0.1', 41280) is connected
2021-05-05 09:27:45,159 | 3179 | proxy.proxy, handle_switch, 155 | DEBUG | waiting data ......
2021-05-05 09:27:45,161 | 3179 | proxy.proxy, handle_switch, 149 | INFO | Client ('127.0.0.1', 41282) is connected
2021-05-05 09:27:45,162 | 3179 | proxy.proxy, handle_switch, 155 | DEBUG | waiting data ......
2021-05-05 09:27:45,168 | 3179 | proxy.proxy, handle_switch, 149 | INFO | Client ('127.0.0.1', 41284) is connected
2021-05-05 09:27:45,179 | 3179 | proxy.proxy, handle_switch, 155 | DEBUG | waiting data ......
2021-05-05 09:27:45,185 | 3179 | proxy.proxy, handle_switch, 157 | DEBUG | read b'\x04\x00\x00\x10\x00\x00\x00\x03\x00\x01\x00\x08\x00\x00\x00\x10'
2021-05-05 09:27:45,191 | 3179 | proxy.proxy, handle_switch, 155 | DEBUG | waiting data ......
2021-05-05 09:27:45,198 | 3179 | proxy.proxy, handle_switch, 157 | DEBUG | read b'\x04\x00\x00\x10\x00\x00\x00\x04\x00\x01\x00\x08\x00\x00\x00\x10'
2021-05-05 09:27:45,205 | 3179 | proxy.proxy, handle_switch, 155 | DEBUG | waiting data ......
2021-05-05 09:27:45,228 | 3179 | proxy.proxy, handle_switch, 157 | DEBUG | read b'\x04\x00\x00\x10\x00\x00\x00\x05\x00\x01\x00\x08\x00\x00\x00\x10'
2021-05-05 09:27:45,230 | 3179 | proxy.proxy, handle_switch, 155 | DEBUG | waiting data ......
2021-05-05 09:27:45,433 | 3179 | proxy.proxy, open_connection, 242 | ERROR | Failed to connect to controller : [Errno 111] Connect call failed ('127.0.0.1', 6653)
2021-05-05 09:27:45,434 | 3179 | proxy.proxy, open_connection, 248 | DEBUG | reconnect to controller a few seconds later
2021-05-05 09:27:46,358 | 3179 | proxy.proxy, handle_switch, 157 | DEBUG | read b''
2021-05-05 09:27:46,359 | 3179 | proxy.proxy, handle_switch, 159 | DEBUG | no data from switch read
2021-05-05 09:27:46,359 | 3179 | proxy.proxy, handle_switch, 170 | INFO | Close the connection and do exit processing
2021-05-05 09:27:46,359 | 3179 | proxy.proxy, handle_switch, 157 | DEBUG | read b''
2021-05-05 09:27:46,359 | 3179 | proxy.proxy, handle_switch, 159 | DEBUG | no data from switch read
2021-05-05 09:27:46,360 | 3179 | proxy.proxy, handle_switch, 170 | INFO | Close the connection and do exit processing
2021-05-05 09:27:46,360 | 3179 | proxy.proxy, handle_switch, 157 | DEBUG | read b''
2021-05-05 09:27:46,361 | 3179 | proxy.proxy, handle_switch, 159 | DEBUG | no data from switch read
2021-05-05 09:27:46,362 | 3179 | proxy.proxy, handle_switch, 170 | INFO | Close the connection and do exit processing
2021-05-05 09:27:47,360 | 3179 | proxy.proxy, handle_switch, 149 | INFO | Client ('127.0.0.1', 41288) is connected
2021-05-05 09:27:47,361 | 3179 | proxy.proxy, handle_switch, 155 | DEBUG | waiting data ......
2021-05-05 09:27:47,361 | 3179 | proxy.proxy, handle_switch, 149 | INFO | Client ('127.0.0.1', 41290) is connected
2021-05-05 09:27:47,362 | 3179 | proxy.proxy, handle_switch, 155 | DEBUG | waiting data ......
2021-05-05 09:27:47,362 | 3179 | proxy.proxy, handle_switch, 149 | INFO | Client ('127.0.0.1', 41292) is connected
2021-05-05 09:27:47,363 | 3179 | proxy.proxy, handle_switch, 155 | DEBUG | waiting data ......
2021-05-05 09:27:47,363 | 3179 | proxy.proxy, handle_switch, 157 | DEBUG | read b'\x04\x00\x00\x10\x00\x00\x00\x06\x00\x01\x00\x08\x00\x00\x00\x10'
2021-05-05 09:27:47,364 | 3179 | proxy.proxy, handle_switch, 155 | DEBUG | waiting data ......
2021-05-05 09:27:47,364 | 3179 | proxy.proxy, handle_switch, 157 | DEBUG | read b'\x04\x00\x00\x10\x00\x00\x00\x07\x00\x01\x00\x08\x00\x00\x00\x10'
2021-05-05 09:27:47,365 | 3179 | proxy.proxy, handle_switch, 155 | DEBUG | waiting data ......
2021-05-05 09:27:47,365 | 3179 | proxy.proxy, handle_switch, 157 | DEBUG | read b'\x04\x00\x00\x10\x00\x00\x00\x08\x00\x01\x00\x08\x00\x00\x00\x10'
2021-05-05 09:27:47,366 | 3179 | proxy.proxy, handle_switch, 155 | DEBUG | waiting data ......
2021-05-05 09:27:48,361 | 3179 | proxy.proxy, handle_switch, 157 | DEBUG | read b''
2021-05-05 09:27:48,362 | 3179 | proxy.proxy, handle_switch, 159 | DEBUG | no data from switch read
2021-05-05 09:27:48,363 | 3179 | proxy.proxy, handle_switch, 170 | INFO | Close the connection and do exit processing
2021-05-05 09:27:48,364 | 3179 | proxy.proxy, handle_switch, 157 | DEBUG | read b''
2021-05-05 09:27:48,365 | 3179 | proxy.proxy, handle_switch, 159 | DEBUG | no data from switch read
2021-05-05 09:27:48,365 | 3179 | proxy.proxy, handle_switch, 170 | INFO | Close the connection and do exit processing
2021-05-05 09:27:48,365 | 3179 | proxy.proxy, handle_switch, 157 | DEBUG | read b''
2021-05-05 09:27:48,366 | 3179 | proxy.proxy, handle_switch, 159 | DEBUG | no data from switch read
2021-05-05 09:27:48,366 | 3179 | proxy.proxy, handle_switch, 170 | INFO | Close the connection and do exit processing
2021-05-05 09:27:50,366 | 3179 | proxy.proxy, handle_switch, 149 | INFO | Client ('127.0.0.1', 41298) is connected
2021-05-05 09:27:50,367 | 3179 | proxy.proxy, handle_switch, 155 | DEBUG | waiting data ......
2021-05-05 09:27:50,368 | 3179 | proxy.proxy, handle_switch, 149 | INFO | Client ('127.0.0.1', 41300) is connected
2021-05-05 09:27:50,368 | 3179 | proxy.proxy, handle_switch, 155 | DEBUG | waiting data ......
2021-05-05 09:27:50,369 | 3179 | proxy.proxy, handle_switch, 149 | INFO | Client ('127.0.0.1', 41302) is connected
2021-05-05 09:27:50,369 | 3179 | proxy.proxy, handle_switch, 155 | DEBUG | waiting data ......
2021-05-05 09:27:50,370 | 3179 | proxy.proxy, handle_switch, 157 | DEBUG | read b'\x04\x00\x00\x10\x00\x00\x00\t\x00\x01\x00\x08\x00\x00\x00\x10'
2021-05-05 09:27:50,371 | 3179 | proxy.proxy, handle_switch, 155 | DEBUG | waiting data ......
2021-05-05 09:27:50,371 | 3179 | proxy.proxy, handle_switch, 157 | DEBUG | read b'\x04\x00\x00\x10\x00\x00\x00\n\x00\x01\x00\x08\x00\x00\x00\x10'
2021-05-05 09:27:50,371 | 3179 | proxy.proxy, handle_switch, 155 | DEBUG | waiting data ......
2021-05-05 09:27:50,372 | 3179 | proxy.proxy, handle_switch, 157 | DEBUG | read b'\x04\x00\x00\x10\x00\x00\x00\x0b\x00\x01\x00\x08\x00\x00\x00\x10'
2021-05-05 09:27:50,373 | 3179 | proxy.proxy, handle_switch, 155 | DEBUG | waiting data ......
2021-05-05 09:27:50,436 | 3179 | proxy.proxy, open_connection, 242 | ERROR | Failed to connect to controller : [Errno 111] Connect call failed ('127.0.0.1', 6653)
2021-05-05 09:27:50,437 | 3179 | proxy.proxy, open_connection, 248 | DEBUG | reconnect to controller a few seconds later
2021-05-05 09:27:52,369 | 3179 | proxy.proxy, handle_switch, 157 | DEBUG | read b''
2021-05-05 09:27:52,369 | 3179 | proxy.proxy, handle_switch, 159 | DEBUG | no data from switch read
2021-05-05 09:27:52,370 | 3179 | proxy.proxy, handle_switch, 170 | INFO | Close the connection and do exit processing
2021-05-05 09:27:52,371 | 3179 | proxy.proxy, handle_switch, 157 | DEBUG | read b''
2021-05-05 09:27:52,372 | 3179 | proxy.proxy, handle_switch, 159 | DEBUG | no data from switch read
2021-05-05 09:27:52,372 | 3179 | proxy.proxy, handle_switch, 170 | INFO | Close the connection and do exit processing
2021-05-05 09:27:52,373 | 3179 | proxy.proxy, handle_switch, 157 | DEBUG | read b''
2021-05-05 09:27:52,373 | 3179 | proxy.proxy, handle_switch, 159 | DEBUG | no data from switch read
2021-05-05 09:27:52,374 | 3179 | proxy.proxy, handle_switch, 170 | INFO | Close the connection and do exit processing
2021-05-05 09:27:55,440 | 3179 | proxy.proxy, open_connection, 242 | ERROR | Failed to connect to controller : [Errno 111] Connect call failed ('127.0.0.1', 6653)
2021-05-05 09:27:55,441 | 3179 | proxy.proxy, open_connection, 248 | DEBUG | reconnect to controller a few seconds later
2021-05-05 09:27:56,375 | 3179 | proxy.proxy, handle_switch, 149 | INFO | Client ('127.0.0.1', 41308) is connected
2021-05-05 09:27:56,376 | 3179 | proxy.proxy, handle_switch, 155 | DEBUG | waiting data ......
2021-05-05 09:27:56,378 | 3179 | proxy.proxy, handle_switch, 157 | DEBUG | read b'\x04\x00\x00\x10\x00\x00\x00\x0c\x00\x01\x00\x08\x00\x00\x00\x10'
2021-05-05 09:27:56,378 | 3179 | proxy.proxy, handle_switch, 155 | DEBUG | waiting data ......
2021-05-05 09:27:56,380 | 3179 | proxy.proxy, handle_switch, 149 | INFO | Client ('127.0.0.1', 41310) is connected
2021-05-05 09:27:56,381 | 3179 | proxy.proxy, handle_switch, 155 | DEBUG | waiting data ......
2021-05-05 09:27:56,381 | 3179 | proxy.proxy, handle_switch, 149 | INFO | Client ('127.0.0.1', 41312) is connected
2021-05-05 09:27:56,382 | 3179 | proxy.proxy, handle_switch, 155 | DEBUG | waiting data ......
2021-05-05 09:27:56,382 | 3179 | proxy.proxy, handle_switch, 157 | DEBUG | read b'\x04\x00\x00\x10\x00\x00\x00\r\x00\x01\x00\x08\x00\x00\x00\x10'
2021-05-05 09:27:56,383 | 3179 | proxy.proxy, handle_switch, 155 | DEBUG | waiting data ......
2021-05-05 09:27:56,383 | 3179 | proxy.proxy, handle_switch, 157 | DEBUG | read b'\x04\x00\x00\x10\x00\x00\x00\x0e\x00\x01\x00\x08\x00\x00\x00\x10'
2021-05-05 09:27:56,384 | 3179 | proxy.proxy, handle_switch, 155 | DEBUG | waiting data ......
2021-05-05 09:28:00,379 | 3179 | proxy.proxy, handle_switch, 157 | DEBUG | read b''
2021-05-05 09:28:00,380 | 3179 | proxy.proxy, handle_switch, 159 | DEBUG | no data from switch read
2021-05-05 09:28:00,383 | 3179 | proxy.proxy, handle_switch, 170 | INFO | Close the connection and do exit processing
2021-05-05 09:28:00,383 | 3179 | proxy.proxy, handle_switch, 157 | DEBUG | read b''
2021-05-05 09:28:00,384 | 3179 | proxy.proxy, handle_switch, 159 | DEBUG | no data from switch read
2021-05-05 09:28:00,384 | 3179 | proxy.proxy, handle_switch, 170 | INFO | Close the connection and do exit processing
2021-05-05 09:28:00,384 | 3179 | proxy.proxy, handle_switch, 157 | DEBUG | read b''
2021-05-05 09:28:00,385 | 3179 | proxy.proxy, handle_switch, 159 | DEBUG | no data from switch read
2021-05-05 09:28:00,385 | 3179 | proxy.proxy, handle_switch, 170 | INFO | Close the connection and do exit processing
2021-05-05 09:28:00,444 | 3179 | proxy.proxy, open_connection, 242 | ERROR | Failed to connect to controller : [Errno 111] Connect call failed ('127.0.0.1', 6653)
2021-05-05 09:28:00,445 | 3179 | proxy.proxy, open_connection, 248 | DEBUG | reconnect to controller a few seconds later
2021-05-05 09:28:05,452 | 3179 | proxy.proxy, open_connection, 242 | ERROR | Failed to connect to controller : [Errno 111] Connect call failed ('127.0.0.1', 6653)
2021-05-05 09:28:05,452 | 3179 | proxy.proxy, open_connection, 248 | DEBUG | reconnect to controller a few seconds later
2021-05-05 09:28:08,393 | 3179 | proxy.proxy, handle_switch, 149 | INFO | Client ('127.0.0.1', 41324) is connected
2021-05-05 09:28:08,394 | 3179 | proxy.proxy, handle_switch, 155 | DEBUG | waiting data ......
2021-05-05 09:28:08,394 | 3179 | proxy.proxy, handle_switch, 157 | DEBUG | read b'\x04\x00\x00\x10\x00\x00\x00\x0f\x00\x01\x00\x08\x00\x00\x00\x10'
2021-05-05 09:28:08,395 | 3179 | proxy.proxy, handle_switch, 155 | DEBUG | waiting data ......
2021-05-05 09:28:08,396 | 3179 | proxy.proxy, handle_switch, 149 | INFO | Client ('127.0.0.1', 41326) is connected
2021-05-05 09:28:08,396 | 3179 | proxy.proxy, handle_switch, 155 | DEBUG | waiting data ......
2021-05-05 09:28:08,397 | 3179 | proxy.proxy, handle_switch, 157 | DEBUG | read b'\x04\x00\x00\x10\x00\x00\x00\x10\x00\x01\x00\x08\x00\x00\x00\x10'
2021-05-05 09:28:08,397 | 3179 | proxy.proxy, handle_switch, 155 | DEBUG | waiting data ......
2021-05-05 09:28:08,398 | 3179 | proxy.proxy, handle_switch, 149 | INFO | Client ('127.0.0.1', 41328) is connected
2021-05-05 09:28:08,399 | 3179 | proxy.proxy, handle_switch, 155 | DEBUG | waiting data ......
2021-05-05 09:28:08,400 | 3179 | proxy.proxy, handle_switch, 157 | DEBUG | read b'\x04\x00\x00\x10\x00\x00\x00\x11\x00\x01\x00\x08\x00\x00\x00\x10'
2021-05-05 09:28:08,400 | 3179 | proxy.proxy, handle_switch, 155 | DEBUG | waiting data ......
2021-05-05 09:28:10,456 | 3179 | proxy.proxy, open_connection, 242 | ERROR | Failed to connect to controller : [Errno 111] Connect call failed ('127.0.0.1', 6653)
2021-05-05 09:28:10,457 | 3179 | proxy.proxy, open_connection, 248 | DEBUG | reconnect to controller a few seconds later
2021-05-05 09:28:15,460 | 3179 | proxy.proxy, open_connection, 242 | ERROR | Failed to connect to controller : [Errno 111] Connect call failed ('127.0.0.1', 6653)
2021-05-05 09:28:15,461 | 3179 | proxy.proxy, open_connection, 248 | DEBUG | reconnect to controller a few seconds later
2021-05-05 09:28:16,408 | 3179 | proxy.proxy, handle_switch, 157 | DEBUG | read b''
2021-05-05 09:28:16,408 | 3179 | proxy.proxy, handle_switch, 159 | DEBUG | no data from switch read
2021-05-05 09:28:16,409 | 3179 | proxy.proxy, handle_switch, 170 | INFO | Close the connection and do exit processing
2021-05-05 09:28:16,409 | 3179 | proxy.proxy, handle_switch, 157 | DEBUG | read b''
2021-05-05 09:28:16,410 | 3179 | proxy.proxy, handle_switch, 159 | DEBUG | no data from switch read
2021-05-05 09:28:16,410 | 3179 | proxy.proxy, handle_switch, 170 | INFO | Close the connection and do exit processing
2021-05-05 09:28:16,411 | 3179 | proxy.proxy, handle_switch, 157 | DEBUG | read b''
2021-05-05 09:28:16,411 | 3179 | proxy.proxy, handle_switch, 159 | DEBUG | no data from switch read
2021-05-05 09:28:16,412 | 3179 | proxy.proxy, handle_switch, 170 | INFO | Close the connection and do exit processing
2021-05-05 09:28:20,468 | 3179 | proxy.proxy, open_connection, 242 | ERROR | Failed to connect to controller : [Errno 111] Connect call failed ('127.0.0.1', 6653)
2021-05-05 09:28:20,468 | 3179 | proxy.proxy, open_connection, 248 | DEBUG | reconnect to controller a few seconds later
2021-05-05 09:28:24,422 | 3179 | proxy.proxy, handle_switch, 149 | INFO | Client ('127.0.0.1', 41342) is connected
2021-05-05 09:28:24,422 | 3179 | proxy.proxy, handle_switch, 155 | DEBUG | waiting data ......
2021-05-05 09:28:24,423 | 3179 | proxy.proxy, handle_switch, 149 | INFO | Client ('127.0.0.1', 41344) is connected
2021-05-05 09:28:24,424 | 3179 | proxy.proxy, handle_switch, 155 | DEBUG | waiting data ......
2021-05-05 09:28:24,424 | 3179 | proxy.proxy, handle_switch, 149 | INFO | Client ('127.0.0.1', 41346) is connected
2021-05-05 09:28:24,424 | 3179 | proxy.proxy, handle_switch, 155 | DEBUG | waiting data ......
2021-05-05 09:28:24,425 | 3179 | proxy.proxy, handle_switch, 157 | DEBUG | read b'\x04\x00\x00\x10\x00\x00\x00\x12\x00\x01\x00\x08\x00\x00\x00\x10'
2021-05-05 09:28:24,425 | 3179 | proxy.proxy, handle_switch, 155 | DEBUG | waiting data ......
2021-05-05 09:28:24,426 | 3179 | proxy.proxy, handle_switch, 157 | DEBUG | read b'\x04\x00\x00\x10\x00\x00\x00\x13\x00\x01\x00\x08\x00\x00\x00\x10'
2021-05-05 09:28:24,426 | 3179 | proxy.proxy, handle_switch, 155 | DEBUG | waiting data ......
2021-05-05 09:28:24,426 | 3179 | proxy.proxy, handle_switch, 157 | DEBUG | read b'\x04\x00\x00\x10\x00\x00\x00\x14\x00\x01\x00\x08\x00\x00\x00\x10'
2021-05-05 09:28:24,427 | 3179 | proxy.proxy, handle_switch, 155 | DEBUG | waiting data ......
2021-05-05 09:28:25,471 | 3179 | proxy.proxy, open_connection, 242 | ERROR | Failed to connect to controller : [Errno 111] Connect call failed ('127.0.0.1', 6653)
2021-05-05 09:28:25,471 | 3179 | proxy.proxy, open_connection, 248 | DEBUG | reconnect to controller a few seconds later
2021-05-05 09:28:30,483 | 3179 | proxy.proxy, handle_controller, 254 | INFO | connected Controller ('127.0.0.1', 6653)
2021-05-05 09:28:30,484 | 3179 | proxy.proxy, handle_controller, 261 | DEBUG | waiting data ......
2021-05-05 09:28:30,484 | 3179 | proxy.proxy, handle_controller, 263 | DEBUG | read b'\x04\x00\x00\x08\\]\x7f\x1a'
2021-05-05 09:28:30,486 | 3179 | proxy.proxy, set_controller_data, 72 | DEBUG | DataManager set data from controller b'\x04\x00\x00\x08\\]\x7f\x1a'
2021-05-05 09:28:30,487 | 3179 | proxy.proxy, handle_controller, 261 | DEBUG | waiting data ......
2021-05-05 09:28:30,491 | 3179 | proxy.proxy, get_controller_data, 81 | DEBUG | DataManager get data from controller b'\x04\x00\x00\x08\\]\x7f\x1a'
2021-05-05 09:28:30,491 | 3179 | proxy.proxy, send_data, 189 | DEBUG | ready to send data to switch: b'\x04\x00\x00\x08\\]\x7f\x1a'
2021-05-05 09:28:30,492 | 3179 | proxy.observable, notify_observers, 72 | DEBUG | notify data to observer: b'\x04\x00\x00\x08\\]\x7f\x1a'
2021-05-05 09:28:30,493 | 3179 | api.observer, update, 35 | DEBUG | observed from observable: b'\x04\x00\x00\x08\\]\x7f\x1a'
2021-05-05 09:28:30,502 | 3179 | proxy.proxy, send_data, 196 | INFO | Connection reset: Connection lost
2021-05-05 09:28:32,437 | 3179 | proxy.proxy, handle_switch, 157 | DEBUG | read b''
2021-05-05 09:28:32,438 | 3179 | proxy.proxy, handle_switch, 159 | DEBUG | no data from switch read
2021-05-05 09:28:32,438 | 3179 | proxy.proxy, handle_switch, 170 | INFO | Close the connection and do exit processing
2021-05-05 09:28:32,439 | 3179 | proxy.proxy, handle_switch, 157 | DEBUG | read b''
2021-05-05 09:28:32,439 | 3179 | proxy.proxy, handle_switch, 159 | DEBUG | no data from switch read
2021-05-05 09:28:32,439 | 3179 | proxy.proxy, handle_switch, 170 | INFO | Close the connection and do exit processing
2021-05-05 09:28:32,440 | 3179 | proxy.proxy, handle_switch, 157 | DEBUG | read b''
2021-05-05 09:28:32,440 | 3179 | proxy.proxy, handle_switch, 159 | DEBUG | no data from switch read
2021-05-05 09:28:32,441 | 3179 | proxy.proxy, handle_switch, 170 | INFO | Close the connection and do exit processing
2021-05-05 09:28:40,455 | 3179 | proxy.proxy, handle_switch, 149 | INFO | Client ('127.0.0.1', 41362) is connected
2021-05-05 09:28:40,456 | 3179 | proxy.proxy, handle_switch, 155 | DEBUG | waiting data ......
2021-05-05 09:28:40,457 | 3179 | proxy.proxy, handle_switch, 149 | INFO | Client ('127.0.0.1', 41364) is connected
2021-05-05 09:28:40,457 | 3179 | proxy.proxy, handle_switch, 155 | DEBUG | waiting data ......
2021-05-05 09:28:40,458 | 3179 | proxy.proxy, handle_switch, 149 | INFO | Client ('127.0.0.1', 41366) is connected
2021-05-05 09:28:40,458 | 3179 | proxy.proxy, handle_switch, 155 | DEBUG | waiting data ......
2021-05-05 09:28:40,459 | 3179 | proxy.proxy, handle_switch, 157 | DEBUG | read b'\x04\x00\x00\x10\x00\x00\x00\x16\x00\x01\x00\x08\x00\x00\x00\x10'
2021-05-05 09:28:40,460 | 3179 | proxy.proxy, set_switch_data, 47 | DEBUG | DataManager set data from switch b'\x04\x00\x00\x10\x00\x00\x00\x16\x00\x01\x00\x08\x00\x00\x00\x10'
2021-05-05 09:28:40,461 | 3179 | proxy.proxy, handle_switch, 155 | DEBUG | waiting data ......
2021-05-05 09:28:40,462 | 3179 | proxy.proxy, handle_switch, 157 | DEBUG | read b'\x04\x00\x00\x10\x00\x00\x00\x17\x00\x01\x00\x08\x00\x00\x00\x10'
2021-05-05 09:28:40,462 | 3179 | proxy.proxy, set_switch_data, 47 | DEBUG | DataManager set data from switch b'\x04\x00\x00\x10\x00\x00\x00\x17\x00\x01\x00\x08\x00\x00\x00\x10'
2021-05-05 09:28:40,463 | 3179 | proxy.proxy, handle_switch, 155 | DEBUG | waiting data ......
2021-05-05 09:28:40,463 | 3179 | proxy.proxy, handle_switch, 157 | DEBUG | read b'\x04\x00\x00\x10\x00\x00\x00\x18\x00\x01\x00\x08\x00\x00\x00\x10'
2021-05-05 09:28:40,464 | 3179 | proxy.proxy, set_switch_data, 47 | DEBUG | DataManager set data from switch b'\x04\x00\x00\x10\x00\x00\x00\x18\x00\x01\x00\x08\x00\x00\x00\x10'
2021-05-05 09:28:40,464 | 3179 | proxy.proxy, handle_switch, 155 | DEBUG | waiting data ......
2021-05-05 09:28:40,465 | 3179 | proxy.proxy, get_switch_data, 56 | DEBUG | DataManager get data from switch b'\x04\x00\x00\x10\x00\x00\x00\x16\x00\x01\x00\x08\x00\x00\x00\x10'
2021-05-05 09:28:40,466 | 3179 | proxy.proxy, send_data, 291 | DEBUG | ready to send data to controller: b'\x04\x00\x00\x10\x00\x00\x00\x16\x00\x01\x00\x08\x00\x00\x00\x10'
2021-05-05 09:28:40,471 | 3179 | proxy.proxy, send_data, 294 | DEBUG | sent data to controller: b'\x04\x00\x00\x10\x00\x00\x00\x16\x00\x01\x00\x08\x00\x00\x00\x10'
2021-05-05 09:28:40,472 | 3179 | proxy.proxy, get_switch_data, 56 | DEBUG | DataManager get data from switch b'\x04\x00\x00\x10\x00\x00\x00\x17\x00\x01\x00\x08\x00\x00\x00\x10'
2021-05-05 09:28:40,472 | 3179 | proxy.proxy, send_data, 291 | DEBUG | ready to send data to controller: b'\x04\x00\x00\x10\x00\x00\x00\x17\x00\x01\x00\x08\x00\x00\x00\x10'
2021-05-05 09:28:40,473 | 3179 | proxy.proxy, send_data, 294 | DEBUG | sent data to controller: b'\x04\x00\x00\x10\x00\x00\x00\x17\x00\x01\x00\x08\x00\x00\x00\x10'
2021-05-05 09:28:40,474 | 3179 | proxy.proxy, get_switch_data, 56 | DEBUG | DataManager get data from switch b'\x04\x00\x00\x10\x00\x00\x00\x18\x00\x01\x00\x08\x00\x00\x00\x10'
2021-05-05 09:28:40,474 | 3179 | proxy.proxy, send_data, 291 | DEBUG | ready to send data to controller: b'\x04\x00\x00\x10\x00\x00\x00\x18\x00\x01\x00\x08\x00\x00\x00\x10'
2021-05-05 09:28:40,475 | 3179 | proxy.proxy, send_data, 294 | DEBUG | sent data to controller: b'\x04\x00\x00\x10\x00\x00\x00\x18\x00\x01\x00\x08\x00\x00\x00\x10'
2021-05-05 09:28:40,476 | 3179 | proxy.observable, notify_observers, 72 | DEBUG | notify data to observer: b'\x04\x00\x00\x10\x00\x00\x00\x16\x00\x01\x00\x08\x00\x00\x00\x10'
2021-05-05 09:28:40,478 | 3179 | api.observer, update, 35 | DEBUG | observed from observable: b'\x04\x00\x00\x10\x00\x00\x00\x16\x00\x01\x00\x08\x00\x00\x00\x10'
2021-05-05 09:28:40,479 | 3179 | proxy.observable, notify_observers, 72 | DEBUG | notify data to observer: b'\x04\x00\x00\x10\x00\x00\x00\x17\x00\x01\x00\x08\x00\x00\x00\x10'
2021-05-05 09:28:40,479 | 3179 | api.observer, update, 35 | DEBUG | observed from observable: b'\x04\x00\x00\x10\x00\x00\x00\x17\x00\x01\x00\x08\x00\x00\x00\x10'
2021-05-05 09:28:40,480 | 3179 | proxy.observable, notify_observers, 72 | DEBUG | notify data to observer: b'\x04\x00\x00\x10\x00\x00\x00\x18\x00\x01\x00\x08\x00\x00\x00\x10'
2021-05-05 09:28:40,481 | 3179 | api.observer, update, 35 | DEBUG | observed from observable: b'\x04\x00\x00\x10\x00\x00\x00\x18\x00\x01\x00\x08\x00\x00\x00\x10'
2021-05-05 09:28:40,492 | 3179 | proxy.proxy, handle_controller, 263 | DEBUG | read b'\x04\x05\x00\x08\\]\x7f\x1b'
2021-05-05 09:28:40,493 | 3179 | proxy.proxy, set_controller_data, 72 | DEBUG | DataManager set data from controller b'\x04\x05\x00\x08\\]\x7f\x1b'
2021-05-05 09:28:40,493 | 3179 | proxy.proxy, handle_controller, 261 | DEBUG | waiting data ......
2021-05-05 09:28:40,494 | 3179 | proxy.proxy, get_controller_data, 81 | DEBUG | DataManager get data from controller b'\x04\x05\x00\x08\\]\x7f\x1b'
2021-05-05 09:28:40,494 | 3179 | proxy.proxy, send_data, 189 | DEBUG | ready to send data to switch: b'\x04\x05\x00\x08\\]\x7f\x1b'
2021-05-05 09:28:40,498 | 3179 | proxy.observable, notify_observers, 72 | DEBUG | notify data to observer: b'\x04\x05\x00\x08\\]\x7f\x1b'
2021-05-05 09:28:40,500 | 3179 | api.observer, update, 35 | DEBUG | observed from observable: b'\x04\x05\x00\x08\\]\x7f\x1b'
2021-05-05 09:28:40,501 | 3179 | proxy.proxy, send_data, 196 | INFO | Connection reset: Connection lost
2021-05-05 09:28:48,475 | 3179 | proxy.proxy, handle_switch, 157 | DEBUG | read b''
2021-05-05 09:28:48,477 | 3179 | proxy.proxy, handle_switch, 159 | DEBUG | no data from switch read
2021-05-05 09:28:48,478 | 3179 | proxy.proxy, handle_switch, 170 | INFO | Close the connection and do exit processing
2021-05-05 09:28:48,479 | 3179 | proxy.proxy, handle_switch, 157 | DEBUG | read b''
2021-05-05 09:28:48,480 | 3179 | proxy.proxy, handle_switch, 159 | DEBUG | no data from switch read
2021-05-05 09:28:48,480 | 3179 | proxy.proxy, handle_switch, 170 | INFO | Close the connection and do exit processing
2021-05-05 09:28:48,481 | 3179 | proxy.proxy, handle_switch, 157 | DEBUG | read b''
2021-05-05 09:28:48,481 | 3179 | proxy.proxy, handle_switch, 159 | DEBUG | no data from switch read
2021-05-05 09:28:48,482 | 3179 | proxy.proxy, handle_switch, 170 | INFO | Close the connection and do exit processing
2021-05-05 09:28:56,506 | 3179 | proxy.proxy, handle_switch, 149 | INFO | Client ('127.0.0.1', 41370) is connected
2021-05-05 09:28:56,510 | 3179 | proxy.proxy, handle_switch, 155 | DEBUG | waiting data ......
2021-05-05 09:28:56,515 | 3179 | proxy.proxy, handle_switch, 157 | DEBUG | read b'\x04\x00\x00\x10\x00\x00\x00\x19\x00\x01\x00\x08\x00\x00\x00\x10'
2021-05-05 09:28:56,525 | 3179 | proxy.proxy, set_switch_data, 47 | DEBUG | DataManager set data from switch b'\x04\x00\x00\x10\x00\x00\x00\x19\x00\x01\x00\x08\x00\x00\x00\x10'
2021-05-05 09:28:56,591 | 3179 | proxy.proxy, handle_switch, 155 | DEBUG | waiting data ......
2021-05-05 09:28:56,593 | 3179 | proxy.proxy, get_switch_data, 56 | DEBUG | DataManager get data from switch b'\x04\x00\x00\x10\x00\x00\x00\x19\x00\x01\x00\x08\x00\x00\x00\x10'
2021-05-05 09:28:56,594 | 3179 | proxy.proxy, send_data, 291 | DEBUG | ready to send data to controller: b'\x04\x00\x00\x10\x00\x00\x00\x19\x00\x01\x00\x08\x00\x00\x00\x10'
2021-05-05 09:28:56,597 | 3179 | proxy.proxy, send_data, 294 | DEBUG | sent data to controller: b'\x04\x00\x00\x10\x00\x00\x00\x19\x00\x01\x00\x08\x00\x00\x00\x10'
2021-05-05 09:28:56,599 | 3179 | proxy.observable, notify_observers, 72 | DEBUG | notify data to observer: b'\x04\x00\x00\x10\x00\x00\x00\x19\x00\x01\x00\x08\x00\x00\x00\x10'
2021-05-05 09:28:56,608 | 3179 | api.observer, update, 35 | DEBUG | observed from observable: b'\x04\x00\x00\x10\x00\x00\x00\x19\x00\x01\x00\x08\x00\x00\x00\x10'
2021-05-05 09:28:56,610 | 3179 | proxy.proxy, handle_switch, 149 | INFO | Client ('127.0.0.1', 41372) is connected
2021-05-05 09:28:56,612 | 3179 | proxy.proxy, handle_switch, 155 | DEBUG | waiting data ......
2021-05-05 09:28:56,614 | 3179 | proxy.proxy, handle_switch, 149 | INFO | Client ('127.0.0.1', 41374) is connected
2021-05-05 09:28:56,620 | 3179 | proxy.proxy, handle_switch, 155 | DEBUG | waiting data ......
2021-05-05 09:28:56,621 | 3179 | proxy.proxy, handle_switch, 157 | DEBUG | read b'\x04\x00\x00\x10\x00\x00\x00\x1a\x00\x01\x00\x08\x00\x00\x00\x10'
2021-05-05 09:28:56,632 | 3179 | proxy.proxy, set_switch_data, 47 | DEBUG | DataManager set data from switch b'\x04\x00\x00\x10\x00\x00\x00\x1a\x00\x01\x00\x08\x00\x00\x00\x10'
2021-05-05 09:28:56,633 | 3179 | proxy.proxy, handle_switch, 155 | DEBUG | waiting data ......
2021-05-05 09:28:56,634 | 3179 | proxy.proxy, handle_switch, 157 | DEBUG | read b'\x04\x00\x00\x10\x00\x00\x00\x1b\x00\x01\x00\x08\x00\x00\x00\x10'
2021-05-05 09:28:56,640 | 3179 | proxy.proxy, set_switch_data, 47 | DEBUG | DataManager set data from switch b'\x04\x00\x00\x10\x00\x00\x00\x1b\x00\x01\x00\x08\x00\x00\x00\x10'
2021-05-05 09:28:56,642 | 3179 | proxy.proxy, handle_switch, 155 | DEBUG | waiting data ......
2021-05-05 09:28:56,644 | 3179 | proxy.proxy, get_switch_data, 56 | DEBUG | DataManager get data from switch b'\x04\x00\x00\x10\x00\x00\x00\x1a\x00\x01\x00\x08\x00\x00\x00\x10'
2021-05-05 09:28:56,646 | 3179 | proxy.proxy, send_data, 291 | DEBUG | ready to send data to controller: b'\x04\x00\x00\x10\x00\x00\x00\x1a\x00\x01\x00\x08\x00\x00\x00\x10'
2021-05-05 09:28:56,649 | 3179 | proxy.proxy, send_data, 294 | DEBUG | sent data to controller: b'\x04\x00\x00\x10\x00\x00\x00\x1a\x00\x01\x00\x08\x00\x00\x00\x10'
2021-05-05 09:28:56,662 | 3179 | proxy.proxy, get_switch_data, 56 | DEBUG | DataManager get data from switch b'\x04\x00\x00\x10\x00\x00\x00\x1b\x00\x01\x00\x08\x00\x00\x00\x10'
2021-05-05 09:28:56,663 | 3179 | proxy.proxy, send_data, 291 | DEBUG | ready to send data to controller: b'\x04\x00\x00\x10\x00\x00\x00\x1b\x00\x01\x00\x08\x00\x00\x00\x10'
2021-05-05 09:28:56,666 | 3179 | proxy.proxy, send_data, 294 | DEBUG | sent data to controller: b'\x04\x00\x00\x10\x00\x00\x00\x1b\x00\x01\x00\x08\x00\x00\x00\x10'
2021-05-05 09:28:56,667 | 3179 | proxy.observable, notify_observers, 72 | DEBUG | notify data to observer: b'\x04\x00\x00\x10\x00\x00\x00\x1a\x00\x01\x00\x08\x00\x00\x00\x10'
2021-05-05 09:28:56,669 | 3179 | api.observer, update, 35 | DEBUG | observed from observable: b'\x04\x00\x00\x10\x00\x00\x00\x1a\x00\x01\x00\x08\x00\x00\x00\x10'
2021-05-05 09:28:56,676 | 3179 | proxy.observable, notify_observers, 72 | DEBUG | notify data to observer: b'\x04\x00\x00\x10\x00\x00\x00\x1b\x00\x01\x00\x08\x00\x00\x00\x10'
2021-05-05 09:28:56,678 | 3179 | api.observer, update, 35 | DEBUG | observed from observable: b'\x04\x00\x00\x10\x00\x00\x00\x1b\x00\x01\x00\x08\x00\x00\x00\x10'
2021-05-05 09:29:04,538 | 3179 | proxy.proxy, handle_switch, 157 | DEBUG | read b''
2021-05-05 09:29:04,540 | 3179 | proxy.proxy, handle_switch, 159 | DEBUG | no data from switch read
2021-05-05 09:29:04,541 | 3179 | proxy.proxy, handle_switch, 170 | INFO | Close the connection and do exit processing
2021-05-05 09:29:04,542 | 3179 | proxy.proxy, handle_switch, 157 | DEBUG | read b''
2021-05-05 09:29:04,542 | 3179 | proxy.proxy, handle_switch, 159 | DEBUG | no data from switch read
2021-05-05 09:29:04,544 | 3179 | proxy.proxy, handle_switch, 170 | INFO | Close the connection and do exit processing
2021-05-05 09:29:04,546 | 3179 | proxy.proxy, handle_switch, 157 | DEBUG | read b''
2021-05-05 09:29:04,547 | 3179 | proxy.proxy, handle_switch, 159 | DEBUG | no data from switch read
2021-05-05 09:29:04,547 | 3179 | proxy.proxy, handle_switch, 170 | INFO | Close the connection and do exit processing
2021-05-05 09:29:12,554 | 3179 | proxy.proxy, handle_switch, 149 | INFO | Client ('127.0.0.1', 41378) is connected
2021-05-05 09:29:12,555 | 3179 | proxy.proxy, handle_switch, 155 | DEBUG | waiting data ......
2021-05-05 09:29:12,556 | 3179 | proxy.proxy, handle_switch, 149 | INFO | Client ('127.0.0.1', 41380) is connected
2021-05-05 09:29:12,556 | 3179 | proxy.proxy, handle_switch, 155 | DEBUG | waiting data ......
2021-05-05 09:29:12,557 | 3179 | proxy.proxy, handle_switch, 149 | INFO | Client ('127.0.0.1', 41382) is connected
2021-05-05 09:29:12,557 | 3179 | proxy.proxy, handle_switch, 155 | DEBUG | waiting data ......
2021-05-05 09:29:12,558 | 3179 | proxy.proxy, handle_switch, 157 | DEBUG | read b'\x04\x00\x00\x10\x00\x00\x00\x1c\x00\x01\x00\x08\x00\x00\x00\x10'
2021-05-05 09:29:12,558 | 3179 | proxy.proxy, set_switch_data, 47 | DEBUG | DataManager set data from switch b'\x04\x00\x00\x10\x00\x00\x00\x1c\x00\x01\x00\x08\x00\x00\x00\x10'
2021-05-05 09:29:12,559 | 3179 | proxy.proxy, handle_switch, 155 | DEBUG | waiting data ......
2021-05-05 09:29:12,559 | 3179 | proxy.proxy, handle_switch, 157 | DEBUG | read b'\x04\x00\x00\x10\x00\x00\x00\x1d\x00\x01\x00\x08\x00\x00\x00\x10'
2021-05-05 09:29:12,560 | 3179 | proxy.proxy, set_switch_data, 47 | DEBUG | DataManager set data from switch b'\x04\x00\x00\x10\x00\x00\x00\x1d\x00\x01\x00\x08\x00\x00\x00\x10'
2021-05-05 09:29:12,560 | 3179 | proxy.proxy, handle_switch, 155 | DEBUG | waiting data ......
2021-05-05 09:29:12,561 | 3179 | proxy.proxy, handle_switch, 157 | DEBUG | read b'\x04\x00\x00\x10\x00\x00\x00\x1e\x00\x01\x00\x08\x00\x00\x00\x10'
2021-05-05 09:29:12,562 | 3179 | proxy.proxy, set_switch_data, 47 | DEBUG | DataManager set data from switch b'\x04\x00\x00\x10\x00\x00\x00\x1e\x00\x01\x00\x08\x00\x00\x00\x10'
2021-05-05 09:29:12,562 | 3179 | proxy.proxy, handle_switch, 155 | DEBUG | waiting data ......
2021-05-05 09:29:12,563 | 3179 | proxy.proxy, get_switch_data, 56 | DEBUG | DataManager get data from switch b'\x04\x00\x00\x10\x00\x00\x00\x1c\x00\x01\x00\x08\x00\x00\x00\x10'
2021-05-05 09:29:12,563 | 3179 | proxy.proxy, send_data, 291 | DEBUG | ready to send data to controller: b'\x04\x00\x00\x10\x00\x00\x00\x1c\x00\x01\x00\x08\x00\x00\x00\x10'
2021-05-05 09:29:12,564 | 3179 | proxy.proxy, send_data, 294 | DEBUG | sent data to controller: b'\x04\x00\x00\x10\x00\x00\x00\x1c\x00\x01\x00\x08\x00\x00\x00\x10'
2021-05-05 09:29:12,565 | 3179 | proxy.proxy, get_switch_data, 56 | DEBUG | DataManager get data from switch b'\x04\x00\x00\x10\x00\x00\x00\x1d\x00\x01\x00\x08\x00\x00\x00\x10'
2021-05-05 09:29:12,568 | 3179 | proxy.proxy, send_data, 291 | DEBUG | ready to send data to controller: b'\x04\x00\x00\x10\x00\x00\x00\x1d\x00\x01\x00\x08\x00\x00\x00\x10'
2021-05-05 09:29:12,569 | 3179 | proxy.proxy, send_data, 294 | DEBUG | sent data to controller: b'\x04\x00\x00\x10\x00\x00\x00\x1d\x00\x01\x00\x08\x00\x00\x00\x10'
2021-05-05 09:29:12,572 | 3179 | proxy.proxy, get_switch_data, 56 | DEBUG | DataManager get data from switch b'\x04\x00\x00\x10\x00\x00\x00\x1e\x00\x01\x00\x08\x00\x00\x00\x10'
2021-05-05 09:29:12,572 | 3179 | proxy.proxy, send_data, 291 | DEBUG | ready to send data to controller: b'\x04\x00\x00\x10\x00\x00\x00\x1e\x00\x01\x00\x08\x00\x00\x00\x10'
2021-05-05 09:29:12,573 | 3179 | proxy.proxy, send_data, 294 | DEBUG | sent data to controller: b'\x04\x00\x00\x10\x00\x00\x00\x1e\x00\x01\x00\x08\x00\x00\x00\x10'
2021-05-05 09:29:12,573 | 3179 | proxy.observable, notify_observers, 72 | DEBUG | notify data to observer: b'\x04\x00\x00\x10\x00\x00\x00\x1c\x00\x01\x00\x08\x00\x00\x00\x10'
2021-05-05 09:29:12,574 | 3179 | api.observer, update, 35 | DEBUG | observed from observable: b'\x04\x00\x00\x10\x00\x00\x00\x1c\x00\x01\x00\x08\x00\x00\x00\x10'
2021-05-05 09:29:12,574 | 3179 | proxy.observable, notify_observers, 72 | DEBUG | notify data to observer: b'\x04\x00\x00\x10\x00\x00\x00\x1d\x00\x01\x00\x08\x00\x00\x00\x10'
2021-05-05 09:29:12,575 | 3179 | api.observer, update, 35 | DEBUG | observed from observable: b'\x04\x00\x00\x10\x00\x00\x00\x1d\x00\x01\x00\x08\x00\x00\x00\x10'
2021-05-05 09:29:12,575 | 3179 | proxy.observable, notify_observers, 72 | DEBUG | notify data to observer: b'\x04\x00\x00\x10\x00\x00\x00\x1e\x00\x01\x00\x08\x00\x00\x00\x10'
2021-05-05 09:29:12,576 | 3179 | api.observer, update, 35 | DEBUG | observed from observable: b'\x04\x00\x00\x10\x00\x00\x00\x1e\x00\x01\x00\x08\x00\x00\x00\x10'
2021-05-05 09:29:20,563 | 3179 | proxy.proxy, handle_switch, 157 | DEBUG | read b''
2021-05-05 09:29:20,564 | 3179 | proxy.proxy, handle_switch, 159 | DEBUG | no data from switch read
2021-05-05 09:29:20,565 | 3179 | proxy.proxy, handle_switch, 170 | INFO | Close the connection and do exit processing
2021-05-05 09:29:20,567 | 3179 | proxy.proxy, handle_switch, 157 | DEBUG | read b''
2021-05-05 09:29:20,567 | 3179 | proxy.proxy, handle_switch, 159 | DEBUG | no data from switch read
2021-05-05 09:29:20,568 | 3179 | proxy.proxy, handle_switch, 170 | INFO | Close the connection and do exit processing
2021-05-05 09:29:20,568 | 3179 | proxy.proxy, handle_switch, 157 | DEBUG | read b''
2021-05-05 09:29:20,569 | 3179 | proxy.proxy, handle_switch, 159 | DEBUG | no data from switch read
2021-05-05 09:29:20,569 | 3179 | proxy.proxy, handle_switch, 170 | INFO | Close the connection and do exit processing
2021-05-05 09:29:28,584 | 3179 | proxy.proxy, handle_switch, 149 | INFO | Client ('127.0.0.1', 41386) is connected
2021-05-05 09:29:28,585 | 3179 | proxy.proxy, handle_switch, 155 | DEBUG | waiting data ......
2021-05-05 09:29:28,586 | 3179 | proxy.proxy, handle_switch, 157 | DEBUG | read b'\x04\x00\x00\x10\x00\x00\x00\x1f\x00\x01\x00\x08\x00\x00\x00\x10'
2021-05-05 09:29:28,587 | 3179 | proxy.proxy, set_switch_data, 47 | DEBUG | DataManager set data from switch b'\x04\x00\x00\x10\x00\x00\x00\x1f\x00\x01\x00\x08\x00\x00\x00\x10'
2021-05-05 09:29:28,587 | 3179 | proxy.proxy, handle_switch, 155 | DEBUG | waiting data ......
2021-05-05 09:29:28,588 | 3179 | proxy.proxy, get_switch_data, 56 | DEBUG | DataManager get data from switch b'\x04\x00\x00\x10\x00\x00\x00\x1f\x00\x01\x00\x08\x00\x00\x00\x10'
2021-05-05 09:29:28,589 | 3179 | proxy.proxy, send_data, 291 | DEBUG | ready to send data to controller: b'\x04\x00\x00\x10\x00\x00\x00\x1f\x00\x01\x00\x08\x00\x00\x00\x10'
2021-05-05 09:29:28,589 | 3179 | proxy.proxy, send_data, 294 | DEBUG | sent data to controller: b'\x04\x00\x00\x10\x00\x00\x00\x1f\x00\x01\x00\x08\x00\x00\x00\x10'
2021-05-05 09:29:28,590 | 3179 | proxy.observable, notify_observers, 72 | DEBUG | notify data to observer: b'\x04\x00\x00\x10\x00\x00\x00\x1f\x00\x01\x00\x08\x00\x00\x00\x10'
2021-05-05 09:29:28,590 | 3179 | api.observer, update, 35 | DEBUG | observed from observable: b'\x04\x00\x00\x10\x00\x00\x00\x1f\x00\x01\x00\x08\x00\x00\x00\x10'
2021-05-05 09:29:28,591 | 3179 | proxy.proxy, handle_switch, 149 | INFO | Client ('127.0.0.1', 41388) is connected
2021-05-05 09:29:28,592 | 3179 | proxy.proxy, handle_switch, 155 | DEBUG | waiting data ......
2021-05-05 09:29:28,592 | 3179 | proxy.proxy, handle_switch, 149 | INFO | Client ('127.0.0.1', 41390) is connected
2021-05-05 09:29:28,592 | 3179 | proxy.proxy, handle_switch, 155 | DEBUG | waiting data ......
2021-05-05 09:29:28,593 | 3179 | proxy.proxy, handle_switch, 157 | DEBUG | read b'\x04\x00\x00\x10\x00\x00\x00 \x00\x01\x00\x08\x00\x00\x00\x10'
2021-05-05 09:29:28,593 | 3179 | proxy.proxy, set_switch_data, 47 | DEBUG | DataManager set data from switch b'\x04\x00\x00\x10\x00\x00\x00 \x00\x01\x00\x08\x00\x00\x00\x10'
2021-05-05 09:29:28,593 | 3179 | proxy.proxy, handle_switch, 155 | DEBUG | waiting data ......
2021-05-05 09:29:28,594 | 3179 | proxy.proxy, handle_switch, 157 | DEBUG | read b'\x04\x00\x00\x10\x00\x00\x00!\x00\x01\x00\x08\x00\x00\x00\x10'
2021-05-05 09:29:28,594 | 3179 | proxy.proxy, set_switch_data, 47 | DEBUG | DataManager set data from switch b'\x04\x00\x00\x10\x00\x00\x00!\x00\x01\x00\x08\x00\x00\x00\x10'
2021-05-05 09:29:28,595 | 3179 | proxy.proxy, handle_switch, 155 | DEBUG | waiting data ......
2021-05-05 09:29:28,597 | 3179 | proxy.proxy, get_switch_data, 56 | DEBUG | DataManager get data from switch b'\x04\x00\x00\x10\x00\x00\x00 \x00\x01\x00\x08\x00\x00\x00\x10'
2021-05-05 09:29:28,597 | 3179 | proxy.proxy, send_data, 291 | DEBUG | ready to send data to controller: b'\x04\x00\x00\x10\x00\x00\x00 \x00\x01\x00\x08\x00\x00\x00\x10'
2021-05-05 09:29:28,598 | 3179 | proxy.proxy, send_data, 294 | DEBUG | sent data to controller: b'\x04\x00\x00\x10\x00\x00\x00 \x00\x01\x00\x08\x00\x00\x00\x10'
2021-05-05 09:29:28,598 | 3179 | proxy.proxy, get_switch_data, 56 | DEBUG | DataManager get data from switch b'\x04\x00\x00\x10\x00\x00\x00!\x00\x01\x00\x08\x00\x00\x00\x10'
2021-05-05 09:29:28,599 | 3179 | proxy.proxy, send_data, 291 | DEBUG | ready to send data to controller: b'\x04\x00\x00\x10\x00\x00\x00!\x00\x01\x00\x08\x00\x00\x00\x10'
2021-05-05 09:29:28,600 | 3179 | proxy.proxy, send_data, 294 | DEBUG | sent data to controller: b'\x04\x00\x00\x10\x00\x00\x00!\x00\x01\x00\x08\x00\x00\x00\x10'
2021-05-05 09:29:28,601 | 3179 | proxy.observable, notify_observers, 72 | DEBUG | notify data to observer: b'\x04\x00\x00\x10\x00\x00\x00 \x00\x01\x00\x08\x00\x00\x00\x10'
2021-05-05 09:29:28,601 | 3179 | api.observer, update, 35 | DEBUG | observed from observable: b'\x04\x00\x00\x10\x00\x00\x00 \x00\x01\x00\x08\x00\x00\x00\x10'
2021-05-05 09:29:28,602 | 3179 | proxy.observable, notify_observers, 72 | DEBUG | notify data to observer: b'\x04\x00\x00\x10\x00\x00\x00!\x00\x01\x00\x08\x00\x00\x00\x10'
2021-05-05 09:29:28,602 | 3179 | api.observer, update, 35 | DEBUG | observed from observable: b'\x04\x00\x00\x10\x00\x00\x00!\x00\x01\x00\x08\x00\x00\x00\x10'
2021-05-05 09:29:36,597 | 3179 | proxy.proxy, handle_switch, 157 | DEBUG | read b''
2021-05-05 09:29:36,597 | 3179 | proxy.proxy, handle_switch, 159 | DEBUG | no data from switch read
2021-05-05 09:29:36,598 | 3179 | proxy.proxy, handle_switch, 170 | INFO | Close the connection and do exit processing
2021-05-05 09:29:36,602 | 3179 | proxy.proxy, handle_switch, 157 | DEBUG | read b''
2021-05-05 09:29:36,603 | 3179 | proxy.proxy, handle_switch, 159 | DEBUG | no data from switch read
2021-05-05 09:29:36,603 | 3179 | proxy.proxy, handle_switch, 170 | INFO | Close the connection and do exit processing
2021-05-05 09:29:36,604 | 3179 | proxy.proxy, handle_switch, 157 | DEBUG | read b''
2021-05-05 09:29:36,605 | 3179 | proxy.proxy, handle_switch, 159 | DEBUG | no data from switch read
2021-05-05 09:29:36,606 | 3179 | proxy.proxy, handle_switch, 170 | INFO | Close the connection and do exit processing
2021-05-05 09:29:44,613 | 3179 | proxy.proxy, handle_switch, 149 | INFO | Client ('127.0.0.1', 41394) is connected
2021-05-05 09:29:44,613 | 3179 | proxy.proxy, handle_switch, 155 | DEBUG | waiting data ......
2021-05-05 09:29:44,614 | 3179 | proxy.proxy, handle_switch, 149 | INFO | Client ('127.0.0.1', 41396) is connected
2021-05-05 09:29:44,615 | 3179 | proxy.proxy, handle_switch, 155 | DEBUG | waiting data ......
2021-05-05 09:29:44,615 | 3179 | proxy.proxy, handle_switch, 149 | INFO | Client ('127.0.0.1', 41398) is connected
2021-05-05 09:29:44,616 | 3179 | proxy.proxy, handle_switch, 155 | DEBUG | waiting data ......
2021-05-05 09:29:44,617 | 3179 | proxy.proxy, handle_switch, 157 | DEBUG | read b'\x04\x00\x00\x10\x00\x00\x00"\x00\x01\x00\x08\x00\x00\x00\x10'
2021-05-05 09:29:44,618 | 3179 | proxy.proxy, set_switch_data, 47 | DEBUG | DataManager set data from switch b'\x04\x00\x00\x10\x00\x00\x00"\x00\x01\x00\x08\x00\x00\x00\x10'
2021-05-05 09:29:44,620 | 3179 | proxy.proxy, handle_switch, 155 | DEBUG | waiting data ......
2021-05-05 09:29:44,620 | 3179 | proxy.proxy, handle_switch, 157 | DEBUG | read b'\x04\x00\x00\x10\x00\x00\x00#\x00\x01\x00\x08\x00\x00\x00\x10'
2021-05-05 09:29:44,620 | 3179 | proxy.proxy, set_switch_data, 47 | DEBUG | DataManager set data from switch b'\x04\x00\x00\x10\x00\x00\x00#\x00\x01\x00\x08\x00\x00\x00\x10'
2021-05-05 09:29:44,621 | 3179 | proxy.proxy, handle_switch, 155 | DEBUG | waiting data ......
2021-05-05 09:29:44,621 | 3179 | proxy.proxy, handle_switch, 157 | DEBUG | read b'\x04\x00\x00\x10\x00\x00\x00$\x00\x01\x00\x08\x00\x00\x00\x10'
2021-05-05 09:29:44,622 | 3179 | proxy.proxy, set_switch_data, 47 | DEBUG | DataManager set data from switch b'\x04\x00\x00\x10\x00\x00\x00$\x00\x01\x00\x08\x00\x00\x00\x10'
2021-05-05 09:29:44,622 | 3179 | proxy.proxy, handle_switch, 155 | DEBUG | waiting data ......
2021-05-05 09:29:44,623 | 3179 | proxy.proxy, get_switch_data, 56 | DEBUG | DataManager get data from switch b'\x04\x00\x00\x10\x00\x00\x00"\x00\x01\x00\x08\x00\x00\x00\x10'
2021-05-05 09:29:44,623 | 3179 | proxy.proxy, send_data, 291 | DEBUG | ready to send data to controller: b'\x04\x00\x00\x10\x00\x00\x00"\x00\x01\x00\x08\x00\x00\x00\x10'
2021-05-05 09:29:44,624 | 3179 | proxy.proxy, send_data, 294 | DEBUG | sent data to controller: b'\x04\x00\x00\x10\x00\x00\x00"\x00\x01\x00\x08\x00\x00\x00\x10'
2021-05-05 09:29:44,628 | 3179 | proxy.proxy, get_switch_data, 56 | DEBUG | DataManager get data from switch b'\x04\x00\x00\x10\x00\x00\x00#\x00\x01\x00\x08\x00\x00\x00\x10'
2021-05-05 09:29:44,629 | 3179 | proxy.proxy, send_data, 291 | DEBUG | ready to send data to controller: b'\x04\x00\x00\x10\x00\x00\x00#\x00\x01\x00\x08\x00\x00\x00\x10'
2021-05-05 09:29:44,630 | 3179 | proxy.proxy, send_data, 294 | DEBUG | sent data to controller: b'\x04\x00\x00\x10\x00\x00\x00#\x00\x01\x00\x08\x00\x00\x00\x10'
2021-05-05 09:29:44,632 | 3179 | proxy.proxy, get_switch_data, 56 | DEBUG | DataManager get data from switch b'\x04\x00\x00\x10\x00\x00\x00$\x00\x01\x00\x08\x00\x00\x00\x10'
2021-05-05 09:29:44,632 | 3179 | proxy.proxy, send_data, 291 | DEBUG | ready to send data to controller: b'\x04\x00\x00\x10\x00\x00\x00$\x00\x01\x00\x08\x00\x00\x00\x10'
2021-05-05 09:29:44,634 | 3179 | proxy.proxy, send_data, 294 | DEBUG | sent data to controller: b'\x04\x00\x00\x10\x00\x00\x00$\x00\x01\x00\x08\x00\x00\x00\x10'
2021-05-05 09:29:44,635 | 3179 | proxy.observable, notify_observers, 72 | DEBUG | notify data to observer: b'\x04\x00\x00\x10\x00\x00\x00"\x00\x01\x00\x08\x00\x00\x00\x10'
2021-05-05 09:29:44,638 | 3179 | api.observer, update, 35 | DEBUG | observed from observable: b'\x04\x00\x00\x10\x00\x00\x00"\x00\x01\x00\x08\x00\x00\x00\x10'
2021-05-05 09:29:44,639 | 3179 | proxy.observable, notify_observers, 72 | DEBUG | notify data to observer: b'\x04\x00\x00\x10\x00\x00\x00#\x00\x01\x00\x08\x00\x00\x00\x10'
2021-05-05 09:29:44,640 | 3179 | api.observer, update, 35 | DEBUG | observed from observable: b'\x04\x00\x00\x10\x00\x00\x00#\x00\x01\x00\x08\x00\x00\x00\x10'
2021-05-05 09:29:44,649 | 3179 | proxy.observable, notify_observers, 72 | DEBUG | notify data to observer: b'\x04\x00\x00\x10\x00\x00\x00$\x00\x01\x00\x08\x00\x00\x00\x10'
2021-05-05 09:29:44,652 | 3179 | api.observer, update, 35 | DEBUG | observed from observable: b'\x04\x00\x00\x10\x00\x00\x00$\x00\x01\x00\x08\x00\x00\x00\x10'
2021-05-05 09:29:52,625 | 3179 | proxy.proxy, handle_switch, 157 | DEBUG | read b''
2021-05-05 09:29:52,626 | 3179 | proxy.proxy, handle_switch, 159 | DEBUG | no data from switch read
2021-05-05 09:29:52,626 | 3179 | proxy.proxy, handle_switch, 170 | INFO | Close the connection and do exit processing
2021-05-05 09:29:52,627 | 3179 | proxy.proxy, handle_switch, 157 | DEBUG | read b''
2021-05-05 09:29:52,627 | 3179 | proxy.proxy, handle_switch, 159 | DEBUG | no data from switch read
2021-05-05 09:29:52,627 | 3179 | proxy.proxy, handle_switch, 170 | INFO | Close the connection and do exit processing
2021-05-05 09:29:52,628 | 3179 | proxy.proxy, handle_switch, 157 | DEBUG | read b''
2021-05-05 09:29:52,628 | 3179 | proxy.proxy, handle_switch, 159 | DEBUG | no data from switch read
2021-05-05 09:29:52,629 | 3179 | proxy.proxy, handle_switch, 170 | INFO | Close the connection and do exit processing
2021-05-05 09:30:00,639 | 3179 | proxy.proxy, handle_switch, 149 | INFO | Client ('127.0.0.1', 41402) is connected
2021-05-05 09:30:00,640 | 3179 | proxy.proxy, handle_switch, 155 | DEBUG | waiting data ......
2021-05-05 09:30:00,641 | 3179 | proxy.proxy, handle_switch, 149 | INFO | Client ('127.0.0.1', 41404) is connected
2021-05-05 09:30:00,641 | 3179 | proxy.proxy, handle_switch, 155 | DEBUG | waiting data ......
2021-05-05 09:30:00,642 | 3179 | proxy.proxy, handle_switch, 149 | INFO | Client ('127.0.0.1', 41406) is connected
2021-05-05 09:30:00,642 | 3179 | proxy.proxy, handle_switch, 155 | DEBUG | waiting data ......
2021-05-05 09:30:00,643 | 3179 | proxy.proxy, handle_switch, 157 | DEBUG | read b'\x04\x00\x00\x10\x00\x00\x00%\x00\x01\x00\x08\x00\x00\x00\x10'
2021-05-05 09:30:00,643 | 3179 | proxy.proxy, set_switch_data, 47 | DEBUG | DataManager set data from switch b'\x04\x00\x00\x10\x00\x00\x00%\x00\x01\x00\x08\x00\x00\x00\x10'
2021-05-05 09:30:00,644 | 3179 | proxy.proxy, handle_switch, 155 | DEBUG | waiting data ......
2021-05-05 09:30:00,644 | 3179 | proxy.proxy, handle_switch, 157 | DEBUG | read b'\x04\x00\x00\x10\x00\x00\x00&\x00\x01\x00\x08\x00\x00\x00\x10'
2021-05-05 09:30:00,645 | 3179 | proxy.proxy, set_switch_data, 47 | DEBUG | DataManager set data from switch b'\x04\x00\x00\x10\x00\x00\x00&\x00\x01\x00\x08\x00\x00\x00\x10'
2021-05-05 09:30:00,645 | 3179 | proxy.proxy, handle_switch, 155 | DEBUG | waiting data ......
2021-05-05 09:30:00,646 | 3179 | proxy.proxy, handle_switch, 157 | DEBUG | read b"\x04\x00\x00\x10\x00\x00\x00'\x00\x01\x00\x08\x00\x00\x00\x10"
2021-05-05 09:30:00,646 | 3179 | proxy.proxy, set_switch_data, 47 | DEBUG | DataManager set data from switch b"\x04\x00\x00\x10\x00\x00\x00'\x00\x01\x00\x08\x00\x00\x00\x10"
2021-05-05 09:30:00,647 | 3179 | proxy.proxy, handle_switch, 155 | DEBUG | waiting data ......
2021-05-05 09:30:00,647 | 3179 | proxy.proxy, get_switch_data, 56 | DEBUG | DataManager get data from switch b'\x04\x00\x00\x10\x00\x00\x00%\x00\x01\x00\x08\x00\x00\x00\x10'
2021-05-05 09:30:00,648 | 3179 | proxy.proxy, send_data, 291 | DEBUG | ready to send data to controller: b'\x04\x00\x00\x10\x00\x00\x00%\x00\x01\x00\x08\x00\x00\x00\x10'
2021-05-05 09:30:00,648 | 3179 | proxy.proxy, send_data, 294 | DEBUG | sent data to controller: b'\x04\x00\x00\x10\x00\x00\x00%\x00\x01\x00\x08\x00\x00\x00\x10'
2021-05-05 09:30:00,649 | 3179 | proxy.proxy, get_switch_data, 56 | DEBUG | DataManager get data from switch b'\x04\x00\x00\x10\x00\x00\x00&\x00\x01\x00\x08\x00\x00\x00\x10'
2021-05-05 09:30:00,651 | 3179 | proxy.proxy, send_data, 291 | DEBUG | ready to send data to controller: b'\x04\x00\x00\x10\x00\x00\x00&\x00\x01\x00\x08\x00\x00\x00\x10'
2021-05-05 09:30:00,652 | 3179 | proxy.proxy, send_data, 294 | DEBUG | sent data to controller: b'\x04\x00\x00\x10\x00\x00\x00&\x00\x01\x00\x08\x00\x00\x00\x10'
2021-05-05 09:30:00,652 | 3179 | proxy.proxy, get_switch_data, 56 | DEBUG | DataManager get data from switch b"\x04\x00\x00\x10\x00\x00\x00'\x00\x01\x00\x08\x00\x00\x00\x10"
2021-05-05 09:30:00,653 | 3179 | proxy.proxy, send_data, 291 | DEBUG | ready to send data to controller: b"\x04\x00\x00\x10\x00\x00\x00'\x00\x01\x00\x08\x00\x00\x00\x10"
2021-05-05 09:30:00,654 | 3179 | proxy.proxy, send_data, 294 | DEBUG | sent data to controller: b"\x04\x00\x00\x10\x00\x00\x00'\x00\x01\x00\x08\x00\x00\x00\x10"
2021-05-05 09:30:00,654 | 3179 | proxy.observable, notify_observers, 72 | DEBUG | notify data to observer: b'\x04\x00\x00\x10\x00\x00\x00%\x00\x01\x00\x08\x00\x00\x00\x10'
2021-05-05 09:30:00,655 | 3179 | api.observer, update, 35 | DEBUG | observed from observable: b'\x04\x00\x00\x10\x00\x00\x00%\x00\x01\x00\x08\x00\x00\x00\x10'
2021-05-05 09:30:00,655 | 3179 | proxy.observable, notify_observers, 72 | DEBUG | notify data to observer: b'\x04\x00\x00\x10\x00\x00\x00&\x00\x01\x00\x08\x00\x00\x00\x10'
2021-05-05 09:30:00,655 | 3179 | api.observer, update, 35 | DEBUG | observed from observable: b'\x04\x00\x00\x10\x00\x00\x00&\x00\x01\x00\x08\x00\x00\x00\x10'
2021-05-05 09:30:00,658 | 3179 | proxy.observable, notify_observers, 72 | DEBUG | notify data to observer: b"\x04\x00\x00\x10\x00\x00\x00'\x00\x01\x00\x08\x00\x00\x00\x10"
2021-05-05 09:30:00,658 | 3179 | api.observer, update, 35 | DEBUG | observed from observable: b"\x04\x00\x00\x10\x00\x00\x00'\x00\x01\x00\x08\x00\x00\x00\x10"
2021-05-05 09:30:05,353 | 3179 | proxy.proxy, handle_controller, 263 | DEBUG | read b''
2021-05-05 09:30:05,353 | 3179 | proxy.proxy, handle_controller, 265 | DEBUG | no data from controller read
2021-05-05 09:30:05,354 | 3179 | proxy.proxy, handle_controller, 272 | INFO | Close the connection and do exit processing
2021-05-05 09:30:05,354 | 3179 | proxy.proxy, open_connection, 248 | DEBUG | reconnect to controller a few seconds later
2021-05-05 09:30:08,653 | 3179 | proxy.proxy, handle_switch, 157 | DEBUG | read b''
2021-05-05 09:30:08,653 | 3179 | proxy.proxy, handle_switch, 159 | DEBUG | no data from switch read
2021-05-05 09:30:08,654 | 3179 | proxy.proxy, handle_switch, 170 | INFO | Close the connection and do exit processing
2021-05-05 09:30:08,654 | 3179 | proxy.proxy, handle_switch, 157 | DEBUG | read b''
2021-05-05 09:30:08,655 | 3179 | proxy.proxy, handle_switch, 159 | DEBUG | no data from switch read
2021-05-05 09:30:08,655 | 3179 | proxy.proxy, handle_switch, 170 | INFO | Close the connection and do exit processing
2021-05-05 09:30:08,656 | 3179 | proxy.proxy, handle_switch, 157 | DEBUG | read b''
2021-05-05 09:30:08,656 | 3179 | proxy.proxy, handle_switch, 159 | DEBUG | no data from switch read
2021-05-05 09:30:08,656 | 3179 | proxy.proxy, handle_switch, 170 | INFO | Close the connection and do exit processing
2021-05-05 09:30:10,362 | 3179 | proxy.proxy, open_connection, 242 | ERROR | Failed to connect to controller : [Errno 111] Connect call failed ('127.0.0.1', 6653)
2021-05-05 09:30:10,385 | 3179 | proxy.proxy, open_connection, 248 | DEBUG | reconnect to controller a few seconds later
2021-05-05 09:30:14,892 | 3179 | root, <module>, 53 | INFO | keyboardInterrupt : 
