2021-05-21 10:15:14,783 | 5271 | proxy.proxy, start_server, 224 | INFO | Server on ('127.0.0.1', 63333)
2021-05-21 10:15:14,784 | 5271 | proxy.proxy, start_server, 227 | INFO | Server serve forever ('127.0.0.1', 63333)
2021-05-21 10:15:18,252 | 5271 | proxy.proxy, handle_switch, 241 | INFO | Client ('127.0.0.1', 55152) is connected
2021-05-21 10:15:18,254 | 5271 | proxy.proxy, handle_switch, 252 | DEBUG | waiting data ......
2021-05-21 10:15:18,255 | 5271 | proxy.proxy, handle_controller, 355 | INFO | connected Controller ('127.0.0.1', 6633)
2021-05-21 10:15:18,256 | 5271 | proxy.proxy, handle_controller, 360 | DEBUG | waiting data ......
2021-05-21 10:15:18,256 | 5271 | proxy.proxy, handle_controller, 362 | DEBUG | read b'\x04\x00\x00\x08\xf8N\x95\n'
2021-05-21 10:15:18,257 | 5271 | proxy.proxy, send_to_switch, 291 | DEBUG | sent data to switch: b'\x04\x00\x00\x08\xf8N\x95\n'
2021-05-21 10:15:18,257 | 5271 | proxy.proxy, send_to_switch, 92 | DEBUG | set data and sent to switch : b'\x04\x00\x00\x08\xf8N\x95\n'
2021-05-21 10:15:18,258 | 5271 | proxy.proxy, handle_controller, 360 | DEBUG | waiting data ......
2021-05-21 10:15:18,258 | 5271 | proxy.observable, notify_observers, 63 | DEBUG | notify data to observer: <proxy.packet.Message object at 0x7f2998548160>
2021-05-21 10:15:18,259 | 5271 | api.observer, update, 38 | DEBUG | observed from observable: b'\x04\x00\x00\x08\xf8N\x95\n'
2021-05-21 10:15:18,259 | 5271 | api.observer, todict, 42 | DEBUG | UBIntBase, key : {'_value': 4, 'enum_ref': None}
2021-05-21 10:15:18,260 | 5271 | api.observer, todict, 42 | DEBUG | UBIntBase, key : {'_value': 8, 'enum_ref': None}
2021-05-21 10:15:18,260 | 5271 | api.observer, todict, 42 | DEBUG | UBIntBase, key : {'_value': 4165899530, 'enum_ref': None}
2021-05-21 10:15:18,261 | 5271 | api.observer, parse, 19 | INFO | Parsed msg : {'header': {'version': 4, 'message_type': 0, 'length': 8, 'xid': 4165899530}, 'elements': []}
2021-05-21 10:15:18,261 | 5271 | proxy.proxy, handle_switch, 255 | DEBUG | read b'\x04\x00\x00\x10\x00\x00\x00(\x00\x01\x00\x08\x00\x00\x00\x10'
2021-05-21 10:15:18,265 | 5271 | proxy.proxy, send_to_controller, 396 | DEBUG | sent data to controller: b'\x04\x00\x00\x10\x00\x00\x00(\x00\x01\x00\x08\x00\x00\x00\x10'
2021-05-21 10:15:18,265 | 5271 | proxy.proxy, send_to_controller, 74 | DEBUG | set data and sent to controller : b'\x04\x00\x00\x10\x00\x00\x00(\x00\x01\x00\x08\x00\x00\x00\x10'
2021-05-21 10:15:18,271 | 5271 | proxy.proxy, handle_switch, 252 | DEBUG | waiting data ......
2021-05-21 10:15:18,272 | 5271 | proxy.observable, notify_observers, 63 | DEBUG | notify data to observer: <proxy.packet.Message object at 0x7f2998537c40>
2021-05-21 10:15:18,273 | 5271 | api.observer, update, 38 | DEBUG | observed from observable: b'\x04\x00\x00\x10\x00\x00\x00(\x00\x01\x00\x08\x00\x00\x00\x10'
2021-05-21 10:15:18,273 | 5271 | api.observer, todict, 42 | DEBUG | UBIntBase, key : {'_value': 4, 'enum_ref': None}
2021-05-21 10:15:18,274 | 5271 | api.observer, todict, 42 | DEBUG | UBIntBase, key : {'_value': 16, 'enum_ref': None}
2021-05-21 10:15:18,274 | 5271 | api.observer, todict, 42 | DEBUG | UBIntBase, key : {'_value': 40, 'enum_ref': None}
2021-05-21 10:15:18,275 | 5271 | api.observer, todict, 42 | DEBUG | UBIntBase, key : {'_value': 1, 'enum_ref': None}
2021-05-21 10:15:18,275 | 5271 | api.observer, todict, 42 | DEBUG | UBIntBase, key : {'_value': 8, 'enum_ref': None}
2021-05-21 10:15:18,276 | 5271 | api.observer, parse, 19 | INFO | Parsed msg : {'header': {'version': 4, 'message_type': 0, 'length': 16, 'xid': 40}, 'elements': [{'element_type': 1, 'length': 8, 'content': {'enum_ref': None}}]}
2021-05-21 10:15:18,276 | 5271 | proxy.proxy, handle_switch, 241 | INFO | Client ('127.0.0.1', 55156) is connected
2021-05-21 10:15:18,286 | 5271 | proxy.proxy, handle_switch, 241 | INFO | Client ('127.0.0.1', 55158) is connected
2021-05-21 10:15:18,288 | 5271 | proxy.proxy, handle_controller, 362 | DEBUG | read b'\x04\x05\x00\x08\xf8N\x95\x0b'
2021-05-21 10:15:18,289 | 5271 | proxy.proxy, send_to_switch, 291 | DEBUG | sent data to switch: b'\x04\x05\x00\x08\xf8N\x95\x0b'
2021-05-21 10:15:18,290 | 5271 | proxy.proxy, send_to_switch, 92 | DEBUG | set data and sent to switch : b'\x04\x05\x00\x08\xf8N\x95\x0b'
2021-05-21 10:15:18,290 | 5271 | proxy.proxy, handle_controller, 360 | DEBUG | waiting data ......
2021-05-21 10:15:18,292 | 5271 | proxy.observable, notify_observers, 63 | DEBUG | notify data to observer: <proxy.packet.Message object at 0x7f2998548250>
2021-05-21 10:15:18,294 | 5271 | api.observer, update, 38 | DEBUG | observed from observable: b'\x04\x05\x00\x08\xf8N\x95\x0b'
2021-05-21 10:15:18,298 | 5271 | api.observer, todict, 42 | DEBUG | UBIntBase, key : {'_value': 4, 'enum_ref': None}
2021-05-21 10:15:18,299 | 5271 | api.observer, todict, 42 | DEBUG | UBIntBase, key : {'_value': 8, 'enum_ref': None}
2021-05-21 10:15:18,299 | 5271 | api.observer, todict, 42 | DEBUG | UBIntBase, key : {'_value': 4165899531, 'enum_ref': None}
2021-05-21 10:15:18,302 | 5271 | api.observer, parse, 19 | INFO | Parsed msg : {'header': {'version': 4, 'message_type': 5, 'length': 8, 'xid': 4165899531}}
2021-05-21 10:15:18,303 | 5271 | proxy.proxy, handle_switch, 252 | DEBUG | waiting data ......
2021-05-21 10:15:18,306 | 5271 | proxy.proxy, handle_switch, 255 | DEBUG | read b'\x04\x00\x00\x10\x00\x00\x00)\x00\x01\x00\x08\x00\x00\x00\x10'
2021-05-21 10:15:18,307 | 5271 | proxy.proxy, send_to_controller, 396 | DEBUG | sent data to controller: b'\x04\x00\x00\x10\x00\x00\x00)\x00\x01\x00\x08\x00\x00\x00\x10'
2021-05-21 10:15:18,308 | 5271 | proxy.proxy, send_to_controller, 74 | DEBUG | set data and sent to controller : b'\x04\x00\x00\x10\x00\x00\x00)\x00\x01\x00\x08\x00\x00\x00\x10'
2021-05-21 10:15:18,309 | 5271 | proxy.proxy, handle_switch, 252 | DEBUG | waiting data ......
2021-05-21 10:15:18,310 | 5271 | proxy.proxy, handle_switch, 252 | DEBUG | waiting data ......
2021-05-21 10:15:18,317 | 5271 | proxy.proxy, handle_switch, 255 | DEBUG | read b'\x04\x00\x00\x10\x00\x00\x00*\x00\x01\x00\x08\x00\x00\x00\x10'
2021-05-21 10:15:18,319 | 5271 | proxy.proxy, send_to_controller, 396 | DEBUG | sent data to controller: b'\x04\x00\x00\x10\x00\x00\x00*\x00\x01\x00\x08\x00\x00\x00\x10'
2021-05-21 10:15:18,320 | 5271 | proxy.proxy, send_to_controller, 74 | DEBUG | set data and sent to controller : b'\x04\x00\x00\x10\x00\x00\x00*\x00\x01\x00\x08\x00\x00\x00\x10'
2021-05-21 10:15:18,320 | 5271 | proxy.proxy, handle_switch, 252 | DEBUG | waiting data ......
2021-05-21 10:15:18,321 | 5271 | proxy.proxy, handle_controller, 355 | INFO | connected Controller ('127.0.0.1', 6633)
2021-05-21 10:15:18,321 | 5271 | proxy.proxy, handle_controller, 360 | DEBUG | waiting data ......
2021-05-21 10:15:18,322 | 5271 | proxy.proxy, handle_controller, 362 | DEBUG | read b'\x04\x00\x00\x08^Z\xaay\x04\x05\x00\x08^Z\xaaz'
2021-05-21 10:15:18,322 | 5271 | proxy.proxy, send_to_switch, 291 | DEBUG | sent data to switch: b'\x04\x00\x00\x08^Z\xaay\x04\x05\x00\x08^Z\xaaz'
2021-05-21 10:15:18,322 | 5271 | proxy.proxy, send_to_switch, 92 | DEBUG | set data and sent to switch : b'\x04\x00\x00\x08^Z\xaay\x04\x05\x00\x08^Z\xaaz'
2021-05-21 10:15:18,323 | 5271 | proxy.proxy, handle_controller, 360 | DEBUG | waiting data ......
2021-05-21 10:15:18,323 | 5271 | proxy.observable, notify_observers, 63 | DEBUG | notify data to observer: <proxy.packet.Message object at 0x7f2998548700>
2021-05-21 10:15:18,324 | 5271 | api.observer, update, 38 | DEBUG | observed from observable: b'\x04\x00\x00\x10\x00\x00\x00)\x00\x01\x00\x08\x00\x00\x00\x10'
2021-05-21 10:15:18,324 | 5271 | api.observer, todict, 42 | DEBUG | UBIntBase, key : {'_value': 4, 'enum_ref': None}
2021-05-21 10:15:18,327 | 5271 | api.observer, todict, 42 | DEBUG | UBIntBase, key : {'_value': 16, 'enum_ref': None}
2021-05-21 10:15:18,327 | 5271 | api.observer, todict, 42 | DEBUG | UBIntBase, key : {'_value': 41, 'enum_ref': None}
2021-05-21 10:15:18,328 | 5271 | api.observer, todict, 42 | DEBUG | UBIntBase, key : {'_value': 1, 'enum_ref': None}
2021-05-21 10:15:18,328 | 5271 | api.observer, todict, 42 | DEBUG | UBIntBase, key : {'_value': 8, 'enum_ref': None}
2021-05-21 10:15:18,329 | 5271 | api.observer, parse, 19 | INFO | Parsed msg : {'header': {'version': 4, 'message_type': 0, 'length': 16, 'xid': 41}, 'elements': [{'element_type': 1, 'length': 8, 'content': {'enum_ref': None}}]}
2021-05-21 10:15:18,331 | 5271 | proxy.observable, notify_observers, 63 | DEBUG | notify data to observer: <proxy.packet.Message object at 0x7f2998548460>
2021-05-21 10:15:18,337 | 5271 | api.observer, update, 38 | DEBUG | observed from observable: b'\x04\x00\x00\x10\x00\x00\x00*\x00\x01\x00\x08\x00\x00\x00\x10'
2021-05-21 10:15:18,339 | 5271 | api.observer, todict, 42 | DEBUG | UBIntBase, key : {'_value': 4, 'enum_ref': None}
2021-05-21 10:15:18,347 | 5271 | api.observer, todict, 42 | DEBUG | UBIntBase, key : {'_value': 16, 'enum_ref': None}
2021-05-21 10:15:18,347 | 5271 | api.observer, todict, 42 | DEBUG | UBIntBase, key : {'_value': 42, 'enum_ref': None}
2021-05-21 10:15:18,348 | 5271 | api.observer, todict, 42 | DEBUG | UBIntBase, key : {'_value': 1, 'enum_ref': None}
2021-05-21 10:15:18,354 | 5271 | api.observer, todict, 42 | DEBUG | UBIntBase, key : {'_value': 8, 'enum_ref': None}
2021-05-21 10:15:18,354 | 5271 | api.observer, parse, 19 | INFO | Parsed msg : {'header': {'version': 4, 'message_type': 0, 'length': 16, 'xid': 42}, 'elements': [{'element_type': 1, 'length': 8, 'content': {'enum_ref': None}}]}
2021-05-21 10:15:18,355 | 5271 | proxy.observable, notify_observers, 63 | DEBUG | notify data to observer: <proxy.packet.Message object at 0x7f29985486d0>
2021-05-21 10:15:18,355 | 5271 | api.observer, update, 38 | DEBUG | observed from observable: b'\x04\x00\x00\x08^Z\xaay\x04\x05\x00\x08^Z\xaaz'
2021-05-21 10:15:18,355 | 5271 | api.observer, todict, 42 | DEBUG | UBIntBase, key : {'_value': 4, 'enum_ref': None}
2021-05-21 10:15:18,356 | 5271 | api.observer, todict, 42 | DEBUG | UBIntBase, key : {'_value': 8, 'enum_ref': None}
2021-05-21 10:15:18,356 | 5271 | api.observer, todict, 42 | DEBUG | UBIntBase, key : {'_value': 1583000185, 'enum_ref': None}
2021-05-21 10:15:18,357 | 5271 | api.observer, todict, 42 | DEBUG | UBIntBase, key : {'_value': 1029, 'enum_ref': None}
2021-05-21 10:15:18,357 | 5271 | api.observer, todict, 42 | DEBUG | UBIntBase, key : {'_value': 8, 'enum_ref': None}
2021-05-21 10:15:18,358 | 5271 | api.observer, parse, 19 | INFO | Parsed msg : {'header': {'version': 4, 'message_type': 0, 'length': 8, 'xid': 1583000185}, 'elements': [{'element_type': 1029, 'length': 8, 'content': {'enum_ref': None}}]}
2021-05-21 10:15:18,358 | 5271 | proxy.proxy, handle_controller, 355 | INFO | connected Controller ('127.0.0.1', 6633)
2021-05-21 10:15:18,358 | 5271 | proxy.proxy, handle_controller, 360 | DEBUG | waiting data ......
2021-05-21 10:15:18,359 | 5271 | proxy.proxy, handle_controller, 362 | DEBUG | read b'\x04\x00\x00\x08\x87 A\xd9\x04\x05\x00\x08\x87 A\xda'
2021-05-21 10:15:18,359 | 5271 | proxy.proxy, send_to_switch, 291 | DEBUG | sent data to switch: b'\x04\x00\x00\x08\x87 A\xd9\x04\x05\x00\x08\x87 A\xda'
2021-05-21 10:15:18,360 | 5271 | proxy.proxy, send_to_switch, 92 | DEBUG | set data and sent to switch : b'\x04\x00\x00\x08\x87 A\xd9\x04\x05\x00\x08\x87 A\xda'
2021-05-21 10:15:18,361 | 5271 | proxy.proxy, handle_controller, 360 | DEBUG | waiting data ......
2021-05-21 10:15:18,362 | 5271 | proxy.observable, notify_observers, 63 | DEBUG | notify data to observer: <proxy.packet.Message object at 0x7f2998537c40>
2021-05-21 10:15:18,366 | 5271 | api.observer, update, 38 | DEBUG | observed from observable: b'\x04\x00\x00\x08\x87 A\xd9\x04\x05\x00\x08\x87 A\xda'
2021-05-21 10:15:18,367 | 5271 | api.observer, todict, 42 | DEBUG | UBIntBase, key : {'_value': 4, 'enum_ref': None}
2021-05-21 10:15:18,367 | 5271 | api.observer, todict, 42 | DEBUG | UBIntBase, key : {'_value': 8, 'enum_ref': None}
2021-05-21 10:15:18,367 | 5271 | api.observer, todict, 42 | DEBUG | UBIntBase, key : {'_value': 2267038169, 'enum_ref': None}
2021-05-21 10:15:18,368 | 5271 | api.observer, todict, 42 | DEBUG | UBIntBase, key : {'_value': 1029, 'enum_ref': None}
2021-05-21 10:15:18,368 | 5271 | api.observer, todict, 42 | DEBUG | UBIntBase, key : {'_value': 8, 'enum_ref': None}
2021-05-21 10:15:18,369 | 5271 | api.observer, parse, 19 | INFO | Parsed msg : {'header': {'version': 4, 'message_type': 0, 'length': 8, 'xid': 2267038169}, 'elements': [{'element_type': 1029, 'length': 8, 'content': {'enum_ref': None}}]}
2021-05-21 10:15:18,753 | 5271 | proxy.proxy, handle_switch, 255 | DEBUG | read b'\x04\x06\x00 \xf8N\x95\x0b\x00\x00\x00\x00\x00\x00\x00\x01\x00\x00\x00\x00\xfe\x00\x00\x00\x00\x00\x00O\x00\x00\x00\x00'
2021-05-21 10:15:18,754 | 5271 | proxy.proxy, send_to_controller, 396 | DEBUG | sent data to controller: b'\x04\x06\x00 \xf8N\x95\x0b\x00\x00\x00\x00\x00\x00\x00\x01\x00\x00\x00\x00\xfe\x00\x00\x00\x00\x00\x00O\x00\x00\x00\x00'
2021-05-21 10:15:18,756 | 5271 | proxy.proxy, send_to_controller, 74 | DEBUG | set data and sent to controller : b'\x04\x06\x00 \xf8N\x95\x0b\x00\x00\x00\x00\x00\x00\x00\x01\x00\x00\x00\x00\xfe\x00\x00\x00\x00\x00\x00O\x00\x00\x00\x00'
2021-05-21 10:15:18,756 | 5271 | proxy.proxy, handle_switch, 252 | DEBUG | waiting data ......
2021-05-21 10:15:18,757 | 5271 | proxy.proxy, handle_switch, 255 | DEBUG | read b'\x04\x06\x00 ^Z\xaaz\x00\x00\x00\x00\x00\x00\x00\x03\x00\x00\x00\x00\xfe\x00\x00\x00\x00\x00\x00O\x00\x00\x00\x00'
2021-05-21 10:15:18,758 | 5271 | proxy.proxy, send_to_controller, 396 | DEBUG | sent data to controller: b'\x04\x06\x00 ^Z\xaaz\x00\x00\x00\x00\x00\x00\x00\x03\x00\x00\x00\x00\xfe\x00\x00\x00\x00\x00\x00O\x00\x00\x00\x00'
2021-05-21 10:15:18,760 | 5271 | proxy.proxy, send_to_controller, 74 | DEBUG | set data and sent to controller : b'\x04\x06\x00 ^Z\xaaz\x00\x00\x00\x00\x00\x00\x00\x03\x00\x00\x00\x00\xfe\x00\x00\x00\x00\x00\x00O\x00\x00\x00\x00'
2021-05-21 10:15:18,761 | 5271 | proxy.proxy, handle_switch, 252 | DEBUG | waiting data ......
2021-05-21 10:15:18,761 | 5271 | proxy.proxy, handle_switch, 255 | DEBUG | read b'\x04\x06\x00 \x87 A\xda\x00\x00\x00\x00\x00\x00\x00\x02\x00\x00\x00\x00\xfe\x00\x00\x00\x00\x00\x00O\x00\x00\x00\x00'
2021-05-21 10:15:18,764 | 5271 | proxy.proxy, send_to_controller, 396 | DEBUG | sent data to controller: b'\x04\x06\x00 \x87 A\xda\x00\x00\x00\x00\x00\x00\x00\x02\x00\x00\x00\x00\xfe\x00\x00\x00\x00\x00\x00O\x00\x00\x00\x00'
2021-05-21 10:15:18,765 | 5271 | proxy.proxy, send_to_controller, 74 | DEBUG | set data and sent to controller : b'\x04\x06\x00 \x87 A\xda\x00\x00\x00\x00\x00\x00\x00\x02\x00\x00\x00\x00\xfe\x00\x00\x00\x00\x00\x00O\x00\x00\x00\x00'
2021-05-21 10:15:18,765 | 5271 | proxy.proxy, handle_switch, 252 | DEBUG | waiting data ......
2021-05-21 10:15:18,766 | 5271 | proxy.observable, notify_observers, 63 | DEBUG | notify data to observer: <proxy.packet.Message object at 0x7f2998548b80>
2021-05-21 10:15:18,770 | 5271 | api.observer, update, 38 | DEBUG | observed from observable: b'\x04\x06\x00 \xf8N\x95\x0b\x00\x00\x00\x00\x00\x00\x00\x01\x00\x00\x00\x00\xfe\x00\x00\x00\x00\x00\x00O\x00\x00\x00\x00'
2021-05-21 10:15:18,775 | 5271 | api.observer, todict, 42 | DEBUG | UBIntBase, key : {'_value': 4, 'enum_ref': None}
2021-05-21 10:15:18,776 | 5271 | api.observer, todict, 42 | DEBUG | UBIntBase, key : {'_value': 32, 'enum_ref': None}
2021-05-21 10:15:18,776 | 5271 | api.observer, todict, 42 | DEBUG | UBIntBase, key : {'_value': 4165899531, 'enum_ref': None}
2021-05-21 10:15:18,777 | 5271 | api.observer, todict, 42 | DEBUG | UBIntBase, key : {'_value': 0, 'enum_ref': None}
2021-05-21 10:15:18,778 | 5271 | api.observer, todict, 42 | DEBUG | UBIntBase, key : {'_value': 254, 'enum_ref': None}
2021-05-21 10:15:18,778 | 5271 | api.observer, todict, 42 | DEBUG | UBIntBase, key : {'_value': 0, 'enum_ref': None}
2021-05-21 10:15:18,779 | 5271 | api.observer, todict, 42 | DEBUG | UBIntBase, key : {'_value': Capabilities(79), 'enum_ref': <class 'pyof.v0x04.controller2switch.features_reply.Capabilities'>}
2021-05-21 10:15:18,784 | 5271 | api.observer, parse, 26 | ERROR | Failed to unpack data : 'Capabilities' object has no attribute 'value'
2021-05-21 10:15:18,785 | 5271 | proxy.observable, notify_observers, 63 | DEBUG | notify data to observer: <proxy.packet.Message object at 0x7f2998548b50>
2021-05-21 10:15:18,791 | 5271 | api.observer, update, 38 | DEBUG | observed from observable: b'\x04\x06\x00 ^Z\xaaz\x00\x00\x00\x00\x00\x00\x00\x03\x00\x00\x00\x00\xfe\x00\x00\x00\x00\x00\x00O\x00\x00\x00\x00'
2021-05-21 10:15:18,792 | 5271 | api.observer, todict, 42 | DEBUG | UBIntBase, key : {'_value': 4, 'enum_ref': None}
2021-05-21 10:15:18,794 | 5271 | api.observer, todict, 42 | DEBUG | UBIntBase, key : {'_value': 32, 'enum_ref': None}
2021-05-21 10:15:18,794 | 5271 | api.observer, todict, 42 | DEBUG | UBIntBase, key : {'_value': 1583000186, 'enum_ref': None}
2021-05-21 10:15:18,795 | 5271 | api.observer, todict, 42 | DEBUG | UBIntBase, key : {'_value': 0, 'enum_ref': None}
2021-05-21 10:15:18,797 | 5271 | api.observer, todict, 42 | DEBUG | UBIntBase, key : {'_value': 254, 'enum_ref': None}
2021-05-21 10:15:18,799 | 5271 | api.observer, todict, 42 | DEBUG | UBIntBase, key : {'_value': 0, 'enum_ref': None}
2021-05-21 10:15:18,806 | 5271 | api.observer, todict, 42 | DEBUG | UBIntBase, key : {'_value': Capabilities(79), 'enum_ref': <class 'pyof.v0x04.controller2switch.features_reply.Capabilities'>}
2021-05-21 10:15:18,807 | 5271 | api.observer, parse, 26 | ERROR | Failed to unpack data : 'Capabilities' object has no attribute 'value'
2021-05-21 10:15:18,807 | 5271 | proxy.observable, notify_observers, 63 | DEBUG | notify data to observer: <proxy.packet.Message object at 0x7f2998548fa0>
2021-05-21 10:15:18,807 | 5271 | api.observer, update, 38 | DEBUG | observed from observable: b'\x04\x06\x00 \x87 A\xda\x00\x00\x00\x00\x00\x00\x00\x02\x00\x00\x00\x00\xfe\x00\x00\x00\x00\x00\x00O\x00\x00\x00\x00'
2021-05-21 10:15:18,808 | 5271 | api.observer, todict, 42 | DEBUG | UBIntBase, key : {'_value': 4, 'enum_ref': None}
2021-05-21 10:15:18,809 | 5271 | api.observer, todict, 42 | DEBUG | UBIntBase, key : {'_value': 32, 'enum_ref': None}
2021-05-21 10:15:18,809 | 5271 | api.observer, todict, 42 | DEBUG | UBIntBase, key : {'_value': 2267038170, 'enum_ref': None}
2021-05-21 10:15:18,809 | 5271 | api.observer, todict, 42 | DEBUG | UBIntBase, key : {'_value': 0, 'enum_ref': None}
2021-05-21 10:15:18,810 | 5271 | api.observer, todict, 42 | DEBUG | UBIntBase, key : {'_value': 254, 'enum_ref': None}
2021-05-21 10:15:18,815 | 5271 | api.observer, todict, 42 | DEBUG | UBIntBase, key : {'_value': 0, 'enum_ref': None}
2021-05-21 10:15:18,824 | 5271 | api.observer, todict, 42 | DEBUG | UBIntBase, key : {'_value': Capabilities(79), 'enum_ref': <class 'pyof.v0x04.controller2switch.features_reply.Capabilities'>}
2021-05-21 10:15:18,830 | 5271 | api.observer, parse, 26 | ERROR | Failed to unpack data : 'Capabilities' object has no attribute 'value'
2021-05-21 10:15:18,831 | 5271 | proxy.proxy, handle_controller, 362 | DEBUG | read b'\x04\x12\x00\x10\xf8N\x95\x0c\x00\r\x00\x00\x00\x00\x00\x00\x04\x0e\x00P\xf8N\x95\r\x00\x00\x00\x00\x00\x00\x00\x00\x00\x00\x00\x00\x00\x00\x00\x00\x00\x00\x00\x00\x00\x00\x00\x00\xff\xff\xff\xff\x00\x00\x00\x00\x00\x00\x00\x00\x00\x00\x00\x00\x00\x01\x00\x04\x00\x00\x00\x00\x00\x04\x00\x18\x00\x00\x00\x00\x00\x00\x00\x10\xff\xff\xff\xfd\xff\xff\x00\x00\x00\x00\x00\x00'
2021-05-21 10:15:18,834 | 5271 | proxy.proxy, send_to_switch, 291 | DEBUG | sent data to switch: b'\x04\x12\x00\x10\xf8N\x95\x0c\x00\r\x00\x00\x00\x00\x00\x00\x04\x0e\x00P\xf8N\x95\r\x00\x00\x00\x00\x00\x00\x00\x00\x00\x00\x00\x00\x00\x00\x00\x00\x00\x00\x00\x00\x00\x00\x00\x00\xff\xff\xff\xff\x00\x00\x00\x00\x00\x00\x00\x00\x00\x00\x00\x00\x00\x01\x00\x04\x00\x00\x00\x00\x00\x04\x00\x18\x00\x00\x00\x00\x00\x00\x00\x10\xff\xff\xff\xfd\xff\xff\x00\x00\x00\x00\x00\x00'
2021-05-21 10:15:18,834 | 5271 | proxy.proxy, send_to_switch, 92 | DEBUG | set data and sent to switch : b'\x04\x12\x00\x10\xf8N\x95\x0c\x00\r\x00\x00\x00\x00\x00\x00\x04\x0e\x00P\xf8N\x95\r\x00\x00\x00\x00\x00\x00\x00\x00\x00\x00\x00\x00\x00\x00\x00\x00\x00\x00\x00\x00\x00\x00\x00\x00\xff\xff\xff\xff\x00\x00\x00\x00\x00\x00\x00\x00\x00\x00\x00\x00\x00\x01\x00\x04\x00\x00\x00\x00\x00\x04\x00\x18\x00\x00\x00\x00\x00\x00\x00\x10\xff\xff\xff\xfd\xff\xff\x00\x00\x00\x00\x00\x00'
2021-05-21 10:15:18,835 | 5271 | proxy.proxy, handle_controller, 360 | DEBUG | waiting data ......
2021-05-21 10:15:18,835 | 5271 | proxy.proxy, handle_controller, 362 | DEBUG | read b'\x04\x12\x00\x10^Z\xaa{\x00\r\x00\x00\x00\x00\x00\x00\x04\x0e\x00P^Z\xaa|\x00\x00\x00\x00\x00\x00\x00\x00\x00\x00\x00\x00\x00\x00\x00\x00\x00\x00\x00\x00\x00\x00\x00\x00\xff\xff\xff\xff\x00\x00\x00\x00\x00\x00\x00\x00\x00\x00\x00\x00\x00\x01\x00\x04\x00\x00\x00\x00\x00\x04\x00\x18\x00\x00\x00\x00\x00\x00\x00\x10\xff\xff\xff\xfd\xff\xff\x00\x00\x00\x00\x00\x00'
2021-05-21 10:15:18,836 | 5271 | proxy.proxy, send_to_switch, 291 | DEBUG | sent data to switch: b'\x04\x12\x00\x10^Z\xaa{\x00\r\x00\x00\x00\x00\x00\x00\x04\x0e\x00P^Z\xaa|\x00\x00\x00\x00\x00\x00\x00\x00\x00\x00\x00\x00\x00\x00\x00\x00\x00\x00\x00\x00\x00\x00\x00\x00\xff\xff\xff\xff\x00\x00\x00\x00\x00\x00\x00\x00\x00\x00\x00\x00\x00\x01\x00\x04\x00\x00\x00\x00\x00\x04\x00\x18\x00\x00\x00\x00\x00\x00\x00\x10\xff\xff\xff\xfd\xff\xff\x00\x00\x00\x00\x00\x00'
2021-05-21 10:15:18,837 | 5271 | proxy.proxy, send_to_switch, 92 | DEBUG | set data and sent to switch : b'\x04\x12\x00\x10^Z\xaa{\x00\r\x00\x00\x00\x00\x00\x00\x04\x0e\x00P^Z\xaa|\x00\x00\x00\x00\x00\x00\x00\x00\x00\x00\x00\x00\x00\x00\x00\x00\x00\x00\x00\x00\x00\x00\x00\x00\xff\xff\xff\xff\x00\x00\x00\x00\x00\x00\x00\x00\x00\x00\x00\x00\x00\x01\x00\x04\x00\x00\x00\x00\x00\x04\x00\x18\x00\x00\x00\x00\x00\x00\x00\x10\xff\xff\xff\xfd\xff\xff\x00\x00\x00\x00\x00\x00'
2021-05-21 10:15:18,837 | 5271 | proxy.proxy, handle_controller, 360 | DEBUG | waiting data ......
2021-05-21 10:15:18,838 | 5271 | proxy.proxy, handle_controller, 362 | DEBUG | read b'\x04\x12\x00\x10\x87 A\xdb\x00\r\x00\x00\x00\x00\x00\x00\x04\x0e\x00P\x87 A\xdc\x00\x00\x00\x00\x00\x00\x00\x00\x00\x00\x00\x00\x00\x00\x00\x00\x00\x00\x00\x00\x00\x00\x00\x00\xff\xff\xff\xff\x00\x00\x00\x00\x00\x00\x00\x00\x00\x00\x00\x00\x00\x01\x00\x04\x00\x00\x00\x00\x00\x04\x00\x18\x00\x00\x00\x00\x00\x00\x00\x10\xff\xff\xff\xfd\xff\xff\x00\x00\x00\x00\x00\x00'
2021-05-21 10:15:18,839 | 5271 | proxy.proxy, send_to_switch, 291 | DEBUG | sent data to switch: b'\x04\x12\x00\x10\x87 A\xdb\x00\r\x00\x00\x00\x00\x00\x00\x04\x0e\x00P\x87 A\xdc\x00\x00\x00\x00\x00\x00\x00\x00\x00\x00\x00\x00\x00\x00\x00\x00\x00\x00\x00\x00\x00\x00\x00\x00\xff\xff\xff\xff\x00\x00\x00\x00\x00\x00\x00\x00\x00\x00\x00\x00\x00\x01\x00\x04\x00\x00\x00\x00\x00\x04\x00\x18\x00\x00\x00\x00\x00\x00\x00\x10\xff\xff\xff\xfd\xff\xff\x00\x00\x00\x00\x00\x00'
2021-05-21 10:15:18,841 | 5271 | proxy.proxy, send_to_switch, 92 | DEBUG | set data and sent to switch : b'\x04\x12\x00\x10\x87 A\xdb\x00\r\x00\x00\x00\x00\x00\x00\x04\x0e\x00P\x87 A\xdc\x00\x00\x00\x00\x00\x00\x00\x00\x00\x00\x00\x00\x00\x00\x00\x00\x00\x00\x00\x00\x00\x00\x00\x00\xff\xff\xff\xff\x00\x00\x00\x00\x00\x00\x00\x00\x00\x00\x00\x00\x00\x01\x00\x04\x00\x00\x00\x00\x00\x04\x00\x18\x00\x00\x00\x00\x00\x00\x00\x10\xff\xff\xff\xfd\xff\xff\x00\x00\x00\x00\x00\x00'
2021-05-21 10:15:18,843 | 5271 | proxy.proxy, handle_controller, 360 | DEBUG | waiting data ......
2021-05-21 10:15:18,844 | 5271 | proxy.observable, notify_observers, 63 | DEBUG | notify data to observer: <proxy.packet.Message object at 0x7f2998548580>
2021-05-21 10:15:18,845 | 5271 | api.observer, update, 38 | DEBUG | observed from observable: b'\x04\x12\x00\x10\xf8N\x95\x0c\x00\r\x00\x00\x00\x00\x00\x00\x04\x0e\x00P\xf8N\x95\r\x00\x00\x00\x00\x00\x00\x00\x00\x00\x00\x00\x00\x00\x00\x00\x00\x00\x00\x00\x00\x00\x00\x00\x00\xff\xff\xff\xff\x00\x00\x00\x00\x00\x00\x00\x00\x00\x00\x00\x00\x00\x01\x00\x04\x00\x00\x00\x00\x00\x04\x00\x18\x00\x00\x00\x00\x00\x00\x00\x10\xff\xff\xff\xfd\xff\xff\x00\x00\x00\x00\x00\x00'
2021-05-21 10:15:18,853 | 5271 | api.observer, todict, 42 | DEBUG | UBIntBase, key : {'_value': 4, 'enum_ref': None}
2021-05-21 10:15:18,854 | 5271 | api.observer, todict, 42 | DEBUG | UBIntBase, key : {'_value': 16, 'enum_ref': None}
2021-05-21 10:15:18,854 | 5271 | api.observer, todict, 42 | DEBUG | UBIntBase, key : {'_value': 4165899532, 'enum_ref': None}
2021-05-21 10:15:18,854 | 5271 | api.observer, todict, 42 | DEBUG | UBIntBase, key : {'_value': <MultipartRequestFlags.OFPMPF_REQ_NONE: 0>, 'enum_ref': <enum 'MultipartRequestFlags'>}
2021-05-21 10:15:18,855 | 5271 | api.observer, parse, 19 | INFO | Parsed msg : {'header': {'version': 4, 'message_type': 18, 'length': 16, 'xid': 4165899532}, 'multipart_type': 13, 'flags': 0, 'pad': {'enum_ref': None}, 'body': {'enum_ref': None}}
2021-05-21 10:15:18,856 | 5271 | proxy.observable, notify_observers, 63 | DEBUG | notify data to observer: <proxy.packet.Message object at 0x7f2998548a30>
2021-05-21 10:15:18,856 | 5271 | api.observer, update, 38 | DEBUG | observed from observable: b'\x04\x12\x00\x10^Z\xaa{\x00\r\x00\x00\x00\x00\x00\x00\x04\x0e\x00P^Z\xaa|\x00\x00\x00\x00\x00\x00\x00\x00\x00\x00\x00\x00\x00\x00\x00\x00\x00\x00\x00\x00\x00\x00\x00\x00\xff\xff\xff\xff\x00\x00\x00\x00\x00\x00\x00\x00\x00\x00\x00\x00\x00\x01\x00\x04\x00\x00\x00\x00\x00\x04\x00\x18\x00\x00\x00\x00\x00\x00\x00\x10\xff\xff\xff\xfd\xff\xff\x00\x00\x00\x00\x00\x00'
2021-05-21 10:15:18,857 | 5271 | api.observer, todict, 42 | DEBUG | UBIntBase, key : {'_value': 4, 'enum_ref': None}
2021-05-21 10:15:18,858 | 5271 | api.observer, todict, 42 | DEBUG | UBIntBase, key : {'_value': 16, 'enum_ref': None}
2021-05-21 10:15:18,858 | 5271 | api.observer, todict, 42 | DEBUG | UBIntBase, key : {'_value': 1583000187, 'enum_ref': None}
2021-05-21 10:15:18,859 | 5271 | api.observer, todict, 42 | DEBUG | UBIntBase, key : {'_value': <MultipartRequestFlags.OFPMPF_REQ_NONE: 0>, 'enum_ref': <enum 'MultipartRequestFlags'>}
2021-05-21 10:15:18,859 | 5271 | api.observer, parse, 19 | INFO | Parsed msg : {'header': {'version': 4, 'message_type': 18, 'length': 16, 'xid': 1583000187}, 'multipart_type': 13, 'flags': 0, 'pad': {'enum_ref': None}, 'body': {'enum_ref': None}}
2021-05-21 10:15:18,860 | 5271 | proxy.observable, notify_observers, 63 | DEBUG | notify data to observer: <proxy.packet.Message object at 0x7f2998548130>
2021-05-21 10:15:18,860 | 5271 | api.observer, update, 38 | DEBUG | observed from observable: b'\x04\x12\x00\x10\x87 A\xdb\x00\r\x00\x00\x00\x00\x00\x00\x04\x0e\x00P\x87 A\xdc\x00\x00\x00\x00\x00\x00\x00\x00\x00\x00\x00\x00\x00\x00\x00\x00\x00\x00\x00\x00\x00\x00\x00\x00\xff\xff\xff\xff\x00\x00\x00\x00\x00\x00\x00\x00\x00\x00\x00\x00\x00\x01\x00\x04\x00\x00\x00\x00\x00\x04\x00\x18\x00\x00\x00\x00\x00\x00\x00\x10\xff\xff\xff\xfd\xff\xff\x00\x00\x00\x00\x00\x00'
2021-05-21 10:15:18,861 | 5271 | api.observer, todict, 42 | DEBUG | UBIntBase, key : {'_value': 4, 'enum_ref': None}
2021-05-21 10:15:18,862 | 5271 | api.observer, todict, 42 | DEBUG | UBIntBase, key : {'_value': 16, 'enum_ref': None}
2021-05-21 10:15:18,863 | 5271 | api.observer, todict, 42 | DEBUG | UBIntBase, key : {'_value': 2267038171, 'enum_ref': None}
2021-05-21 10:15:18,864 | 5271 | api.observer, todict, 42 | DEBUG | UBIntBase, key : {'_value': <MultipartRequestFlags.OFPMPF_REQ_NONE: 0>, 'enum_ref': <enum 'MultipartRequestFlags'>}
2021-05-21 10:15:18,866 | 5271 | api.observer, parse, 19 | INFO | Parsed msg : {'header': {'version': 4, 'message_type': 18, 'length': 16, 'xid': 2267038171}, 'multipart_type': 13, 'flags': 0, 'pad': {'enum_ref': None}, 'body': {'enum_ref': None}}
2021-05-21 10:15:18,867 | 5271 | proxy.proxy, handle_switch, 255 | DEBUG | read b'\x04\x13\x02\x10\xf8N\x95\x0c\x00\r\x00\x00\x00\x00\x00\x00\xff\xff\xff\xfe\x00\x00\x00\x00>\x80\xa8\xa5\x8bM\x00\x00s1\x00\x00\x00\x00\x00\x00\x00\x00\x00\x00\x00\x00\x00\x00\x00\x00\x00\x01\x00\x00\x00\x01\x00\x00\x00\x00\x00\x00\x00\x00\x00\x00\x00\x00\x00\x00\x00\x00\x00\x00\x00\x00\x00\x00\x00\x00\x00\x00\x00\x05\x00\x00\x00\x00Z\x9bc\xb9\xaaO\x00\x00s1-eth5\x00\x00\x00\x00\x00\x00\x00\x00\x00\x00\x00\x00\x00\x00\x00\x00\x04\x00\x00\x08@\x00\x00\x00\x00\x00\x00\x00\x00\x00\x00\x00\x00\x00\x98\x96\x80\x00\x00\x00\x00\x00\x00\x00\x07\x00\x00\x00\x00\xb2p\xc7\xaf\x90\xd4\x00\x00s1-eth7\x00\x00\x00\x00\x00\x00\x00\x00\x00\x00\x00\x00\x00\x00\x00\x00\x04\x00\x00\x08@\x00\x00\x00\x00\x00\x00\x00\x00\x00\x00\x00\x00\x00\x98\x96\x80\x00\x00\x00\x00\x00\x00\x00\x04\x00\x00\x00\x00J\xab\x05\x11\xf2\xad\x00\x00s1-eth4\x00\x00\x00\x00\x00\x00\x00\x00\x00\x00\x00\x00\x00\x00\x00\x00\x04\x00\x00\x08@\x00\x00\x00\x00\x00\x00\x00\x00\x00\x00\x00\x00\x00\x98\x96\x80\x00\x00\x00\x00\x00\x00\x00\x06\x00\x00\x00\x00"\xf1Q\xfc\x14\x8d\x00\x00s1-eth6\x00\x00\x00\x00\x00\x00\x00\x00\x00\x00\x00\x00\x00\x00\x00\x00\x04\x00\x00\x08@\x00\x00\x00\x00\x00\x00\x00\x00\x00\x00\x00\x00\x00\x98\x96\x80\x00\x00\x00\x00\x00\x00\x00\x01\x00\x00\x00\x00\xaaj\xa4\xe0}\x1f\x00\x00s1-eth1\x00\x00\x00\x00\x00\x00\x00\x00\x00\x00\x00\x00\x00\x00\x00\x00\x04\x00\x00\x08@\x00\x00\x00\x00\x00\x00\x00\x00\x00\x00\x00\x00\x00\x98\x96\x80\x00\x00\x00\x00\x00\x00\x00\x02\x00\x00\x00\x00\xa6I\xce#\xb2\xa4\x00\x00s1-eth2\x00\x00\x00\x00\x00\x00\x00\x00\x00\x00\x00\x00\x00\x00\x00\x00\x04\x00\x00\x08@\x00\x00\x00\x00\x00\x00\x00\x00\x00\x00\x00\x00\x00\x98\x96\x80\x00\x00\x00\x00\x00\x00\x00\x03\x00\x00\x00\x00\xdeO\xe9\xcd\xfa\xef\x00\x00s1-eth3\x00\x00\x00\x00\x00\x00\x00\x00\x00\x00\x00\x00\x00\x00\x00\x00\x04\x00\x00\x08@\x00\x00\x00\x00\x00\x00\x00\x00\x00\x00\x00\x00\x00\x98\x96\x80\x00\x00\x00\x00'
2021-05-21 10:15:18,875 | 5271 | proxy.proxy, send_to_controller, 396 | DEBUG | sent data to controller: b'\x04\x13\x02\x10\xf8N\x95\x0c\x00\r\x00\x00\x00\x00\x00\x00\xff\xff\xff\xfe\x00\x00\x00\x00>\x80\xa8\xa5\x8bM\x00\x00s1\x00\x00\x00\x00\x00\x00\x00\x00\x00\x00\x00\x00\x00\x00\x00\x00\x00\x01\x00\x00\x00\x01\x00\x00\x00\x00\x00\x00\x00\x00\x00\x00\x00\x00\x00\x00\x00\x00\x00\x00\x00\x00\x00\x00\x00\x00\x00\x00\x00\x05\x00\x00\x00\x00Z\x9bc\xb9\xaaO\x00\x00s1-eth5\x00\x00\x00\x00\x00\x00\x00\x00\x00\x00\x00\x00\x00\x00\x00\x00\x04\x00\x00\x08@\x00\x00\x00\x00\x00\x00\x00\x00\x00\x00\x00\x00\x00\x98\x96\x80\x00\x00\x00\x00\x00\x00\x00\x07\x00\x00\x00\x00\xb2p\xc7\xaf\x90\xd4\x00\x00s1-eth7\x00\x00\x00\x00\x00\x00\x00\x00\x00\x00\x00\x00\x00\x00\x00\x00\x04\x00\x00\x08@\x00\x00\x00\x00\x00\x00\x00\x00\x00\x00\x00\x00\x00\x98\x96\x80\x00\x00\x00\x00\x00\x00\x00\x04\x00\x00\x00\x00J\xab\x05\x11\xf2\xad\x00\x00s1-eth4\x00\x00\x00\x00\x00\x00\x00\x00\x00\x00\x00\x00\x00\x00\x00\x00\x04\x00\x00\x08@\x00\x00\x00\x00\x00\x00\x00\x00\x00\x00\x00\x00\x00\x98\x96\x80\x00\x00\x00\x00\x00\x00\x00\x06\x00\x00\x00\x00"\xf1Q\xfc\x14\x8d\x00\x00s1-eth6\x00\x00\x00\x00\x00\x00\x00\x00\x00\x00\x00\x00\x00\x00\x00\x00\x04\x00\x00\x08@\x00\x00\x00\x00\x00\x00\x00\x00\x00\x00\x00\x00\x00\x98\x96\x80\x00\x00\x00\x00\x00\x00\x00\x01\x00\x00\x00\x00\xaaj\xa4\xe0}\x1f\x00\x00s1-eth1\x00\x00\x00\x00\x00\x00\x00\x00\x00\x00\x00\x00\x00\x00\x00\x00\x04\x00\x00\x08@\x00\x00\x00\x00\x00\x00\x00\x00\x00\x00\x00\x00\x00\x98\x96\x80\x00\x00\x00\x00\x00\x00\x00\x02\x00\x00\x00\x00\xa6I\xce#\xb2\xa4\x00\x00s1-eth2\x00\x00\x00\x00\x00\x00\x00\x00\x00\x00\x00\x00\x00\x00\x00\x00\x04\x00\x00\x08@\x00\x00\x00\x00\x00\x00\x00\x00\x00\x00\x00\x00\x00\x98\x96\x80\x00\x00\x00\x00\x00\x00\x00\x03\x00\x00\x00\x00\xdeO\xe9\xcd\xfa\xef\x00\x00s1-eth3\x00\x00\x00\x00\x00\x00\x00\x00\x00\x00\x00\x00\x00\x00\x00\x00\x04\x00\x00\x08@\x00\x00\x00\x00\x00\x00\x00\x00\x00\x00\x00\x00\x00\x98\x96\x80\x00\x00\x00\x00'
2021-05-21 10:15:18,878 | 5271 | proxy.proxy, send_to_controller, 74 | DEBUG | set data and sent to controller : b'\x04\x13\x02\x10\xf8N\x95\x0c\x00\r\x00\x00\x00\x00\x00\x00\xff\xff\xff\xfe\x00\x00\x00\x00>\x80\xa8\xa5\x8bM\x00\x00s1\x00\x00\x00\x00\x00\x00\x00\x00\x00\x00\x00\x00\x00\x00\x00\x00\x00\x01\x00\x00\x00\x01\x00\x00\x00\x00\x00\x00\x00\x00\x00\x00\x00\x00\x00\x00\x00\x00\x00\x00\x00\x00\x00\x00\x00\x00\x00\x00\x00\x05\x00\x00\x00\x00Z\x9bc\xb9\xaaO\x00\x00s1-eth5\x00\x00\x00\x00\x00\x00\x00\x00\x00\x00\x00\x00\x00\x00\x00\x00\x04\x00\x00\x08@\x00\x00\x00\x00\x00\x00\x00\x00\x00\x00\x00\x00\x00\x98\x96\x80\x00\x00\x00\x00\x00\x00\x00\x07\x00\x00\x00\x00\xb2p\xc7\xaf\x90\xd4\x00\x00s1-eth7\x00\x00\x00\x00\x00\x00\x00\x00\x00\x00\x00\x00\x00\x00\x00\x00\x04\x00\x00\x08@\x00\x00\x00\x00\x00\x00\x00\x00\x00\x00\x00\x00\x00\x98\x96\x80\x00\x00\x00\x00\x00\x00\x00\x04\x00\x00\x00\x00J\xab\x05\x11\xf2\xad\x00\x00s1-eth4\x00\x00\x00\x00\x00\x00\x00\x00\x00\x00\x00\x00\x00\x00\x00\x00\x04\x00\x00\x08@\x00\x00\x00\x00\x00\x00\x00\x00\x00\x00\x00\x00\x00\x98\x96\x80\x00\x00\x00\x00\x00\x00\x00\x06\x00\x00\x00\x00"\xf1Q\xfc\x14\x8d\x00\x00s1-eth6\x00\x00\x00\x00\x00\x00\x00\x00\x00\x00\x00\x00\x00\x00\x00\x00\x04\x00\x00\x08@\x00\x00\x00\x00\x00\x00\x00\x00\x00\x00\x00\x00\x00\x98\x96\x80\x00\x00\x00\x00\x00\x00\x00\x01\x00\x00\x00\x00\xaaj\xa4\xe0}\x1f\x00\x00s1-eth1\x00\x00\x00\x00\x00\x00\x00\x00\x00\x00\x00\x00\x00\x00\x00\x00\x04\x00\x00\x08@\x00\x00\x00\x00\x00\x00\x00\x00\x00\x00\x00\x00\x00\x98\x96\x80\x00\x00\x00\x00\x00\x00\x00\x02\x00\x00\x00\x00\xa6I\xce#\xb2\xa4\x00\x00s1-eth2\x00\x00\x00\x00\x00\x00\x00\x00\x00\x00\x00\x00\x00\x00\x00\x00\x04\x00\x00\x08@\x00\x00\x00\x00\x00\x00\x00\x00\x00\x00\x00\x00\x00\x98\x96\x80\x00\x00\x00\x00\x00\x00\x00\x03\x00\x00\x00\x00\xdeO\xe9\xcd\xfa\xef\x00\x00s1-eth3\x00\x00\x00\x00\x00\x00\x00\x00\x00\x00\x00\x00\x00\x00\x00\x00\x04\x00\x00\x08@\x00\x00\x00\x00\x00\x00\x00\x00\x00\x00\x00\x00\x00\x98\x96\x80\x00\x00\x00\x00'
2021-05-21 10:15:18,882 | 5271 | proxy.proxy, handle_switch, 252 | DEBUG | waiting data ......
2021-05-21 10:15:18,883 | 5271 | proxy.proxy, handle_switch, 255 | DEBUG | read b'\x04\x13\x01\xd0^Z\xaa{\x00\r\x00\x00\x00\x00\x00\x00\xff\xff\xff\xfe\x00\x00\x00\x00&z\xe5u#L\x00\x00s3\x00\x00\x00\x00\x00\x00\x00\x00\x00\x00\x00\x00\x00\x00\x00\x00\x00\x01\x00\x00\x00\x01\x00\x00\x00\x00\x00\x00\x00\x00\x00\x00\x00\x00\x00\x00\x00\x00\x00\x00\x00\x00\x00\x00\x00\x00\x00\x00\x00\x04\x00\x00\x00\x00\x92\x9d\x87\xf2\xc2\x8a\x00\x00s3-eth4\x00\x00\x00\x00\x00\x00\x00\x00\x00\x00\x00\x00\x00\x00\x00\x00\x04\x00\x00\x08@\x00\x00\x00\x00\x00\x00\x00\x00\x00\x00\x00\x00\x00\x98\x96\x80\x00\x00\x00\x00\x00\x00\x00\x06\x00\x00\x00\x00\x12\x9b\xb1o%f\x00\x00s3-eth6\x00\x00\x00\x00\x00\x00\x00\x00\x00\x00\x00\x00\x00\x00\x00\x00\x04\x00\x00\x08@\x00\x00\x00\x00\x00\x00\x00\x00\x00\x00\x00\x00\x00\x98\x96\x80\x00\x00\x00\x00\x00\x00\x00\x01\x00\x00\x00\x00\xda\xc4\xd2N6#\x00\x00s3-eth1\x00\x00\x00\x00\x00\x00\x00\x00\x00\x00\x00\x00\x00\x00\x00\x00\x04\x00\x00\x08@\x00\x00\x00\x00\x00\x00\x00\x00\x00\x00\x00\x00\x00\x98\x96\x80\x00\x00\x00\x00\x00\x00\x00\x05\x00\x00\x00\x00\xce]QH\xd1D\x00\x00s3-eth5\x00\x00\x00\x00\x00\x00\x00\x00\x00\x00\x00\x00\x00\x00\x00\x00\x04\x00\x00\x08@\x00\x00\x00\x00\x00\x00\x00\x00\x00\x00\x00\x00\x00\x98\x96\x80\x00\x00\x00\x00\x00\x00\x00\x02\x00\x00\x00\x00\xeal\x0eO\xa1<\x00\x00s3-eth2\x00\x00\x00\x00\x00\x00\x00\x00\x00\x00\x00\x00\x00\x00\x00\x00\x04\x00\x00\x08@\x00\x00\x00\x00\x00\x00\x00\x00\x00\x00\x00\x00\x00\x98\x96\x80\x00\x00\x00\x00\x00\x00\x00\x03\x00\x00\x00\x00\xd6=N\xac\xfd+\x00\x00s3-eth3\x00\x00\x00\x00\x00\x00\x00\x00\x00\x00\x00\x00\x00\x00\x00\x00\x04\x00\x00\x08@\x00\x00\x00\x00\x00\x00\x00\x00\x00\x00\x00\x00\x00\x98\x96\x80\x00\x00\x00\x00'
2021-05-21 10:15:18,886 | 5271 | proxy.proxy, send_to_controller, 396 | DEBUG | sent data to controller: b'\x04\x13\x01\xd0^Z\xaa{\x00\r\x00\x00\x00\x00\x00\x00\xff\xff\xff\xfe\x00\x00\x00\x00&z\xe5u#L\x00\x00s3\x00\x00\x00\x00\x00\x00\x00\x00\x00\x00\x00\x00\x00\x00\x00\x00\x00\x01\x00\x00\x00\x01\x00\x00\x00\x00\x00\x00\x00\x00\x00\x00\x00\x00\x00\x00\x00\x00\x00\x00\x00\x00\x00\x00\x00\x00\x00\x00\x00\x04\x00\x00\x00\x00\x92\x9d\x87\xf2\xc2\x8a\x00\x00s3-eth4\x00\x00\x00\x00\x00\x00\x00\x00\x00\x00\x00\x00\x00\x00\x00\x00\x04\x00\x00\x08@\x00\x00\x00\x00\x00\x00\x00\x00\x00\x00\x00\x00\x00\x98\x96\x80\x00\x00\x00\x00\x00\x00\x00\x06\x00\x00\x00\x00\x12\x9b\xb1o%f\x00\x00s3-eth6\x00\x00\x00\x00\x00\x00\x00\x00\x00\x00\x00\x00\x00\x00\x00\x00\x04\x00\x00\x08@\x00\x00\x00\x00\x00\x00\x00\x00\x00\x00\x00\x00\x00\x98\x96\x80\x00\x00\x00\x00\x00\x00\x00\x01\x00\x00\x00\x00\xda\xc4\xd2N6#\x00\x00s3-eth1\x00\x00\x00\x00\x00\x00\x00\x00\x00\x00\x00\x00\x00\x00\x00\x00\x04\x00\x00\x08@\x00\x00\x00\x00\x00\x00\x00\x00\x00\x00\x00\x00\x00\x98\x96\x80\x00\x00\x00\x00\x00\x00\x00\x05\x00\x00\x00\x00\xce]QH\xd1D\x00\x00s3-eth5\x00\x00\x00\x00\x00\x00\x00\x00\x00\x00\x00\x00\x00\x00\x00\x00\x04\x00\x00\x08@\x00\x00\x00\x00\x00\x00\x00\x00\x00\x00\x00\x00\x00\x98\x96\x80\x00\x00\x00\x00\x00\x00\x00\x02\x00\x00\x00\x00\xeal\x0eO\xa1<\x00\x00s3-eth2\x00\x00\x00\x00\x00\x00\x00\x00\x00\x00\x00\x00\x00\x00\x00\x00\x04\x00\x00\x08@\x00\x00\x00\x00\x00\x00\x00\x00\x00\x00\x00\x00\x00\x98\x96\x80\x00\x00\x00\x00\x00\x00\x00\x03\x00\x00\x00\x00\xd6=N\xac\xfd+\x00\x00s3-eth3\x00\x00\x00\x00\x00\x00\x00\x00\x00\x00\x00\x00\x00\x00\x00\x00\x04\x00\x00\x08@\x00\x00\x00\x00\x00\x00\x00\x00\x00\x00\x00\x00\x00\x98\x96\x80\x00\x00\x00\x00'
2021-05-21 10:15:18,887 | 5271 | proxy.proxy, send_to_controller, 74 | DEBUG | set data and sent to controller : b'\x04\x13\x01\xd0^Z\xaa{\x00\r\x00\x00\x00\x00\x00\x00\xff\xff\xff\xfe\x00\x00\x00\x00&z\xe5u#L\x00\x00s3\x00\x00\x00\x00\x00\x00\x00\x00\x00\x00\x00\x00\x00\x00\x00\x00\x00\x01\x00\x00\x00\x01\x00\x00\x00\x00\x00\x00\x00\x00\x00\x00\x00\x00\x00\x00\x00\x00\x00\x00\x00\x00\x00\x00\x00\x00\x00\x00\x00\x04\x00\x00\x00\x00\x92\x9d\x87\xf2\xc2\x8a\x00\x00s3-eth4\x00\x00\x00\x00\x00\x00\x00\x00\x00\x00\x00\x00\x00\x00\x00\x00\x04\x00\x00\x08@\x00\x00\x00\x00\x00\x00\x00\x00\x00\x00\x00\x00\x00\x98\x96\x80\x00\x00\x00\x00\x00\x00\x00\x06\x00\x00\x00\x00\x12\x9b\xb1o%f\x00\x00s3-eth6\x00\x00\x00\x00\x00\x00\x00\x00\x00\x00\x00\x00\x00\x00\x00\x00\x04\x00\x00\x08@\x00\x00\x00\x00\x00\x00\x00\x00\x00\x00\x00\x00\x00\x98\x96\x80\x00\x00\x00\x00\x00\x00\x00\x01\x00\x00\x00\x00\xda\xc4\xd2N6#\x00\x00s3-eth1\x00\x00\x00\x00\x00\x00\x00\x00\x00\x00\x00\x00\x00\x00\x00\x00\x04\x00\x00\x08@\x00\x00\x00\x00\x00\x00\x00\x00\x00\x00\x00\x00\x00\x98\x96\x80\x00\x00\x00\x00\x00\x00\x00\x05\x00\x00\x00\x00\xce]QH\xd1D\x00\x00s3-eth5\x00\x00\x00\x00\x00\x00\x00\x00\x00\x00\x00\x00\x00\x00\x00\x00\x04\x00\x00\x08@\x00\x00\x00\x00\x00\x00\x00\x00\x00\x00\x00\x00\x00\x98\x96\x80\x00\x00\x00\x00\x00\x00\x00\x02\x00\x00\x00\x00\xeal\x0eO\xa1<\x00\x00s3-eth2\x00\x00\x00\x00\x00\x00\x00\x00\x00\x00\x00\x00\x00\x00\x00\x00\x04\x00\x00\x08@\x00\x00\x00\x00\x00\x00\x00\x00\x00\x00\x00\x00\x00\x98\x96\x80\x00\x00\x00\x00\x00\x00\x00\x03\x00\x00\x00\x00\xd6=N\xac\xfd+\x00\x00s3-eth3\x00\x00\x00\x00\x00\x00\x00\x00\x00\x00\x00\x00\x00\x00\x00\x00\x04\x00\x00\x08@\x00\x00\x00\x00\x00\x00\x00\x00\x00\x00\x00\x00\x00\x98\x96\x80\x00\x00\x00\x00'
2021-05-21 10:15:18,887 | 5271 | proxy.proxy, handle_switch, 252 | DEBUG | waiting data ......
2021-05-21 10:15:18,888 | 5271 | proxy.proxy, handle_switch, 255 | DEBUG | read b"\x04\x13\x02\x10\x87 A\xdb\x00\r\x00\x00\x00\x00\x00\x00\xff\xff\xff\xfe\x00\x00\x00\x00\xaa\xa6K.\x16G\x00\x00s2\x00\x00\x00\x00\x00\x00\x00\x00\x00\x00\x00\x00\x00\x00\x00\x00\x00\x01\x00\x00\x00\x01\x00\x00\x00\x00\x00\x00\x00\x00\x00\x00\x00\x00\x00\x00\x00\x00\x00\x00\x00\x00\x00\x00\x00\x00\x00\x00\x00\x05\x00\x00\x00\x00^Z\x1faH\x19\x00\x00s2-eth5\x00\x00\x00\x00\x00\x00\x00\x00\x00\x00\x00\x00\x00\x00\x00\x00\x04\x00\x00\x08@\x00\x00\x00\x00\x00\x00\x00\x00\x00\x00\x00\x00\x00\x98\x96\x80\x00\x00\x00\x00\x00\x00\x00\x06\x00\x00\x00\x00\xba5\xa4\xa2\xb9\xb6\x00\x00s2-eth6\x00\x00\x00\x00\x00\x00\x00\x00\x00\x00\x00\x00\x00\x00\x00\x00\x04\x00\x00\x08@\x00\x00\x00\x00\x00\x00\x00\x00\x00\x00\x00\x00\x00\x98\x96\x80\x00\x00\x00\x00\x00\x00\x00\x04\x00\x00\x00\x00Z\xd3\xbb2\xff'\x00\x00s2-eth4\x00\x00\x00\x00\x00\x00\x00\x00\x00\x00\x00\x00\x00\x00\x00\x00\x04\x00\x00\x08@\x00\x00\x00\x00\x00\x00\x00\x00\x00\x00\x00\x00\x00\x98\x96\x80\x00\x00\x00\x00\x00\x00\x00\x07\x00\x00\x00\x00\x12\x82c\xe8\x0b;\x00\x00s2-eth7\x00\x00\x00\x00\x00\x00\x00\x00\x00\x00\x00\x00\x00\x00\x00\x00\x04\x00\x00\x08@\x00\x00\x00\x00\x00\x00\x00\x00\x00\x00\x00\x00\x00\x98\x96\x80\x00\x00\x00\x00\x00\x00\x00\x01\x00\x00\x00\x00f\xe0\x13\xc8\x01\x9d\x00\x00s2-eth1\x00\x00\x00\x00\x00\x00\x00\x00\x00\x00\x00\x00\x00\x00\x00\x00\x04\x00\x00\x08@\x00\x00\x00\x00\x00\x00\x00\x00\x00\x00\x00\x00\x00\x98\x96\x80\x00\x00\x00\x00\x00\x00\x00\x02\x00\x00\x00\x00\x12\xc9\x8ch\xba\x1e\x00\x00s2-eth2\x00\x00\x00\x00\x00\x00\x00\x00\x00\x00\x00\x00\x00\x00\x00\x00\x04\x00\x00\x08@\x00\x00\x00\x00\x00\x00\x00\x00\x00\x00\x00\x00\x00\x98\x96\x80\x00\x00\x00\x00\x00\x00\x00\x03\x00\x00\x00\x00f\xe8h\xcc\xd8\xd0\x00\x00s2-eth3\x00\x00\x00\x00\x00\x00\x00\x00\x00\x00\x00\x00\x00\x00\x00\x00\x04\x00\x00\x08@\x00\x00\x00\x00\x00\x00\x00\x00\x00\x00\x00\x00\x00\x98\x96\x80\x00\x00\x00\x00"
2021-05-21 10:15:18,892 | 5271 | proxy.proxy, send_to_controller, 396 | DEBUG | sent data to controller: b"\x04\x13\x02\x10\x87 A\xdb\x00\r\x00\x00\x00\x00\x00\x00\xff\xff\xff\xfe\x00\x00\x00\x00\xaa\xa6K.\x16G\x00\x00s2\x00\x00\x00\x00\x00\x00\x00\x00\x00\x00\x00\x00\x00\x00\x00\x00\x00\x01\x00\x00\x00\x01\x00\x00\x00\x00\x00\x00\x00\x00\x00\x00\x00\x00\x00\x00\x00\x00\x00\x00\x00\x00\x00\x00\x00\x00\x00\x00\x00\x05\x00\x00\x00\x00^Z\x1faH\x19\x00\x00s2-eth5\x00\x00\x00\x00\x00\x00\x00\x00\x00\x00\x00\x00\x00\x00\x00\x00\x04\x00\x00\x08@\x00\x00\x00\x00\x00\x00\x00\x00\x00\x00\x00\x00\x00\x98\x96\x80\x00\x00\x00\x00\x00\x00\x00\x06\x00\x00\x00\x00\xba5\xa4\xa2\xb9\xb6\x00\x00s2-eth6\x00\x00\x00\x00\x00\x00\x00\x00\x00\x00\x00\x00\x00\x00\x00\x00\x04\x00\x00\x08@\x00\x00\x00\x00\x00\x00\x00\x00\x00\x00\x00\x00\x00\x98\x96\x80\x00\x00\x00\x00\x00\x00\x00\x04\x00\x00\x00\x00Z\xd3\xbb2\xff'\x00\x00s2-eth4\x00\x00\x00\x00\x00\x00\x00\x00\x00\x00\x00\x00\x00\x00\x00\x00\x04\x00\x00\x08@\x00\x00\x00\x00\x00\x00\x00\x00\x00\x00\x00\x00\x00\x98\x96\x80\x00\x00\x00\x00\x00\x00\x00\x07\x00\x00\x00\x00\x12\x82c\xe8\x0b;\x00\x00s2-eth7\x00\x00\x00\x00\x00\x00\x00\x00\x00\x00\x00\x00\x00\x00\x00\x00\x04\x00\x00\x08@\x00\x00\x00\x00\x00\x00\x00\x00\x00\x00\x00\x00\x00\x98\x96\x80\x00\x00\x00\x00\x00\x00\x00\x01\x00\x00\x00\x00f\xe0\x13\xc8\x01\x9d\x00\x00s2-eth1\x00\x00\x00\x00\x00\x00\x00\x00\x00\x00\x00\x00\x00\x00\x00\x00\x04\x00\x00\x08@\x00\x00\x00\x00\x00\x00\x00\x00\x00\x00\x00\x00\x00\x98\x96\x80\x00\x00\x00\x00\x00\x00\x00\x02\x00\x00\x00\x00\x12\xc9\x8ch\xba\x1e\x00\x00s2-eth2\x00\x00\x00\x00\x00\x00\x00\x00\x00\x00\x00\x00\x00\x00\x00\x00\x04\x00\x00\x08@\x00\x00\x00\x00\x00\x00\x00\x00\x00\x00\x00\x00\x00\x98\x96\x80\x00\x00\x00\x00\x00\x00\x00\x03\x00\x00\x00\x00f\xe8h\xcc\xd8\xd0\x00\x00s2-eth3\x00\x00\x00\x00\x00\x00\x00\x00\x00\x00\x00\x00\x00\x00\x00\x00\x04\x00\x00\x08@\x00\x00\x00\x00\x00\x00\x00\x00\x00\x00\x00\x00\x00\x98\x96\x80\x00\x00\x00\x00"
2021-05-21 10:15:18,893 | 5271 | proxy.proxy, send_to_controller, 74 | DEBUG | set data and sent to controller : b"\x04\x13\x02\x10\x87 A\xdb\x00\r\x00\x00\x00\x00\x00\x00\xff\xff\xff\xfe\x00\x00\x00\x00\xaa\xa6K.\x16G\x00\x00s2\x00\x00\x00\x00\x00\x00\x00\x00\x00\x00\x00\x00\x00\x00\x00\x00\x00\x01\x00\x00\x00\x01\x00\x00\x00\x00\x00\x00\x00\x00\x00\x00\x00\x00\x00\x00\x00\x00\x00\x00\x00\x00\x00\x00\x00\x00\x00\x00\x00\x05\x00\x00\x00\x00^Z\x1faH\x19\x00\x00s2-eth5\x00\x00\x00\x00\x00\x00\x00\x00\x00\x00\x00\x00\x00\x00\x00\x00\x04\x00\x00\x08@\x00\x00\x00\x00\x00\x00\x00\x00\x00\x00\x00\x00\x00\x98\x96\x80\x00\x00\x00\x00\x00\x00\x00\x06\x00\x00\x00\x00\xba5\xa4\xa2\xb9\xb6\x00\x00s2-eth6\x00\x00\x00\x00\x00\x00\x00\x00\x00\x00\x00\x00\x00\x00\x00\x00\x04\x00\x00\x08@\x00\x00\x00\x00\x00\x00\x00\x00\x00\x00\x00\x00\x00\x98\x96\x80\x00\x00\x00\x00\x00\x00\x00\x04\x00\x00\x00\x00Z\xd3\xbb2\xff'\x00\x00s2-eth4\x00\x00\x00\x00\x00\x00\x00\x00\x00\x00\x00\x00\x00\x00\x00\x00\x04\x00\x00\x08@\x00\x00\x00\x00\x00\x00\x00\x00\x00\x00\x00\x00\x00\x98\x96\x80\x00\x00\x00\x00\x00\x00\x00\x07\x00\x00\x00\x00\x12\x82c\xe8\x0b;\x00\x00s2-eth7\x00\x00\x00\x00\x00\x00\x00\x00\x00\x00\x00\x00\x00\x00\x00\x00\x04\x00\x00\x08@\x00\x00\x00\x00\x00\x00\x00\x00\x00\x00\x00\x00\x00\x98\x96\x80\x00\x00\x00\x00\x00\x00\x00\x01\x00\x00\x00\x00f\xe0\x13\xc8\x01\x9d\x00\x00s2-eth1\x00\x00\x00\x00\x00\x00\x00\x00\x00\x00\x00\x00\x00\x00\x00\x00\x04\x00\x00\x08@\x00\x00\x00\x00\x00\x00\x00\x00\x00\x00\x00\x00\x00\x98\x96\x80\x00\x00\x00\x00\x00\x00\x00\x02\x00\x00\x00\x00\x12\xc9\x8ch\xba\x1e\x00\x00s2-eth2\x00\x00\x00\x00\x00\x00\x00\x00\x00\x00\x00\x00\x00\x00\x00\x00\x04\x00\x00\x08@\x00\x00\x00\x00\x00\x00\x00\x00\x00\x00\x00\x00\x00\x98\x96\x80\x00\x00\x00\x00\x00\x00\x00\x03\x00\x00\x00\x00f\xe8h\xcc\xd8\xd0\x00\x00s2-eth3\x00\x00\x00\x00\x00\x00\x00\x00\x00\x00\x00\x00\x00\x00\x00\x00\x04\x00\x00\x08@\x00\x00\x00\x00\x00\x00\x00\x00\x00\x00\x00\x00\x00\x98\x96\x80\x00\x00\x00\x00"
2021-05-21 10:15:18,893 | 5271 | proxy.proxy, handle_switch, 252 | DEBUG | waiting data ......
2021-05-21 10:15:18,895 | 5271 | proxy.observable, notify_observers, 63 | DEBUG | notify data to observer: <proxy.packet.Message object at 0x7f2998548ca0>
2021-05-21 10:15:18,896 | 5271 | api.observer, update, 38 | DEBUG | observed from observable: b'\x04\x13\x02\x10\xf8N\x95\x0c\x00\r\x00\x00\x00\x00\x00\x00\xff\xff\xff\xfe\x00\x00\x00\x00>\x80\xa8\xa5\x8bM\x00\x00s1\x00\x00\x00\x00\x00\x00\x00\x00\x00\x00\x00\x00\x00\x00\x00\x00\x00\x01\x00\x00\x00\x01\x00\x00\x00\x00\x00\x00\x00\x00\x00\x00\x00\x00\x00\x00\x00\x00\x00\x00\x00\x00\x00\x00\x00\x00\x00\x00\x00\x05\x00\x00\x00\x00Z\x9bc\xb9\xaaO\x00\x00s1-eth5\x00\x00\x00\x00\x00\x00\x00\x00\x00\x00\x00\x00\x00\x00\x00\x00\x04\x00\x00\x08@\x00\x00\x00\x00\x00\x00\x00\x00\x00\x00\x00\x00\x00\x98\x96\x80\x00\x00\x00\x00\x00\x00\x00\x07\x00\x00\x00\x00\xb2p\xc7\xaf\x90\xd4\x00\x00s1-eth7\x00\x00\x00\x00\x00\x00\x00\x00\x00\x00\x00\x00\x00\x00\x00\x00\x04\x00\x00\x08@\x00\x00\x00\x00\x00\x00\x00\x00\x00\x00\x00\x00\x00\x98\x96\x80\x00\x00\x00\x00\x00\x00\x00\x04\x00\x00\x00\x00J\xab\x05\x11\xf2\xad\x00\x00s1-eth4\x00\x00\x00\x00\x00\x00\x00\x00\x00\x00\x00\x00\x00\x00\x00\x00\x04\x00\x00\x08@\x00\x00\x00\x00\x00\x00\x00\x00\x00\x00\x00\x00\x00\x98\x96\x80\x00\x00\x00\x00\x00\x00\x00\x06\x00\x00\x00\x00"\xf1Q\xfc\x14\x8d\x00\x00s1-eth6\x00\x00\x00\x00\x00\x00\x00\x00\x00\x00\x00\x00\x00\x00\x00\x00\x04\x00\x00\x08@\x00\x00\x00\x00\x00\x00\x00\x00\x00\x00\x00\x00\x00\x98\x96\x80\x00\x00\x00\x00\x00\x00\x00\x01\x00\x00\x00\x00\xaaj\xa4\xe0}\x1f\x00\x00s1-eth1\x00\x00\x00\x00\x00\x00\x00\x00\x00\x00\x00\x00\x00\x00\x00\x00\x04\x00\x00\x08@\x00\x00\x00\x00\x00\x00\x00\x00\x00\x00\x00\x00\x00\x98\x96\x80\x00\x00\x00\x00\x00\x00\x00\x02\x00\x00\x00\x00\xa6I\xce#\xb2\xa4\x00\x00s1-eth2\x00\x00\x00\x00\x00\x00\x00\x00\x00\x00\x00\x00\x00\x00\x00\x00\x04\x00\x00\x08@\x00\x00\x00\x00\x00\x00\x00\x00\x00\x00\x00\x00\x00\x98\x96\x80\x00\x00\x00\x00\x00\x00\x00\x03\x00\x00\x00\x00\xdeO\xe9\xcd\xfa\xef\x00\x00s1-eth3\x00\x00\x00\x00\x00\x00\x00\x00\x00\x00\x00\x00\x00\x00\x00\x00\x04\x00\x00\x08@\x00\x00\x00\x00\x00\x00\x00\x00\x00\x00\x00\x00\x00\x98\x96\x80\x00\x00\x00\x00'
2021-05-21 10:15:18,913 | 5271 | api.observer, todict, 42 | DEBUG | UBIntBase, key : {'_value': 4, 'enum_ref': None}
2021-05-21 10:15:18,913 | 5271 | api.observer, todict, 42 | DEBUG | UBIntBase, key : {'_value': 528, 'enum_ref': None}
2021-05-21 10:15:18,918 | 5271 | api.observer, todict, 42 | DEBUG | UBIntBase, key : {'_value': 4165899532, 'enum_ref': None}
2021-05-21 10:15:18,919 | 5271 | api.observer, todict, 42 | DEBUG | UBIntBase, key : {'_value': 0, 'enum_ref': None}
2021-05-21 10:15:18,920 | 5271 | api.observer, todict, 42 | DEBUG | UBIntBase, key : {'_value': 4294967294, 'enum_ref': None}
2021-05-21 10:15:18,921 | 5271 | api.observer, todict, 42 | DEBUG | UBIntBase, key : {'_value': PortConfig(1), 'enum_ref': <class 'pyof.v0x04.common.port.PortConfig'>}
2021-05-21 10:15:18,926 | 5271 | api.observer, parse, 26 | ERROR | Failed to unpack data : 'PortConfig' object has no attribute 'value'
2021-05-21 10:15:18,928 | 5271 | proxy.observable, notify_observers, 63 | DEBUG | notify data to observer: <proxy.packet.Message object at 0x7f29985481f0>
2021-05-21 10:15:18,932 | 5271 | api.observer, update, 38 | DEBUG | observed from observable: b'\x04\x13\x01\xd0^Z\xaa{\x00\r\x00\x00\x00\x00\x00\x00\xff\xff\xff\xfe\x00\x00\x00\x00&z\xe5u#L\x00\x00s3\x00\x00\x00\x00\x00\x00\x00\x00\x00\x00\x00\x00\x00\x00\x00\x00\x00\x01\x00\x00\x00\x01\x00\x00\x00\x00\x00\x00\x00\x00\x00\x00\x00\x00\x00\x00\x00\x00\x00\x00\x00\x00\x00\x00\x00\x00\x00\x00\x00\x04\x00\x00\x00\x00\x92\x9d\x87\xf2\xc2\x8a\x00\x00s3-eth4\x00\x00\x00\x00\x00\x00\x00\x00\x00\x00\x00\x00\x00\x00\x00\x00\x04\x00\x00\x08@\x00\x00\x00\x00\x00\x00\x00\x00\x00\x00\x00\x00\x00\x98\x96\x80\x00\x00\x00\x00\x00\x00\x00\x06\x00\x00\x00\x00\x12\x9b\xb1o%f\x00\x00s3-eth6\x00\x00\x00\x00\x00\x00\x00\x00\x00\x00\x00\x00\x00\x00\x00\x00\x04\x00\x00\x08@\x00\x00\x00\x00\x00\x00\x00\x00\x00\x00\x00\x00\x00\x98\x96\x80\x00\x00\x00\x00\x00\x00\x00\x01\x00\x00\x00\x00\xda\xc4\xd2N6#\x00\x00s3-eth1\x00\x00\x00\x00\x00\x00\x00\x00\x00\x00\x00\x00\x00\x00\x00\x00\x04\x00\x00\x08@\x00\x00\x00\x00\x00\x00\x00\x00\x00\x00\x00\x00\x00\x98\x96\x80\x00\x00\x00\x00\x00\x00\x00\x05\x00\x00\x00\x00\xce]QH\xd1D\x00\x00s3-eth5\x00\x00\x00\x00\x00\x00\x00\x00\x00\x00\x00\x00\x00\x00\x00\x00\x04\x00\x00\x08@\x00\x00\x00\x00\x00\x00\x00\x00\x00\x00\x00\x00\x00\x98\x96\x80\x00\x00\x00\x00\x00\x00\x00\x02\x00\x00\x00\x00\xeal\x0eO\xa1<\x00\x00s3-eth2\x00\x00\x00\x00\x00\x00\x00\x00\x00\x00\x00\x00\x00\x00\x00\x00\x04\x00\x00\x08@\x00\x00\x00\x00\x00\x00\x00\x00\x00\x00\x00\x00\x00\x98\x96\x80\x00\x00\x00\x00\x00\x00\x00\x03\x00\x00\x00\x00\xd6=N\xac\xfd+\x00\x00s3-eth3\x00\x00\x00\x00\x00\x00\x00\x00\x00\x00\x00\x00\x00\x00\x00\x00\x04\x00\x00\x08@\x00\x00\x00\x00\x00\x00\x00\x00\x00\x00\x00\x00\x00\x98\x96\x80\x00\x00\x00\x00'
2021-05-21 10:15:18,934 | 5271 | api.observer, todict, 42 | DEBUG | UBIntBase, key : {'_value': 4, 'enum_ref': None}
2021-05-21 10:15:18,936 | 5271 | api.observer, todict, 42 | DEBUG | UBIntBase, key : {'_value': 464, 'enum_ref': None}
2021-05-21 10:15:18,941 | 5271 | api.observer, todict, 42 | DEBUG | UBIntBase, key : {'_value': 1583000187, 'enum_ref': None}
2021-05-21 10:15:18,942 | 5271 | api.observer, todict, 42 | DEBUG | UBIntBase, key : {'_value': 0, 'enum_ref': None}
2021-05-21 10:15:18,945 | 5271 | api.observer, todict, 42 | DEBUG | UBIntBase, key : {'_value': 4294967294, 'enum_ref': None}
2021-05-21 10:15:18,946 | 5271 | api.observer, todict, 42 | DEBUG | UBIntBase, key : {'_value': PortConfig(1), 'enum_ref': <class 'pyof.v0x04.common.port.PortConfig'>}
2021-05-21 10:15:18,947 | 5271 | api.observer, parse, 26 | ERROR | Failed to unpack data : 'PortConfig' object has no attribute 'value'
2021-05-21 10:15:18,948 | 5271 | proxy.observable, notify_observers, 63 | DEBUG | notify data to observer: <proxy.packet.Message object at 0x7f2998548610>
2021-05-21 10:15:18,951 | 5271 | api.observer, update, 38 | DEBUG | observed from observable: b"\x04\x13\x02\x10\x87 A\xdb\x00\r\x00\x00\x00\x00\x00\x00\xff\xff\xff\xfe\x00\x00\x00\x00\xaa\xa6K.\x16G\x00\x00s2\x00\x00\x00\x00\x00\x00\x00\x00\x00\x00\x00\x00\x00\x00\x00\x00\x00\x01\x00\x00\x00\x01\x00\x00\x00\x00\x00\x00\x00\x00\x00\x00\x00\x00\x00\x00\x00\x00\x00\x00\x00\x00\x00\x00\x00\x00\x00\x00\x00\x05\x00\x00\x00\x00^Z\x1faH\x19\x00\x00s2-eth5\x00\x00\x00\x00\x00\x00\x00\x00\x00\x00\x00\x00\x00\x00\x00\x00\x04\x00\x00\x08@\x00\x00\x00\x00\x00\x00\x00\x00\x00\x00\x00\x00\x00\x98\x96\x80\x00\x00\x00\x00\x00\x00\x00\x06\x00\x00\x00\x00\xba5\xa4\xa2\xb9\xb6\x00\x00s2-eth6\x00\x00\x00\x00\x00\x00\x00\x00\x00\x00\x00\x00\x00\x00\x00\x00\x04\x00\x00\x08@\x00\x00\x00\x00\x00\x00\x00\x00\x00\x00\x00\x00\x00\x98\x96\x80\x00\x00\x00\x00\x00\x00\x00\x04\x00\x00\x00\x00Z\xd3\xbb2\xff'\x00\x00s2-eth4\x00\x00\x00\x00\x00\x00\x00\x00\x00\x00\x00\x00\x00\x00\x00\x00\x04\x00\x00\x08@\x00\x00\x00\x00\x00\x00\x00\x00\x00\x00\x00\x00\x00\x98\x96\x80\x00\x00\x00\x00\x00\x00\x00\x07\x00\x00\x00\x00\x12\x82c\xe8\x0b;\x00\x00s2-eth7\x00\x00\x00\x00\x00\x00\x00\x00\x00\x00\x00\x00\x00\x00\x00\x00\x04\x00\x00\x08@\x00\x00\x00\x00\x00\x00\x00\x00\x00\x00\x00\x00\x00\x98\x96\x80\x00\x00\x00\x00\x00\x00\x00\x01\x00\x00\x00\x00f\xe0\x13\xc8\x01\x9d\x00\x00s2-eth1\x00\x00\x00\x00\x00\x00\x00\x00\x00\x00\x00\x00\x00\x00\x00\x00\x04\x00\x00\x08@\x00\x00\x00\x00\x00\x00\x00\x00\x00\x00\x00\x00\x00\x98\x96\x80\x00\x00\x00\x00\x00\x00\x00\x02\x00\x00\x00\x00\x12\xc9\x8ch\xba\x1e\x00\x00s2-eth2\x00\x00\x00\x00\x00\x00\x00\x00\x00\x00\x00\x00\x00\x00\x00\x00\x04\x00\x00\x08@\x00\x00\x00\x00\x00\x00\x00\x00\x00\x00\x00\x00\x00\x98\x96\x80\x00\x00\x00\x00\x00\x00\x00\x03\x00\x00\x00\x00f\xe8h\xcc\xd8\xd0\x00\x00s2-eth3\x00\x00\x00\x00\x00\x00\x00\x00\x00\x00\x00\x00\x00\x00\x00\x00\x04\x00\x00\x08@\x00\x00\x00\x00\x00\x00\x00\x00\x00\x00\x00\x00\x00\x98\x96\x80\x00\x00\x00\x00"
2021-05-21 10:15:18,958 | 5271 | api.observer, todict, 42 | DEBUG | UBIntBase, key : {'_value': 4, 'enum_ref': None}
2021-05-21 10:15:18,968 | 5271 | api.observer, todict, 42 | DEBUG | UBIntBase, key : {'_value': 528, 'enum_ref': None}
2021-05-21 10:15:18,969 | 5271 | api.observer, todict, 42 | DEBUG | UBIntBase, key : {'_value': 2267038171, 'enum_ref': None}
2021-05-21 10:15:18,969 | 5271 | api.observer, todict, 42 | DEBUG | UBIntBase, key : {'_value': 0, 'enum_ref': None}
2021-05-21 10:15:18,970 | 5271 | api.observer, todict, 42 | DEBUG | UBIntBase, key : {'_value': 4294967294, 'enum_ref': None}
2021-05-21 10:15:18,971 | 5271 | api.observer, todict, 42 | DEBUG | UBIntBase, key : {'_value': PortConfig(1), 'enum_ref': <class 'pyof.v0x04.common.port.PortConfig'>}
2021-05-21 10:15:18,974 | 5271 | api.observer, parse, 26 | ERROR | Failed to unpack data : 'PortConfig' object has no attribute 'value'
2021-05-21 10:15:23,833 | 5271 | proxy.proxy, handle_switch, 255 | DEBUG | read b'\x04\x02\x00\x08\x00\x00\x00\x00'
2021-05-21 10:15:23,834 | 5271 | proxy.proxy, send_to_controller, 396 | DEBUG | sent data to controller: b'\x04\x02\x00\x08\x00\x00\x00\x00'
2021-05-21 10:15:23,835 | 5271 | proxy.proxy, send_to_controller, 74 | DEBUG | set data and sent to controller : b'\x04\x02\x00\x08\x00\x00\x00\x00'
2021-05-21 10:15:23,836 | 5271 | proxy.proxy, handle_switch, 252 | DEBUG | waiting data ......
2021-05-21 10:15:23,837 | 5271 | proxy.observable, notify_observers, 63 | DEBUG | notify data to observer: <proxy.packet.Message object at 0x7f29985489a0>
2021-05-21 10:15:23,838 | 5271 | api.observer, update, 38 | DEBUG | observed from observable: b'\x04\x02\x00\x08\x00\x00\x00\x00'
2021-05-21 10:15:23,839 | 5271 | api.observer, todict, 42 | DEBUG | UBIntBase, key : {'_value': 4, 'enum_ref': None}
2021-05-21 10:15:23,839 | 5271 | api.observer, todict, 42 | DEBUG | UBIntBase, key : {'_value': 8, 'enum_ref': None}
2021-05-21 10:15:23,839 | 5271 | api.observer, todict, 42 | DEBUG | UBIntBase, key : {'_value': 0, 'enum_ref': None}
2021-05-21 10:15:23,840 | 5271 | api.observer, parse, 19 | INFO | Parsed msg : {'header': {'version': 4, 'message_type': 2, 'length': 8, 'xid': 0}, 'data': {'enum_ref': None}}
2021-05-21 10:15:23,840 | 5271 | proxy.proxy, handle_controller, 362 | DEBUG | read b'\x04\x03\x00\x08\x00\x00\x00\x00'
2021-05-21 10:15:23,841 | 5271 | proxy.proxy, send_to_switch, 291 | DEBUG | sent data to switch: b'\x04\x03\x00\x08\x00\x00\x00\x00'
2021-05-21 10:15:23,842 | 5271 | proxy.proxy, send_to_switch, 92 | DEBUG | set data and sent to switch : b'\x04\x03\x00\x08\x00\x00\x00\x00'
2021-05-21 10:15:23,842 | 5271 | proxy.proxy, handle_controller, 360 | DEBUG | waiting data ......
2021-05-21 10:15:23,842 | 5271 | proxy.proxy, handle_switch, 255 | DEBUG | read b'\x04\x02\x00\x08\x00\x00\x00\x00'
2021-05-21 10:15:23,843 | 5271 | proxy.proxy, send_to_controller, 396 | DEBUG | sent data to controller: b'\x04\x02\x00\x08\x00\x00\x00\x00'
2021-05-21 10:15:23,844 | 5271 | proxy.proxy, send_to_controller, 74 | DEBUG | set data and sent to controller : b'\x04\x02\x00\x08\x00\x00\x00\x00'
2021-05-21 10:15:23,846 | 5271 | proxy.proxy, handle_switch, 252 | DEBUG | waiting data ......
2021-05-21 10:15:23,847 | 5271 | proxy.observable, notify_observers, 63 | DEBUG | notify data to observer: <proxy.packet.Message object at 0x7f29985481f0>
2021-05-21 10:15:23,848 | 5271 | api.observer, update, 38 | DEBUG | observed from observable: b'\x04\x03\x00\x08\x00\x00\x00\x00'
2021-05-21 10:15:23,848 | 5271 | api.observer, todict, 42 | DEBUG | UBIntBase, key : {'_value': 4, 'enum_ref': None}
2021-05-21 10:15:23,849 | 5271 | api.observer, todict, 42 | DEBUG | UBIntBase, key : {'_value': 8, 'enum_ref': None}
2021-05-21 10:15:23,849 | 5271 | api.observer, todict, 42 | DEBUG | UBIntBase, key : {'_value': 0, 'enum_ref': None}
2021-05-21 10:15:23,850 | 5271 | api.observer, parse, 19 | INFO | Parsed msg : {'header': {'version': 4, 'message_type': 3, 'length': 8, 'xid': 0}, 'data': {'enum_ref': None}}
2021-05-21 10:15:23,853 | 5271 | proxy.observable, notify_observers, 63 | DEBUG | notify data to observer: <proxy.packet.Message object at 0x7f2998548fa0>
2021-05-21 10:15:23,853 | 5271 | api.observer, update, 38 | DEBUG | observed from observable: b'\x04\x02\x00\x08\x00\x00\x00\x00'
2021-05-21 10:15:23,854 | 5271 | api.observer, todict, 42 | DEBUG | UBIntBase, key : {'_value': 4, 'enum_ref': None}
2021-05-21 10:15:23,855 | 5271 | api.observer, todict, 42 | DEBUG | UBIntBase, key : {'_value': 8, 'enum_ref': None}
2021-05-21 10:15:23,855 | 5271 | api.observer, todict, 42 | DEBUG | UBIntBase, key : {'_value': 0, 'enum_ref': None}
2021-05-21 10:15:23,856 | 5271 | api.observer, parse, 19 | INFO | Parsed msg : {'header': {'version': 4, 'message_type': 2, 'length': 8, 'xid': 0}, 'data': {'enum_ref': None}}
2021-05-21 10:15:23,856 | 5271 | proxy.proxy, handle_switch, 255 | DEBUG | read b'\x04\x02\x00\x08\x00\x00\x00\x00'
2021-05-21 10:15:23,857 | 5271 | proxy.proxy, send_to_controller, 396 | DEBUG | sent data to controller: b'\x04\x02\x00\x08\x00\x00\x00\x00'
2021-05-21 10:15:23,858 | 5271 | proxy.proxy, send_to_controller, 74 | DEBUG | set data and sent to controller : b'\x04\x02\x00\x08\x00\x00\x00\x00'
2021-05-21 10:15:23,859 | 5271 | proxy.proxy, handle_switch, 252 | DEBUG | waiting data ......
2021-05-21 10:15:23,866 | 5271 | proxy.observable, notify_observers, 63 | DEBUG | notify data to observer: <proxy.packet.Message object at 0x7f2998548940>
2021-05-21 10:15:23,867 | 5271 | api.observer, update, 38 | DEBUG | observed from observable: b'\x04\x02\x00\x08\x00\x00\x00\x00'
2021-05-21 10:15:23,867 | 5271 | api.observer, todict, 42 | DEBUG | UBIntBase, key : {'_value': 4, 'enum_ref': None}
2021-05-21 10:15:23,868 | 5271 | api.observer, todict, 42 | DEBUG | UBIntBase, key : {'_value': 8, 'enum_ref': None}
2021-05-21 10:15:23,868 | 5271 | api.observer, todict, 42 | DEBUG | UBIntBase, key : {'_value': 0, 'enum_ref': None}
2021-05-21 10:15:23,869 | 5271 | api.observer, parse, 19 | INFO | Parsed msg : {'header': {'version': 4, 'message_type': 2, 'length': 8, 'xid': 0}, 'data': {'enum_ref': None}}
2021-05-21 10:15:23,869 | 5271 | proxy.proxy, handle_controller, 362 | DEBUG | read b'\x04\x03\x00\x08\x00\x00\x00\x00'
2021-05-21 10:15:23,870 | 5271 | proxy.proxy, send_to_switch, 291 | DEBUG | sent data to switch: b'\x04\x03\x00\x08\x00\x00\x00\x00'
2021-05-21 10:15:23,871 | 5271 | proxy.proxy, send_to_switch, 92 | DEBUG | set data and sent to switch : b'\x04\x03\x00\x08\x00\x00\x00\x00'
2021-05-21 10:15:23,872 | 5271 | proxy.proxy, handle_controller, 360 | DEBUG | waiting data ......
2021-05-21 10:15:23,873 | 5271 | proxy.observable, notify_observers, 63 | DEBUG | notify data to observer: <proxy.packet.Message object at 0x7f2998548b50>
2021-05-21 10:15:23,880 | 5271 | api.observer, update, 38 | DEBUG | observed from observable: b'\x04\x03\x00\x08\x00\x00\x00\x00'
2021-05-21 10:15:23,882 | 5271 | api.observer, todict, 42 | DEBUG | UBIntBase, key : {'_value': 4, 'enum_ref': None}
2021-05-21 10:15:23,883 | 5271 | api.observer, todict, 42 | DEBUG | UBIntBase, key : {'_value': 8, 'enum_ref': None}
2021-05-21 10:15:23,883 | 5271 | api.observer, todict, 42 | DEBUG | UBIntBase, key : {'_value': 0, 'enum_ref': None}
2021-05-21 10:15:23,884 | 5271 | api.observer, parse, 19 | INFO | Parsed msg : {'header': {'version': 4, 'message_type': 3, 'length': 8, 'xid': 0}, 'data': {'enum_ref': None}}
2021-05-21 10:15:23,884 | 5271 | proxy.proxy, handle_controller, 362 | DEBUG | read b'\x04\x03\x00\x08\x00\x00\x00\x00'
2021-05-21 10:15:23,885 | 5271 | proxy.proxy, send_to_switch, 291 | DEBUG | sent data to switch: b'\x04\x03\x00\x08\x00\x00\x00\x00'
2021-05-21 10:15:23,886 | 5271 | proxy.proxy, send_to_switch, 92 | DEBUG | set data and sent to switch : b'\x04\x03\x00\x08\x00\x00\x00\x00'
2021-05-21 10:15:23,887 | 5271 | proxy.proxy, handle_controller, 360 | DEBUG | waiting data ......
2021-05-21 10:15:23,887 | 5271 | proxy.observable, notify_observers, 63 | DEBUG | notify data to observer: <proxy.packet.Message object at 0x7f2998548e20>
2021-05-21 10:15:23,888 | 5271 | api.observer, update, 38 | DEBUG | observed from observable: b'\x04\x03\x00\x08\x00\x00\x00\x00'
2021-05-21 10:15:23,890 | 5271 | api.observer, todict, 42 | DEBUG | UBIntBase, key : {'_value': 4, 'enum_ref': None}
2021-05-21 10:15:23,896 | 5271 | api.observer, todict, 42 | DEBUG | UBIntBase, key : {'_value': 8, 'enum_ref': None}
2021-05-21 10:15:23,906 | 5271 | api.observer, todict, 42 | DEBUG | UBIntBase, key : {'_value': 0, 'enum_ref': None}
2021-05-21 10:15:23,907 | 5271 | api.observer, parse, 19 | INFO | Parsed msg : {'header': {'version': 4, 'message_type': 3, 'length': 8, 'xid': 0}, 'data': {'enum_ref': None}}
2021-05-21 10:15:28,075 | 5271 | root, <module>, 55 | INFO | keyboardInterrupt : 
