2021-05-21 09:44:14,270 | 4460 | proxy.proxy, start_server, 224 | INFO | Server on ('127.0.0.1', 63333)
2021-05-21 09:44:14,271 | 4460 | proxy.proxy, start_server, 227 | INFO | Server serve forever ('127.0.0.1', 63333)
2021-05-21 09:44:18,502 | 4460 | proxy.proxy, handle_switch, 241 | INFO | Client ('127.0.0.1', 53488) is connected
2021-05-21 09:44:18,506 | 4460 | proxy.proxy, handle_switch, 241 | INFO | Client ('127.0.0.1', 53490) is connected
2021-05-21 09:44:18,509 | 4460 | proxy.proxy, handle_switch, 241 | INFO | Client ('127.0.0.1', 53492) is connected
2021-05-21 09:44:18,513 | 4460 | proxy.proxy, handle_switch, 252 | DEBUG | waiting data ......
2021-05-21 09:44:18,514 | 4460 | proxy.proxy, handle_switch, 255 | DEBUG | read b'\x04\x00\x00\x10\x00\x00\x00\n\x00\x01\x00\x08\x00\x00\x00\x10'
2021-05-21 09:44:18,516 | 4460 | proxy.proxy, send_to_controller, 396 | DEBUG | sent data to controller: b'\x04\x00\x00\x10\x00\x00\x00\n\x00\x01\x00\x08\x00\x00\x00\x10'
2021-05-21 09:44:18,517 | 4460 | proxy.proxy, send_to_controller, 74 | DEBUG | set data and sent to controller : b'\x04\x00\x00\x10\x00\x00\x00\n\x00\x01\x00\x08\x00\x00\x00\x10'
2021-05-21 09:44:18,522 | 4460 | proxy.proxy, handle_switch, 252 | DEBUG | waiting data ......
2021-05-21 09:44:18,522 | 4460 | proxy.proxy, handle_switch, 252 | DEBUG | waiting data ......
2021-05-21 09:44:18,523 | 4460 | proxy.proxy, handle_switch, 255 | DEBUG | read b'\x04\x00\x00\x10\x00\x00\x00\x0b\x00\x01\x00\x08\x00\x00\x00\x10'
2021-05-21 09:44:18,524 | 4460 | proxy.proxy, send_to_controller, 396 | DEBUG | sent data to controller: b'\x04\x00\x00\x10\x00\x00\x00\x0b\x00\x01\x00\x08\x00\x00\x00\x10'
2021-05-21 09:44:18,529 | 4460 | proxy.proxy, send_to_controller, 74 | DEBUG | set data and sent to controller : b'\x04\x00\x00\x10\x00\x00\x00\x0b\x00\x01\x00\x08\x00\x00\x00\x10'
2021-05-21 09:44:18,529 | 4460 | proxy.proxy, handle_switch, 252 | DEBUG | waiting data ......
2021-05-21 09:44:18,530 | 4460 | proxy.proxy, handle_switch, 252 | DEBUG | waiting data ......
2021-05-21 09:44:18,530 | 4460 | proxy.proxy, handle_switch, 255 | DEBUG | read b'\x04\x00\x00\x10\x00\x00\x00\x0c\x00\x01\x00\x08\x00\x00\x00\x10'
2021-05-21 09:44:18,532 | 4460 | proxy.proxy, send_to_controller, 396 | DEBUG | sent data to controller: b'\x04\x00\x00\x10\x00\x00\x00\x0c\x00\x01\x00\x08\x00\x00\x00\x10'
2021-05-21 09:44:18,533 | 4460 | proxy.proxy, send_to_controller, 74 | DEBUG | set data and sent to controller : b'\x04\x00\x00\x10\x00\x00\x00\x0c\x00\x01\x00\x08\x00\x00\x00\x10'
2021-05-21 09:44:18,533 | 4460 | proxy.proxy, handle_switch, 252 | DEBUG | waiting data ......
2021-05-21 09:44:18,534 | 4460 | proxy.proxy, handle_controller, 355 | INFO | connected Controller ('127.0.0.1', 6633)
2021-05-21 09:44:18,534 | 4460 | proxy.proxy, handle_controller, 360 | DEBUG | waiting data ......
2021-05-21 09:44:18,534 | 4460 | proxy.proxy, handle_controller, 362 | DEBUG | read b'\x04\x00\x00\x086\x1b\x82\x95\x04\x05\x00\x086\x1b\x82\x96'
2021-05-21 09:44:18,535 | 4460 | proxy.proxy, send_to_switch, 291 | DEBUG | sent data to switch: b'\x04\x00\x00\x086\x1b\x82\x95\x04\x05\x00\x086\x1b\x82\x96'
2021-05-21 09:44:18,535 | 4460 | proxy.proxy, send_to_switch, 92 | DEBUG | set data and sent to switch : b'\x04\x00\x00\x086\x1b\x82\x95\x04\x05\x00\x086\x1b\x82\x96'
2021-05-21 09:44:18,536 | 4460 | proxy.proxy, handle_controller, 360 | DEBUG | waiting data ......
2021-05-21 09:44:18,536 | 4460 | proxy.observable, notify_observers, 63 | DEBUG | notify data to observer: <proxy.packet.Message object at 0x7feadb957160>
2021-05-21 09:44:18,537 | 4460 | api.observer, update, 38 | DEBUG | observed from observable: b'\x04\x00\x00\x10\x00\x00\x00\n\x00\x01\x00\x08\x00\x00\x00\x10'
2021-05-21 09:44:18,541 | 4460 | api.observer, parse, 14 | INFO | Parsed msg : {'header': {'version': 4, 'message_type': {}, 'length': 16, 'xid': 10}, 'elements': [{'element_type': 1, 'length': 8, 'content': {'enum_ref': None}}]}
2021-05-21 09:44:18,543 | 4460 | proxy.observable, notify_observers, 63 | DEBUG | notify data to observer: <proxy.packet.Message object at 0x7feadb957610>
2021-05-21 09:44:18,545 | 4460 | api.observer, update, 38 | DEBUG | observed from observable: b'\x04\x00\x00\x10\x00\x00\x00\x0b\x00\x01\x00\x08\x00\x00\x00\x10'
2021-05-21 09:44:18,547 | 4460 | api.observer, parse, 14 | INFO | Parsed msg : {'header': {'version': 4, 'message_type': {}, 'length': 16, 'xid': 11}, 'elements': [{'element_type': 1, 'length': 8, 'content': {'enum_ref': None}}]}
2021-05-21 09:44:18,555 | 4460 | proxy.observable, notify_observers, 63 | DEBUG | notify data to observer: <proxy.packet.Message object at 0x7feadb957850>
2021-05-21 09:44:18,558 | 4460 | api.observer, update, 38 | DEBUG | observed from observable: b'\x04\x00\x00\x10\x00\x00\x00\x0c\x00\x01\x00\x08\x00\x00\x00\x10'
2021-05-21 09:44:18,562 | 4460 | api.observer, parse, 14 | INFO | Parsed msg : {'header': {'version': 4, 'message_type': {}, 'length': 16, 'xid': 12}, 'elements': [{'element_type': 1, 'length': 8, 'content': {'enum_ref': None}}]}
2021-05-21 09:44:18,569 | 4460 | proxy.observable, notify_observers, 63 | DEBUG | notify data to observer: <proxy.packet.Message object at 0x7feadb957a90>
2021-05-21 09:44:18,570 | 4460 | api.observer, update, 38 | DEBUG | observed from observable: b'\x04\x00\x00\x086\x1b\x82\x95\x04\x05\x00\x086\x1b\x82\x96'
2021-05-21 09:44:18,570 | 4460 | api.observer, parse, 20 | ERROR | Failed to unpack data : invalid packet
2021-05-21 09:44:18,571 | 4460 | asyncio, default_exception_handler, 1707 | ERROR | Task exception was never retrieved
future: <Task finished name='Task-1' coro=<ObservableData.search_msg() done, defined at /home/shu/Network/ofcapture/proxy/observable.py:45> exception=UnboundLocalError("local variable 'dict_of_msg' referenced before assignment")>
Traceback (most recent call last):
  File "/home/shu/Network/ofcapture/proxy/observable.py", line 53, in search_msg
    self.notify_observers(msg)
  File "/home/shu/Network/ofcapture/proxy/observable.py", line 64, in notify_observers
    observer.update(msg)
  File "/home/shu/Network/ofcapture/api/observer.py", line 39, in update
    parsed_msg = util.openflow.parse(msg, self.logger)
  File "/home/shu/Network/ofcapture/util/openflow.py", line 21, in parse
    return dict_of_msg
UnboundLocalError: local variable 'dict_of_msg' referenced before assignment
2021-05-21 09:44:18,578 | 4460 | proxy.proxy, handle_controller, 355 | INFO | connected Controller ('127.0.0.1', 6633)
2021-05-21 09:44:18,579 | 4460 | proxy.proxy, handle_controller, 360 | DEBUG | waiting data ......
2021-05-21 09:44:18,579 | 4460 | proxy.proxy, handle_controller, 362 | DEBUG | read b'\x04\x00\x00\x08\xa3e\x1f\xad\x04\x05\x00\x08\xa3e\x1f\xae'
2021-05-21 09:44:18,580 | 4460 | proxy.proxy, send_to_switch, 291 | DEBUG | sent data to switch: b'\x04\x00\x00\x08\xa3e\x1f\xad\x04\x05\x00\x08\xa3e\x1f\xae'
2021-05-21 09:44:18,580 | 4460 | proxy.proxy, send_to_switch, 92 | DEBUG | set data and sent to switch : b'\x04\x00\x00\x08\xa3e\x1f\xad\x04\x05\x00\x08\xa3e\x1f\xae'
2021-05-21 09:44:18,582 | 4460 | proxy.proxy, handle_controller, 360 | DEBUG | waiting data ......
2021-05-21 09:44:18,582 | 4460 | proxy.proxy, handle_controller, 355 | INFO | connected Controller ('127.0.0.1', 6633)
2021-05-21 09:44:18,583 | 4460 | proxy.proxy, handle_controller, 360 | DEBUG | waiting data ......
2021-05-21 09:44:18,583 | 4460 | proxy.proxy, handle_controller, 362 | DEBUG | read b'\x04\x00\x00\x08tkQt\x04\x05\x00\x08tkQu'
2021-05-21 09:44:18,584 | 4460 | proxy.proxy, send_to_switch, 291 | DEBUG | sent data to switch: b'\x04\x00\x00\x08tkQt\x04\x05\x00\x08tkQu'
2021-05-21 09:44:18,584 | 4460 | proxy.proxy, send_to_switch, 92 | DEBUG | set data and sent to switch : b'\x04\x00\x00\x08tkQt\x04\x05\x00\x08tkQu'
2021-05-21 09:44:18,585 | 4460 | proxy.proxy, handle_controller, 360 | DEBUG | waiting data ......
2021-05-21 09:44:19,003 | 4460 | proxy.proxy, handle_switch, 255 | DEBUG | read b'\x04\x06\x00 6\x1b\x82\x96\x00\x00\x00\x00\x00\x00\x00\x01\x00\x00\x00\x00\xfe\x00\x00\x00\x00\x00\x00O\x00\x00\x00\x00'
2021-05-21 09:44:19,004 | 4460 | proxy.proxy, send_to_controller, 396 | DEBUG | sent data to controller: b'\x04\x06\x00 6\x1b\x82\x96\x00\x00\x00\x00\x00\x00\x00\x01\x00\x00\x00\x00\xfe\x00\x00\x00\x00\x00\x00O\x00\x00\x00\x00'
2021-05-21 09:44:19,006 | 4460 | proxy.proxy, send_to_controller, 74 | DEBUG | set data and sent to controller : b'\x04\x06\x00 6\x1b\x82\x96\x00\x00\x00\x00\x00\x00\x00\x01\x00\x00\x00\x00\xfe\x00\x00\x00\x00\x00\x00O\x00\x00\x00\x00'
2021-05-21 09:44:19,006 | 4460 | proxy.proxy, handle_switch, 252 | DEBUG | waiting data ......
2021-05-21 09:44:19,007 | 4460 | proxy.proxy, handle_switch, 255 | DEBUG | read b'\x04\x06\x00 \xa3e\x1f\xae\x00\x00\x00\x00\x00\x00\x00\x03\x00\x00\x00\x00\xfe\x00\x00\x00\x00\x00\x00O\x00\x00\x00\x00'
2021-05-21 09:44:19,009 | 4460 | proxy.proxy, send_to_controller, 396 | DEBUG | sent data to controller: b'\x04\x06\x00 \xa3e\x1f\xae\x00\x00\x00\x00\x00\x00\x00\x03\x00\x00\x00\x00\xfe\x00\x00\x00\x00\x00\x00O\x00\x00\x00\x00'
2021-05-21 09:44:19,010 | 4460 | proxy.proxy, send_to_controller, 74 | DEBUG | set data and sent to controller : b'\x04\x06\x00 \xa3e\x1f\xae\x00\x00\x00\x00\x00\x00\x00\x03\x00\x00\x00\x00\xfe\x00\x00\x00\x00\x00\x00O\x00\x00\x00\x00'
2021-05-21 09:44:19,010 | 4460 | proxy.proxy, handle_switch, 252 | DEBUG | waiting data ......
2021-05-21 09:44:19,010 | 4460 | proxy.proxy, handle_switch, 255 | DEBUG | read b'\x04\x06\x00 tkQu\x00\x00\x00\x00\x00\x00\x00\x02\x00\x00\x00\x00\xfe\x00\x00\x00\x00\x00\x00O\x00\x00\x00\x00'
2021-05-21 09:44:19,014 | 4460 | proxy.proxy, send_to_controller, 396 | DEBUG | sent data to controller: b'\x04\x06\x00 tkQu\x00\x00\x00\x00\x00\x00\x00\x02\x00\x00\x00\x00\xfe\x00\x00\x00\x00\x00\x00O\x00\x00\x00\x00'
2021-05-21 09:44:19,016 | 4460 | proxy.proxy, send_to_controller, 74 | DEBUG | set data and sent to controller : b'\x04\x06\x00 tkQu\x00\x00\x00\x00\x00\x00\x00\x02\x00\x00\x00\x00\xfe\x00\x00\x00\x00\x00\x00O\x00\x00\x00\x00'
2021-05-21 09:44:19,017 | 4460 | proxy.proxy, handle_switch, 252 | DEBUG | waiting data ......
2021-05-21 09:44:19,017 | 4460 | proxy.proxy, handle_controller, 362 | DEBUG | read b'\x04\x12\x00\x106\x1b\x82\x97\x00\r\x00\x00\x00\x00\x00\x00\x04\x0e\x00P6\x1b\x82\x98\x00\x00\x00\x00\x00\x00\x00\x00\x00\x00\x00\x00\x00\x00\x00\x00\x00\x00\x00\x00\x00\x00\x00\x00\xff\xff\xff\xff\x00\x00\x00\x00\x00\x00\x00\x00\x00\x00\x00\x00\x00\x01\x00\x04\x00\x00\x00\x00\x00\x04\x00\x18\x00\x00\x00\x00\x00\x00\x00\x10\xff\xff\xff\xfd\xff\xff\x00\x00\x00\x00\x00\x00'
2021-05-21 09:44:19,022 | 4460 | proxy.proxy, send_to_switch, 291 | DEBUG | sent data to switch: b'\x04\x12\x00\x106\x1b\x82\x97\x00\r\x00\x00\x00\x00\x00\x00\x04\x0e\x00P6\x1b\x82\x98\x00\x00\x00\x00\x00\x00\x00\x00\x00\x00\x00\x00\x00\x00\x00\x00\x00\x00\x00\x00\x00\x00\x00\x00\xff\xff\xff\xff\x00\x00\x00\x00\x00\x00\x00\x00\x00\x00\x00\x00\x00\x01\x00\x04\x00\x00\x00\x00\x00\x04\x00\x18\x00\x00\x00\x00\x00\x00\x00\x10\xff\xff\xff\xfd\xff\xff\x00\x00\x00\x00\x00\x00'
2021-05-21 09:44:19,023 | 4460 | proxy.proxy, send_to_switch, 92 | DEBUG | set data and sent to switch : b'\x04\x12\x00\x106\x1b\x82\x97\x00\r\x00\x00\x00\x00\x00\x00\x04\x0e\x00P6\x1b\x82\x98\x00\x00\x00\x00\x00\x00\x00\x00\x00\x00\x00\x00\x00\x00\x00\x00\x00\x00\x00\x00\x00\x00\x00\x00\xff\xff\xff\xff\x00\x00\x00\x00\x00\x00\x00\x00\x00\x00\x00\x00\x00\x01\x00\x04\x00\x00\x00\x00\x00\x04\x00\x18\x00\x00\x00\x00\x00\x00\x00\x10\xff\xff\xff\xfd\xff\xff\x00\x00\x00\x00\x00\x00'
2021-05-21 09:44:19,024 | 4460 | proxy.proxy, handle_controller, 360 | DEBUG | waiting data ......
2021-05-21 09:44:19,024 | 4460 | proxy.proxy, handle_controller, 362 | DEBUG | read b'\x04\x12\x00\x10\xa3e\x1f\xaf\x00\r\x00\x00\x00\x00\x00\x00\x04\x0e\x00P\xa3e\x1f\xb0\x00\x00\x00\x00\x00\x00\x00\x00\x00\x00\x00\x00\x00\x00\x00\x00\x00\x00\x00\x00\x00\x00\x00\x00\xff\xff\xff\xff\x00\x00\x00\x00\x00\x00\x00\x00\x00\x00\x00\x00\x00\x01\x00\x04\x00\x00\x00\x00\x00\x04\x00\x18\x00\x00\x00\x00\x00\x00\x00\x10\xff\xff\xff\xfd\xff\xff\x00\x00\x00\x00\x00\x00'
2021-05-21 09:44:19,024 | 4460 | proxy.proxy, send_to_switch, 291 | DEBUG | sent data to switch: b'\x04\x12\x00\x10\xa3e\x1f\xaf\x00\r\x00\x00\x00\x00\x00\x00\x04\x0e\x00P\xa3e\x1f\xb0\x00\x00\x00\x00\x00\x00\x00\x00\x00\x00\x00\x00\x00\x00\x00\x00\x00\x00\x00\x00\x00\x00\x00\x00\xff\xff\xff\xff\x00\x00\x00\x00\x00\x00\x00\x00\x00\x00\x00\x00\x00\x01\x00\x04\x00\x00\x00\x00\x00\x04\x00\x18\x00\x00\x00\x00\x00\x00\x00\x10\xff\xff\xff\xfd\xff\xff\x00\x00\x00\x00\x00\x00'
2021-05-21 09:44:19,026 | 4460 | proxy.proxy, send_to_switch, 92 | DEBUG | set data and sent to switch : b'\x04\x12\x00\x10\xa3e\x1f\xaf\x00\r\x00\x00\x00\x00\x00\x00\x04\x0e\x00P\xa3e\x1f\xb0\x00\x00\x00\x00\x00\x00\x00\x00\x00\x00\x00\x00\x00\x00\x00\x00\x00\x00\x00\x00\x00\x00\x00\x00\xff\xff\xff\xff\x00\x00\x00\x00\x00\x00\x00\x00\x00\x00\x00\x00\x00\x01\x00\x04\x00\x00\x00\x00\x00\x04\x00\x18\x00\x00\x00\x00\x00\x00\x00\x10\xff\xff\xff\xfd\xff\xff\x00\x00\x00\x00\x00\x00'
2021-05-21 09:44:19,026 | 4460 | proxy.proxy, handle_controller, 360 | DEBUG | waiting data ......
2021-05-21 09:44:19,026 | 4460 | proxy.proxy, handle_controller, 362 | DEBUG | read b'\x04\x12\x00\x10tkQv\x00\r\x00\x00\x00\x00\x00\x00\x04\x0e\x00PtkQw\x00\x00\x00\x00\x00\x00\x00\x00\x00\x00\x00\x00\x00\x00\x00\x00\x00\x00\x00\x00\x00\x00\x00\x00\xff\xff\xff\xff\x00\x00\x00\x00\x00\x00\x00\x00\x00\x00\x00\x00\x00\x01\x00\x04\x00\x00\x00\x00\x00\x04\x00\x18\x00\x00\x00\x00\x00\x00\x00\x10\xff\xff\xff\xfd\xff\xff\x00\x00\x00\x00\x00\x00'
2021-05-21 09:44:19,028 | 4460 | proxy.proxy, send_to_switch, 291 | DEBUG | sent data to switch: b'\x04\x12\x00\x10tkQv\x00\r\x00\x00\x00\x00\x00\x00\x04\x0e\x00PtkQw\x00\x00\x00\x00\x00\x00\x00\x00\x00\x00\x00\x00\x00\x00\x00\x00\x00\x00\x00\x00\x00\x00\x00\x00\xff\xff\xff\xff\x00\x00\x00\x00\x00\x00\x00\x00\x00\x00\x00\x00\x00\x01\x00\x04\x00\x00\x00\x00\x00\x04\x00\x18\x00\x00\x00\x00\x00\x00\x00\x10\xff\xff\xff\xfd\xff\xff\x00\x00\x00\x00\x00\x00'
2021-05-21 09:44:19,028 | 4460 | proxy.proxy, send_to_switch, 92 | DEBUG | set data and sent to switch : b'\x04\x12\x00\x10tkQv\x00\r\x00\x00\x00\x00\x00\x00\x04\x0e\x00PtkQw\x00\x00\x00\x00\x00\x00\x00\x00\x00\x00\x00\x00\x00\x00\x00\x00\x00\x00\x00\x00\x00\x00\x00\x00\xff\xff\xff\xff\x00\x00\x00\x00\x00\x00\x00\x00\x00\x00\x00\x00\x00\x01\x00\x04\x00\x00\x00\x00\x00\x04\x00\x18\x00\x00\x00\x00\x00\x00\x00\x10\xff\xff\xff\xfd\xff\xff\x00\x00\x00\x00\x00\x00'
2021-05-21 09:44:19,029 | 4460 | proxy.proxy, handle_controller, 360 | DEBUG | waiting data ......
2021-05-21 09:44:19,030 | 4460 | proxy.proxy, handle_switch, 255 | DEBUG | read b'\x04\x13\x02\x106\x1b\x82\x97\x00\r\x00\x00\x00\x00\x00\x00\xff\xff\xff\xfe\x00\x00\x00\x00>\x80\xa8\xa5\x8bM\x00\x00s1\x00\x00\x00\x00\x00\x00\x00\x00\x00\x00\x00\x00\x00\x00\x00\x00\x00\x01\x00\x00\x00\x01\x00\x00\x00\x00\x00\x00\x00\x00\x00\x00\x00\x00\x00\x00\x00\x00\x00\x00\x00\x00\x00\x00\x00\x00\x00\x00\x00\x05\x00\x00\x00\x00Z\x9bc\xb9\xaaO\x00\x00s1-eth5\x00\x00\x00\x00\x00\x00\x00\x00\x00\x00\x00\x00\x00\x00\x00\x00\x04\x00\x00\x08@\x00\x00\x00\x00\x00\x00\x00\x00\x00\x00\x00\x00\x00\x98\x96\x80\x00\x00\x00\x00\x00\x00\x00\x07\x00\x00\x00\x00\xb2p\xc7\xaf\x90\xd4\x00\x00s1-eth7\x00\x00\x00\x00\x00\x00\x00\x00\x00\x00\x00\x00\x00\x00\x00\x00\x04\x00\x00\x08@\x00\x00\x00\x00\x00\x00\x00\x00\x00\x00\x00\x00\x00\x98\x96\x80\x00\x00\x00\x00\x00\x00\x00\x04\x00\x00\x00\x00J\xab\x05\x11\xf2\xad\x00\x00s1-eth4\x00\x00\x00\x00\x00\x00\x00\x00\x00\x00\x00\x00\x00\x00\x00\x00\x04\x00\x00\x08@\x00\x00\x00\x00\x00\x00\x00\x00\x00\x00\x00\x00\x00\x98\x96\x80\x00\x00\x00\x00\x00\x00\x00\x06\x00\x00\x00\x00"\xf1Q\xfc\x14\x8d\x00\x00s1-eth6\x00\x00\x00\x00\x00\x00\x00\x00\x00\x00\x00\x00\x00\x00\x00\x00\x04\x00\x00\x08@\x00\x00\x00\x00\x00\x00\x00\x00\x00\x00\x00\x00\x00\x98\x96\x80\x00\x00\x00\x00\x00\x00\x00\x01\x00\x00\x00\x00\xaaj\xa4\xe0}\x1f\x00\x00s1-eth1\x00\x00\x00\x00\x00\x00\x00\x00\x00\x00\x00\x00\x00\x00\x00\x00\x04\x00\x00\x08@\x00\x00\x00\x00\x00\x00\x00\x00\x00\x00\x00\x00\x00\x98\x96\x80\x00\x00\x00\x00\x00\x00\x00\x02\x00\x00\x00\x00\xa6I\xce#\xb2\xa4\x00\x00s1-eth2\x00\x00\x00\x00\x00\x00\x00\x00\x00\x00\x00\x00\x00\x00\x00\x00\x04\x00\x00\x08@\x00\x00\x00\x00\x00\x00\x00\x00\x00\x00\x00\x00\x00\x98\x96\x80\x00\x00\x00\x00\x00\x00\x00\x03\x00\x00\x00\x00\xdeO\xe9\xcd\xfa\xef\x00\x00s1-eth3\x00\x00\x00\x00\x00\x00\x00\x00\x00\x00\x00\x00\x00\x00\x00\x00\x04\x00\x00\x08@\x00\x00\x00\x00\x00\x00\x00\x00\x00\x00\x00\x00\x00\x98\x96\x80\x00\x00\x00\x00'
2021-05-21 09:44:19,032 | 4460 | proxy.proxy, send_to_controller, 396 | DEBUG | sent data to controller: b'\x04\x13\x02\x106\x1b\x82\x97\x00\r\x00\x00\x00\x00\x00\x00\xff\xff\xff\xfe\x00\x00\x00\x00>\x80\xa8\xa5\x8bM\x00\x00s1\x00\x00\x00\x00\x00\x00\x00\x00\x00\x00\x00\x00\x00\x00\x00\x00\x00\x01\x00\x00\x00\x01\x00\x00\x00\x00\x00\x00\x00\x00\x00\x00\x00\x00\x00\x00\x00\x00\x00\x00\x00\x00\x00\x00\x00\x00\x00\x00\x00\x05\x00\x00\x00\x00Z\x9bc\xb9\xaaO\x00\x00s1-eth5\x00\x00\x00\x00\x00\x00\x00\x00\x00\x00\x00\x00\x00\x00\x00\x00\x04\x00\x00\x08@\x00\x00\x00\x00\x00\x00\x00\x00\x00\x00\x00\x00\x00\x98\x96\x80\x00\x00\x00\x00\x00\x00\x00\x07\x00\x00\x00\x00\xb2p\xc7\xaf\x90\xd4\x00\x00s1-eth7\x00\x00\x00\x00\x00\x00\x00\x00\x00\x00\x00\x00\x00\x00\x00\x00\x04\x00\x00\x08@\x00\x00\x00\x00\x00\x00\x00\x00\x00\x00\x00\x00\x00\x98\x96\x80\x00\x00\x00\x00\x00\x00\x00\x04\x00\x00\x00\x00J\xab\x05\x11\xf2\xad\x00\x00s1-eth4\x00\x00\x00\x00\x00\x00\x00\x00\x00\x00\x00\x00\x00\x00\x00\x00\x04\x00\x00\x08@\x00\x00\x00\x00\x00\x00\x00\x00\x00\x00\x00\x00\x00\x98\x96\x80\x00\x00\x00\x00\x00\x00\x00\x06\x00\x00\x00\x00"\xf1Q\xfc\x14\x8d\x00\x00s1-eth6\x00\x00\x00\x00\x00\x00\x00\x00\x00\x00\x00\x00\x00\x00\x00\x00\x04\x00\x00\x08@\x00\x00\x00\x00\x00\x00\x00\x00\x00\x00\x00\x00\x00\x98\x96\x80\x00\x00\x00\x00\x00\x00\x00\x01\x00\x00\x00\x00\xaaj\xa4\xe0}\x1f\x00\x00s1-eth1\x00\x00\x00\x00\x00\x00\x00\x00\x00\x00\x00\x00\x00\x00\x00\x00\x04\x00\x00\x08@\x00\x00\x00\x00\x00\x00\x00\x00\x00\x00\x00\x00\x00\x98\x96\x80\x00\x00\x00\x00\x00\x00\x00\x02\x00\x00\x00\x00\xa6I\xce#\xb2\xa4\x00\x00s1-eth2\x00\x00\x00\x00\x00\x00\x00\x00\x00\x00\x00\x00\x00\x00\x00\x00\x04\x00\x00\x08@\x00\x00\x00\x00\x00\x00\x00\x00\x00\x00\x00\x00\x00\x98\x96\x80\x00\x00\x00\x00\x00\x00\x00\x03\x00\x00\x00\x00\xdeO\xe9\xcd\xfa\xef\x00\x00s1-eth3\x00\x00\x00\x00\x00\x00\x00\x00\x00\x00\x00\x00\x00\x00\x00\x00\x04\x00\x00\x08@\x00\x00\x00\x00\x00\x00\x00\x00\x00\x00\x00\x00\x00\x98\x96\x80\x00\x00\x00\x00'
2021-05-21 09:44:19,033 | 4460 | proxy.proxy, send_to_controller, 74 | DEBUG | set data and sent to controller : b'\x04\x13\x02\x106\x1b\x82\x97\x00\r\x00\x00\x00\x00\x00\x00\xff\xff\xff\xfe\x00\x00\x00\x00>\x80\xa8\xa5\x8bM\x00\x00s1\x00\x00\x00\x00\x00\x00\x00\x00\x00\x00\x00\x00\x00\x00\x00\x00\x00\x01\x00\x00\x00\x01\x00\x00\x00\x00\x00\x00\x00\x00\x00\x00\x00\x00\x00\x00\x00\x00\x00\x00\x00\x00\x00\x00\x00\x00\x00\x00\x00\x05\x00\x00\x00\x00Z\x9bc\xb9\xaaO\x00\x00s1-eth5\x00\x00\x00\x00\x00\x00\x00\x00\x00\x00\x00\x00\x00\x00\x00\x00\x04\x00\x00\x08@\x00\x00\x00\x00\x00\x00\x00\x00\x00\x00\x00\x00\x00\x98\x96\x80\x00\x00\x00\x00\x00\x00\x00\x07\x00\x00\x00\x00\xb2p\xc7\xaf\x90\xd4\x00\x00s1-eth7\x00\x00\x00\x00\x00\x00\x00\x00\x00\x00\x00\x00\x00\x00\x00\x00\x04\x00\x00\x08@\x00\x00\x00\x00\x00\x00\x00\x00\x00\x00\x00\x00\x00\x98\x96\x80\x00\x00\x00\x00\x00\x00\x00\x04\x00\x00\x00\x00J\xab\x05\x11\xf2\xad\x00\x00s1-eth4\x00\x00\x00\x00\x00\x00\x00\x00\x00\x00\x00\x00\x00\x00\x00\x00\x04\x00\x00\x08@\x00\x00\x00\x00\x00\x00\x00\x00\x00\x00\x00\x00\x00\x98\x96\x80\x00\x00\x00\x00\x00\x00\x00\x06\x00\x00\x00\x00"\xf1Q\xfc\x14\x8d\x00\x00s1-eth6\x00\x00\x00\x00\x00\x00\x00\x00\x00\x00\x00\x00\x00\x00\x00\x00\x04\x00\x00\x08@\x00\x00\x00\x00\x00\x00\x00\x00\x00\x00\x00\x00\x00\x98\x96\x80\x00\x00\x00\x00\x00\x00\x00\x01\x00\x00\x00\x00\xaaj\xa4\xe0}\x1f\x00\x00s1-eth1\x00\x00\x00\x00\x00\x00\x00\x00\x00\x00\x00\x00\x00\x00\x00\x00\x04\x00\x00\x08@\x00\x00\x00\x00\x00\x00\x00\x00\x00\x00\x00\x00\x00\x98\x96\x80\x00\x00\x00\x00\x00\x00\x00\x02\x00\x00\x00\x00\xa6I\xce#\xb2\xa4\x00\x00s1-eth2\x00\x00\x00\x00\x00\x00\x00\x00\x00\x00\x00\x00\x00\x00\x00\x00\x04\x00\x00\x08@\x00\x00\x00\x00\x00\x00\x00\x00\x00\x00\x00\x00\x00\x98\x96\x80\x00\x00\x00\x00\x00\x00\x00\x03\x00\x00\x00\x00\xdeO\xe9\xcd\xfa\xef\x00\x00s1-eth3\x00\x00\x00\x00\x00\x00\x00\x00\x00\x00\x00\x00\x00\x00\x00\x00\x04\x00\x00\x08@\x00\x00\x00\x00\x00\x00\x00\x00\x00\x00\x00\x00\x00\x98\x96\x80\x00\x00\x00\x00'
2021-05-21 09:44:19,034 | 4460 | proxy.proxy, handle_switch, 252 | DEBUG | waiting data ......
2021-05-21 09:44:19,034 | 4460 | proxy.proxy, handle_switch, 255 | DEBUG | read b'\x04\x13\x01\xd0\xa3e\x1f\xaf\x00\r\x00\x00\x00\x00\x00\x00\xff\xff\xff\xfe\x00\x00\x00\x00&z\xe5u#L\x00\x00s3\x00\x00\x00\x00\x00\x00\x00\x00\x00\x00\x00\x00\x00\x00\x00\x00\x00\x01\x00\x00\x00\x01\x00\x00\x00\x00\x00\x00\x00\x00\x00\x00\x00\x00\x00\x00\x00\x00\x00\x00\x00\x00\x00\x00\x00\x00\x00\x00\x00\x04\x00\x00\x00\x00\x92\x9d\x87\xf2\xc2\x8a\x00\x00s3-eth4\x00\x00\x00\x00\x00\x00\x00\x00\x00\x00\x00\x00\x00\x00\x00\x00\x04\x00\x00\x08@\x00\x00\x00\x00\x00\x00\x00\x00\x00\x00\x00\x00\x00\x98\x96\x80\x00\x00\x00\x00\x00\x00\x00\x06\x00\x00\x00\x00\x12\x9b\xb1o%f\x00\x00s3-eth6\x00\x00\x00\x00\x00\x00\x00\x00\x00\x00\x00\x00\x00\x00\x00\x00\x04\x00\x00\x08@\x00\x00\x00\x00\x00\x00\x00\x00\x00\x00\x00\x00\x00\x98\x96\x80\x00\x00\x00\x00\x00\x00\x00\x01\x00\x00\x00\x00\xda\xc4\xd2N6#\x00\x00s3-eth1\x00\x00\x00\x00\x00\x00\x00\x00\x00\x00\x00\x00\x00\x00\x00\x00\x04\x00\x00\x08@\x00\x00\x00\x00\x00\x00\x00\x00\x00\x00\x00\x00\x00\x98\x96\x80\x00\x00\x00\x00\x00\x00\x00\x05\x00\x00\x00\x00\xce]QH\xd1D\x00\x00s3-eth5\x00\x00\x00\x00\x00\x00\x00\x00\x00\x00\x00\x00\x00\x00\x00\x00\x04\x00\x00\x08@\x00\x00\x00\x00\x00\x00\x00\x00\x00\x00\x00\x00\x00\x98\x96\x80\x00\x00\x00\x00\x00\x00\x00\x02\x00\x00\x00\x00\xeal\x0eO\xa1<\x00\x00s3-eth2\x00\x00\x00\x00\x00\x00\x00\x00\x00\x00\x00\x00\x00\x00\x00\x00\x04\x00\x00\x08@\x00\x00\x00\x00\x00\x00\x00\x00\x00\x00\x00\x00\x00\x98\x96\x80\x00\x00\x00\x00\x00\x00\x00\x03\x00\x00\x00\x00\xd6=N\xac\xfd+\x00\x00s3-eth3\x00\x00\x00\x00\x00\x00\x00\x00\x00\x00\x00\x00\x00\x00\x00\x00\x04\x00\x00\x08@\x00\x00\x00\x00\x00\x00\x00\x00\x00\x00\x00\x00\x00\x98\x96\x80\x00\x00\x00\x00'
2021-05-21 09:44:19,039 | 4460 | proxy.proxy, send_to_controller, 396 | DEBUG | sent data to controller: b'\x04\x13\x01\xd0\xa3e\x1f\xaf\x00\r\x00\x00\x00\x00\x00\x00\xff\xff\xff\xfe\x00\x00\x00\x00&z\xe5u#L\x00\x00s3\x00\x00\x00\x00\x00\x00\x00\x00\x00\x00\x00\x00\x00\x00\x00\x00\x00\x01\x00\x00\x00\x01\x00\x00\x00\x00\x00\x00\x00\x00\x00\x00\x00\x00\x00\x00\x00\x00\x00\x00\x00\x00\x00\x00\x00\x00\x00\x00\x00\x04\x00\x00\x00\x00\x92\x9d\x87\xf2\xc2\x8a\x00\x00s3-eth4\x00\x00\x00\x00\x00\x00\x00\x00\x00\x00\x00\x00\x00\x00\x00\x00\x04\x00\x00\x08@\x00\x00\x00\x00\x00\x00\x00\x00\x00\x00\x00\x00\x00\x98\x96\x80\x00\x00\x00\x00\x00\x00\x00\x06\x00\x00\x00\x00\x12\x9b\xb1o%f\x00\x00s3-eth6\x00\x00\x00\x00\x00\x00\x00\x00\x00\x00\x00\x00\x00\x00\x00\x00\x04\x00\x00\x08@\x00\x00\x00\x00\x00\x00\x00\x00\x00\x00\x00\x00\x00\x98\x96\x80\x00\x00\x00\x00\x00\x00\x00\x01\x00\x00\x00\x00\xda\xc4\xd2N6#\x00\x00s3-eth1\x00\x00\x00\x00\x00\x00\x00\x00\x00\x00\x00\x00\x00\x00\x00\x00\x04\x00\x00\x08@\x00\x00\x00\x00\x00\x00\x00\x00\x00\x00\x00\x00\x00\x98\x96\x80\x00\x00\x00\x00\x00\x00\x00\x05\x00\x00\x00\x00\xce]QH\xd1D\x00\x00s3-eth5\x00\x00\x00\x00\x00\x00\x00\x00\x00\x00\x00\x00\x00\x00\x00\x00\x04\x00\x00\x08@\x00\x00\x00\x00\x00\x00\x00\x00\x00\x00\x00\x00\x00\x98\x96\x80\x00\x00\x00\x00\x00\x00\x00\x02\x00\x00\x00\x00\xeal\x0eO\xa1<\x00\x00s3-eth2\x00\x00\x00\x00\x00\x00\x00\x00\x00\x00\x00\x00\x00\x00\x00\x00\x04\x00\x00\x08@\x00\x00\x00\x00\x00\x00\x00\x00\x00\x00\x00\x00\x00\x98\x96\x80\x00\x00\x00\x00\x00\x00\x00\x03\x00\x00\x00\x00\xd6=N\xac\xfd+\x00\x00s3-eth3\x00\x00\x00\x00\x00\x00\x00\x00\x00\x00\x00\x00\x00\x00\x00\x00\x04\x00\x00\x08@\x00\x00\x00\x00\x00\x00\x00\x00\x00\x00\x00\x00\x00\x98\x96\x80\x00\x00\x00\x00'
2021-05-21 09:44:19,041 | 4460 | proxy.proxy, send_to_controller, 74 | DEBUG | set data and sent to controller : b'\x04\x13\x01\xd0\xa3e\x1f\xaf\x00\r\x00\x00\x00\x00\x00\x00\xff\xff\xff\xfe\x00\x00\x00\x00&z\xe5u#L\x00\x00s3\x00\x00\x00\x00\x00\x00\x00\x00\x00\x00\x00\x00\x00\x00\x00\x00\x00\x01\x00\x00\x00\x01\x00\x00\x00\x00\x00\x00\x00\x00\x00\x00\x00\x00\x00\x00\x00\x00\x00\x00\x00\x00\x00\x00\x00\x00\x00\x00\x00\x04\x00\x00\x00\x00\x92\x9d\x87\xf2\xc2\x8a\x00\x00s3-eth4\x00\x00\x00\x00\x00\x00\x00\x00\x00\x00\x00\x00\x00\x00\x00\x00\x04\x00\x00\x08@\x00\x00\x00\x00\x00\x00\x00\x00\x00\x00\x00\x00\x00\x98\x96\x80\x00\x00\x00\x00\x00\x00\x00\x06\x00\x00\x00\x00\x12\x9b\xb1o%f\x00\x00s3-eth6\x00\x00\x00\x00\x00\x00\x00\x00\x00\x00\x00\x00\x00\x00\x00\x00\x04\x00\x00\x08@\x00\x00\x00\x00\x00\x00\x00\x00\x00\x00\x00\x00\x00\x98\x96\x80\x00\x00\x00\x00\x00\x00\x00\x01\x00\x00\x00\x00\xda\xc4\xd2N6#\x00\x00s3-eth1\x00\x00\x00\x00\x00\x00\x00\x00\x00\x00\x00\x00\x00\x00\x00\x00\x04\x00\x00\x08@\x00\x00\x00\x00\x00\x00\x00\x00\x00\x00\x00\x00\x00\x98\x96\x80\x00\x00\x00\x00\x00\x00\x00\x05\x00\x00\x00\x00\xce]QH\xd1D\x00\x00s3-eth5\x00\x00\x00\x00\x00\x00\x00\x00\x00\x00\x00\x00\x00\x00\x00\x00\x04\x00\x00\x08@\x00\x00\x00\x00\x00\x00\x00\x00\x00\x00\x00\x00\x00\x98\x96\x80\x00\x00\x00\x00\x00\x00\x00\x02\x00\x00\x00\x00\xeal\x0eO\xa1<\x00\x00s3-eth2\x00\x00\x00\x00\x00\x00\x00\x00\x00\x00\x00\x00\x00\x00\x00\x00\x04\x00\x00\x08@\x00\x00\x00\x00\x00\x00\x00\x00\x00\x00\x00\x00\x00\x98\x96\x80\x00\x00\x00\x00\x00\x00\x00\x03\x00\x00\x00\x00\xd6=N\xac\xfd+\x00\x00s3-eth3\x00\x00\x00\x00\x00\x00\x00\x00\x00\x00\x00\x00\x00\x00\x00\x00\x04\x00\x00\x08@\x00\x00\x00\x00\x00\x00\x00\x00\x00\x00\x00\x00\x00\x98\x96\x80\x00\x00\x00\x00'
2021-05-21 09:44:19,042 | 4460 | proxy.proxy, handle_switch, 252 | DEBUG | waiting data ......
2021-05-21 09:44:19,042 | 4460 | proxy.proxy, handle_switch, 255 | DEBUG | read b"\x04\x13\x02\x10tkQv\x00\r\x00\x00\x00\x00\x00\x00\xff\xff\xff\xfe\x00\x00\x00\x00\xaa\xa6K.\x16G\x00\x00s2\x00\x00\x00\x00\x00\x00\x00\x00\x00\x00\x00\x00\x00\x00\x00\x00\x00\x01\x00\x00\x00\x01\x00\x00\x00\x00\x00\x00\x00\x00\x00\x00\x00\x00\x00\x00\x00\x00\x00\x00\x00\x00\x00\x00\x00\x00\x00\x00\x00\x05\x00\x00\x00\x00^Z\x1faH\x19\x00\x00s2-eth5\x00\x00\x00\x00\x00\x00\x00\x00\x00\x00\x00\x00\x00\x00\x00\x00\x04\x00\x00\x08@\x00\x00\x00\x00\x00\x00\x00\x00\x00\x00\x00\x00\x00\x98\x96\x80\x00\x00\x00\x00\x00\x00\x00\x06\x00\x00\x00\x00\xba5\xa4\xa2\xb9\xb6\x00\x00s2-eth6\x00\x00\x00\x00\x00\x00\x00\x00\x00\x00\x00\x00\x00\x00\x00\x00\x04\x00\x00\x08@\x00\x00\x00\x00\x00\x00\x00\x00\x00\x00\x00\x00\x00\x98\x96\x80\x00\x00\x00\x00\x00\x00\x00\x04\x00\x00\x00\x00Z\xd3\xbb2\xff'\x00\x00s2-eth4\x00\x00\x00\x00\x00\x00\x00\x00\x00\x00\x00\x00\x00\x00\x00\x00\x04\x00\x00\x08@\x00\x00\x00\x00\x00\x00\x00\x00\x00\x00\x00\x00\x00\x98\x96\x80\x00\x00\x00\x00\x00\x00\x00\x07\x00\x00\x00\x00\x12\x82c\xe8\x0b;\x00\x00s2-eth7\x00\x00\x00\x00\x00\x00\x00\x00\x00\x00\x00\x00\x00\x00\x00\x00\x04\x00\x00\x08@\x00\x00\x00\x00\x00\x00\x00\x00\x00\x00\x00\x00\x00\x98\x96\x80\x00\x00\x00\x00\x00\x00\x00\x01\x00\x00\x00\x00f\xe0\x13\xc8\x01\x9d\x00\x00s2-eth1\x00\x00\x00\x00\x00\x00\x00\x00\x00\x00\x00\x00\x00\x00\x00\x00\x04\x00\x00\x08@\x00\x00\x00\x00\x00\x00\x00\x00\x00\x00\x00\x00\x00\x98\x96\x80\x00\x00\x00\x00\x00\x00\x00\x02\x00\x00\x00\x00\x12\xc9\x8ch\xba\x1e\x00\x00s2-eth2\x00\x00\x00\x00\x00\x00\x00\x00\x00\x00\x00\x00\x00\x00\x00\x00\x04\x00\x00\x08@\x00\x00\x00\x00\x00\x00\x00\x00\x00\x00\x00\x00\x00\x98\x96\x80\x00\x00\x00\x00\x00\x00\x00\x03\x00\x00\x00\x00f\xe8h\xcc\xd8\xd0\x00\x00s2-eth3\x00\x00\x00\x00\x00\x00\x00\x00\x00\x00\x00\x00\x00\x00\x00\x00\x04\x00\x00\x08@\x00\x00\x00\x00\x00\x00\x00\x00\x00\x00\x00\x00\x00\x98\x96\x80\x00\x00\x00\x00"
2021-05-21 09:44:19,043 | 4460 | proxy.proxy, send_to_controller, 396 | DEBUG | sent data to controller: b"\x04\x13\x02\x10tkQv\x00\r\x00\x00\x00\x00\x00\x00\xff\xff\xff\xfe\x00\x00\x00\x00\xaa\xa6K.\x16G\x00\x00s2\x00\x00\x00\x00\x00\x00\x00\x00\x00\x00\x00\x00\x00\x00\x00\x00\x00\x01\x00\x00\x00\x01\x00\x00\x00\x00\x00\x00\x00\x00\x00\x00\x00\x00\x00\x00\x00\x00\x00\x00\x00\x00\x00\x00\x00\x00\x00\x00\x00\x05\x00\x00\x00\x00^Z\x1faH\x19\x00\x00s2-eth5\x00\x00\x00\x00\x00\x00\x00\x00\x00\x00\x00\x00\x00\x00\x00\x00\x04\x00\x00\x08@\x00\x00\x00\x00\x00\x00\x00\x00\x00\x00\x00\x00\x00\x98\x96\x80\x00\x00\x00\x00\x00\x00\x00\x06\x00\x00\x00\x00\xba5\xa4\xa2\xb9\xb6\x00\x00s2-eth6\x00\x00\x00\x00\x00\x00\x00\x00\x00\x00\x00\x00\x00\x00\x00\x00\x04\x00\x00\x08@\x00\x00\x00\x00\x00\x00\x00\x00\x00\x00\x00\x00\x00\x98\x96\x80\x00\x00\x00\x00\x00\x00\x00\x04\x00\x00\x00\x00Z\xd3\xbb2\xff'\x00\x00s2-eth4\x00\x00\x00\x00\x00\x00\x00\x00\x00\x00\x00\x00\x00\x00\x00\x00\x04\x00\x00\x08@\x00\x00\x00\x00\x00\x00\x00\x00\x00\x00\x00\x00\x00\x98\x96\x80\x00\x00\x00\x00\x00\x00\x00\x07\x00\x00\x00\x00\x12\x82c\xe8\x0b;\x00\x00s2-eth7\x00\x00\x00\x00\x00\x00\x00\x00\x00\x00\x00\x00\x00\x00\x00\x00\x04\x00\x00\x08@\x00\x00\x00\x00\x00\x00\x00\x00\x00\x00\x00\x00\x00\x98\x96\x80\x00\x00\x00\x00\x00\x00\x00\x01\x00\x00\x00\x00f\xe0\x13\xc8\x01\x9d\x00\x00s2-eth1\x00\x00\x00\x00\x00\x00\x00\x00\x00\x00\x00\x00\x00\x00\x00\x00\x04\x00\x00\x08@\x00\x00\x00\x00\x00\x00\x00\x00\x00\x00\x00\x00\x00\x98\x96\x80\x00\x00\x00\x00\x00\x00\x00\x02\x00\x00\x00\x00\x12\xc9\x8ch\xba\x1e\x00\x00s2-eth2\x00\x00\x00\x00\x00\x00\x00\x00\x00\x00\x00\x00\x00\x00\x00\x00\x04\x00\x00\x08@\x00\x00\x00\x00\x00\x00\x00\x00\x00\x00\x00\x00\x00\x98\x96\x80\x00\x00\x00\x00\x00\x00\x00\x03\x00\x00\x00\x00f\xe8h\xcc\xd8\xd0\x00\x00s2-eth3\x00\x00\x00\x00\x00\x00\x00\x00\x00\x00\x00\x00\x00\x00\x00\x00\x04\x00\x00\x08@\x00\x00\x00\x00\x00\x00\x00\x00\x00\x00\x00\x00\x00\x98\x96\x80\x00\x00\x00\x00"
2021-05-21 09:44:19,045 | 4460 | proxy.proxy, send_to_controller, 74 | DEBUG | set data and sent to controller : b"\x04\x13\x02\x10tkQv\x00\r\x00\x00\x00\x00\x00\x00\xff\xff\xff\xfe\x00\x00\x00\x00\xaa\xa6K.\x16G\x00\x00s2\x00\x00\x00\x00\x00\x00\x00\x00\x00\x00\x00\x00\x00\x00\x00\x00\x00\x01\x00\x00\x00\x01\x00\x00\x00\x00\x00\x00\x00\x00\x00\x00\x00\x00\x00\x00\x00\x00\x00\x00\x00\x00\x00\x00\x00\x00\x00\x00\x00\x05\x00\x00\x00\x00^Z\x1faH\x19\x00\x00s2-eth5\x00\x00\x00\x00\x00\x00\x00\x00\x00\x00\x00\x00\x00\x00\x00\x00\x04\x00\x00\x08@\x00\x00\x00\x00\x00\x00\x00\x00\x00\x00\x00\x00\x00\x98\x96\x80\x00\x00\x00\x00\x00\x00\x00\x06\x00\x00\x00\x00\xba5\xa4\xa2\xb9\xb6\x00\x00s2-eth6\x00\x00\x00\x00\x00\x00\x00\x00\x00\x00\x00\x00\x00\x00\x00\x00\x04\x00\x00\x08@\x00\x00\x00\x00\x00\x00\x00\x00\x00\x00\x00\x00\x00\x98\x96\x80\x00\x00\x00\x00\x00\x00\x00\x04\x00\x00\x00\x00Z\xd3\xbb2\xff'\x00\x00s2-eth4\x00\x00\x00\x00\x00\x00\x00\x00\x00\x00\x00\x00\x00\x00\x00\x00\x04\x00\x00\x08@\x00\x00\x00\x00\x00\x00\x00\x00\x00\x00\x00\x00\x00\x98\x96\x80\x00\x00\x00\x00\x00\x00\x00\x07\x00\x00\x00\x00\x12\x82c\xe8\x0b;\x00\x00s2-eth7\x00\x00\x00\x00\x00\x00\x00\x00\x00\x00\x00\x00\x00\x00\x00\x00\x04\x00\x00\x08@\x00\x00\x00\x00\x00\x00\x00\x00\x00\x00\x00\x00\x00\x98\x96\x80\x00\x00\x00\x00\x00\x00\x00\x01\x00\x00\x00\x00f\xe0\x13\xc8\x01\x9d\x00\x00s2-eth1\x00\x00\x00\x00\x00\x00\x00\x00\x00\x00\x00\x00\x00\x00\x00\x00\x04\x00\x00\x08@\x00\x00\x00\x00\x00\x00\x00\x00\x00\x00\x00\x00\x00\x98\x96\x80\x00\x00\x00\x00\x00\x00\x00\x02\x00\x00\x00\x00\x12\xc9\x8ch\xba\x1e\x00\x00s2-eth2\x00\x00\x00\x00\x00\x00\x00\x00\x00\x00\x00\x00\x00\x00\x00\x00\x04\x00\x00\x08@\x00\x00\x00\x00\x00\x00\x00\x00\x00\x00\x00\x00\x00\x98\x96\x80\x00\x00\x00\x00\x00\x00\x00\x03\x00\x00\x00\x00f\xe8h\xcc\xd8\xd0\x00\x00s2-eth3\x00\x00\x00\x00\x00\x00\x00\x00\x00\x00\x00\x00\x00\x00\x00\x00\x04\x00\x00\x08@\x00\x00\x00\x00\x00\x00\x00\x00\x00\x00\x00\x00\x00\x98\x96\x80\x00\x00\x00\x00"
2021-05-21 09:44:19,045 | 4460 | proxy.proxy, handle_switch, 252 | DEBUG | waiting data ......
2021-05-21 09:44:24,024 | 4460 | proxy.proxy, handle_switch, 255 | DEBUG | read b'\x04\x02\x00\x08\x00\x00\x00\x00'
2021-05-21 09:44:24,024 | 4460 | proxy.proxy, send_to_controller, 396 | DEBUG | sent data to controller: b'\x04\x02\x00\x08\x00\x00\x00\x00'
2021-05-21 09:44:24,026 | 4460 | proxy.proxy, send_to_controller, 74 | DEBUG | set data and sent to controller : b'\x04\x02\x00\x08\x00\x00\x00\x00'
2021-05-21 09:44:24,026 | 4460 | proxy.proxy, handle_switch, 252 | DEBUG | waiting data ......
2021-05-21 09:44:24,027 | 4460 | proxy.proxy, handle_switch, 255 | DEBUG | read b'\x04\x02\x00\x08\x00\x00\x00\x00'
2021-05-21 09:44:24,028 | 4460 | proxy.proxy, send_to_controller, 396 | DEBUG | sent data to controller: b'\x04\x02\x00\x08\x00\x00\x00\x00'
2021-05-21 09:44:24,029 | 4460 | proxy.proxy, send_to_controller, 74 | DEBUG | set data and sent to controller : b'\x04\x02\x00\x08\x00\x00\x00\x00'
2021-05-21 09:44:24,030 | 4460 | proxy.proxy, handle_switch, 252 | DEBUG | waiting data ......
2021-05-21 09:44:24,031 | 4460 | proxy.proxy, handle_controller, 362 | DEBUG | read b'\x04\x03\x00\x08\x00\x00\x00\x00'
2021-05-21 09:44:24,031 | 4460 | proxy.proxy, send_to_switch, 291 | DEBUG | sent data to switch: b'\x04\x03\x00\x08\x00\x00\x00\x00'
2021-05-21 09:44:24,032 | 4460 | proxy.proxy, send_to_switch, 92 | DEBUG | set data and sent to switch : b'\x04\x03\x00\x08\x00\x00\x00\x00'
2021-05-21 09:44:24,032 | 4460 | proxy.proxy, handle_controller, 360 | DEBUG | waiting data ......
2021-05-21 09:44:24,033 | 4460 | proxy.proxy, handle_switch, 255 | DEBUG | read b'\x04\x02\x00\x08\x00\x00\x00\x00'
2021-05-21 09:44:24,034 | 4460 | proxy.proxy, send_to_controller, 396 | DEBUG | sent data to controller: b'\x04\x02\x00\x08\x00\x00\x00\x00'
2021-05-21 09:44:24,040 | 4460 | proxy.proxy, send_to_controller, 74 | DEBUG | set data and sent to controller : b'\x04\x02\x00\x08\x00\x00\x00\x00'
2021-05-21 09:44:24,041 | 4460 | proxy.proxy, handle_switch, 252 | DEBUG | waiting data ......
2021-05-21 09:44:24,042 | 4460 | proxy.proxy, handle_controller, 362 | DEBUG | read b'\x04\x03\x00\x08\x00\x00\x00\x00'
2021-05-21 09:44:24,043 | 4460 | proxy.proxy, send_to_switch, 291 | DEBUG | sent data to switch: b'\x04\x03\x00\x08\x00\x00\x00\x00'
2021-05-21 09:44:24,044 | 4460 | proxy.proxy, send_to_switch, 92 | DEBUG | set data and sent to switch : b'\x04\x03\x00\x08\x00\x00\x00\x00'
2021-05-21 09:44:24,046 | 4460 | proxy.proxy, handle_controller, 360 | DEBUG | waiting data ......
2021-05-21 09:44:24,048 | 4460 | proxy.proxy, handle_controller, 362 | DEBUG | read b'\x04\x03\x00\x08\x00\x00\x00\x00'
2021-05-21 09:44:24,050 | 4460 | proxy.proxy, send_to_switch, 291 | DEBUG | sent data to switch: b'\x04\x03\x00\x08\x00\x00\x00\x00'
2021-05-21 09:44:24,059 | 4460 | proxy.proxy, send_to_switch, 92 | DEBUG | set data and sent to switch : b'\x04\x03\x00\x08\x00\x00\x00\x00'
2021-05-21 09:44:24,059 | 4460 | proxy.proxy, handle_controller, 360 | DEBUG | waiting data ......
2021-05-21 09:44:29,032 | 4460 | proxy.proxy, handle_switch, 255 | DEBUG | read b'\x04\x02\x00\x08\x00\x00\x00\x00'
2021-05-21 09:44:29,033 | 4460 | proxy.proxy, send_to_controller, 396 | DEBUG | sent data to controller: b'\x04\x02\x00\x08\x00\x00\x00\x00'
2021-05-21 09:44:29,035 | 4460 | proxy.proxy, send_to_controller, 74 | DEBUG | set data and sent to controller : b'\x04\x02\x00\x08\x00\x00\x00\x00'
2021-05-21 09:44:29,035 | 4460 | proxy.proxy, handle_switch, 252 | DEBUG | waiting data ......
2021-05-21 09:44:29,036 | 4460 | proxy.proxy, handle_controller, 362 | DEBUG | read b'\x04\x03\x00\x08\x00\x00\x00\x00'
2021-05-21 09:44:29,036 | 4460 | proxy.proxy, send_to_switch, 291 | DEBUG | sent data to switch: b'\x04\x03\x00\x08\x00\x00\x00\x00'
2021-05-21 09:44:29,037 | 4460 | proxy.proxy, send_to_switch, 92 | DEBUG | set data and sent to switch : b'\x04\x03\x00\x08\x00\x00\x00\x00'
2021-05-21 09:44:29,037 | 4460 | proxy.proxy, handle_controller, 360 | DEBUG | waiting data ......
2021-05-21 09:44:29,046 | 4460 | proxy.proxy, handle_switch, 255 | DEBUG | read b'\x04\x02\x00\x08\x00\x00\x00\x00'
2021-05-21 09:44:29,047 | 4460 | proxy.proxy, send_to_controller, 396 | DEBUG | sent data to controller: b'\x04\x02\x00\x08\x00\x00\x00\x00'
2021-05-21 09:44:29,048 | 4460 | proxy.proxy, send_to_controller, 74 | DEBUG | set data and sent to controller : b'\x04\x02\x00\x08\x00\x00\x00\x00'
2021-05-21 09:44:29,048 | 4460 | proxy.proxy, handle_switch, 252 | DEBUG | waiting data ......
2021-05-21 09:44:29,048 | 4460 | proxy.proxy, handle_controller, 362 | DEBUG | read b'\x04\x03\x00\x08\x00\x00\x00\x00'
2021-05-21 09:44:29,049 | 4460 | proxy.proxy, send_to_switch, 291 | DEBUG | sent data to switch: b'\x04\x03\x00\x08\x00\x00\x00\x00'
2021-05-21 09:44:29,050 | 4460 | proxy.proxy, send_to_switch, 92 | DEBUG | set data and sent to switch : b'\x04\x03\x00\x08\x00\x00\x00\x00'
2021-05-21 09:44:29,055 | 4460 | proxy.proxy, handle_controller, 360 | DEBUG | waiting data ......
2021-05-21 09:44:29,056 | 4460 | proxy.proxy, handle_switch, 255 | DEBUG | read b'\x04\x02\x00\x08\x00\x00\x00\x00'
2021-05-21 09:44:29,058 | 4460 | proxy.proxy, send_to_controller, 396 | DEBUG | sent data to controller: b'\x04\x02\x00\x08\x00\x00\x00\x00'
2021-05-21 09:44:29,059 | 4460 | proxy.proxy, send_to_controller, 74 | DEBUG | set data and sent to controller : b'\x04\x02\x00\x08\x00\x00\x00\x00'
2021-05-21 09:44:29,065 | 4460 | proxy.proxy, handle_switch, 252 | DEBUG | waiting data ......
2021-05-21 09:44:29,066 | 4460 | proxy.proxy, handle_controller, 362 | DEBUG | read b'\x04\x03\x00\x08\x00\x00\x00\x00'
2021-05-21 09:44:29,068 | 4460 | proxy.proxy, send_to_switch, 291 | DEBUG | sent data to switch: b'\x04\x03\x00\x08\x00\x00\x00\x00'
2021-05-21 09:44:29,079 | 4460 | proxy.proxy, send_to_switch, 92 | DEBUG | set data and sent to switch : b'\x04\x03\x00\x08\x00\x00\x00\x00'
2021-05-21 09:44:29,079 | 4460 | proxy.proxy, handle_controller, 360 | DEBUG | waiting data ......
2021-05-21 09:44:34,037 | 4460 | proxy.proxy, handle_switch, 255 | DEBUG | read b'\x04\x02\x00\x08\x00\x00\x00\x00'
2021-05-21 09:44:34,038 | 4460 | proxy.proxy, send_to_controller, 396 | DEBUG | sent data to controller: b'\x04\x02\x00\x08\x00\x00\x00\x00'
2021-05-21 09:44:34,040 | 4460 | proxy.proxy, send_to_controller, 74 | DEBUG | set data and sent to controller : b'\x04\x02\x00\x08\x00\x00\x00\x00'
2021-05-21 09:44:34,041 | 4460 | proxy.proxy, handle_switch, 252 | DEBUG | waiting data ......
2021-05-21 09:44:34,042 | 4460 | proxy.proxy, handle_controller, 362 | DEBUG | read b'\x04\x03\x00\x08\x00\x00\x00\x00'
2021-05-21 09:44:34,043 | 4460 | proxy.proxy, send_to_switch, 291 | DEBUG | sent data to switch: b'\x04\x03\x00\x08\x00\x00\x00\x00'
2021-05-21 09:44:34,043 | 4460 | proxy.proxy, send_to_switch, 92 | DEBUG | set data and sent to switch : b'\x04\x03\x00\x08\x00\x00\x00\x00'
2021-05-21 09:44:34,044 | 4460 | proxy.proxy, handle_controller, 360 | DEBUG | waiting data ......
2021-05-21 09:44:34,050 | 4460 | proxy.proxy, handle_switch, 255 | DEBUG | read b'\x04\x02\x00\x08\x00\x00\x00\x00'
2021-05-21 09:44:34,059 | 4460 | proxy.proxy, send_to_controller, 396 | DEBUG | sent data to controller: b'\x04\x02\x00\x08\x00\x00\x00\x00'
2021-05-21 09:44:34,060 | 4460 | proxy.proxy, send_to_controller, 74 | DEBUG | set data and sent to controller : b'\x04\x02\x00\x08\x00\x00\x00\x00'
2021-05-21 09:44:34,062 | 4460 | proxy.proxy, handle_switch, 252 | DEBUG | waiting data ......
2021-05-21 09:44:34,064 | 4460 | proxy.proxy, handle_controller, 362 | DEBUG | read b'\x04\x03\x00\x08\x00\x00\x00\x00'
2021-05-21 09:44:34,066 | 4460 | proxy.proxy, send_to_switch, 291 | DEBUG | sent data to switch: b'\x04\x03\x00\x08\x00\x00\x00\x00'
2021-05-21 09:44:34,079 | 4460 | proxy.proxy, send_to_switch, 92 | DEBUG | set data and sent to switch : b'\x04\x03\x00\x08\x00\x00\x00\x00'
2021-05-21 09:44:34,083 | 4460 | proxy.proxy, handle_controller, 360 | DEBUG | waiting data ......
2021-05-21 09:44:34,085 | 4460 | proxy.proxy, handle_switch, 255 | DEBUG | read b'\x04\x02\x00\x08\x00\x00\x00\x00'
2021-05-21 09:44:34,089 | 4460 | proxy.proxy, send_to_controller, 396 | DEBUG | sent data to controller: b'\x04\x02\x00\x08\x00\x00\x00\x00'
2021-05-21 09:44:34,092 | 4460 | proxy.proxy, send_to_controller, 74 | DEBUG | set data and sent to controller : b'\x04\x02\x00\x08\x00\x00\x00\x00'
2021-05-21 09:44:34,093 | 4460 | proxy.proxy, handle_switch, 252 | DEBUG | waiting data ......
2021-05-21 09:44:34,096 | 4460 | proxy.proxy, handle_controller, 362 | DEBUG | read b'\x04\x03\x00\x08\x00\x00\x00\x00'
2021-05-21 09:44:34,097 | 4460 | proxy.proxy, send_to_switch, 291 | DEBUG | sent data to switch: b'\x04\x03\x00\x08\x00\x00\x00\x00'
2021-05-21 09:44:34,099 | 4460 | proxy.proxy, send_to_switch, 92 | DEBUG | set data and sent to switch : b'\x04\x03\x00\x08\x00\x00\x00\x00'
2021-05-21 09:44:34,104 | 4460 | proxy.proxy, handle_controller, 360 | DEBUG | waiting data ......
2021-05-21 09:44:35,365 | 4460 | proxy.proxy, handle_switch, 255 | DEBUG | read b'\x04\n\x00\x8c\x00\x00\x00\x00\xff\xff\xff\xff\x00b\x00\x00\x00\x00\x00\x00\x00\x00\x00\x00\x00\x01\x00\x0c\x80\x00\x00\x04\x00\x00\x00\x02\x00\x00\x00\x00\x00\x00\xb6I\xf2G\xec\xe9z\xb6.G\xac$\x08\x00E\x00\x00T\x92U@\x00@\x01\x94L\n\x00\x00\x01\n\x00\x00\x07\x08\x00o\xc3\x11t\x00\x01s\x02\xa7`\x00\x00\x00\x00\x98\x91\x05\x00\x00\x00\x00\x00\x10\x11\x12\x13\x14\x15\x16\x17\x18\x19\x1a\x1b\x1c\x1d\x1e\x1f !"#$%&\'()*+,-./01234567'
2021-05-21 09:44:35,365 | 4460 | proxy.proxy, send_to_controller, 396 | DEBUG | sent data to controller: b'\x04\n\x00\x8c\x00\x00\x00\x00\xff\xff\xff\xff\x00b\x00\x00\x00\x00\x00\x00\x00\x00\x00\x00\x00\x01\x00\x0c\x80\x00\x00\x04\x00\x00\x00\x02\x00\x00\x00\x00\x00\x00\xb6I\xf2G\xec\xe9z\xb6.G\xac$\x08\x00E\x00\x00T\x92U@\x00@\x01\x94L\n\x00\x00\x01\n\x00\x00\x07\x08\x00o\xc3\x11t\x00\x01s\x02\xa7`\x00\x00\x00\x00\x98\x91\x05\x00\x00\x00\x00\x00\x10\x11\x12\x13\x14\x15\x16\x17\x18\x19\x1a\x1b\x1c\x1d\x1e\x1f !"#$%&\'()*+,-./01234567'
2021-05-21 09:44:35,366 | 4460 | proxy.proxy, send_to_controller, 74 | DEBUG | set data and sent to controller : b'\x04\n\x00\x8c\x00\x00\x00\x00\xff\xff\xff\xff\x00b\x00\x00\x00\x00\x00\x00\x00\x00\x00\x00\x00\x01\x00\x0c\x80\x00\x00\x04\x00\x00\x00\x02\x00\x00\x00\x00\x00\x00\xb6I\xf2G\xec\xe9z\xb6.G\xac$\x08\x00E\x00\x00T\x92U@\x00@\x01\x94L\n\x00\x00\x01\n\x00\x00\x07\x08\x00o\xc3\x11t\x00\x01s\x02\xa7`\x00\x00\x00\x00\x98\x91\x05\x00\x00\x00\x00\x00\x10\x11\x12\x13\x14\x15\x16\x17\x18\x19\x1a\x1b\x1c\x1d\x1e\x1f !"#$%&\'()*+,-./01234567'
2021-05-21 09:44:35,368 | 4460 | proxy.proxy, handle_switch, 252 | DEBUG | waiting data ......
2021-05-21 09:44:35,368 | 4460 | proxy.proxy, handle_controller, 362 | DEBUG | read b'\x04\x0e\x00`6\x1b\x82\x99\x00\x00\x00\x00\x00\x00\x00\x00\x00\x00\x00\x00\x00\x00\x00\x00\x00\x00\x00\x00\x00\x00\x00\x01\xff\xff\xff\xff\x00\x00\x00\x00\x00\x00\x00\x00\x00\x00\x00\x00\x00\x01\x00\x16\x80\x00\x00\x04\x00\x00\x00\x02\x80\x00\x06\x06\xb6I\xf2G\xec\xe9\x00\x00\x00\x04\x00\x18\x00\x00\x00\x00\x00\x00\x00\x10\x00\x00\x00\x01\xff\xe5\x00\x00\x00\x00\x00\x00\x04\r\x00\x8a6\x1b\x82\x9a\xff\xff\xff\xff\x00\x00\x00\x02\x00\x10\x00\x00\x00\x00\x00\x00\x00\x00\x00\x10\x00\x00\x00\x01\xff\xe5\x00\x00\x00\x00\x00\x00\xb6I\xf2G\xec\xe9z\xb6.G\xac$\x08\x00E\x00\x00T\x92U@\x00@\x01\x94L\n\x00\x00\x01\n\x00\x00\x07\x08\x00o\xc3\x11t\x00\x01s\x02\xa7`\x00\x00\x00\x00\x98\x91\x05\x00\x00\x00\x00\x00\x10\x11\x12\x13\x14\x15\x16\x17\x18\x19\x1a\x1b\x1c\x1d\x1e\x1f !"#$%&\'()*+,-./01234567'
2021-05-21 09:44:35,371 | 4460 | proxy.proxy, send_to_switch, 291 | DEBUG | sent data to switch: b'\x04\x0e\x00`6\x1b\x82\x99\x00\x00\x00\x00\x00\x00\x00\x00\x00\x00\x00\x00\x00\x00\x00\x00\x00\x00\x00\x00\x00\x00\x00\x01\xff\xff\xff\xff\x00\x00\x00\x00\x00\x00\x00\x00\x00\x00\x00\x00\x00\x01\x00\x16\x80\x00\x00\x04\x00\x00\x00\x02\x80\x00\x06\x06\xb6I\xf2G\xec\xe9\x00\x00\x00\x04\x00\x18\x00\x00\x00\x00\x00\x00\x00\x10\x00\x00\x00\x01\xff\xe5\x00\x00\x00\x00\x00\x00\x04\r\x00\x8a6\x1b\x82\x9a\xff\xff\xff\xff\x00\x00\x00\x02\x00\x10\x00\x00\x00\x00\x00\x00\x00\x00\x00\x10\x00\x00\x00\x01\xff\xe5\x00\x00\x00\x00\x00\x00\xb6I\xf2G\xec\xe9z\xb6.G\xac$\x08\x00E\x00\x00T\x92U@\x00@\x01\x94L\n\x00\x00\x01\n\x00\x00\x07\x08\x00o\xc3\x11t\x00\x01s\x02\xa7`\x00\x00\x00\x00\x98\x91\x05\x00\x00\x00\x00\x00\x10\x11\x12\x13\x14\x15\x16\x17\x18\x19\x1a\x1b\x1c\x1d\x1e\x1f !"#$%&\'()*+,-./01234567'
2021-05-21 09:44:35,373 | 4460 | proxy.proxy, send_to_switch, 92 | DEBUG | set data and sent to switch : b'\x04\x0e\x00`6\x1b\x82\x99\x00\x00\x00\x00\x00\x00\x00\x00\x00\x00\x00\x00\x00\x00\x00\x00\x00\x00\x00\x00\x00\x00\x00\x01\xff\xff\xff\xff\x00\x00\x00\x00\x00\x00\x00\x00\x00\x00\x00\x00\x00\x01\x00\x16\x80\x00\x00\x04\x00\x00\x00\x02\x80\x00\x06\x06\xb6I\xf2G\xec\xe9\x00\x00\x00\x04\x00\x18\x00\x00\x00\x00\x00\x00\x00\x10\x00\x00\x00\x01\xff\xe5\x00\x00\x00\x00\x00\x00\x04\r\x00\x8a6\x1b\x82\x9a\xff\xff\xff\xff\x00\x00\x00\x02\x00\x10\x00\x00\x00\x00\x00\x00\x00\x00\x00\x10\x00\x00\x00\x01\xff\xe5\x00\x00\x00\x00\x00\x00\xb6I\xf2G\xec\xe9z\xb6.G\xac$\x08\x00E\x00\x00T\x92U@\x00@\x01\x94L\n\x00\x00\x01\n\x00\x00\x07\x08\x00o\xc3\x11t\x00\x01s\x02\xa7`\x00\x00\x00\x00\x98\x91\x05\x00\x00\x00\x00\x00\x10\x11\x12\x13\x14\x15\x16\x17\x18\x19\x1a\x1b\x1c\x1d\x1e\x1f !"#$%&\'()*+,-./01234567'
2021-05-21 09:44:35,378 | 4460 | proxy.proxy, handle_controller, 360 | DEBUG | waiting data ......
2021-05-21 09:44:35,382 | 4460 | proxy.proxy, handle_switch, 255 | DEBUG | read b'\x04\n\x00\x8c\x00\x00\x00\x00\xff\xff\xff\xff\x00b\x00\x00\x00\x00\x00\x00\x00\x00\x00\x00\x00\x01\x00\x0c\x80\x00\x00\x04\x00\x00\x00\x02\x00\x00\x00\x00\x00\x00\xfeyS\xbeq\rz\xb6.G\xac$\x08\x00E\x00\x00T=\xcc@\x00@\x01\xe8\xd4\n\x00\x00\x01\n\x00\x00\x08\x08\x00\x86\x7f\x11u\x00\x01s\x02\xa7`\x00\x00\x00\x00\x81\xd4\x05\x00\x00\x00\x00\x00\x10\x11\x12\x13\x14\x15\x16\x17\x18\x19\x1a\x1b\x1c\x1d\x1e\x1f !"#$%&\'()*+,-./01234567'
2021-05-21 09:44:35,385 | 4460 | proxy.proxy, send_to_controller, 396 | DEBUG | sent data to controller: b'\x04\n\x00\x8c\x00\x00\x00\x00\xff\xff\xff\xff\x00b\x00\x00\x00\x00\x00\x00\x00\x00\x00\x00\x00\x01\x00\x0c\x80\x00\x00\x04\x00\x00\x00\x02\x00\x00\x00\x00\x00\x00\xfeyS\xbeq\rz\xb6.G\xac$\x08\x00E\x00\x00T=\xcc@\x00@\x01\xe8\xd4\n\x00\x00\x01\n\x00\x00\x08\x08\x00\x86\x7f\x11u\x00\x01s\x02\xa7`\x00\x00\x00\x00\x81\xd4\x05\x00\x00\x00\x00\x00\x10\x11\x12\x13\x14\x15\x16\x17\x18\x19\x1a\x1b\x1c\x1d\x1e\x1f !"#$%&\'()*+,-./01234567'
2021-05-21 09:44:35,385 | 4460 | proxy.proxy, send_to_controller, 74 | DEBUG | set data and sent to controller : b'\x04\n\x00\x8c\x00\x00\x00\x00\xff\xff\xff\xff\x00b\x00\x00\x00\x00\x00\x00\x00\x00\x00\x00\x00\x01\x00\x0c\x80\x00\x00\x04\x00\x00\x00\x02\x00\x00\x00\x00\x00\x00\xfeyS\xbeq\rz\xb6.G\xac$\x08\x00E\x00\x00T=\xcc@\x00@\x01\xe8\xd4\n\x00\x00\x01\n\x00\x00\x08\x08\x00\x86\x7f\x11u\x00\x01s\x02\xa7`\x00\x00\x00\x00\x81\xd4\x05\x00\x00\x00\x00\x00\x10\x11\x12\x13\x14\x15\x16\x17\x18\x19\x1a\x1b\x1c\x1d\x1e\x1f !"#$%&\'()*+,-./01234567'
2021-05-21 09:44:35,386 | 4460 | proxy.proxy, handle_switch, 252 | DEBUG | waiting data ......
2021-05-21 09:44:35,386 | 4460 | proxy.proxy, handle_controller, 362 | DEBUG | read b'\x04\x0e\x00`6\x1b\x82\x9b\x00\x00\x00\x00\x00\x00\x00\x00\x00\x00\x00\x00\x00\x00\x00\x00\x00\x00\x00\x00\x00\x00\x00\x01\xff\xff\xff\xff\x00\x00\x00\x00\x00\x00\x00\x00\x00\x00\x00\x00\x00\x01\x00\x16\x80\x00\x00\x04\x00\x00\x00\x02\x80\x00\x06\x06\xfeyS\xbeq\r\x00\x00\x00\x04\x00\x18\x00\x00\x00\x00\x00\x00\x00\x10\x00\x00\x00\x01\xff\xe5\x00\x00\x00\x00\x00\x00\x04\r\x00\x8a6\x1b\x82\x9c\xff\xff\xff\xff\x00\x00\x00\x02\x00\x10\x00\x00\x00\x00\x00\x00\x00\x00\x00\x10\x00\x00\x00\x01\xff\xe5\x00\x00\x00\x00\x00\x00\xfeyS\xbeq\rz\xb6.G\xac$\x08\x00E\x00\x00T=\xcc@\x00@\x01\xe8\xd4\n\x00\x00\x01\n\x00\x00\x08\x08\x00\x86\x7f\x11u\x00\x01s\x02\xa7`\x00\x00\x00\x00\x81\xd4\x05\x00\x00\x00\x00\x00\x10\x11\x12\x13\x14\x15\x16\x17\x18\x19\x1a\x1b\x1c\x1d\x1e\x1f !"#$%&\'()*+,-./01234567'
2021-05-21 09:44:35,390 | 4460 | proxy.proxy, send_to_switch, 291 | DEBUG | sent data to switch: b'\x04\x0e\x00`6\x1b\x82\x9b\x00\x00\x00\x00\x00\x00\x00\x00\x00\x00\x00\x00\x00\x00\x00\x00\x00\x00\x00\x00\x00\x00\x00\x01\xff\xff\xff\xff\x00\x00\x00\x00\x00\x00\x00\x00\x00\x00\x00\x00\x00\x01\x00\x16\x80\x00\x00\x04\x00\x00\x00\x02\x80\x00\x06\x06\xfeyS\xbeq\r\x00\x00\x00\x04\x00\x18\x00\x00\x00\x00\x00\x00\x00\x10\x00\x00\x00\x01\xff\xe5\x00\x00\x00\x00\x00\x00\x04\r\x00\x8a6\x1b\x82\x9c\xff\xff\xff\xff\x00\x00\x00\x02\x00\x10\x00\x00\x00\x00\x00\x00\x00\x00\x00\x10\x00\x00\x00\x01\xff\xe5\x00\x00\x00\x00\x00\x00\xfeyS\xbeq\rz\xb6.G\xac$\x08\x00E\x00\x00T=\xcc@\x00@\x01\xe8\xd4\n\x00\x00\x01\n\x00\x00\x08\x08\x00\x86\x7f\x11u\x00\x01s\x02\xa7`\x00\x00\x00\x00\x81\xd4\x05\x00\x00\x00\x00\x00\x10\x11\x12\x13\x14\x15\x16\x17\x18\x19\x1a\x1b\x1c\x1d\x1e\x1f !"#$%&\'()*+,-./01234567'
2021-05-21 09:44:35,398 | 4460 | proxy.proxy, send_to_switch, 92 | DEBUG | set data and sent to switch : b'\x04\x0e\x00`6\x1b\x82\x9b\x00\x00\x00\x00\x00\x00\x00\x00\x00\x00\x00\x00\x00\x00\x00\x00\x00\x00\x00\x00\x00\x00\x00\x01\xff\xff\xff\xff\x00\x00\x00\x00\x00\x00\x00\x00\x00\x00\x00\x00\x00\x01\x00\x16\x80\x00\x00\x04\x00\x00\x00\x02\x80\x00\x06\x06\xfeyS\xbeq\r\x00\x00\x00\x04\x00\x18\x00\x00\x00\x00\x00\x00\x00\x10\x00\x00\x00\x01\xff\xe5\x00\x00\x00\x00\x00\x00\x04\r\x00\x8a6\x1b\x82\x9c\xff\xff\xff\xff\x00\x00\x00\x02\x00\x10\x00\x00\x00\x00\x00\x00\x00\x00\x00\x10\x00\x00\x00\x01\xff\xe5\x00\x00\x00\x00\x00\x00\xfeyS\xbeq\rz\xb6.G\xac$\x08\x00E\x00\x00T=\xcc@\x00@\x01\xe8\xd4\n\x00\x00\x01\n\x00\x00\x08\x08\x00\x86\x7f\x11u\x00\x01s\x02\xa7`\x00\x00\x00\x00\x81\xd4\x05\x00\x00\x00\x00\x00\x10\x11\x12\x13\x14\x15\x16\x17\x18\x19\x1a\x1b\x1c\x1d\x1e\x1f !"#$%&\'()*+,-./01234567'
2021-05-21 09:44:35,398 | 4460 | proxy.proxy, handle_controller, 360 | DEBUG | waiting data ......
2021-05-21 09:44:35,404 | 4460 | proxy.proxy, handle_switch, 255 | DEBUG | read b'\x04\n\x00\x8c\x00\x00\x00\x00\xff\xff\xff\xff\x00b\x00\x00\x00\x00\x00\x00\x00\x00\x00\x00\x00\x01\x00\x0c\x80\x00\x00\x04\x00\x00\x00\x02\x00\x00\x00\x00\x00\x00\xea\xe8\xb8d\xddFz\xb6.G\xac$\x08\x00E\x00\x00T\xf1B@\x00@\x015]\n\x00\x00\x01\n\x00\x00\t\x08\x00J)\x11v\x00\x01s\x02\xa7`\x00\x00\x00\x00\xbd)\x06\x00\x00\x00\x00\x00\x10\x11\x12\x13\x14\x15\x16\x17\x18\x19\x1a\x1b\x1c\x1d\x1e\x1f !"#$%&\'()*+,-./01234567'
2021-05-21 09:44:35,405 | 4460 | proxy.proxy, send_to_controller, 396 | DEBUG | sent data to controller: b'\x04\n\x00\x8c\x00\x00\x00\x00\xff\xff\xff\xff\x00b\x00\x00\x00\x00\x00\x00\x00\x00\x00\x00\x00\x01\x00\x0c\x80\x00\x00\x04\x00\x00\x00\x02\x00\x00\x00\x00\x00\x00\xea\xe8\xb8d\xddFz\xb6.G\xac$\x08\x00E\x00\x00T\xf1B@\x00@\x015]\n\x00\x00\x01\n\x00\x00\t\x08\x00J)\x11v\x00\x01s\x02\xa7`\x00\x00\x00\x00\xbd)\x06\x00\x00\x00\x00\x00\x10\x11\x12\x13\x14\x15\x16\x17\x18\x19\x1a\x1b\x1c\x1d\x1e\x1f !"#$%&\'()*+,-./01234567'
2021-05-21 09:44:35,405 | 4460 | proxy.proxy, send_to_controller, 74 | DEBUG | set data and sent to controller : b'\x04\n\x00\x8c\x00\x00\x00\x00\xff\xff\xff\xff\x00b\x00\x00\x00\x00\x00\x00\x00\x00\x00\x00\x00\x01\x00\x0c\x80\x00\x00\x04\x00\x00\x00\x02\x00\x00\x00\x00\x00\x00\xea\xe8\xb8d\xddFz\xb6.G\xac$\x08\x00E\x00\x00T\xf1B@\x00@\x015]\n\x00\x00\x01\n\x00\x00\t\x08\x00J)\x11v\x00\x01s\x02\xa7`\x00\x00\x00\x00\xbd)\x06\x00\x00\x00\x00\x00\x10\x11\x12\x13\x14\x15\x16\x17\x18\x19\x1a\x1b\x1c\x1d\x1e\x1f !"#$%&\'()*+,-./01234567'
2021-05-21 09:44:35,407 | 4460 | proxy.proxy, handle_switch, 252 | DEBUG | waiting data ......
2021-05-21 09:44:35,409 | 4460 | proxy.proxy, handle_controller, 362 | DEBUG | read b'\x04\x0e\x00`6\x1b\x82\x9d\x00\x00\x00\x00\x00\x00\x00\x00\x00\x00\x00\x00\x00\x00\x00\x00\x00\x00\x00\x00\x00\x00\x00\x01\xff\xff\xff\xff\x00\x00\x00\x00\x00\x00\x00\x00\x00\x00\x00\x00\x00\x01\x00\x16\x80\x00\x00\x04\x00\x00\x00\x02\x80\x00\x06\x06\xea\xe8\xb8d\xddF\x00\x00\x00\x04\x00\x18\x00\x00\x00\x00\x00\x00\x00\x10\x00\x00\x00\x01\xff\xe5\x00\x00\x00\x00\x00\x00\x04\r\x00\x8a6\x1b\x82\x9e\xff\xff\xff\xff\x00\x00\x00\x02\x00\x10\x00\x00\x00\x00\x00\x00\x00\x00\x00\x10\x00\x00\x00\x01\xff\xe5\x00\x00\x00\x00\x00\x00\xea\xe8\xb8d\xddFz\xb6.G\xac$\x08\x00E\x00\x00T\xf1B@\x00@\x015]\n\x00\x00\x01\n\x00\x00\t\x08\x00J)\x11v\x00\x01s\x02\xa7`\x00\x00\x00\x00\xbd)\x06\x00\x00\x00\x00\x00\x10\x11\x12\x13\x14\x15\x16\x17\x18\x19\x1a\x1b\x1c\x1d\x1e\x1f !"#$%&\'()*+,-./01234567'
2021-05-21 09:44:35,414 | 4460 | proxy.proxy, send_to_switch, 291 | DEBUG | sent data to switch: b'\x04\x0e\x00`6\x1b\x82\x9d\x00\x00\x00\x00\x00\x00\x00\x00\x00\x00\x00\x00\x00\x00\x00\x00\x00\x00\x00\x00\x00\x00\x00\x01\xff\xff\xff\xff\x00\x00\x00\x00\x00\x00\x00\x00\x00\x00\x00\x00\x00\x01\x00\x16\x80\x00\x00\x04\x00\x00\x00\x02\x80\x00\x06\x06\xea\xe8\xb8d\xddF\x00\x00\x00\x04\x00\x18\x00\x00\x00\x00\x00\x00\x00\x10\x00\x00\x00\x01\xff\xe5\x00\x00\x00\x00\x00\x00\x04\r\x00\x8a6\x1b\x82\x9e\xff\xff\xff\xff\x00\x00\x00\x02\x00\x10\x00\x00\x00\x00\x00\x00\x00\x00\x00\x10\x00\x00\x00\x01\xff\xe5\x00\x00\x00\x00\x00\x00\xea\xe8\xb8d\xddFz\xb6.G\xac$\x08\x00E\x00\x00T\xf1B@\x00@\x015]\n\x00\x00\x01\n\x00\x00\t\x08\x00J)\x11v\x00\x01s\x02\xa7`\x00\x00\x00\x00\xbd)\x06\x00\x00\x00\x00\x00\x10\x11\x12\x13\x14\x15\x16\x17\x18\x19\x1a\x1b\x1c\x1d\x1e\x1f !"#$%&\'()*+,-./01234567'
2021-05-21 09:44:35,416 | 4460 | proxy.proxy, send_to_switch, 92 | DEBUG | set data and sent to switch : b'\x04\x0e\x00`6\x1b\x82\x9d\x00\x00\x00\x00\x00\x00\x00\x00\x00\x00\x00\x00\x00\x00\x00\x00\x00\x00\x00\x00\x00\x00\x00\x01\xff\xff\xff\xff\x00\x00\x00\x00\x00\x00\x00\x00\x00\x00\x00\x00\x00\x01\x00\x16\x80\x00\x00\x04\x00\x00\x00\x02\x80\x00\x06\x06\xea\xe8\xb8d\xddF\x00\x00\x00\x04\x00\x18\x00\x00\x00\x00\x00\x00\x00\x10\x00\x00\x00\x01\xff\xe5\x00\x00\x00\x00\x00\x00\x04\r\x00\x8a6\x1b\x82\x9e\xff\xff\xff\xff\x00\x00\x00\x02\x00\x10\x00\x00\x00\x00\x00\x00\x00\x00\x00\x10\x00\x00\x00\x01\xff\xe5\x00\x00\x00\x00\x00\x00\xea\xe8\xb8d\xddFz\xb6.G\xac$\x08\x00E\x00\x00T\xf1B@\x00@\x015]\n\x00\x00\x01\n\x00\x00\t\x08\x00J)\x11v\x00\x01s\x02\xa7`\x00\x00\x00\x00\xbd)\x06\x00\x00\x00\x00\x00\x10\x11\x12\x13\x14\x15\x16\x17\x18\x19\x1a\x1b\x1c\x1d\x1e\x1f !"#$%&\'()*+,-./01234567'
2021-05-21 09:44:35,416 | 4460 | proxy.proxy, handle_controller, 360 | DEBUG | waiting data ......
2021-05-21 09:44:35,417 | 4460 | proxy.proxy, handle_switch, 255 | DEBUG | read b'\x04\n\x00\x8c\x00\x00\x00\x00\xff\xff\xff\xff\x00b\x00\x00\x00\x00\x00\x00\x00\x00\x00\x00\x00\x01\x00\x0c\x80\x00\x00\x04\x00\x00\x00\x02\x00\x00\x00\x00\x00\x00\x8e\n\x9c\xb9+\xb8z\xb6.G\xac$\x08\x00E\x00\x00T{w@\x00@\x01\xab\'\n\x00\x00\x01\n\x00\x00\n\x08\x00\xdd\xfb\x11w\x00\x01s\x02\xa7`\x00\x00\x00\x00)V\x06\x00\x00\x00\x00\x00\x10\x11\x12\x13\x14\x15\x16\x17\x18\x19\x1a\x1b\x1c\x1d\x1e\x1f !"#$%&\'()*+,-./01234567'
2021-05-21 09:44:35,429 | 4460 | proxy.proxy, send_to_controller, 396 | DEBUG | sent data to controller: b'\x04\n\x00\x8c\x00\x00\x00\x00\xff\xff\xff\xff\x00b\x00\x00\x00\x00\x00\x00\x00\x00\x00\x00\x00\x01\x00\x0c\x80\x00\x00\x04\x00\x00\x00\x02\x00\x00\x00\x00\x00\x00\x8e\n\x9c\xb9+\xb8z\xb6.G\xac$\x08\x00E\x00\x00T{w@\x00@\x01\xab\'\n\x00\x00\x01\n\x00\x00\n\x08\x00\xdd\xfb\x11w\x00\x01s\x02\xa7`\x00\x00\x00\x00)V\x06\x00\x00\x00\x00\x00\x10\x11\x12\x13\x14\x15\x16\x17\x18\x19\x1a\x1b\x1c\x1d\x1e\x1f !"#$%&\'()*+,-./01234567'
2021-05-21 09:44:35,431 | 4460 | proxy.proxy, send_to_controller, 74 | DEBUG | set data and sent to controller : b'\x04\n\x00\x8c\x00\x00\x00\x00\xff\xff\xff\xff\x00b\x00\x00\x00\x00\x00\x00\x00\x00\x00\x00\x00\x01\x00\x0c\x80\x00\x00\x04\x00\x00\x00\x02\x00\x00\x00\x00\x00\x00\x8e\n\x9c\xb9+\xb8z\xb6.G\xac$\x08\x00E\x00\x00T{w@\x00@\x01\xab\'\n\x00\x00\x01\n\x00\x00\n\x08\x00\xdd\xfb\x11w\x00\x01s\x02\xa7`\x00\x00\x00\x00)V\x06\x00\x00\x00\x00\x00\x10\x11\x12\x13\x14\x15\x16\x17\x18\x19\x1a\x1b\x1c\x1d\x1e\x1f !"#$%&\'()*+,-./01234567'
2021-05-21 09:44:35,433 | 4460 | proxy.proxy, handle_switch, 252 | DEBUG | waiting data ......
2021-05-21 09:44:35,434 | 4460 | proxy.proxy, handle_controller, 362 | DEBUG | read b'\x04\x0e\x00`6\x1b\x82\x9f\x00\x00\x00\x00\x00\x00\x00\x00\x00\x00\x00\x00\x00\x00\x00\x00\x00\x00\x00\x00\x00\x00\x00\x01\xff\xff\xff\xff\x00\x00\x00\x00\x00\x00\x00\x00\x00\x00\x00\x00\x00\x01\x00\x16\x80\x00\x00\x04\x00\x00\x00\x02\x80\x00\x06\x06\x8e\n\x9c\xb9+\xb8\x00\x00\x00\x04\x00\x18\x00\x00\x00\x00\x00\x00\x00\x10\x00\x00\x00\x01\xff\xe5\x00\x00\x00\x00\x00\x00\x04\r\x00\x8a6\x1b\x82\xa0\xff\xff\xff\xff\x00\x00\x00\x02\x00\x10\x00\x00\x00\x00\x00\x00\x00\x00\x00\x10\x00\x00\x00\x01\xff\xe5\x00\x00\x00\x00\x00\x00\x8e\n\x9c\xb9+\xb8z\xb6.G\xac$\x08\x00E\x00\x00T{w@\x00@\x01\xab\'\n\x00\x00\x01\n\x00\x00\n\x08\x00\xdd\xfb\x11w\x00\x01s\x02\xa7`\x00\x00\x00\x00)V\x06\x00\x00\x00\x00\x00\x10\x11\x12\x13\x14\x15\x16\x17\x18\x19\x1a\x1b\x1c\x1d\x1e\x1f !"#$%&\'()*+,-./01234567'
2021-05-21 09:44:35,442 | 4460 | proxy.proxy, send_to_switch, 291 | DEBUG | sent data to switch: b'\x04\x0e\x00`6\x1b\x82\x9f\x00\x00\x00\x00\x00\x00\x00\x00\x00\x00\x00\x00\x00\x00\x00\x00\x00\x00\x00\x00\x00\x00\x00\x01\xff\xff\xff\xff\x00\x00\x00\x00\x00\x00\x00\x00\x00\x00\x00\x00\x00\x01\x00\x16\x80\x00\x00\x04\x00\x00\x00\x02\x80\x00\x06\x06\x8e\n\x9c\xb9+\xb8\x00\x00\x00\x04\x00\x18\x00\x00\x00\x00\x00\x00\x00\x10\x00\x00\x00\x01\xff\xe5\x00\x00\x00\x00\x00\x00\x04\r\x00\x8a6\x1b\x82\xa0\xff\xff\xff\xff\x00\x00\x00\x02\x00\x10\x00\x00\x00\x00\x00\x00\x00\x00\x00\x10\x00\x00\x00\x01\xff\xe5\x00\x00\x00\x00\x00\x00\x8e\n\x9c\xb9+\xb8z\xb6.G\xac$\x08\x00E\x00\x00T{w@\x00@\x01\xab\'\n\x00\x00\x01\n\x00\x00\n\x08\x00\xdd\xfb\x11w\x00\x01s\x02\xa7`\x00\x00\x00\x00)V\x06\x00\x00\x00\x00\x00\x10\x11\x12\x13\x14\x15\x16\x17\x18\x19\x1a\x1b\x1c\x1d\x1e\x1f !"#$%&\'()*+,-./01234567'
2021-05-21 09:44:35,445 | 4460 | proxy.proxy, send_to_switch, 92 | DEBUG | set data and sent to switch : b'\x04\x0e\x00`6\x1b\x82\x9f\x00\x00\x00\x00\x00\x00\x00\x00\x00\x00\x00\x00\x00\x00\x00\x00\x00\x00\x00\x00\x00\x00\x00\x01\xff\xff\xff\xff\x00\x00\x00\x00\x00\x00\x00\x00\x00\x00\x00\x00\x00\x01\x00\x16\x80\x00\x00\x04\x00\x00\x00\x02\x80\x00\x06\x06\x8e\n\x9c\xb9+\xb8\x00\x00\x00\x04\x00\x18\x00\x00\x00\x00\x00\x00\x00\x10\x00\x00\x00\x01\xff\xe5\x00\x00\x00\x00\x00\x00\x04\r\x00\x8a6\x1b\x82\xa0\xff\xff\xff\xff\x00\x00\x00\x02\x00\x10\x00\x00\x00\x00\x00\x00\x00\x00\x00\x10\x00\x00\x00\x01\xff\xe5\x00\x00\x00\x00\x00\x00\x8e\n\x9c\xb9+\xb8z\xb6.G\xac$\x08\x00E\x00\x00T{w@\x00@\x01\xab\'\n\x00\x00\x01\n\x00\x00\n\x08\x00\xdd\xfb\x11w\x00\x01s\x02\xa7`\x00\x00\x00\x00)V\x06\x00\x00\x00\x00\x00\x10\x11\x12\x13\x14\x15\x16\x17\x18\x19\x1a\x1b\x1c\x1d\x1e\x1f !"#$%&\'()*+,-./01234567'
2021-05-21 09:44:35,454 | 4460 | proxy.proxy, handle_controller, 360 | DEBUG | waiting data ......
2021-05-21 09:44:35,458 | 4460 | proxy.proxy, handle_switch, 255 | DEBUG | read b'\x04\n\x00\x8c\x00\x00\x00\x00\xff\xff\xff\xff\x00b\x00\x00\x00\x00\x00\x00\x00\x00\x00\x00\x00\x01\x00\x0c\x80\x00\x00\x04\x00\x00\x00\x02\x00\x00\x00\x00\x00\x00~W\xcf\xa0\xf2\xe4z\xb6.G\xac$\x08\x00E\x00\x00T\xde\xdd@\x00@\x01G\xbf\n\x00\x00\x01\n\x00\x00\x0c\x08\x00\xa2R\x11y\x00\x01s\x02\xa7`\x00\x00\x00\x00d\xfd\x06\x00\x00\x00\x00\x00\x10\x11\x12\x13\x14\x15\x16\x17\x18\x19\x1a\x1b\x1c\x1d\x1e\x1f !"#$%&\'()*+,-./01234567'
2021-05-21 09:44:35,459 | 4460 | proxy.proxy, send_to_controller, 396 | DEBUG | sent data to controller: b'\x04\n\x00\x8c\x00\x00\x00\x00\xff\xff\xff\xff\x00b\x00\x00\x00\x00\x00\x00\x00\x00\x00\x00\x00\x01\x00\x0c\x80\x00\x00\x04\x00\x00\x00\x02\x00\x00\x00\x00\x00\x00~W\xcf\xa0\xf2\xe4z\xb6.G\xac$\x08\x00E\x00\x00T\xde\xdd@\x00@\x01G\xbf\n\x00\x00\x01\n\x00\x00\x0c\x08\x00\xa2R\x11y\x00\x01s\x02\xa7`\x00\x00\x00\x00d\xfd\x06\x00\x00\x00\x00\x00\x10\x11\x12\x13\x14\x15\x16\x17\x18\x19\x1a\x1b\x1c\x1d\x1e\x1f !"#$%&\'()*+,-./01234567'
2021-05-21 09:44:35,462 | 4460 | proxy.proxy, send_to_controller, 74 | DEBUG | set data and sent to controller : b'\x04\n\x00\x8c\x00\x00\x00\x00\xff\xff\xff\xff\x00b\x00\x00\x00\x00\x00\x00\x00\x00\x00\x00\x00\x01\x00\x0c\x80\x00\x00\x04\x00\x00\x00\x02\x00\x00\x00\x00\x00\x00~W\xcf\xa0\xf2\xe4z\xb6.G\xac$\x08\x00E\x00\x00T\xde\xdd@\x00@\x01G\xbf\n\x00\x00\x01\n\x00\x00\x0c\x08\x00\xa2R\x11y\x00\x01s\x02\xa7`\x00\x00\x00\x00d\xfd\x06\x00\x00\x00\x00\x00\x10\x11\x12\x13\x14\x15\x16\x17\x18\x19\x1a\x1b\x1c\x1d\x1e\x1f !"#$%&\'()*+,-./01234567'
2021-05-21 09:44:35,463 | 4460 | proxy.proxy, handle_switch, 252 | DEBUG | waiting data ......
2021-05-21 09:44:35,463 | 4460 | proxy.proxy, handle_controller, 362 | DEBUG | read b'\x04\x0e\x00`6\x1b\x82\xa1\x00\x00\x00\x00\x00\x00\x00\x00\x00\x00\x00\x00\x00\x00\x00\x00\x00\x00\x00\x00\x00\x00\x00\x01\xff\xff\xff\xff\x00\x00\x00\x00\x00\x00\x00\x00\x00\x00\x00\x00\x00\x01\x00\x16\x80\x00\x00\x04\x00\x00\x00\x02\x80\x00\x06\x06~W\xcf\xa0\xf2\xe4\x00\x00\x00\x04\x00\x18\x00\x00\x00\x00\x00\x00\x00\x10\x00\x00\x00\x01\xff\xe5\x00\x00\x00\x00\x00\x00\x04\r\x00\x8a6\x1b\x82\xa2\xff\xff\xff\xff\x00\x00\x00\x02\x00\x10\x00\x00\x00\x00\x00\x00\x00\x00\x00\x10\x00\x00\x00\x01\xff\xe5\x00\x00\x00\x00\x00\x00~W\xcf\xa0\xf2\xe4z\xb6.G\xac$\x08\x00E\x00\x00T\xde\xdd@\x00@\x01G\xbf\n\x00\x00\x01\n\x00\x00\x0c\x08\x00\xa2R\x11y\x00\x01s\x02\xa7`\x00\x00\x00\x00d\xfd\x06\x00\x00\x00\x00\x00\x10\x11\x12\x13\x14\x15\x16\x17\x18\x19\x1a\x1b\x1c\x1d\x1e\x1f !"#$%&\'()*+,-./01234567'
2021-05-21 09:44:35,464 | 4460 | proxy.proxy, send_to_switch, 291 | DEBUG | sent data to switch: b'\x04\x0e\x00`6\x1b\x82\xa1\x00\x00\x00\x00\x00\x00\x00\x00\x00\x00\x00\x00\x00\x00\x00\x00\x00\x00\x00\x00\x00\x00\x00\x01\xff\xff\xff\xff\x00\x00\x00\x00\x00\x00\x00\x00\x00\x00\x00\x00\x00\x01\x00\x16\x80\x00\x00\x04\x00\x00\x00\x02\x80\x00\x06\x06~W\xcf\xa0\xf2\xe4\x00\x00\x00\x04\x00\x18\x00\x00\x00\x00\x00\x00\x00\x10\x00\x00\x00\x01\xff\xe5\x00\x00\x00\x00\x00\x00\x04\r\x00\x8a6\x1b\x82\xa2\xff\xff\xff\xff\x00\x00\x00\x02\x00\x10\x00\x00\x00\x00\x00\x00\x00\x00\x00\x10\x00\x00\x00\x01\xff\xe5\x00\x00\x00\x00\x00\x00~W\xcf\xa0\xf2\xe4z\xb6.G\xac$\x08\x00E\x00\x00T\xde\xdd@\x00@\x01G\xbf\n\x00\x00\x01\n\x00\x00\x0c\x08\x00\xa2R\x11y\x00\x01s\x02\xa7`\x00\x00\x00\x00d\xfd\x06\x00\x00\x00\x00\x00\x10\x11\x12\x13\x14\x15\x16\x17\x18\x19\x1a\x1b\x1c\x1d\x1e\x1f !"#$%&\'()*+,-./01234567'
2021-05-21 09:44:35,465 | 4460 | proxy.proxy, send_to_switch, 92 | DEBUG | set data and sent to switch : b'\x04\x0e\x00`6\x1b\x82\xa1\x00\x00\x00\x00\x00\x00\x00\x00\x00\x00\x00\x00\x00\x00\x00\x00\x00\x00\x00\x00\x00\x00\x00\x01\xff\xff\xff\xff\x00\x00\x00\x00\x00\x00\x00\x00\x00\x00\x00\x00\x00\x01\x00\x16\x80\x00\x00\x04\x00\x00\x00\x02\x80\x00\x06\x06~W\xcf\xa0\xf2\xe4\x00\x00\x00\x04\x00\x18\x00\x00\x00\x00\x00\x00\x00\x10\x00\x00\x00\x01\xff\xe5\x00\x00\x00\x00\x00\x00\x04\r\x00\x8a6\x1b\x82\xa2\xff\xff\xff\xff\x00\x00\x00\x02\x00\x10\x00\x00\x00\x00\x00\x00\x00\x00\x00\x10\x00\x00\x00\x01\xff\xe5\x00\x00\x00\x00\x00\x00~W\xcf\xa0\xf2\xe4z\xb6.G\xac$\x08\x00E\x00\x00T\xde\xdd@\x00@\x01G\xbf\n\x00\x00\x01\n\x00\x00\x0c\x08\x00\xa2R\x11y\x00\x01s\x02\xa7`\x00\x00\x00\x00d\xfd\x06\x00\x00\x00\x00\x00\x10\x11\x12\x13\x14\x15\x16\x17\x18\x19\x1a\x1b\x1c\x1d\x1e\x1f !"#$%&\'()*+,-./01234567'
2021-05-21 09:44:35,466 | 4460 | proxy.proxy, handle_controller, 360 | DEBUG | waiting data ......
2021-05-21 09:44:35,466 | 4460 | proxy.proxy, handle_switch, 255 | DEBUG | read b'\x04\n\x00\x8c\x00\x00\x00\x00\xff\xff\xff\xff\x00b\x00\x00\x00\x00\x00\x00\x00\x00\x00\x00\x00\x01\x00\x0c\x80\x00\x00\x04\x00\x00\x00\x01\x00\x00\x00\x00\x00\x00~W\xcf\xa0\xf2\xe4z\xb6.G\xac$\x08\x00E\x00\x00T\xde\xdd@\x00@\x01G\xbf\n\x00\x00\x01\n\x00\x00\x0c\x08\x00\xa2R\x11y\x00\x01s\x02\xa7`\x00\x00\x00\x00d\xfd\x06\x00\x00\x00\x00\x00\x10\x11\x12\x13\x14\x15\x16\x17\x18\x19\x1a\x1b\x1c\x1d\x1e\x1f !"#$%&\'()*+,-./01234567'
2021-05-21 09:44:35,470 | 4460 | proxy.proxy, send_to_controller, 396 | DEBUG | sent data to controller: b'\x04\n\x00\x8c\x00\x00\x00\x00\xff\xff\xff\xff\x00b\x00\x00\x00\x00\x00\x00\x00\x00\x00\x00\x00\x01\x00\x0c\x80\x00\x00\x04\x00\x00\x00\x01\x00\x00\x00\x00\x00\x00~W\xcf\xa0\xf2\xe4z\xb6.G\xac$\x08\x00E\x00\x00T\xde\xdd@\x00@\x01G\xbf\n\x00\x00\x01\n\x00\x00\x0c\x08\x00\xa2R\x11y\x00\x01s\x02\xa7`\x00\x00\x00\x00d\xfd\x06\x00\x00\x00\x00\x00\x10\x11\x12\x13\x14\x15\x16\x17\x18\x19\x1a\x1b\x1c\x1d\x1e\x1f !"#$%&\'()*+,-./01234567'
2021-05-21 09:44:35,470 | 4460 | proxy.proxy, send_to_controller, 74 | DEBUG | set data and sent to controller : b'\x04\n\x00\x8c\x00\x00\x00\x00\xff\xff\xff\xff\x00b\x00\x00\x00\x00\x00\x00\x00\x00\x00\x00\x00\x01\x00\x0c\x80\x00\x00\x04\x00\x00\x00\x01\x00\x00\x00\x00\x00\x00~W\xcf\xa0\xf2\xe4z\xb6.G\xac$\x08\x00E\x00\x00T\xde\xdd@\x00@\x01G\xbf\n\x00\x00\x01\n\x00\x00\x0c\x08\x00\xa2R\x11y\x00\x01s\x02\xa7`\x00\x00\x00\x00d\xfd\x06\x00\x00\x00\x00\x00\x10\x11\x12\x13\x14\x15\x16\x17\x18\x19\x1a\x1b\x1c\x1d\x1e\x1f !"#$%&\'()*+,-./01234567'
2021-05-21 09:44:35,471 | 4460 | proxy.proxy, handle_switch, 252 | DEBUG | waiting data ......
2021-05-21 09:44:35,471 | 4460 | proxy.proxy, handle_controller, 362 | DEBUG | read b'\x04\x0e\x00`tkQx\x00\x00\x00\x00\x00\x00\x00\x00\x00\x00\x00\x00\x00\x00\x00\x00\x00\x00\x00\x00\x00\x00\x00\x01\xff\xff\xff\xff\x00\x00\x00\x00\x00\x00\x00\x00\x00\x00\x00\x00\x00\x01\x00\x16\x80\x00\x00\x04\x00\x00\x00\x01\x80\x00\x06\x06~W\xcf\xa0\xf2\xe4\x00\x00\x00\x04\x00\x18\x00\x00\x00\x00\x00\x00\x00\x10\x00\x00\x00\x02\xff\xe5\x00\x00\x00\x00\x00\x00\x04\r\x00\x8atkQy\xff\xff\xff\xff\x00\x00\x00\x01\x00\x10\x00\x00\x00\x00\x00\x00\x00\x00\x00\x10\x00\x00\x00\x02\xff\xe5\x00\x00\x00\x00\x00\x00~W\xcf\xa0\xf2\xe4z\xb6.G\xac$\x08\x00E\x00\x00T\xde\xdd@\x00@\x01G\xbf\n\x00\x00\x01\n\x00\x00\x0c\x08\x00\xa2R\x11y\x00\x01s\x02\xa7`\x00\x00\x00\x00d\xfd\x06\x00\x00\x00\x00\x00\x10\x11\x12\x13\x14\x15\x16\x17\x18\x19\x1a\x1b\x1c\x1d\x1e\x1f !"#$%&\'()*+,-./01234567'
2021-05-21 09:44:35,476 | 4460 | proxy.proxy, send_to_switch, 291 | DEBUG | sent data to switch: b'\x04\x0e\x00`tkQx\x00\x00\x00\x00\x00\x00\x00\x00\x00\x00\x00\x00\x00\x00\x00\x00\x00\x00\x00\x00\x00\x00\x00\x01\xff\xff\xff\xff\x00\x00\x00\x00\x00\x00\x00\x00\x00\x00\x00\x00\x00\x01\x00\x16\x80\x00\x00\x04\x00\x00\x00\x01\x80\x00\x06\x06~W\xcf\xa0\xf2\xe4\x00\x00\x00\x04\x00\x18\x00\x00\x00\x00\x00\x00\x00\x10\x00\x00\x00\x02\xff\xe5\x00\x00\x00\x00\x00\x00\x04\r\x00\x8atkQy\xff\xff\xff\xff\x00\x00\x00\x01\x00\x10\x00\x00\x00\x00\x00\x00\x00\x00\x00\x10\x00\x00\x00\x02\xff\xe5\x00\x00\x00\x00\x00\x00~W\xcf\xa0\xf2\xe4z\xb6.G\xac$\x08\x00E\x00\x00T\xde\xdd@\x00@\x01G\xbf\n\x00\x00\x01\n\x00\x00\x0c\x08\x00\xa2R\x11y\x00\x01s\x02\xa7`\x00\x00\x00\x00d\xfd\x06\x00\x00\x00\x00\x00\x10\x11\x12\x13\x14\x15\x16\x17\x18\x19\x1a\x1b\x1c\x1d\x1e\x1f !"#$%&\'()*+,-./01234567'
2021-05-21 09:44:35,478 | 4460 | proxy.proxy, send_to_switch, 92 | DEBUG | set data and sent to switch : b'\x04\x0e\x00`tkQx\x00\x00\x00\x00\x00\x00\x00\x00\x00\x00\x00\x00\x00\x00\x00\x00\x00\x00\x00\x00\x00\x00\x00\x01\xff\xff\xff\xff\x00\x00\x00\x00\x00\x00\x00\x00\x00\x00\x00\x00\x00\x01\x00\x16\x80\x00\x00\x04\x00\x00\x00\x01\x80\x00\x06\x06~W\xcf\xa0\xf2\xe4\x00\x00\x00\x04\x00\x18\x00\x00\x00\x00\x00\x00\x00\x10\x00\x00\x00\x02\xff\xe5\x00\x00\x00\x00\x00\x00\x04\r\x00\x8atkQy\xff\xff\xff\xff\x00\x00\x00\x01\x00\x10\x00\x00\x00\x00\x00\x00\x00\x00\x00\x10\x00\x00\x00\x02\xff\xe5\x00\x00\x00\x00\x00\x00~W\xcf\xa0\xf2\xe4z\xb6.G\xac$\x08\x00E\x00\x00T\xde\xdd@\x00@\x01G\xbf\n\x00\x00\x01\n\x00\x00\x0c\x08\x00\xa2R\x11y\x00\x01s\x02\xa7`\x00\x00\x00\x00d\xfd\x06\x00\x00\x00\x00\x00\x10\x11\x12\x13\x14\x15\x16\x17\x18\x19\x1a\x1b\x1c\x1d\x1e\x1f !"#$%&\'()*+,-./01234567'
2021-05-21 09:44:35,478 | 4460 | proxy.proxy, handle_controller, 360 | DEBUG | waiting data ......
2021-05-21 09:44:35,479 | 4460 | proxy.proxy, handle_switch, 255 | DEBUG | read b'\x04\n\x00\x8c\x00\x00\x00\x00\xff\xff\xff\xff\x00b\x00\x00\x00\x00\x00\x00\x00\x00\x00\x00\x00\x01\x00\x0c\x80\x00\x00\x04\x00\x00\x00\x02\x00\x00\x00\x00\x00\x006\xe9\xdf\x07\xec\x88z\xb6.G\xac$\x08\x00E\x00\x00Ty\xb6@\x00@\x01\xac\xe5\n\x00\x00\x01\n\x00\x00\r\x08\x00\xe9\x0c\x11z\x00\x01s\x02\xa7`\x00\x00\x00\x00\x1dB\x07\x00\x00\x00\x00\x00\x10\x11\x12\x13\x14\x15\x16\x17\x18\x19\x1a\x1b\x1c\x1d\x1e\x1f !"#$%&\'()*+,-./01234567'
2021-05-21 09:44:35,481 | 4460 | proxy.proxy, send_to_controller, 396 | DEBUG | sent data to controller: b'\x04\n\x00\x8c\x00\x00\x00\x00\xff\xff\xff\xff\x00b\x00\x00\x00\x00\x00\x00\x00\x00\x00\x00\x00\x01\x00\x0c\x80\x00\x00\x04\x00\x00\x00\x02\x00\x00\x00\x00\x00\x006\xe9\xdf\x07\xec\x88z\xb6.G\xac$\x08\x00E\x00\x00Ty\xb6@\x00@\x01\xac\xe5\n\x00\x00\x01\n\x00\x00\r\x08\x00\xe9\x0c\x11z\x00\x01s\x02\xa7`\x00\x00\x00\x00\x1dB\x07\x00\x00\x00\x00\x00\x10\x11\x12\x13\x14\x15\x16\x17\x18\x19\x1a\x1b\x1c\x1d\x1e\x1f !"#$%&\'()*+,-./01234567'
2021-05-21 09:44:35,482 | 4460 | proxy.proxy, send_to_controller, 74 | DEBUG | set data and sent to controller : b'\x04\n\x00\x8c\x00\x00\x00\x00\xff\xff\xff\xff\x00b\x00\x00\x00\x00\x00\x00\x00\x00\x00\x00\x00\x01\x00\x0c\x80\x00\x00\x04\x00\x00\x00\x02\x00\x00\x00\x00\x00\x006\xe9\xdf\x07\xec\x88z\xb6.G\xac$\x08\x00E\x00\x00Ty\xb6@\x00@\x01\xac\xe5\n\x00\x00\x01\n\x00\x00\r\x08\x00\xe9\x0c\x11z\x00\x01s\x02\xa7`\x00\x00\x00\x00\x1dB\x07\x00\x00\x00\x00\x00\x10\x11\x12\x13\x14\x15\x16\x17\x18\x19\x1a\x1b\x1c\x1d\x1e\x1f !"#$%&\'()*+,-./01234567'
2021-05-21 09:44:35,482 | 4460 | proxy.proxy, handle_switch, 252 | DEBUG | waiting data ......
2021-05-21 09:44:35,483 | 4460 | proxy.proxy, handle_controller, 362 | DEBUG | read b'\x04\x0e\x00`6\x1b\x82\xa3\x00\x00\x00\x00\x00\x00\x00\x00\x00\x00\x00\x00\x00\x00\x00\x00\x00\x00\x00\x00\x00\x00\x00\x01\xff\xff\xff\xff\x00\x00\x00\x00\x00\x00\x00\x00\x00\x00\x00\x00\x00\x01\x00\x16\x80\x00\x00\x04\x00\x00\x00\x02\x80\x00\x06\x066\xe9\xdf\x07\xec\x88\x00\x00\x00\x04\x00\x18\x00\x00\x00\x00\x00\x00\x00\x10\x00\x00\x00\x01\xff\xe5\x00\x00\x00\x00\x00\x00\x04\r\x00\x8a6\x1b\x82\xa4\xff\xff\xff\xff\x00\x00\x00\x02\x00\x10\x00\x00\x00\x00\x00\x00\x00\x00\x00\x10\x00\x00\x00\x01\xff\xe5\x00\x00\x00\x00\x00\x006\xe9\xdf\x07\xec\x88z\xb6.G\xac$\x08\x00E\x00\x00Ty\xb6@\x00@\x01\xac\xe5\n\x00\x00\x01\n\x00\x00\r\x08\x00\xe9\x0c\x11z\x00\x01s\x02\xa7`\x00\x00\x00\x00\x1dB\x07\x00\x00\x00\x00\x00\x10\x11\x12\x13\x14\x15\x16\x17\x18\x19\x1a\x1b\x1c\x1d\x1e\x1f !"#$%&\'()*+,-./01234567'
2021-05-21 09:44:35,488 | 4460 | proxy.proxy, send_to_switch, 291 | DEBUG | sent data to switch: b'\x04\x0e\x00`6\x1b\x82\xa3\x00\x00\x00\x00\x00\x00\x00\x00\x00\x00\x00\x00\x00\x00\x00\x00\x00\x00\x00\x00\x00\x00\x00\x01\xff\xff\xff\xff\x00\x00\x00\x00\x00\x00\x00\x00\x00\x00\x00\x00\x00\x01\x00\x16\x80\x00\x00\x04\x00\x00\x00\x02\x80\x00\x06\x066\xe9\xdf\x07\xec\x88\x00\x00\x00\x04\x00\x18\x00\x00\x00\x00\x00\x00\x00\x10\x00\x00\x00\x01\xff\xe5\x00\x00\x00\x00\x00\x00\x04\r\x00\x8a6\x1b\x82\xa4\xff\xff\xff\xff\x00\x00\x00\x02\x00\x10\x00\x00\x00\x00\x00\x00\x00\x00\x00\x10\x00\x00\x00\x01\xff\xe5\x00\x00\x00\x00\x00\x006\xe9\xdf\x07\xec\x88z\xb6.G\xac$\x08\x00E\x00\x00Ty\xb6@\x00@\x01\xac\xe5\n\x00\x00\x01\n\x00\x00\r\x08\x00\xe9\x0c\x11z\x00\x01s\x02\xa7`\x00\x00\x00\x00\x1dB\x07\x00\x00\x00\x00\x00\x10\x11\x12\x13\x14\x15\x16\x17\x18\x19\x1a\x1b\x1c\x1d\x1e\x1f !"#$%&\'()*+,-./01234567'
2021-05-21 09:44:35,488 | 4460 | proxy.proxy, send_to_switch, 92 | DEBUG | set data and sent to switch : b'\x04\x0e\x00`6\x1b\x82\xa3\x00\x00\x00\x00\x00\x00\x00\x00\x00\x00\x00\x00\x00\x00\x00\x00\x00\x00\x00\x00\x00\x00\x00\x01\xff\xff\xff\xff\x00\x00\x00\x00\x00\x00\x00\x00\x00\x00\x00\x00\x00\x01\x00\x16\x80\x00\x00\x04\x00\x00\x00\x02\x80\x00\x06\x066\xe9\xdf\x07\xec\x88\x00\x00\x00\x04\x00\x18\x00\x00\x00\x00\x00\x00\x00\x10\x00\x00\x00\x01\xff\xe5\x00\x00\x00\x00\x00\x00\x04\r\x00\x8a6\x1b\x82\xa4\xff\xff\xff\xff\x00\x00\x00\x02\x00\x10\x00\x00\x00\x00\x00\x00\x00\x00\x00\x10\x00\x00\x00\x01\xff\xe5\x00\x00\x00\x00\x00\x006\xe9\xdf\x07\xec\x88z\xb6.G\xac$\x08\x00E\x00\x00Ty\xb6@\x00@\x01\xac\xe5\n\x00\x00\x01\n\x00\x00\r\x08\x00\xe9\x0c\x11z\x00\x01s\x02\xa7`\x00\x00\x00\x00\x1dB\x07\x00\x00\x00\x00\x00\x10\x11\x12\x13\x14\x15\x16\x17\x18\x19\x1a\x1b\x1c\x1d\x1e\x1f !"#$%&\'()*+,-./01234567'
2021-05-21 09:44:35,489 | 4460 | proxy.proxy, handle_controller, 360 | DEBUG | waiting data ......
2021-05-21 09:44:35,489 | 4460 | proxy.proxy, handle_switch, 255 | DEBUG | read b'\x04\n\x00\x8c\x00\x00\x00\x00\xff\xff\xff\xff\x00b\x00\x00\x00\x00\x00\x00\x00\x00\x00\x00\x00\x01\x00\x0c\x80\x00\x00\x04\x00\x00\x00\x01\x00\x00\x00\x00\x00\x006\xe9\xdf\x07\xec\x88z\xb6.G\xac$\x08\x00E\x00\x00Ty\xb6@\x00@\x01\xac\xe5\n\x00\x00\x01\n\x00\x00\r\x08\x00\xe9\x0c\x11z\x00\x01s\x02\xa7`\x00\x00\x00\x00\x1dB\x07\x00\x00\x00\x00\x00\x10\x11\x12\x13\x14\x15\x16\x17\x18\x19\x1a\x1b\x1c\x1d\x1e\x1f !"#$%&\'()*+,-./01234567'
2021-05-21 09:44:35,494 | 4460 | proxy.proxy, send_to_controller, 396 | DEBUG | sent data to controller: b'\x04\n\x00\x8c\x00\x00\x00\x00\xff\xff\xff\xff\x00b\x00\x00\x00\x00\x00\x00\x00\x00\x00\x00\x00\x01\x00\x0c\x80\x00\x00\x04\x00\x00\x00\x01\x00\x00\x00\x00\x00\x006\xe9\xdf\x07\xec\x88z\xb6.G\xac$\x08\x00E\x00\x00Ty\xb6@\x00@\x01\xac\xe5\n\x00\x00\x01\n\x00\x00\r\x08\x00\xe9\x0c\x11z\x00\x01s\x02\xa7`\x00\x00\x00\x00\x1dB\x07\x00\x00\x00\x00\x00\x10\x11\x12\x13\x14\x15\x16\x17\x18\x19\x1a\x1b\x1c\x1d\x1e\x1f !"#$%&\'()*+,-./01234567'
2021-05-21 09:44:35,495 | 4460 | proxy.proxy, send_to_controller, 74 | DEBUG | set data and sent to controller : b'\x04\n\x00\x8c\x00\x00\x00\x00\xff\xff\xff\xff\x00b\x00\x00\x00\x00\x00\x00\x00\x00\x00\x00\x00\x01\x00\x0c\x80\x00\x00\x04\x00\x00\x00\x01\x00\x00\x00\x00\x00\x006\xe9\xdf\x07\xec\x88z\xb6.G\xac$\x08\x00E\x00\x00Ty\xb6@\x00@\x01\xac\xe5\n\x00\x00\x01\n\x00\x00\r\x08\x00\xe9\x0c\x11z\x00\x01s\x02\xa7`\x00\x00\x00\x00\x1dB\x07\x00\x00\x00\x00\x00\x10\x11\x12\x13\x14\x15\x16\x17\x18\x19\x1a\x1b\x1c\x1d\x1e\x1f !"#$%&\'()*+,-./01234567'
2021-05-21 09:44:35,496 | 4460 | proxy.proxy, handle_switch, 252 | DEBUG | waiting data ......
2021-05-21 09:44:35,497 | 4460 | proxy.proxy, handle_controller, 362 | DEBUG | read b'\x04\x0e\x00`tkQz\x00\x00\x00\x00\x00\x00\x00\x00\x00\x00\x00\x00\x00\x00\x00\x00\x00\x00\x00\x00\x00\x00\x00\x01\xff\xff\xff\xff\x00\x00\x00\x00\x00\x00\x00\x00\x00\x00\x00\x00\x00\x01\x00\x16\x80\x00\x00\x04\x00\x00\x00\x01\x80\x00\x06\x066\xe9\xdf\x07\xec\x88\x00\x00\x00\x04\x00\x18\x00\x00\x00\x00\x00\x00\x00\x10\x00\x00\x00\x02\xff\xe5\x00\x00\x00\x00\x00\x00\x04\r\x00\x8atkQ{\xff\xff\xff\xff\x00\x00\x00\x01\x00\x10\x00\x00\x00\x00\x00\x00\x00\x00\x00\x10\x00\x00\x00\x02\xff\xe5\x00\x00\x00\x00\x00\x006\xe9\xdf\x07\xec\x88z\xb6.G\xac$\x08\x00E\x00\x00Ty\xb6@\x00@\x01\xac\xe5\n\x00\x00\x01\n\x00\x00\r\x08\x00\xe9\x0c\x11z\x00\x01s\x02\xa7`\x00\x00\x00\x00\x1dB\x07\x00\x00\x00\x00\x00\x10\x11\x12\x13\x14\x15\x16\x17\x18\x19\x1a\x1b\x1c\x1d\x1e\x1f !"#$%&\'()*+,-./01234567'
2021-05-21 09:44:35,501 | 4460 | proxy.proxy, send_to_switch, 291 | DEBUG | sent data to switch: b'\x04\x0e\x00`tkQz\x00\x00\x00\x00\x00\x00\x00\x00\x00\x00\x00\x00\x00\x00\x00\x00\x00\x00\x00\x00\x00\x00\x00\x01\xff\xff\xff\xff\x00\x00\x00\x00\x00\x00\x00\x00\x00\x00\x00\x00\x00\x01\x00\x16\x80\x00\x00\x04\x00\x00\x00\x01\x80\x00\x06\x066\xe9\xdf\x07\xec\x88\x00\x00\x00\x04\x00\x18\x00\x00\x00\x00\x00\x00\x00\x10\x00\x00\x00\x02\xff\xe5\x00\x00\x00\x00\x00\x00\x04\r\x00\x8atkQ{\xff\xff\xff\xff\x00\x00\x00\x01\x00\x10\x00\x00\x00\x00\x00\x00\x00\x00\x00\x10\x00\x00\x00\x02\xff\xe5\x00\x00\x00\x00\x00\x006\xe9\xdf\x07\xec\x88z\xb6.G\xac$\x08\x00E\x00\x00Ty\xb6@\x00@\x01\xac\xe5\n\x00\x00\x01\n\x00\x00\r\x08\x00\xe9\x0c\x11z\x00\x01s\x02\xa7`\x00\x00\x00\x00\x1dB\x07\x00\x00\x00\x00\x00\x10\x11\x12\x13\x14\x15\x16\x17\x18\x19\x1a\x1b\x1c\x1d\x1e\x1f !"#$%&\'()*+,-./01234567'
2021-05-21 09:44:35,510 | 4460 | proxy.proxy, send_to_switch, 92 | DEBUG | set data and sent to switch : b'\x04\x0e\x00`tkQz\x00\x00\x00\x00\x00\x00\x00\x00\x00\x00\x00\x00\x00\x00\x00\x00\x00\x00\x00\x00\x00\x00\x00\x01\xff\xff\xff\xff\x00\x00\x00\x00\x00\x00\x00\x00\x00\x00\x00\x00\x00\x01\x00\x16\x80\x00\x00\x04\x00\x00\x00\x01\x80\x00\x06\x066\xe9\xdf\x07\xec\x88\x00\x00\x00\x04\x00\x18\x00\x00\x00\x00\x00\x00\x00\x10\x00\x00\x00\x02\xff\xe5\x00\x00\x00\x00\x00\x00\x04\r\x00\x8atkQ{\xff\xff\xff\xff\x00\x00\x00\x01\x00\x10\x00\x00\x00\x00\x00\x00\x00\x00\x00\x10\x00\x00\x00\x02\xff\xe5\x00\x00\x00\x00\x00\x006\xe9\xdf\x07\xec\x88z\xb6.G\xac$\x08\x00E\x00\x00Ty\xb6@\x00@\x01\xac\xe5\n\x00\x00\x01\n\x00\x00\r\x08\x00\xe9\x0c\x11z\x00\x01s\x02\xa7`\x00\x00\x00\x00\x1dB\x07\x00\x00\x00\x00\x00\x10\x11\x12\x13\x14\x15\x16\x17\x18\x19\x1a\x1b\x1c\x1d\x1e\x1f !"#$%&\'()*+,-./01234567'
2021-05-21 09:44:35,512 | 4460 | proxy.proxy, handle_controller, 360 | DEBUG | waiting data ......
2021-05-21 09:44:35,515 | 4460 | proxy.proxy, handle_switch, 255 | DEBUG | read b'\x04\n\x00\x8c\x00\x00\x00\x00\xff\xff\xff\xff\x00b\x00\x00\x00\x00\x00\x00\x00\x00\x00\x00\x00\x01\x00\x0c\x80\x00\x00\x04\x00\x00\x00\x02\x00\x00\x00\x00\x00\x00\xc2p\x8d\xdbt\x15z\xb6.G\xac$\x08\x00E\x00\x00T\xd8z@\x00@\x01N \n\x00\x00\x01\n\x00\x00\x0e\x08\x00\xf4\xa8\x11{\x00\x01s\x02\xa7`\x00\x00\x00\x00\x11\xa5\x07\x00\x00\x00\x00\x00\x10\x11\x12\x13\x14\x15\x16\x17\x18\x19\x1a\x1b\x1c\x1d\x1e\x1f !"#$%&\'()*+,-./01234567'
2021-05-21 09:44:35,523 | 4460 | proxy.proxy, send_to_controller, 396 | DEBUG | sent data to controller: b'\x04\n\x00\x8c\x00\x00\x00\x00\xff\xff\xff\xff\x00b\x00\x00\x00\x00\x00\x00\x00\x00\x00\x00\x00\x01\x00\x0c\x80\x00\x00\x04\x00\x00\x00\x02\x00\x00\x00\x00\x00\x00\xc2p\x8d\xdbt\x15z\xb6.G\xac$\x08\x00E\x00\x00T\xd8z@\x00@\x01N \n\x00\x00\x01\n\x00\x00\x0e\x08\x00\xf4\xa8\x11{\x00\x01s\x02\xa7`\x00\x00\x00\x00\x11\xa5\x07\x00\x00\x00\x00\x00\x10\x11\x12\x13\x14\x15\x16\x17\x18\x19\x1a\x1b\x1c\x1d\x1e\x1f !"#$%&\'()*+,-./01234567'
2021-05-21 09:44:35,525 | 4460 | proxy.proxy, send_to_controller, 74 | DEBUG | set data and sent to controller : b'\x04\n\x00\x8c\x00\x00\x00\x00\xff\xff\xff\xff\x00b\x00\x00\x00\x00\x00\x00\x00\x00\x00\x00\x00\x01\x00\x0c\x80\x00\x00\x04\x00\x00\x00\x02\x00\x00\x00\x00\x00\x00\xc2p\x8d\xdbt\x15z\xb6.G\xac$\x08\x00E\x00\x00T\xd8z@\x00@\x01N \n\x00\x00\x01\n\x00\x00\x0e\x08\x00\xf4\xa8\x11{\x00\x01s\x02\xa7`\x00\x00\x00\x00\x11\xa5\x07\x00\x00\x00\x00\x00\x10\x11\x12\x13\x14\x15\x16\x17\x18\x19\x1a\x1b\x1c\x1d\x1e\x1f !"#$%&\'()*+,-./01234567'
2021-05-21 09:44:35,526 | 4460 | proxy.proxy, handle_switch, 252 | DEBUG | waiting data ......
2021-05-21 09:44:35,528 | 4460 | proxy.proxy, handle_controller, 362 | DEBUG | read b'\x04\x0e\x00`6\x1b\x82\xa5\x00\x00\x00\x00\x00\x00\x00\x00\x00\x00\x00\x00\x00\x00\x00\x00\x00\x00\x00\x00\x00\x00\x00\x01\xff\xff\xff\xff\x00\x00\x00\x00\x00\x00\x00\x00\x00\x00\x00\x00\x00\x01\x00\x16\x80\x00\x00\x04\x00\x00\x00\x02\x80\x00\x06\x06\xc2p\x8d\xdbt\x15\x00\x00\x00\x04\x00\x18\x00\x00\x00\x00\x00\x00\x00\x10\x00\x00\x00\x01\xff\xe5\x00\x00\x00\x00\x00\x00\x04\r\x00\x8a6\x1b\x82\xa6\xff\xff\xff\xff\x00\x00\x00\x02\x00\x10\x00\x00\x00\x00\x00\x00\x00\x00\x00\x10\x00\x00\x00\x01\xff\xe5\x00\x00\x00\x00\x00\x00\xc2p\x8d\xdbt\x15z\xb6.G\xac$\x08\x00E\x00\x00T\xd8z@\x00@\x01N \n\x00\x00\x01\n\x00\x00\x0e\x08\x00\xf4\xa8\x11{\x00\x01s\x02\xa7`\x00\x00\x00\x00\x11\xa5\x07\x00\x00\x00\x00\x00\x10\x11\x12\x13\x14\x15\x16\x17\x18\x19\x1a\x1b\x1c\x1d\x1e\x1f !"#$%&\'()*+,-./01234567'
2021-05-21 09:44:35,532 | 4460 | proxy.proxy, send_to_switch, 291 | DEBUG | sent data to switch: b'\x04\x0e\x00`6\x1b\x82\xa5\x00\x00\x00\x00\x00\x00\x00\x00\x00\x00\x00\x00\x00\x00\x00\x00\x00\x00\x00\x00\x00\x00\x00\x01\xff\xff\xff\xff\x00\x00\x00\x00\x00\x00\x00\x00\x00\x00\x00\x00\x00\x01\x00\x16\x80\x00\x00\x04\x00\x00\x00\x02\x80\x00\x06\x06\xc2p\x8d\xdbt\x15\x00\x00\x00\x04\x00\x18\x00\x00\x00\x00\x00\x00\x00\x10\x00\x00\x00\x01\xff\xe5\x00\x00\x00\x00\x00\x00\x04\r\x00\x8a6\x1b\x82\xa6\xff\xff\xff\xff\x00\x00\x00\x02\x00\x10\x00\x00\x00\x00\x00\x00\x00\x00\x00\x10\x00\x00\x00\x01\xff\xe5\x00\x00\x00\x00\x00\x00\xc2p\x8d\xdbt\x15z\xb6.G\xac$\x08\x00E\x00\x00T\xd8z@\x00@\x01N \n\x00\x00\x01\n\x00\x00\x0e\x08\x00\xf4\xa8\x11{\x00\x01s\x02\xa7`\x00\x00\x00\x00\x11\xa5\x07\x00\x00\x00\x00\x00\x10\x11\x12\x13\x14\x15\x16\x17\x18\x19\x1a\x1b\x1c\x1d\x1e\x1f !"#$%&\'()*+,-./01234567'
2021-05-21 09:44:35,533 | 4460 | proxy.proxy, send_to_switch, 92 | DEBUG | set data and sent to switch : b'\x04\x0e\x00`6\x1b\x82\xa5\x00\x00\x00\x00\x00\x00\x00\x00\x00\x00\x00\x00\x00\x00\x00\x00\x00\x00\x00\x00\x00\x00\x00\x01\xff\xff\xff\xff\x00\x00\x00\x00\x00\x00\x00\x00\x00\x00\x00\x00\x00\x01\x00\x16\x80\x00\x00\x04\x00\x00\x00\x02\x80\x00\x06\x06\xc2p\x8d\xdbt\x15\x00\x00\x00\x04\x00\x18\x00\x00\x00\x00\x00\x00\x00\x10\x00\x00\x00\x01\xff\xe5\x00\x00\x00\x00\x00\x00\x04\r\x00\x8a6\x1b\x82\xa6\xff\xff\xff\xff\x00\x00\x00\x02\x00\x10\x00\x00\x00\x00\x00\x00\x00\x00\x00\x10\x00\x00\x00\x01\xff\xe5\x00\x00\x00\x00\x00\x00\xc2p\x8d\xdbt\x15z\xb6.G\xac$\x08\x00E\x00\x00T\xd8z@\x00@\x01N \n\x00\x00\x01\n\x00\x00\x0e\x08\x00\xf4\xa8\x11{\x00\x01s\x02\xa7`\x00\x00\x00\x00\x11\xa5\x07\x00\x00\x00\x00\x00\x10\x11\x12\x13\x14\x15\x16\x17\x18\x19\x1a\x1b\x1c\x1d\x1e\x1f !"#$%&\'()*+,-./01234567'
2021-05-21 09:44:35,534 | 4460 | proxy.proxy, handle_controller, 360 | DEBUG | waiting data ......
2021-05-21 09:44:35,537 | 4460 | proxy.proxy, handle_switch, 255 | DEBUG | read b'\x04\n\x00\x8c\x00\x00\x00\x00\xff\xff\xff\xff\x00b\x00\x00\x00\x00\x00\x00\x00\x00\x00\x00\x00\x01\x00\x0c\x80\x00\x00\x04\x00\x00\x00\x01\x00\x00\x00\x00\x00\x00\xc2p\x8d\xdbt\x15z\xb6.G\xac$\x08\x00E\x00\x00T\xd8z@\x00@\x01N \n\x00\x00\x01\n\x00\x00\x0e\x08\x00\xf4\xa8\x11{\x00\x01s\x02\xa7`\x00\x00\x00\x00\x11\xa5\x07\x00\x00\x00\x00\x00\x10\x11\x12\x13\x14\x15\x16\x17\x18\x19\x1a\x1b\x1c\x1d\x1e\x1f !"#$%&\'()*+,-./01234567'
2021-05-21 09:44:35,542 | 4460 | proxy.proxy, send_to_controller, 396 | DEBUG | sent data to controller: b'\x04\n\x00\x8c\x00\x00\x00\x00\xff\xff\xff\xff\x00b\x00\x00\x00\x00\x00\x00\x00\x00\x00\x00\x00\x01\x00\x0c\x80\x00\x00\x04\x00\x00\x00\x01\x00\x00\x00\x00\x00\x00\xc2p\x8d\xdbt\x15z\xb6.G\xac$\x08\x00E\x00\x00T\xd8z@\x00@\x01N \n\x00\x00\x01\n\x00\x00\x0e\x08\x00\xf4\xa8\x11{\x00\x01s\x02\xa7`\x00\x00\x00\x00\x11\xa5\x07\x00\x00\x00\x00\x00\x10\x11\x12\x13\x14\x15\x16\x17\x18\x19\x1a\x1b\x1c\x1d\x1e\x1f !"#$%&\'()*+,-./01234567'
2021-05-21 09:44:35,546 | 4460 | proxy.proxy, send_to_controller, 74 | DEBUG | set data and sent to controller : b'\x04\n\x00\x8c\x00\x00\x00\x00\xff\xff\xff\xff\x00b\x00\x00\x00\x00\x00\x00\x00\x00\x00\x00\x00\x01\x00\x0c\x80\x00\x00\x04\x00\x00\x00\x01\x00\x00\x00\x00\x00\x00\xc2p\x8d\xdbt\x15z\xb6.G\xac$\x08\x00E\x00\x00T\xd8z@\x00@\x01N \n\x00\x00\x01\n\x00\x00\x0e\x08\x00\xf4\xa8\x11{\x00\x01s\x02\xa7`\x00\x00\x00\x00\x11\xa5\x07\x00\x00\x00\x00\x00\x10\x11\x12\x13\x14\x15\x16\x17\x18\x19\x1a\x1b\x1c\x1d\x1e\x1f !"#$%&\'()*+,-./01234567'
2021-05-21 09:44:35,546 | 4460 | proxy.proxy, handle_switch, 252 | DEBUG | waiting data ......
2021-05-21 09:44:35,547 | 4460 | proxy.proxy, handle_controller, 362 | DEBUG | read b'\x04\x0e\x00`tkQ|\x00\x00\x00\x00\x00\x00\x00\x00\x00\x00\x00\x00\x00\x00\x00\x00\x00\x00\x00\x00\x00\x00\x00\x01\xff\xff\xff\xff\x00\x00\x00\x00\x00\x00\x00\x00\x00\x00\x00\x00\x00\x01\x00\x16\x80\x00\x00\x04\x00\x00\x00\x01\x80\x00\x06\x06\xc2p\x8d\xdbt\x15\x00\x00\x00\x04\x00\x18\x00\x00\x00\x00\x00\x00\x00\x10\x00\x00\x00\x02\xff\xe5\x00\x00\x00\x00\x00\x00\x04\r\x00\x8atkQ}\xff\xff\xff\xff\x00\x00\x00\x01\x00\x10\x00\x00\x00\x00\x00\x00\x00\x00\x00\x10\x00\x00\x00\x02\xff\xe5\x00\x00\x00\x00\x00\x00\xc2p\x8d\xdbt\x15z\xb6.G\xac$\x08\x00E\x00\x00T\xd8z@\x00@\x01N \n\x00\x00\x01\n\x00\x00\x0e\x08\x00\xf4\xa8\x11{\x00\x01s\x02\xa7`\x00\x00\x00\x00\x11\xa5\x07\x00\x00\x00\x00\x00\x10\x11\x12\x13\x14\x15\x16\x17\x18\x19\x1a\x1b\x1c\x1d\x1e\x1f !"#$%&\'()*+,-./01234567'
2021-05-21 09:44:35,551 | 4460 | proxy.proxy, send_to_switch, 291 | DEBUG | sent data to switch: b'\x04\x0e\x00`tkQ|\x00\x00\x00\x00\x00\x00\x00\x00\x00\x00\x00\x00\x00\x00\x00\x00\x00\x00\x00\x00\x00\x00\x00\x01\xff\xff\xff\xff\x00\x00\x00\x00\x00\x00\x00\x00\x00\x00\x00\x00\x00\x01\x00\x16\x80\x00\x00\x04\x00\x00\x00\x01\x80\x00\x06\x06\xc2p\x8d\xdbt\x15\x00\x00\x00\x04\x00\x18\x00\x00\x00\x00\x00\x00\x00\x10\x00\x00\x00\x02\xff\xe5\x00\x00\x00\x00\x00\x00\x04\r\x00\x8atkQ}\xff\xff\xff\xff\x00\x00\x00\x01\x00\x10\x00\x00\x00\x00\x00\x00\x00\x00\x00\x10\x00\x00\x00\x02\xff\xe5\x00\x00\x00\x00\x00\x00\xc2p\x8d\xdbt\x15z\xb6.G\xac$\x08\x00E\x00\x00T\xd8z@\x00@\x01N \n\x00\x00\x01\n\x00\x00\x0e\x08\x00\xf4\xa8\x11{\x00\x01s\x02\xa7`\x00\x00\x00\x00\x11\xa5\x07\x00\x00\x00\x00\x00\x10\x11\x12\x13\x14\x15\x16\x17\x18\x19\x1a\x1b\x1c\x1d\x1e\x1f !"#$%&\'()*+,-./01234567'
2021-05-21 09:44:35,554 | 4460 | proxy.proxy, send_to_switch, 92 | DEBUG | set data and sent to switch : b'\x04\x0e\x00`tkQ|\x00\x00\x00\x00\x00\x00\x00\x00\x00\x00\x00\x00\x00\x00\x00\x00\x00\x00\x00\x00\x00\x00\x00\x01\xff\xff\xff\xff\x00\x00\x00\x00\x00\x00\x00\x00\x00\x00\x00\x00\x00\x01\x00\x16\x80\x00\x00\x04\x00\x00\x00\x01\x80\x00\x06\x06\xc2p\x8d\xdbt\x15\x00\x00\x00\x04\x00\x18\x00\x00\x00\x00\x00\x00\x00\x10\x00\x00\x00\x02\xff\xe5\x00\x00\x00\x00\x00\x00\x04\r\x00\x8atkQ}\xff\xff\xff\xff\x00\x00\x00\x01\x00\x10\x00\x00\x00\x00\x00\x00\x00\x00\x00\x10\x00\x00\x00\x02\xff\xe5\x00\x00\x00\x00\x00\x00\xc2p\x8d\xdbt\x15z\xb6.G\xac$\x08\x00E\x00\x00T\xd8z@\x00@\x01N \n\x00\x00\x01\n\x00\x00\x0e\x08\x00\xf4\xa8\x11{\x00\x01s\x02\xa7`\x00\x00\x00\x00\x11\xa5\x07\x00\x00\x00\x00\x00\x10\x11\x12\x13\x14\x15\x16\x17\x18\x19\x1a\x1b\x1c\x1d\x1e\x1f !"#$%&\'()*+,-./01234567'
2021-05-21 09:44:35,554 | 4460 | proxy.proxy, handle_controller, 360 | DEBUG | waiting data ......
2021-05-21 09:44:35,555 | 4460 | proxy.proxy, handle_switch, 255 | DEBUG | read b'\x04\n\x00\x8c\x00\x00\x00\x00\xff\xff\xff\xff\x00b\x00\x00\x00\x00\x00\x00\x00\x00\x00\x00\x00\x01\x00\x0c\x80\x00\x00\x04\x00\x00\x00\x02\x00\x00\x00\x00\x00\x00\xde\xfc\x90si\xbbz\xb6.G\xac$\x08\x00E\x00\x00T{\x88@\x00@\x01\xab\x11\n\x00\x00\x01\n\x00\x00\x0f\x08\x00\xcb\xda\x11|\x00\x01s\x02\xa7`\x00\x00\x00\x009r\x08\x00\x00\x00\x00\x00\x10\x11\x12\x13\x14\x15\x16\x17\x18\x19\x1a\x1b\x1c\x1d\x1e\x1f !"#$%&\'()*+,-./01234567'
2021-05-21 09:44:35,559 | 4460 | proxy.proxy, send_to_controller, 396 | DEBUG | sent data to controller: b'\x04\n\x00\x8c\x00\x00\x00\x00\xff\xff\xff\xff\x00b\x00\x00\x00\x00\x00\x00\x00\x00\x00\x00\x00\x01\x00\x0c\x80\x00\x00\x04\x00\x00\x00\x02\x00\x00\x00\x00\x00\x00\xde\xfc\x90si\xbbz\xb6.G\xac$\x08\x00E\x00\x00T{\x88@\x00@\x01\xab\x11\n\x00\x00\x01\n\x00\x00\x0f\x08\x00\xcb\xda\x11|\x00\x01s\x02\xa7`\x00\x00\x00\x009r\x08\x00\x00\x00\x00\x00\x10\x11\x12\x13\x14\x15\x16\x17\x18\x19\x1a\x1b\x1c\x1d\x1e\x1f !"#$%&\'()*+,-./01234567'
2021-05-21 09:44:35,562 | 4460 | proxy.proxy, send_to_controller, 74 | DEBUG | set data and sent to controller : b'\x04\n\x00\x8c\x00\x00\x00\x00\xff\xff\xff\xff\x00b\x00\x00\x00\x00\x00\x00\x00\x00\x00\x00\x00\x01\x00\x0c\x80\x00\x00\x04\x00\x00\x00\x02\x00\x00\x00\x00\x00\x00\xde\xfc\x90si\xbbz\xb6.G\xac$\x08\x00E\x00\x00T{\x88@\x00@\x01\xab\x11\n\x00\x00\x01\n\x00\x00\x0f\x08\x00\xcb\xda\x11|\x00\x01s\x02\xa7`\x00\x00\x00\x009r\x08\x00\x00\x00\x00\x00\x10\x11\x12\x13\x14\x15\x16\x17\x18\x19\x1a\x1b\x1c\x1d\x1e\x1f !"#$%&\'()*+,-./01234567'
2021-05-21 09:44:35,562 | 4460 | proxy.proxy, handle_switch, 252 | DEBUG | waiting data ......
2021-05-21 09:44:35,563 | 4460 | proxy.proxy, handle_controller, 362 | DEBUG | read b'\x04\x0e\x00`6\x1b\x82\xa7\x00\x00\x00\x00\x00\x00\x00\x00\x00\x00\x00\x00\x00\x00\x00\x00\x00\x00\x00\x00\x00\x00\x00\x01\xff\xff\xff\xff\x00\x00\x00\x00\x00\x00\x00\x00\x00\x00\x00\x00\x00\x01\x00\x16\x80\x00\x00\x04\x00\x00\x00\x02\x80\x00\x06\x06\xde\xfc\x90si\xbb\x00\x00\x00\x04\x00\x18\x00\x00\x00\x00\x00\x00\x00\x10\x00\x00\x00\x01\xff\xe5\x00\x00\x00\x00\x00\x00\x04\r\x00\x8a6\x1b\x82\xa8\xff\xff\xff\xff\x00\x00\x00\x02\x00\x10\x00\x00\x00\x00\x00\x00\x00\x00\x00\x10\x00\x00\x00\x01\xff\xe5\x00\x00\x00\x00\x00\x00\xde\xfc\x90si\xbbz\xb6.G\xac$\x08\x00E\x00\x00T{\x88@\x00@\x01\xab\x11\n\x00\x00\x01\n\x00\x00\x0f\x08\x00\xcb\xda\x11|\x00\x01s\x02\xa7`\x00\x00\x00\x009r\x08\x00\x00\x00\x00\x00\x10\x11\x12\x13\x14\x15\x16\x17\x18\x19\x1a\x1b\x1c\x1d\x1e\x1f !"#$%&\'()*+,-./01234567'
2021-05-21 09:44:35,564 | 4460 | proxy.proxy, send_to_switch, 291 | DEBUG | sent data to switch: b'\x04\x0e\x00`6\x1b\x82\xa7\x00\x00\x00\x00\x00\x00\x00\x00\x00\x00\x00\x00\x00\x00\x00\x00\x00\x00\x00\x00\x00\x00\x00\x01\xff\xff\xff\xff\x00\x00\x00\x00\x00\x00\x00\x00\x00\x00\x00\x00\x00\x01\x00\x16\x80\x00\x00\x04\x00\x00\x00\x02\x80\x00\x06\x06\xde\xfc\x90si\xbb\x00\x00\x00\x04\x00\x18\x00\x00\x00\x00\x00\x00\x00\x10\x00\x00\x00\x01\xff\xe5\x00\x00\x00\x00\x00\x00\x04\r\x00\x8a6\x1b\x82\xa8\xff\xff\xff\xff\x00\x00\x00\x02\x00\x10\x00\x00\x00\x00\x00\x00\x00\x00\x00\x10\x00\x00\x00\x01\xff\xe5\x00\x00\x00\x00\x00\x00\xde\xfc\x90si\xbbz\xb6.G\xac$\x08\x00E\x00\x00T{\x88@\x00@\x01\xab\x11\n\x00\x00\x01\n\x00\x00\x0f\x08\x00\xcb\xda\x11|\x00\x01s\x02\xa7`\x00\x00\x00\x009r\x08\x00\x00\x00\x00\x00\x10\x11\x12\x13\x14\x15\x16\x17\x18\x19\x1a\x1b\x1c\x1d\x1e\x1f !"#$%&\'()*+,-./01234567'
2021-05-21 09:44:35,565 | 4460 | proxy.proxy, send_to_switch, 92 | DEBUG | set data and sent to switch : b'\x04\x0e\x00`6\x1b\x82\xa7\x00\x00\x00\x00\x00\x00\x00\x00\x00\x00\x00\x00\x00\x00\x00\x00\x00\x00\x00\x00\x00\x00\x00\x01\xff\xff\xff\xff\x00\x00\x00\x00\x00\x00\x00\x00\x00\x00\x00\x00\x00\x01\x00\x16\x80\x00\x00\x04\x00\x00\x00\x02\x80\x00\x06\x06\xde\xfc\x90si\xbb\x00\x00\x00\x04\x00\x18\x00\x00\x00\x00\x00\x00\x00\x10\x00\x00\x00\x01\xff\xe5\x00\x00\x00\x00\x00\x00\x04\r\x00\x8a6\x1b\x82\xa8\xff\xff\xff\xff\x00\x00\x00\x02\x00\x10\x00\x00\x00\x00\x00\x00\x00\x00\x00\x10\x00\x00\x00\x01\xff\xe5\x00\x00\x00\x00\x00\x00\xde\xfc\x90si\xbbz\xb6.G\xac$\x08\x00E\x00\x00T{\x88@\x00@\x01\xab\x11\n\x00\x00\x01\n\x00\x00\x0f\x08\x00\xcb\xda\x11|\x00\x01s\x02\xa7`\x00\x00\x00\x009r\x08\x00\x00\x00\x00\x00\x10\x11\x12\x13\x14\x15\x16\x17\x18\x19\x1a\x1b\x1c\x1d\x1e\x1f !"#$%&\'()*+,-./01234567'
2021-05-21 09:44:35,565 | 4460 | proxy.proxy, handle_controller, 360 | DEBUG | waiting data ......
2021-05-21 09:44:35,566 | 4460 | proxy.proxy, handle_switch, 255 | DEBUG | read b'\x04\n\x00\x8c\x00\x00\x00\x00\xff\xff\xff\xff\x00b\x00\x00\x00\x00\x00\x00\x00\x00\x00\x00\x00\x01\x00\x0c\x80\x00\x00\x04\x00\x00\x00\x01\x00\x00\x00\x00\x00\x00\xde\xfc\x90si\xbbz\xb6.G\xac$\x08\x00E\x00\x00T{\x88@\x00@\x01\xab\x11\n\x00\x00\x01\n\x00\x00\x0f\x08\x00\xcb\xda\x11|\x00\x01s\x02\xa7`\x00\x00\x00\x009r\x08\x00\x00\x00\x00\x00\x10\x11\x12\x13\x14\x15\x16\x17\x18\x19\x1a\x1b\x1c\x1d\x1e\x1f !"#$%&\'()*+,-./01234567'
2021-05-21 09:44:35,569 | 4460 | proxy.proxy, send_to_controller, 396 | DEBUG | sent data to controller: b'\x04\n\x00\x8c\x00\x00\x00\x00\xff\xff\xff\xff\x00b\x00\x00\x00\x00\x00\x00\x00\x00\x00\x00\x00\x01\x00\x0c\x80\x00\x00\x04\x00\x00\x00\x01\x00\x00\x00\x00\x00\x00\xde\xfc\x90si\xbbz\xb6.G\xac$\x08\x00E\x00\x00T{\x88@\x00@\x01\xab\x11\n\x00\x00\x01\n\x00\x00\x0f\x08\x00\xcb\xda\x11|\x00\x01s\x02\xa7`\x00\x00\x00\x009r\x08\x00\x00\x00\x00\x00\x10\x11\x12\x13\x14\x15\x16\x17\x18\x19\x1a\x1b\x1c\x1d\x1e\x1f !"#$%&\'()*+,-./01234567'
2021-05-21 09:44:35,569 | 4460 | proxy.proxy, send_to_controller, 74 | DEBUG | set data and sent to controller : b'\x04\n\x00\x8c\x00\x00\x00\x00\xff\xff\xff\xff\x00b\x00\x00\x00\x00\x00\x00\x00\x00\x00\x00\x00\x01\x00\x0c\x80\x00\x00\x04\x00\x00\x00\x01\x00\x00\x00\x00\x00\x00\xde\xfc\x90si\xbbz\xb6.G\xac$\x08\x00E\x00\x00T{\x88@\x00@\x01\xab\x11\n\x00\x00\x01\n\x00\x00\x0f\x08\x00\xcb\xda\x11|\x00\x01s\x02\xa7`\x00\x00\x00\x009r\x08\x00\x00\x00\x00\x00\x10\x11\x12\x13\x14\x15\x16\x17\x18\x19\x1a\x1b\x1c\x1d\x1e\x1f !"#$%&\'()*+,-./01234567'
2021-05-21 09:44:35,574 | 4460 | proxy.proxy, handle_switch, 252 | DEBUG | waiting data ......
2021-05-21 09:44:35,575 | 4460 | proxy.proxy, handle_controller, 362 | DEBUG | read b'\x04\x0e\x00`tkQ~\x00\x00\x00\x00\x00\x00\x00\x00\x00\x00\x00\x00\x00\x00\x00\x00\x00\x00\x00\x00\x00\x00\x00\x01\xff\xff\xff\xff\x00\x00\x00\x00\x00\x00\x00\x00\x00\x00\x00\x00\x00\x01\x00\x16\x80\x00\x00\x04\x00\x00\x00\x01\x80\x00\x06\x06\xde\xfc\x90si\xbb\x00\x00\x00\x04\x00\x18\x00\x00\x00\x00\x00\x00\x00\x10\x00\x00\x00\x02\xff\xe5\x00\x00\x00\x00\x00\x00\x04\r\x00\x8atkQ\x7f\xff\xff\xff\xff\x00\x00\x00\x01\x00\x10\x00\x00\x00\x00\x00\x00\x00\x00\x00\x10\x00\x00\x00\x02\xff\xe5\x00\x00\x00\x00\x00\x00\xde\xfc\x90si\xbbz\xb6.G\xac$\x08\x00E\x00\x00T{\x88@\x00@\x01\xab\x11\n\x00\x00\x01\n\x00\x00\x0f\x08\x00\xcb\xda\x11|\x00\x01s\x02\xa7`\x00\x00\x00\x009r\x08\x00\x00\x00\x00\x00\x10\x11\x12\x13\x14\x15\x16\x17\x18\x19\x1a\x1b\x1c\x1d\x1e\x1f !"#$%&\'()*+,-./01234567'
2021-05-21 09:44:35,579 | 4460 | proxy.proxy, send_to_switch, 291 | DEBUG | sent data to switch: b'\x04\x0e\x00`tkQ~\x00\x00\x00\x00\x00\x00\x00\x00\x00\x00\x00\x00\x00\x00\x00\x00\x00\x00\x00\x00\x00\x00\x00\x01\xff\xff\xff\xff\x00\x00\x00\x00\x00\x00\x00\x00\x00\x00\x00\x00\x00\x01\x00\x16\x80\x00\x00\x04\x00\x00\x00\x01\x80\x00\x06\x06\xde\xfc\x90si\xbb\x00\x00\x00\x04\x00\x18\x00\x00\x00\x00\x00\x00\x00\x10\x00\x00\x00\x02\xff\xe5\x00\x00\x00\x00\x00\x00\x04\r\x00\x8atkQ\x7f\xff\xff\xff\xff\x00\x00\x00\x01\x00\x10\x00\x00\x00\x00\x00\x00\x00\x00\x00\x10\x00\x00\x00\x02\xff\xe5\x00\x00\x00\x00\x00\x00\xde\xfc\x90si\xbbz\xb6.G\xac$\x08\x00E\x00\x00T{\x88@\x00@\x01\xab\x11\n\x00\x00\x01\n\x00\x00\x0f\x08\x00\xcb\xda\x11|\x00\x01s\x02\xa7`\x00\x00\x00\x009r\x08\x00\x00\x00\x00\x00\x10\x11\x12\x13\x14\x15\x16\x17\x18\x19\x1a\x1b\x1c\x1d\x1e\x1f !"#$%&\'()*+,-./01234567'
2021-05-21 09:44:35,580 | 4460 | proxy.proxy, send_to_switch, 92 | DEBUG | set data and sent to switch : b'\x04\x0e\x00`tkQ~\x00\x00\x00\x00\x00\x00\x00\x00\x00\x00\x00\x00\x00\x00\x00\x00\x00\x00\x00\x00\x00\x00\x00\x01\xff\xff\xff\xff\x00\x00\x00\x00\x00\x00\x00\x00\x00\x00\x00\x00\x00\x01\x00\x16\x80\x00\x00\x04\x00\x00\x00\x01\x80\x00\x06\x06\xde\xfc\x90si\xbb\x00\x00\x00\x04\x00\x18\x00\x00\x00\x00\x00\x00\x00\x10\x00\x00\x00\x02\xff\xe5\x00\x00\x00\x00\x00\x00\x04\r\x00\x8atkQ\x7f\xff\xff\xff\xff\x00\x00\x00\x01\x00\x10\x00\x00\x00\x00\x00\x00\x00\x00\x00\x10\x00\x00\x00\x02\xff\xe5\x00\x00\x00\x00\x00\x00\xde\xfc\x90si\xbbz\xb6.G\xac$\x08\x00E\x00\x00T{\x88@\x00@\x01\xab\x11\n\x00\x00\x01\n\x00\x00\x0f\x08\x00\xcb\xda\x11|\x00\x01s\x02\xa7`\x00\x00\x00\x009r\x08\x00\x00\x00\x00\x00\x10\x11\x12\x13\x14\x15\x16\x17\x18\x19\x1a\x1b\x1c\x1d\x1e\x1f !"#$%&\'()*+,-./01234567'
2021-05-21 09:44:35,595 | 4460 | proxy.proxy, handle_controller, 360 | DEBUG | waiting data ......
2021-05-21 09:44:39,067 | 4460 | proxy.proxy, handle_switch, 255 | DEBUG | read b'\x04\x02\x00\x08\x00\x00\x00\x00'
2021-05-21 09:44:39,068 | 4460 | proxy.proxy, send_to_controller, 396 | DEBUG | sent data to controller: b'\x04\x02\x00\x08\x00\x00\x00\x00'
2021-05-21 09:44:39,072 | 4460 | proxy.proxy, send_to_controller, 74 | DEBUG | set data and sent to controller : b'\x04\x02\x00\x08\x00\x00\x00\x00'
2021-05-21 09:44:39,074 | 4460 | proxy.proxy, handle_switch, 252 | DEBUG | waiting data ......
2021-05-21 09:44:39,081 | 4460 | proxy.proxy, handle_controller, 362 | DEBUG | read b'\x04\x03\x00\x08\x00\x00\x00\x00'
2021-05-21 09:44:39,090 | 4460 | proxy.proxy, send_to_switch, 291 | DEBUG | sent data to switch: b'\x04\x03\x00\x08\x00\x00\x00\x00'
2021-05-21 09:44:39,090 | 4460 | proxy.proxy, send_to_switch, 92 | DEBUG | set data and sent to switch : b'\x04\x03\x00\x08\x00\x00\x00\x00'
2021-05-21 09:44:39,094 | 4460 | proxy.proxy, handle_controller, 360 | DEBUG | waiting data ......
2021-05-21 09:44:39,167 | 4460 | root, <module>, 55 | INFO | keyboardInterrupt : 
