2021-05-05 16:31:23,481 | 3437 | proxy.proxy, handle_switch, 227 | DEBUG | waiting data ......
2021-05-05 16:31:23,497 | 3437 | proxy.proxy, handle_switch, 229 | DEBUG | read b''
2021-05-05 16:31:23,498 | 3437 | proxy.proxy, handle_switch, 231 | DEBUG | no data from switch read
2021-05-05 16:31:23,499 | 3437 | proxy.proxy, handle_switch, 227 | DEBUG | waiting data ......
2021-05-05 16:31:23,499 | 3437 | proxy.proxy, handle_switch, 229 | DEBUG | read b''
2021-05-05 16:31:23,500 | 3437 | proxy.proxy, handle_switch, 231 | DEBUG | no data from switch read
2021-05-05 16:31:23,500 | 3437 | proxy.proxy, handle_switch, 227 | DEBUG | waiting data ......
2021-05-05 16:31:23,501 | 3437 | proxy.proxy, handle_switch, 229 | DEBUG | read b''
2021-05-05 16:31:23,502 | 3437 | proxy.proxy, handle_switch, 231 | DEBUG | no data from switch read
2021-05-05 16:31:23,502 | 3437 | proxy.proxy, handle_switch, 227 | DEBUG | waiting data ......
2021-05-05 16:31:23,503 | 3437 | proxy.proxy, handle_switch, 229 | DEBUG | read b''
2021-05-05 16:31:23,503 | 3437 | proxy.proxy, handle_switch, 231 | DEBUG | no data from switch read
2021-05-05 16:31:23,512 | 3437 | proxy.proxy, handle_switch, 227 | DEBUG | waiting data ......
2021-05-05 16:31:23,514 | 3437 | proxy.proxy, handle_switch, 229 | DEBUG | read b''
2021-05-05 16:31:23,515 | 3437 | proxy.proxy, handle_switch, 231 | DEBUG | no data from switch read
2021-05-05 16:31:23,515 | 3437 | proxy.proxy, handle_switch, 227 | DEBUG | waiting data ......
2021-05-05 16:31:23,516 | 3437 | proxy.proxy, handle_switch, 229 | DEBUG | read b''
2021-05-05 16:31:23,516 | 3437 | proxy.proxy, handle_switch, 231 | DEBUG | no data from switch read
2021-05-05 16:31:23,517 | 3437 | proxy.proxy, handle_switch, 227 | DEBUG | waiting data ......
2021-05-05 16:31:23,518 | 3437 | proxy.proxy, handle_switch, 229 | DEBUG | read b''
2021-05-05 16:31:23,518 | 3437 | proxy.proxy, handle_switch, 231 | DEBUG | no data from switch read
2021-05-05 16:31:23,519 | 3437 | proxy.proxy, handle_switch, 227 | DEBUG | waiting data ......
2021-05-05 16:31:23,519 | 3437 | proxy.proxy, handle_switch, 229 | DEBUG | read b''
2021-05-05 16:31:23,520 | 3437 | proxy.proxy, handle_switch, 231 | DEBUG | no data from switch read
2021-05-05 16:31:23,521 | 3437 | proxy.proxy, handle_switch, 227 | DEBUG | waiting data ......
2021-05-05 16:31:23,521 | 3437 | proxy.proxy, handle_switch, 229 | DEBUG | read b''
2021-05-05 16:31:23,522 | 3437 | proxy.proxy, handle_switch, 231 | DEBUG | no data from switch read
2021-05-05 16:31:23,522 | 3437 | proxy.proxy, handle_switch, 227 | DEBUG | waiting data ......
2021-05-05 16:31:23,523 | 3437 | proxy.proxy, handle_switch, 229 | DEBUG | read b''
2021-05-05 16:31:23,523 | 3437 | proxy.proxy, handle_switch, 231 | DEBUG | no data from switch read
2021-05-05 16:31:23,524 | 3437 | proxy.proxy, handle_switch, 227 | DEBUG | waiting data ......
2021-05-05 16:31:23,524 | 3437 | proxy.proxy, handle_switch, 229 | DEBUG | read b''
2021-05-05 16:31:23,524 | 3437 | proxy.proxy, handle_switch, 231 | DEBUG | no data from switch read
2021-05-05 16:31:23,525 | 3437 | proxy.proxy, handle_switch, 227 | DEBUG | waiting data ......
2021-05-05 16:31:23,526 | 3437 | proxy.proxy, handle_switch, 229 | DEBUG | read b''
2021-05-05 16:31:23,527 | 3437 | proxy.proxy, handle_switch, 231 | DEBUG | no data from switch read
2021-05-05 16:31:23,527 | 3437 | proxy.proxy, handle_switch, 227 | DEBUG | waiting data ......
2021-05-05 16:31:23,529 | 3437 | proxy.proxy, handle_switch, 229 | DEBUG | read b''
2021-05-05 16:31:23,537 | 3437 | proxy.proxy, handle_switch, 231 | DEBUG | no data from switch read
2021-05-05 16:31:23,538 | 3437 | proxy.proxy, handle_switch, 227 | DEBUG | waiting data ......
2021-05-05 16:31:23,538 | 3437 | proxy.proxy, handle_switch, 229 | DEBUG | read b''
2021-05-05 16:31:23,541 | 3437 | proxy.proxy, handle_switch, 231 | DEBUG | no data from switch read
2021-05-05 16:31:23,543 | 3437 | proxy.proxy, handle_switch, 227 | DEBUG | waiting data ......
2021-05-05 16:31:23,543 | 3437 | proxy.proxy, handle_switch, 229 | DEBUG | read b''
2021-05-05 16:31:23,544 | 3437 | proxy.proxy, handle_switch, 231 | DEBUG | no data from switch read
2021-05-05 16:31:23,545 | 3437 | proxy.proxy, handle_switch, 227 | DEBUG | waiting data ......
2021-05-05 16:31:23,545 | 3437 | proxy.proxy, handle_switch, 229 | DEBUG | read b''
2021-05-05 16:31:23,546 | 3437 | proxy.proxy, handle_switch, 231 | DEBUG | no data from switch read
2021-05-05 16:31:23,546 | 3437 | proxy.proxy, handle_switch, 227 | DEBUG | waiting data ......
2021-05-05 16:31:23,546 | 3437 | proxy.proxy, handle_switch, 229 | DEBUG | read b''
2021-05-05 16:31:23,547 | 3437 | proxy.proxy, handle_switch, 231 | DEBUG | no data from switch read
2021-05-05 16:31:23,547 | 3437 | proxy.proxy, handle_switch, 227 | DEBUG | waiting data ......
2021-05-05 16:31:23,547 | 3437 | proxy.proxy, handle_switch, 229 | DEBUG | read b''
2021-05-05 16:31:23,548 | 3437 | proxy.proxy, handle_switch, 231 | DEBUG | no data from switch read
2021-05-05 16:31:23,549 | 3437 | proxy.proxy, handle_switch, 227 | DEBUG | waiting data ......
2021-05-05 16:31:23,555 | 3437 | proxy.proxy, handle_switch, 229 | DEBUG | read b''
2021-05-05 16:31:23,556 | 3437 | proxy.proxy, handle_switch, 231 | DEBUG | no data from switch read
2021-05-05 16:31:23,557 | 3437 | proxy.proxy, handle_switch, 227 | DEBUG | waiting data ......
2021-05-05 16:31:23,558 | 3437 | proxy.proxy, handle_switch, 229 | DEBUG | read b''
2021-05-05 16:31:23,558 | 3437 | proxy.proxy, handle_switch, 231 | DEBUG | no data from switch read
2021-05-05 16:31:23,560 | 3437 | proxy.proxy, handle_switch, 227 | DEBUG | waiting data ......
2021-05-05 16:31:23,561 | 3437 | proxy.proxy, handle_switch, 229 | DEBUG | read b''
2021-05-05 16:31:23,562 | 3437 | proxy.proxy, handle_switch, 231 | DEBUG | no data from switch read
2021-05-05 16:31:23,564 | 3437 | proxy.proxy, handle_switch, 227 | DEBUG | waiting data ......
2021-05-05 16:31:23,564 | 3437 | proxy.proxy, handle_switch, 229 | DEBUG | read b''
2021-05-05 16:31:23,565 | 3437 | proxy.proxy, handle_switch, 231 | DEBUG | no data from switch read
2021-05-05 16:31:23,570 | 3437 | proxy.proxy, handle_switch, 227 | DEBUG | waiting data ......
2021-05-05 16:31:23,571 | 3437 | proxy.proxy, handle_switch, 229 | DEBUG | read b''
2021-05-05 16:31:23,571 | 3437 | proxy.proxy, handle_switch, 231 | DEBUG | no data from switch read
2021-05-05 16:31:23,572 | 3437 | proxy.proxy, handle_switch, 227 | DEBUG | waiting data ......
2021-05-05 16:31:23,572 | 3437 | proxy.proxy, handle_switch, 229 | DEBUG | read b''
2021-05-05 16:31:23,575 | 3437 | proxy.proxy, handle_switch, 231 | DEBUG | no data from switch read
2021-05-05 16:31:23,576 | 3437 | proxy.proxy, handle_switch, 227 | DEBUG | waiting data ......
2021-05-05 16:31:23,576 | 3437 | proxy.proxy, handle_switch, 229 | DEBUG | read b''
2021-05-05 16:31:23,577 | 3437 | proxy.proxy, handle_switch, 231 | DEBUG | no data from switch read
2021-05-05 16:31:23,579 | 3437 | proxy.proxy, handle_switch, 227 | DEBUG | waiting data ......
2021-05-05 16:31:23,583 | 3437 | proxy.proxy, handle_switch, 229 | DEBUG | read b''
2021-05-05 16:31:23,591 | 3437 | proxy.proxy, handle_switch, 231 | DEBUG | no data from switch read
2021-05-05 16:31:23,592 | 3437 | proxy.proxy, handle_switch, 227 | DEBUG | waiting data ......
2021-05-05 16:31:23,596 | 3437 | proxy.proxy, handle_switch, 229 | DEBUG | read b''
2021-05-05 16:31:23,597 | 3437 | proxy.proxy, handle_switch, 231 | DEBUG | no data from switch read
2021-05-05 16:31:23,598 | 3437 | proxy.proxy, handle_switch, 227 | DEBUG | waiting data ......
2021-05-05 16:31:23,598 | 3437 | proxy.proxy, handle_switch, 229 | DEBUG | read b''
2021-05-05 16:31:23,598 | 3437 | proxy.proxy, handle_switch, 231 | DEBUG | no data from switch read
2021-05-05 16:31:23,602 | 3437 | proxy.proxy, handle_switch, 227 | DEBUG | waiting data ......
2021-05-05 16:31:23,603 | 3437 | proxy.proxy, handle_switch, 229 | DEBUG | read b''
2021-05-05 16:31:23,603 | 3437 | proxy.proxy, handle_switch, 231 | DEBUG | no data from switch read
2021-05-05 16:31:23,604 | 3437 | proxy.proxy, handle_switch, 227 | DEBUG | waiting data ......
2021-05-05 16:31:23,604 | 3437 | proxy.proxy, handle_switch, 229 | DEBUG | read b''
2021-05-05 16:31:23,605 | 3437 | proxy.proxy, handle_switch, 231 | DEBUG | no data from switch read
2021-05-05 16:31:23,605 | 3437 | proxy.proxy, handle_switch, 227 | DEBUG | waiting data ......
2021-05-05 16:31:23,605 | 3437 | proxy.proxy, handle_switch, 229 | DEBUG | read b''
2021-05-05 16:31:23,606 | 3437 | proxy.proxy, handle_switch, 231 | DEBUG | no data from switch read
2021-05-05 16:31:23,607 | 3437 | proxy.proxy, handle_switch, 227 | DEBUG | waiting data ......
2021-05-05 16:31:23,607 | 3437 | proxy.proxy, handle_switch, 229 | DEBUG | read b''
2021-05-05 16:31:23,607 | 3437 | proxy.proxy, handle_switch, 231 | DEBUG | no data from switch read
2021-05-05 16:31:23,608 | 3437 | proxy.proxy, handle_switch, 227 | DEBUG | waiting data ......
2021-05-05 16:31:23,608 | 3437 | proxy.proxy, handle_switch, 229 | DEBUG | read b''
2021-05-05 16:31:23,609 | 3437 | proxy.proxy, handle_switch, 231 | DEBUG | no data from switch read
2021-05-05 16:31:23,613 | 3437 | proxy.proxy, handle_switch, 227 | DEBUG | waiting data ......
2021-05-05 16:31:23,615 | 3437 | proxy.proxy, handle_switch, 229 | DEBUG | read b''
2021-05-05 16:31:23,616 | 3437 | proxy.proxy, handle_switch, 231 | DEBUG | no data from switch read
2021-05-05 16:31:23,616 | 3437 | proxy.proxy, handle_switch, 227 | DEBUG | waiting data ......
2021-05-05 16:31:23,617 | 3437 | proxy.proxy, handle_switch, 229 | DEBUG | read b''
2021-05-05 16:31:23,628 | 3437 | proxy.proxy, handle_switch, 231 | DEBUG | no data from switch read
2021-05-05 16:31:23,630 | 3437 | proxy.proxy, handle_switch, 227 | DEBUG | waiting data ......
2021-05-05 16:31:23,631 | 3437 | proxy.proxy, handle_switch, 229 | DEBUG | read b''
2021-05-05 16:31:23,632 | 3437 | proxy.proxy, handle_switch, 231 | DEBUG | no data from switch read
2021-05-05 16:31:23,633 | 3437 | proxy.proxy, handle_switch, 227 | DEBUG | waiting data ......
2021-05-05 16:31:23,638 | 3437 | proxy.proxy, handle_switch, 229 | DEBUG | read b''
2021-05-05 16:31:23,639 | 3437 | proxy.proxy, handle_switch, 231 | DEBUG | no data from switch read
2021-05-05 16:31:23,640 | 3437 | proxy.proxy, handle_switch, 227 | DEBUG | waiting data ......
2021-05-05 16:31:23,640 | 3437 | proxy.proxy, handle_switch, 229 | DEBUG | read b''
2021-05-05 16:31:23,641 | 3437 | proxy.proxy, handle_switch, 231 | DEBUG | no data from switch read
2021-05-05 16:31:23,643 | 3437 | proxy.proxy, handle_switch, 227 | DEBUG | waiting data ......
2021-05-05 16:31:23,644 | 3437 | proxy.proxy, handle_switch, 229 | DEBUG | read b''
2021-05-05 16:31:23,645 | 3437 | proxy.proxy, handle_switch, 231 | DEBUG | no data from switch read
2021-05-05 16:31:23,650 | 3437 | proxy.proxy, handle_switch, 227 | DEBUG | waiting data ......
2021-05-05 16:31:23,651 | 3437 | proxy.proxy, handle_switch, 229 | DEBUG | read b''
2021-05-05 16:31:23,655 | 3437 | proxy.proxy, handle_switch, 231 | DEBUG | no data from switch read
2021-05-05 16:31:23,656 | 3437 | proxy.proxy, handle_switch, 227 | DEBUG | waiting data ......
2021-05-05 16:31:23,665 | 3437 | proxy.proxy, handle_switch, 229 | DEBUG | read b''
2021-05-05 16:31:23,666 | 3437 | proxy.proxy, handle_switch, 231 | DEBUG | no data from switch read
2021-05-05 16:31:23,668 | 3437 | proxy.proxy, handle_switch, 227 | DEBUG | waiting data ......
2021-05-05 16:31:23,670 | 3437 | proxy.proxy, handle_switch, 229 | DEBUG | read b''
2021-05-05 16:31:23,679 | 3437 | proxy.proxy, handle_switch, 231 | DEBUG | no data from switch read
2021-05-05 16:31:23,681 | 3437 | proxy.proxy, handle_switch, 227 | DEBUG | waiting data ......
2021-05-05 16:31:23,681 | 3437 | proxy.proxy, handle_switch, 229 | DEBUG | read b''
2021-05-05 16:31:23,682 | 3437 | proxy.proxy, handle_switch, 231 | DEBUG | no data from switch read
2021-05-05 16:31:23,683 | 3437 | proxy.proxy, handle_switch, 227 | DEBUG | waiting data ......
2021-05-05 16:31:23,684 | 3437 | proxy.proxy, handle_switch, 229 | DEBUG | read b''
2021-05-05 16:31:23,685 | 3437 | proxy.proxy, handle_switch, 231 | DEBUG | no data from switch read
2021-05-05 16:31:23,686 | 3437 | proxy.proxy, handle_switch, 227 | DEBUG | waiting data ......
2021-05-05 16:31:23,687 | 3437 | proxy.proxy, handle_switch, 229 | DEBUG | read b''
2021-05-05 16:31:23,696 | 3437 | proxy.proxy, handle_switch, 231 | DEBUG | no data from switch read
2021-05-05 16:31:23,697 | 3437 | proxy.proxy, handle_switch, 227 | DEBUG | waiting data ......
2021-05-05 16:31:23,698 | 3437 | proxy.proxy, handle_switch, 229 | DEBUG | read b''
2021-05-05 16:31:23,698 | 3437 | proxy.proxy, handle_switch, 231 | DEBUG | no data from switch read
2021-05-05 16:31:23,699 | 3437 | proxy.proxy, handle_switch, 227 | DEBUG | waiting data ......
2021-05-05 16:31:23,699 | 3437 | proxy.proxy, handle_switch, 229 | DEBUG | read b''
2021-05-05 16:31:23,700 | 3437 | proxy.proxy, handle_switch, 231 | DEBUG | no data from switch read
2021-05-05 16:31:23,700 | 3437 | proxy.proxy, handle_switch, 227 | DEBUG | waiting data ......
2021-05-05 16:31:23,707 | 3437 | proxy.proxy, handle_switch, 229 | DEBUG | read b''
2021-05-05 16:31:23,709 | 3437 | proxy.proxy, handle_switch, 231 | DEBUG | no data from switch read
2021-05-05 16:31:23,710 | 3437 | proxy.proxy, handle_switch, 227 | DEBUG | waiting data ......
2021-05-05 16:31:23,715 | 3437 | proxy.proxy, handle_switch, 229 | DEBUG | read b''
2021-05-05 16:31:23,717 | 3437 | proxy.proxy, handle_switch, 231 | DEBUG | no data from switch read
2021-05-05 16:31:23,718 | 3437 | proxy.proxy, handle_switch, 227 | DEBUG | waiting data ......
2021-05-05 16:31:23,719 | 3437 | proxy.proxy, handle_switch, 229 | DEBUG | read b''
2021-05-05 16:31:23,720 | 3437 | proxy.proxy, handle_switch, 231 | DEBUG | no data from switch read
2021-05-05 16:31:23,721 | 3437 | proxy.proxy, handle_switch, 227 | DEBUG | waiting data ......
2021-05-05 16:31:23,721 | 3437 | proxy.proxy, handle_switch, 229 | DEBUG | read b''
2021-05-05 16:31:23,722 | 3437 | proxy.proxy, handle_switch, 231 | DEBUG | no data from switch read
2021-05-05 16:31:23,725 | 3437 | proxy.proxy, handle_switch, 227 | DEBUG | waiting data ......
2021-05-05 16:31:23,727 | 3437 | proxy.proxy, handle_switch, 229 | DEBUG | read b''
2021-05-05 16:31:23,730 | 3437 | proxy.proxy, handle_switch, 231 | DEBUG | no data from switch read
2021-05-05 16:31:23,732 | 3437 | proxy.proxy, handle_switch, 227 | DEBUG | waiting data ......
2021-05-05 16:31:23,739 | 3437 | proxy.proxy, handle_switch, 229 | DEBUG | read b''
2021-05-05 16:31:23,740 | 3437 | proxy.proxy, handle_switch, 231 | DEBUG | no data from switch read
2021-05-05 16:31:23,740 | 3437 | proxy.proxy, handle_switch, 227 | DEBUG | waiting data ......
2021-05-05 16:31:23,742 | 3437 | proxy.proxy, handle_switch, 229 | DEBUG | read b''
2021-05-05 16:31:23,745 | 3437 | proxy.proxy, handle_switch, 231 | DEBUG | no data from switch read
2021-05-05 16:31:23,746 | 3437 | proxy.proxy, handle_switch, 227 | DEBUG | waiting data ......
2021-05-05 16:31:23,747 | 3437 | proxy.proxy, handle_switch, 229 | DEBUG | read b''
2021-05-05 16:31:23,747 | 3437 | proxy.proxy, handle_switch, 231 | DEBUG | no data from switch read
2021-05-05 16:31:23,748 | 3437 | proxy.proxy, handle_switch, 227 | DEBUG | waiting data ......
2021-05-05 16:31:23,753 | 3437 | proxy.proxy, handle_switch, 229 | DEBUG | read b''
2021-05-05 16:31:23,753 | 3437 | proxy.proxy, handle_switch, 231 | DEBUG | no data from switch read
2021-05-05 16:31:23,754 | 3437 | proxy.proxy, handle_switch, 227 | DEBUG | waiting data ......
2021-05-05 16:31:23,755 | 3437 | proxy.proxy, handle_switch, 229 | DEBUG | read b''
2021-05-05 16:31:23,761 | 3437 | proxy.proxy, handle_switch, 231 | DEBUG | no data from switch read
2021-05-05 16:31:23,767 | 3437 | proxy.proxy, handle_switch, 227 | DEBUG | waiting data ......
2021-05-05 16:31:23,768 | 3437 | proxy.proxy, handle_switch, 229 | DEBUG | read b''
2021-05-05 16:31:23,769 | 3437 | proxy.proxy, handle_switch, 231 | DEBUG | no data from switch read
2021-05-05 16:31:23,769 | 3437 | proxy.proxy, handle_switch, 227 | DEBUG | waiting data ......
2021-05-05 16:31:23,770 | 3437 | proxy.proxy, handle_switch, 229 | DEBUG | read b''
2021-05-05 16:31:23,770 | 3437 | proxy.proxy, handle_switch, 231 | DEBUG | no data from switch read
2021-05-05 16:31:23,771 | 3437 | proxy.proxy, handle_switch, 227 | DEBUG | waiting data ......
2021-05-05 16:31:23,772 | 3437 | proxy.proxy, handle_switch, 229 | DEBUG | read b''
2021-05-05 16:31:23,773 | 3437 | proxy.proxy, handle_switch, 231 | DEBUG | no data from switch read
2021-05-05 16:31:23,774 | 3437 | proxy.proxy, handle_switch, 227 | DEBUG | waiting data ......
2021-05-05 16:31:23,777 | 3437 | proxy.proxy, handle_switch, 229 | DEBUG | read b''
2021-05-05 16:31:23,783 | 3437 | proxy.proxy, handle_switch, 231 | DEBUG | no data from switch read
2021-05-05 16:31:23,784 | 3437 | proxy.proxy, handle_switch, 227 | DEBUG | waiting data ......
2021-05-05 16:31:23,792 | 3437 | proxy.proxy, handle_switch, 229 | DEBUG | read b''
2021-05-05 16:31:23,796 | 3437 | proxy.proxy, handle_switch, 231 | DEBUG | no data from switch read
2021-05-05 16:31:23,797 | 3437 | proxy.proxy, handle_switch, 227 | DEBUG | waiting data ......
2021-05-05 16:31:23,805 | 3437 | proxy.proxy, handle_switch, 229 | DEBUG | read b''
2021-05-05 16:31:23,807 | 3437 | proxy.proxy, handle_switch, 231 | DEBUG | no data from switch read
2021-05-05 16:31:23,808 | 3437 | proxy.proxy, handle_switch, 227 | DEBUG | waiting data ......
2021-05-05 16:31:23,809 | 3437 | proxy.proxy, handle_switch, 229 | DEBUG | read b''
2021-05-05 16:31:23,810 | 3437 | proxy.proxy, handle_switch, 231 | DEBUG | no data from switch read
2021-05-05 16:31:23,821 | 3437 | proxy.proxy, handle_switch, 227 | DEBUG | waiting data ......
2021-05-05 16:31:23,827 | 3437 | proxy.proxy, handle_switch, 229 | DEBUG | read b''
2021-05-05 16:31:23,830 | 3437 | proxy.proxy, handle_switch, 231 | DEBUG | no data from switch read
2021-05-05 16:31:23,831 | 3437 | proxy.proxy, handle_switch, 227 | DEBUG | waiting data ......
2021-05-05 16:31:23,835 | 3437 | proxy.proxy, handle_switch, 229 | DEBUG | read b''
2021-05-05 16:31:23,839 | 3437 | proxy.proxy, handle_switch, 231 | DEBUG | no data from switch read
2021-05-05 16:31:23,839 | 3437 | proxy.proxy, handle_switch, 227 | DEBUG | waiting data ......
2021-05-05 16:31:23,840 | 3437 | proxy.proxy, handle_switch, 229 | DEBUG | read b''
2021-05-05 16:31:23,841 | 3437 | proxy.proxy, handle_switch, 231 | DEBUG | no data from switch read
2021-05-05 16:31:23,841 | 3437 | proxy.proxy, handle_switch, 227 | DEBUG | waiting data ......
2021-05-05 16:31:23,842 | 3437 | proxy.proxy, handle_switch, 229 | DEBUG | read b''
2021-05-05 16:31:23,842 | 3437 | proxy.proxy, handle_switch, 231 | DEBUG | no data from switch read
2021-05-05 16:31:23,843 | 3437 | proxy.proxy, handle_switch, 227 | DEBUG | waiting data ......
2021-05-05 16:31:23,843 | 3437 | proxy.proxy, handle_switch, 229 | DEBUG | read b''
2021-05-05 16:31:23,844 | 3437 | proxy.proxy, handle_switch, 231 | DEBUG | no data from switch read
2021-05-05 16:31:23,845 | 3437 | proxy.proxy, handle_switch, 227 | DEBUG | waiting data ......
2021-05-05 16:31:23,845 | 3437 | proxy.proxy, handle_switch, 229 | DEBUG | read b''
2021-05-05 16:31:23,846 | 3437 | proxy.proxy, handle_switch, 231 | DEBUG | no data from switch read
2021-05-05 16:31:23,847 | 3437 | proxy.proxy, handle_switch, 227 | DEBUG | waiting data ......
2021-05-05 16:31:23,847 | 3437 | proxy.proxy, handle_switch, 229 | DEBUG | read b''
2021-05-05 16:31:23,848 | 3437 | proxy.proxy, handle_switch, 231 | DEBUG | no data from switch read
2021-05-05 16:31:23,848 | 3437 | proxy.proxy, handle_switch, 227 | DEBUG | waiting data ......
2021-05-05 16:31:23,849 | 3437 | proxy.proxy, handle_switch, 229 | DEBUG | read b''
2021-05-05 16:31:23,849 | 3437 | proxy.proxy, handle_switch, 231 | DEBUG | no data from switch read
2021-05-05 16:31:23,855 | 3437 | proxy.proxy, handle_switch, 227 | DEBUG | waiting data ......
2021-05-05 16:31:23,857 | 3437 | proxy.proxy, handle_switch, 229 | DEBUG | read b''
2021-05-05 16:31:23,859 | 3437 | proxy.proxy, handle_switch, 231 | DEBUG | no data from switch read
2021-05-05 16:31:23,859 | 3437 | proxy.proxy, handle_switch, 227 | DEBUG | waiting data ......
2021-05-05 16:31:23,860 | 3437 | proxy.proxy, handle_switch, 229 | DEBUG | read b''
2021-05-05 16:31:23,862 | 3437 | proxy.proxy, handle_switch, 231 | DEBUG | no data from switch read
2021-05-05 16:31:23,862 | 3437 | proxy.proxy, handle_switch, 227 | DEBUG | waiting data ......
2021-05-05 16:31:23,863 | 3437 | proxy.proxy, handle_switch, 229 | DEBUG | read b''
2021-05-05 16:31:23,863 | 3437 | proxy.proxy, handle_switch, 231 | DEBUG | no data from switch read
2021-05-05 16:31:23,864 | 3437 | proxy.proxy, handle_switch, 227 | DEBUG | waiting data ......
2021-05-05 16:31:23,865 | 3437 | proxy.proxy, handle_switch, 229 | DEBUG | read b''
2021-05-05 16:31:23,865 | 3437 | proxy.proxy, handle_switch, 231 | DEBUG | no data from switch read
2021-05-05 16:31:23,865 | 3437 | proxy.proxy, handle_switch, 227 | DEBUG | waiting data ......
2021-05-05 16:31:23,866 | 3437 | proxy.proxy, handle_switch, 229 | DEBUG | read b''
2021-05-05 16:31:23,870 | 3437 | proxy.proxy, handle_switch, 231 | DEBUG | no data from switch read
2021-05-05 16:31:23,871 | 3437 | proxy.proxy, handle_switch, 227 | DEBUG | waiting data ......
2021-05-05 16:31:23,875 | 3437 | proxy.proxy, handle_switch, 229 | DEBUG | read b''
2021-05-05 16:31:23,875 | 3437 | proxy.proxy, handle_switch, 231 | DEBUG | no data from switch read
2021-05-05 16:31:23,876 | 3437 | proxy.proxy, handle_switch, 227 | DEBUG | waiting data ......
2021-05-05 16:31:23,876 | 3437 | proxy.proxy, handle_switch, 229 | DEBUG | read b''
2021-05-05 16:31:23,880 | 3437 | proxy.proxy, handle_switch, 231 | DEBUG | no data from switch read
2021-05-05 16:31:23,881 | 3437 | proxy.proxy, handle_switch, 227 | DEBUG | waiting data ......
2021-05-05 16:31:23,882 | 3437 | proxy.proxy, handle_switch, 229 | DEBUG | read b''
2021-05-05 16:31:23,882 | 3437 | proxy.proxy, handle_switch, 231 | DEBUG | no data from switch read
2021-05-05 16:31:23,883 | 3437 | proxy.proxy, handle_switch, 227 | DEBUG | waiting data ......
2021-05-05 16:31:23,883 | 3437 | proxy.proxy, handle_switch, 229 | DEBUG | read b''
2021-05-05 16:31:23,883 | 3437 | proxy.proxy, handle_switch, 231 | DEBUG | no data from switch read
2021-05-05 16:31:23,884 | 3437 | proxy.proxy, handle_switch, 227 | DEBUG | waiting data ......
2021-05-05 16:31:23,884 | 3437 | proxy.proxy, handle_switch, 229 | DEBUG | read b''
2021-05-05 16:31:23,889 | 3437 | proxy.proxy, handle_switch, 231 | DEBUG | no data from switch read
2021-05-05 16:31:23,891 | 3437 | proxy.proxy, handle_switch, 227 | DEBUG | waiting data ......
2021-05-05 16:31:23,891 | 3437 | proxy.proxy, handle_switch, 229 | DEBUG | read b''
2021-05-05 16:31:23,892 | 3437 | proxy.proxy, handle_switch, 231 | DEBUG | no data from switch read
2021-05-05 16:31:23,892 | 3437 | proxy.proxy, handle_switch, 227 | DEBUG | waiting data ......
2021-05-05 16:31:23,893 | 3437 | proxy.proxy, handle_switch, 229 | DEBUG | read b''
2021-05-05 16:31:23,894 | 3437 | proxy.proxy, handle_switch, 231 | DEBUG | no data from switch read
2021-05-05 16:31:23,894 | 3437 | proxy.proxy, handle_switch, 227 | DEBUG | waiting data ......
2021-05-05 16:31:23,898 | 3437 | proxy.proxy, handle_switch, 229 | DEBUG | read b''
2021-05-05 16:31:23,900 | 3437 | proxy.proxy, handle_switch, 231 | DEBUG | no data from switch read
2021-05-05 16:31:23,901 | 3437 | proxy.proxy, handle_switch, 227 | DEBUG | waiting data ......
2021-05-05 16:31:23,901 | 3437 | proxy.proxy, handle_switch, 229 | DEBUG | read b''
2021-05-05 16:31:23,902 | 3437 | proxy.proxy, handle_switch, 231 | DEBUG | no data from switch read
2021-05-05 16:31:23,902 | 3437 | proxy.proxy, handle_switch, 227 | DEBUG | waiting data ......
2021-05-05 16:31:23,902 | 3437 | proxy.proxy, handle_switch, 229 | DEBUG | read b''
2021-05-05 16:31:23,903 | 3437 | proxy.proxy, handle_switch, 231 | DEBUG | no data from switch read
2021-05-05 16:31:23,903 | 3437 | proxy.proxy, handle_switch, 227 | DEBUG | waiting data ......
2021-05-05 16:31:23,903 | 3437 | proxy.proxy, handle_switch, 229 | DEBUG | read b''
2021-05-05 16:31:23,904 | 3437 | proxy.proxy, handle_switch, 231 | DEBUG | no data from switch read
2021-05-05 16:31:23,904 | 3437 | proxy.proxy, handle_switch, 227 | DEBUG | waiting data ......
2021-05-05 16:31:23,905 | 3437 | proxy.proxy, handle_switch, 229 | DEBUG | read b''
2021-05-05 16:31:23,905 | 3437 | proxy.proxy, handle_switch, 231 | DEBUG | no data from switch read
2021-05-05 16:31:23,912 | 3437 | proxy.proxy, handle_switch, 227 | DEBUG | waiting data ......
2021-05-05 16:31:23,913 | 3437 | proxy.proxy, handle_switch, 229 | DEBUG | read b''
2021-05-05 16:31:23,913 | 3437 | proxy.proxy, handle_switch, 231 | DEBUG | no data from switch read
2021-05-05 16:31:23,914 | 3437 | proxy.proxy, handle_switch, 227 | DEBUG | waiting data ......
2021-05-05 16:31:23,914 | 3437 | proxy.proxy, handle_switch, 229 | DEBUG | read b''
2021-05-05 16:31:23,917 | 3437 | proxy.proxy, handle_switch, 231 | DEBUG | no data from switch read
2021-05-05 16:31:23,922 | 3437 | proxy.proxy, handle_switch, 227 | DEBUG | waiting data ......
2021-05-05 16:31:23,922 | 3437 | proxy.proxy, handle_switch, 229 | DEBUG | read b''
2021-05-05 16:31:23,922 | 3437 | proxy.proxy, handle_switch, 231 | DEBUG | no data from switch read
2021-05-05 16:31:23,923 | 3437 | proxy.proxy, handle_switch, 227 | DEBUG | waiting data ......
2021-05-05 16:31:23,923 | 3437 | proxy.proxy, handle_switch, 229 | DEBUG | read b''
2021-05-05 16:31:23,924 | 3437 | proxy.proxy, handle_switch, 231 | DEBUG | no data from switch read
2021-05-05 16:31:23,924 | 3437 | proxy.proxy, handle_switch, 227 | DEBUG | waiting data ......
2021-05-05 16:31:23,924 | 3437 | proxy.proxy, handle_switch, 229 | DEBUG | read b''
2021-05-05 16:31:23,925 | 3437 | proxy.proxy, handle_switch, 231 | DEBUG | no data from switch read
2021-05-05 16:31:23,925 | 3437 | proxy.proxy, handle_switch, 227 | DEBUG | waiting data ......
2021-05-05 16:31:23,925 | 3437 | proxy.proxy, handle_switch, 229 | DEBUG | read b''
2021-05-05 16:31:23,926 | 3437 | proxy.proxy, handle_switch, 231 | DEBUG | no data from switch read
2021-05-05 16:31:23,927 | 3437 | proxy.proxy, handle_switch, 227 | DEBUG | waiting data ......
2021-05-05 16:31:23,927 | 3437 | proxy.proxy, handle_switch, 229 | DEBUG | read b''
2021-05-05 16:31:23,931 | 3437 | proxy.proxy, handle_switch, 231 | DEBUG | no data from switch read
2021-05-05 16:31:23,932 | 3437 | proxy.proxy, handle_switch, 227 | DEBUG | waiting data ......
2021-05-05 16:31:23,933 | 3437 | proxy.proxy, handle_switch, 229 | DEBUG | read b''
2021-05-05 16:31:23,934 | 3437 | proxy.proxy, handle_switch, 231 | DEBUG | no data from switch read
2021-05-05 16:31:23,935 | 3437 | proxy.proxy, handle_switch, 227 | DEBUG | waiting data ......
2021-05-05 16:31:23,935 | 3437 | proxy.proxy, handle_switch, 229 | DEBUG | read b''
2021-05-05 16:31:23,936 | 3437 | proxy.proxy, handle_switch, 231 | DEBUG | no data from switch read
2021-05-05 16:31:23,936 | 3437 | proxy.proxy, handle_switch, 227 | DEBUG | waiting data ......
2021-05-05 16:31:23,937 | 3437 | proxy.proxy, handle_switch, 229 | DEBUG | read b''
2021-05-05 16:31:23,937 | 3437 | proxy.proxy, handle_switch, 231 | DEBUG | no data from switch read
2021-05-05 16:31:23,937 | 3437 | proxy.proxy, handle_switch, 227 | DEBUG | waiting data ......
2021-05-05 16:31:23,938 | 3437 | proxy.proxy, handle_switch, 229 | DEBUG | read b''
2021-05-05 16:31:23,938 | 3437 | proxy.proxy, handle_switch, 231 | DEBUG | no data from switch read
2021-05-05 16:31:23,941 | 3437 | proxy.proxy, handle_switch, 227 | DEBUG | waiting data ......
2021-05-05 16:31:23,946 | 3437 | proxy.proxy, handle_switch, 229 | DEBUG | read b''
2021-05-05 16:31:23,946 | 3437 | proxy.proxy, handle_switch, 231 | DEBUG | no data from switch read
2021-05-05 16:31:23,953 | 3437 | proxy.proxy, handle_switch, 227 | DEBUG | waiting data ......
2021-05-05 16:31:23,960 | 3437 | proxy.proxy, handle_switch, 229 | DEBUG | read b''
2021-05-05 16:31:23,961 | 3437 | proxy.proxy, handle_switch, 231 | DEBUG | no data from switch read
2021-05-05 16:31:23,961 | 3437 | proxy.proxy, handle_switch, 227 | DEBUG | waiting data ......
2021-05-05 16:31:23,962 | 3437 | proxy.proxy, handle_switch, 229 | DEBUG | read b''
2021-05-05 16:31:23,962 | 3437 | proxy.proxy, handle_switch, 231 | DEBUG | no data from switch read
2021-05-05 16:31:23,964 | 3437 | proxy.proxy, handle_switch, 227 | DEBUG | waiting data ......
2021-05-05 16:31:23,965 | 3437 | proxy.proxy, handle_switch, 229 | DEBUG | read b''
2021-05-05 16:31:23,966 | 3437 | proxy.proxy, handle_switch, 231 | DEBUG | no data from switch read
2021-05-05 16:31:23,967 | 3437 | proxy.proxy, handle_switch, 227 | DEBUG | waiting data ......
2021-05-05 16:31:23,971 | 3437 | proxy.proxy, handle_switch, 229 | DEBUG | read b''
2021-05-05 16:31:23,972 | 3437 | proxy.proxy, handle_switch, 231 | DEBUG | no data from switch read
2021-05-05 16:31:23,972 | 3437 | proxy.proxy, handle_switch, 227 | DEBUG | waiting data ......
2021-05-05 16:31:23,975 | 3437 | proxy.proxy, handle_switch, 229 | DEBUG | read b''
2021-05-05 16:31:23,982 | 3437 | proxy.proxy, handle_switch, 231 | DEBUG | no data from switch read
2021-05-05 16:31:23,983 | 3437 | proxy.proxy, handle_switch, 227 | DEBUG | waiting data ......
2021-05-05 16:31:23,984 | 3437 | proxy.proxy, handle_switch, 229 | DEBUG | read b''
2021-05-05 16:31:23,985 | 3437 | proxy.proxy, handle_switch, 231 | DEBUG | no data from switch read
2021-05-05 16:31:23,985 | 3437 | proxy.proxy, handle_switch, 227 | DEBUG | waiting data ......
2021-05-05 16:31:23,986 | 3437 | proxy.proxy, handle_switch, 229 | DEBUG | read b''
2021-05-05 16:31:23,986 | 3437 | proxy.proxy, handle_switch, 231 | DEBUG | no data from switch read
2021-05-05 16:31:23,986 | 3437 | proxy.proxy, handle_switch, 227 | DEBUG | waiting data ......
2021-05-05 16:31:23,987 | 3437 | proxy.proxy, handle_switch, 229 | DEBUG | read b''
2021-05-05 16:31:23,987 | 3437 | proxy.proxy, handle_switch, 231 | DEBUG | no data from switch read
2021-05-05 16:31:23,988 | 3437 | proxy.proxy, handle_switch, 227 | DEBUG | waiting data ......
2021-05-05 16:31:23,988 | 3437 | proxy.proxy, handle_switch, 229 | DEBUG | read b''
2021-05-05 16:31:23,990 | 3437 | proxy.proxy, handle_switch, 231 | DEBUG | no data from switch read
2021-05-05 16:31:23,990 | 3437 | proxy.proxy, handle_switch, 227 | DEBUG | waiting data ......
2021-05-05 16:31:23,991 | 3437 | proxy.proxy, handle_switch, 229 | DEBUG | read b''
2021-05-05 16:31:23,992 | 3437 | proxy.proxy, handle_switch, 231 | DEBUG | no data from switch read
2021-05-05 16:31:23,992 | 3437 | proxy.proxy, handle_switch, 227 | DEBUG | waiting data ......
2021-05-05 16:31:23,992 | 3437 | proxy.proxy, handle_switch, 229 | DEBUG | read b''
2021-05-05 16:31:23,993 | 3437 | proxy.proxy, handle_switch, 231 | DEBUG | no data from switch read
2021-05-05 16:31:23,994 | 3437 | proxy.proxy, handle_switch, 227 | DEBUG | waiting data ......
2021-05-05 16:31:23,994 | 3437 | proxy.proxy, handle_switch, 229 | DEBUG | read b''
2021-05-05 16:31:23,995 | 3437 | proxy.proxy, handle_switch, 231 | DEBUG | no data from switch read
2021-05-05 16:31:23,996 | 3437 | proxy.proxy, handle_switch, 227 | DEBUG | waiting data ......
2021-05-05 16:31:23,996 | 3437 | proxy.proxy, handle_switch, 229 | DEBUG | read b''
2021-05-05 16:31:23,998 | 3437 | proxy.proxy, handle_switch, 231 | DEBUG | no data from switch read
2021-05-05 16:31:24,000 | 3437 | proxy.proxy, handle_switch, 227 | DEBUG | waiting data ......
2021-05-05 16:31:24,007 | 3437 | proxy.proxy, handle_switch, 229 | DEBUG | read b''
2021-05-05 16:31:24,007 | 3437 | proxy.proxy, handle_switch, 231 | DEBUG | no data from switch read
2021-05-05 16:31:24,008 | 3437 | proxy.proxy, handle_switch, 227 | DEBUG | waiting data ......
2021-05-05 16:31:24,008 | 3437 | proxy.proxy, handle_switch, 229 | DEBUG | read b''
2021-05-05 16:31:24,009 | 3437 | proxy.proxy, handle_switch, 231 | DEBUG | no data from switch read
2021-05-05 16:31:24,009 | 3437 | proxy.proxy, handle_switch, 227 | DEBUG | waiting data ......
2021-05-05 16:31:24,010 | 3437 | proxy.proxy, handle_switch, 229 | DEBUG | read b''
2021-05-05 16:31:24,014 | 3437 | proxy.proxy, handle_switch, 231 | DEBUG | no data from switch read
2021-05-05 16:31:24,017 | 3437 | proxy.proxy, handle_switch, 227 | DEBUG | waiting data ......
2021-05-05 16:31:24,018 | 3437 | proxy.proxy, handle_switch, 229 | DEBUG | read b''
2021-05-05 16:31:24,019 | 3437 | proxy.proxy, handle_switch, 231 | DEBUG | no data from switch read
2021-05-05 16:31:24,027 | 3437 | proxy.proxy, handle_switch, 227 | DEBUG | waiting data ......
2021-05-05 16:31:24,031 | 3437 | proxy.proxy, handle_switch, 229 | DEBUG | read b''
2021-05-05 16:31:24,031 | 3437 | proxy.proxy, handle_switch, 231 | DEBUG | no data from switch read
2021-05-05 16:31:24,032 | 3437 | proxy.proxy, handle_switch, 227 | DEBUG | waiting data ......
2021-05-05 16:31:24,032 | 3437 | proxy.proxy, handle_switch, 229 | DEBUG | read b''
2021-05-05 16:31:24,033 | 3437 | proxy.proxy, handle_switch, 231 | DEBUG | no data from switch read
2021-05-05 16:31:24,035 | 3437 | proxy.proxy, handle_switch, 227 | DEBUG | waiting data ......
2021-05-05 16:31:24,037 | 3437 | proxy.proxy, handle_switch, 229 | DEBUG | read b''
2021-05-05 16:31:24,041 | 3437 | proxy.proxy, handle_switch, 231 | DEBUG | no data from switch read
2021-05-05 16:31:24,046 | 3437 | proxy.proxy, handle_switch, 227 | DEBUG | waiting data ......
2021-05-05 16:31:24,047 | 3437 | proxy.proxy, handle_switch, 229 | DEBUG | read b''
2021-05-05 16:31:24,059 | 3437 | proxy.proxy, handle_switch, 231 | DEBUG | no data from switch read
2021-05-05 16:31:24,097 | 3437 | proxy.proxy, handle_switch, 227 | DEBUG | waiting data ......
2021-05-05 16:31:24,143 | 3437 | proxy.proxy, handle_switch, 229 | DEBUG | read b''
2021-05-05 16:31:24,514 | 3437 | proxy.proxy, handle_switch, 231 | DEBUG | no data from switch read
2021-05-05 16:31:24,574 | 3437 | proxy.proxy, handle_switch, 227 | DEBUG | waiting data ......
2021-05-05 16:31:24,577 | 3437 | proxy.proxy, handle_switch, 229 | DEBUG | read b''
2021-05-05 16:31:24,608 | 3437 | proxy.proxy, handle_switch, 231 | DEBUG | no data from switch read
2021-05-05 16:31:24,609 | 3437 | proxy.proxy, handle_switch, 227 | DEBUG | waiting data ......
2021-05-05 16:31:24,609 | 3437 | proxy.proxy, handle_switch, 229 | DEBUG | read b''
2021-05-05 16:31:24,611 | 3437 | proxy.proxy, handle_switch, 231 | DEBUG | no data from switch read
2021-05-05 16:31:24,618 | 3437 | proxy.proxy, handle_switch, 227 | DEBUG | waiting data ......
2021-05-05 16:31:24,618 | 3437 | proxy.proxy, handle_switch, 229 | DEBUG | read b''
2021-05-05 16:31:24,620 | 3437 | proxy.proxy, handle_switch, 231 | DEBUG | no data from switch read
2021-05-05 16:31:24,621 | 3437 | proxy.proxy, handle_switch, 227 | DEBUG | waiting data ......
2021-05-05 16:31:24,621 | 3437 | proxy.proxy, handle_switch, 229 | DEBUG | read b''
2021-05-05 16:31:24,622 | 3437 | proxy.proxy, handle_switch, 231 | DEBUG | no data from switch read
2021-05-05 16:31:24,636 | 3437 | proxy.proxy, handle_switch, 246 | INFO | Close the connection and do exit processing
2021-05-05 16:31:24,639 | 3437 | root, <module>, 51 | INFO | keyboardInterrupt : 
2021-05-05 16:31:25,485 | 3437 | asyncio, default_exception_handler, 1707 | ERROR | Task exception was never retrieved
future: <Task finished name='Task-8' coro=<SwitchHandler.handle_switch() done, defined at /home/shu/Network/ofcapture/proxy/proxy.py:205> exception=KeyboardInterrupt()>
Traceback (most recent call last):
  File "ofcapture.py", line 49, in <module>
    main()
  File "ofcapture.py", line 43, in main
    loop.run_until_complete(asyncio.wait([
  File "/usr/lib/python3.8/asyncio/base_events.py", line 603, in run_until_complete
    self.run_forever()
  File "/usr/lib/python3.8/asyncio/base_events.py", line 570, in run_forever
    self._run_once()
  File "/usr/lib/python3.8/asyncio/base_events.py", line 1859, in _run_once
    handle._run()
  File "/usr/lib/python3.8/asyncio/events.py", line 81, in _run
    self._context.run(self._callback, *self._args)
  File "/home/shu/Network/ofcapture/proxy/proxy.py", line 227, in handle_switch
    self.logger.debug("waiting data ......")
  File "/usr/lib/python3.8/logging/__init__.py", line 1422, in debug
    self._log(DEBUG, msg, args, **kwargs)
  File "/usr/lib/python3.8/logging/__init__.py", line 1577, in _log
    self.handle(record)
  File "/usr/lib/python3.8/logging/__init__.py", line 1587, in handle
    self.callHandlers(record)
  File "/usr/lib/python3.8/logging/__init__.py", line 1649, in callHandlers
    hdlr.handle(record)
  File "/usr/lib/python3.8/logging/__init__.py", line 950, in handle
    self.emit(record)
  File "/usr/lib/python3.8/logging/__init__.py", line 1084, in emit
    stream.write(msg + self.terminator)
KeyboardInterrupt
2021-05-05 16:31:25,693 | 3437 | proxy.proxy, handle_controller, 349 | INFO | Close the connection and do exit processing
2021-05-05 16:31:25,696 | 3437 | asyncio, default_exception_handler, 1707 | ERROR | Task was destroyed but it is pending!
task: <Task pending name='Task-11' coro=<ControllerHandler.handle_controller() done, defined at /home/shu/Network/ofcapture/proxy/proxy.py:317> wait_for=<Future pending cb=[<TaskWakeupMethWrapper object at 0x7f7661c16e20>()]>>
