2021-05-21 10:13:45,564 | 5256 | proxy.proxy, start_server, 224 | INFO | Server on ('127.0.0.1', 63333)
2021-05-21 10:13:45,565 | 5256 | proxy.proxy, start_server, 227 | INFO | Server serve forever ('127.0.0.1', 63333)
2021-05-21 10:13:48,015 | 5256 | proxy.proxy, handle_switch, 241 | INFO | Client ('127.0.0.1', 55068) is connected
2021-05-21 10:13:48,018 | 5256 | proxy.proxy, handle_switch, 241 | INFO | Client ('127.0.0.1', 55070) is connected
2021-05-21 10:13:48,020 | 5256 | proxy.proxy, handle_switch, 241 | INFO | Client ('127.0.0.1', 55072) is connected
2021-05-21 10:13:48,023 | 5256 | proxy.proxy, handle_switch, 252 | DEBUG | waiting data ......
2021-05-21 10:13:48,024 | 5256 | proxy.proxy, handle_switch, 255 | DEBUG | read b'\x04\x00\x00\x10\x00\x00\x00%\x00\x01\x00\x08\x00\x00\x00\x10'
2021-05-21 10:13:48,026 | 5256 | proxy.proxy, send_to_controller, 396 | DEBUG | sent data to controller: b'\x04\x00\x00\x10\x00\x00\x00%\x00\x01\x00\x08\x00\x00\x00\x10'
2021-05-21 10:13:48,035 | 5256 | proxy.proxy, send_to_controller, 74 | DEBUG | set data and sent to controller : b'\x04\x00\x00\x10\x00\x00\x00%\x00\x01\x00\x08\x00\x00\x00\x10'
2021-05-21 10:13:48,035 | 5256 | proxy.proxy, handle_switch, 252 | DEBUG | waiting data ......
2021-05-21 10:13:48,035 | 5256 | proxy.proxy, handle_switch, 252 | DEBUG | waiting data ......
2021-05-21 10:13:48,036 | 5256 | proxy.proxy, handle_switch, 255 | DEBUG | read b'\x04\x00\x00\x10\x00\x00\x00&\x00\x01\x00\x08\x00\x00\x00\x10'
2021-05-21 10:13:48,036 | 5256 | proxy.proxy, send_to_controller, 396 | DEBUG | sent data to controller: b'\x04\x00\x00\x10\x00\x00\x00&\x00\x01\x00\x08\x00\x00\x00\x10'
2021-05-21 10:13:48,038 | 5256 | proxy.proxy, send_to_controller, 74 | DEBUG | set data and sent to controller : b'\x04\x00\x00\x10\x00\x00\x00&\x00\x01\x00\x08\x00\x00\x00\x10'
2021-05-21 10:13:48,038 | 5256 | proxy.proxy, handle_switch, 252 | DEBUG | waiting data ......
2021-05-21 10:13:48,039 | 5256 | proxy.proxy, handle_switch, 252 | DEBUG | waiting data ......
2021-05-21 10:13:48,039 | 5256 | proxy.proxy, handle_switch, 255 | DEBUG | read b"\x04\x00\x00\x10\x00\x00\x00'\x00\x01\x00\x08\x00\x00\x00\x10"
2021-05-21 10:13:48,043 | 5256 | proxy.proxy, send_to_controller, 396 | DEBUG | sent data to controller: b"\x04\x00\x00\x10\x00\x00\x00'\x00\x01\x00\x08\x00\x00\x00\x10"
2021-05-21 10:13:48,043 | 5256 | proxy.proxy, send_to_controller, 74 | DEBUG | set data and sent to controller : b"\x04\x00\x00\x10\x00\x00\x00'\x00\x01\x00\x08\x00\x00\x00\x10"
2021-05-21 10:13:48,044 | 5256 | proxy.proxy, handle_switch, 252 | DEBUG | waiting data ......
2021-05-21 10:13:48,050 | 5256 | proxy.proxy, handle_controller, 355 | INFO | connected Controller ('127.0.0.1', 6633)
2021-05-21 10:13:48,051 | 5256 | proxy.proxy, handle_controller, 360 | DEBUG | waiting data ......
2021-05-21 10:13:48,052 | 5256 | proxy.proxy, handle_controller, 362 | DEBUG | read b'\x04\x00\x00\x08\xd5\xd2\xdc:\x04\x05\x00\x08\xd5\xd2\xdc;'
2021-05-21 10:13:48,053 | 5256 | proxy.proxy, send_to_switch, 291 | DEBUG | sent data to switch: b'\x04\x00\x00\x08\xd5\xd2\xdc:\x04\x05\x00\x08\xd5\xd2\xdc;'
2021-05-21 10:13:48,053 | 5256 | proxy.proxy, send_to_switch, 92 | DEBUG | set data and sent to switch : b'\x04\x00\x00\x08\xd5\xd2\xdc:\x04\x05\x00\x08\xd5\xd2\xdc;'
2021-05-21 10:13:48,054 | 5256 | proxy.proxy, handle_controller, 360 | DEBUG | waiting data ......
2021-05-21 10:13:48,058 | 5256 | proxy.observable, notify_observers, 63 | DEBUG | notify data to observer: <proxy.packet.Message object at 0x7f21c8e40460>
2021-05-21 10:13:48,059 | 5256 | api.observer, update, 38 | DEBUG | observed from observable: b'\x04\x00\x00\x10\x00\x00\x00%\x00\x01\x00\x08\x00\x00\x00\x10'
2021-05-21 10:13:48,060 | 5256 | api.observer, todict, 42 | DEBUG | UBIntBase, key : {'_value': 4, 'enum_ref': None}
2021-05-21 10:13:48,061 | 5256 | api.observer, todict, 42 | DEBUG | UBIntBase, key : {'_value': 16, 'enum_ref': None}
2021-05-21 10:13:48,066 | 5256 | api.observer, todict, 42 | DEBUG | UBIntBase, key : {'_value': 37, 'enum_ref': None}
2021-05-21 10:13:48,067 | 5256 | api.observer, todict, 42 | DEBUG | UBIntBase, key : {'_value': 1, 'enum_ref': None}
2021-05-21 10:13:48,067 | 5256 | api.observer, todict, 42 | DEBUG | UBIntBase, key : {'_value': 8, 'enum_ref': None}
2021-05-21 10:13:48,068 | 5256 | api.observer, parse, 19 | INFO | Parsed msg : {'header': {'version': 4, 'message_type': 0, 'length': 16, 'xid': 37}, 'elements': [{'element_type': 1, 'length': 8, 'content': {'enum_ref': None}}]}
2021-05-21 10:13:48,068 | 5256 | proxy.observable, notify_observers, 63 | DEBUG | notify data to observer: <proxy.packet.Message object at 0x7f21c8e40610>
2021-05-21 10:13:48,068 | 5256 | api.observer, update, 38 | DEBUG | observed from observable: b'\x04\x00\x00\x10\x00\x00\x00&\x00\x01\x00\x08\x00\x00\x00\x10'
2021-05-21 10:13:48,070 | 5256 | api.observer, todict, 42 | DEBUG | UBIntBase, key : {'_value': 4, 'enum_ref': None}
2021-05-21 10:13:48,071 | 5256 | api.observer, todict, 42 | DEBUG | UBIntBase, key : {'_value': 16, 'enum_ref': None}
2021-05-21 10:13:48,071 | 5256 | api.observer, todict, 42 | DEBUG | UBIntBase, key : {'_value': 38, 'enum_ref': None}
2021-05-21 10:13:48,076 | 5256 | api.observer, todict, 42 | DEBUG | UBIntBase, key : {'_value': 1, 'enum_ref': None}
2021-05-21 10:13:48,076 | 5256 | api.observer, todict, 42 | DEBUG | UBIntBase, key : {'_value': 8, 'enum_ref': None}
2021-05-21 10:13:48,077 | 5256 | api.observer, parse, 19 | INFO | Parsed msg : {'header': {'version': 4, 'message_type': 0, 'length': 16, 'xid': 38}, 'elements': [{'element_type': 1, 'length': 8, 'content': {'enum_ref': None}}]}
2021-05-21 10:13:48,077 | 5256 | proxy.observable, notify_observers, 63 | DEBUG | notify data to observer: <proxy.packet.Message object at 0x7f21c8e40790>
2021-05-21 10:13:48,077 | 5256 | api.observer, update, 38 | DEBUG | observed from observable: b"\x04\x00\x00\x10\x00\x00\x00'\x00\x01\x00\x08\x00\x00\x00\x10"
2021-05-21 10:13:48,078 | 5256 | api.observer, todict, 42 | DEBUG | UBIntBase, key : {'_value': 4, 'enum_ref': None}
2021-05-21 10:13:48,082 | 5256 | api.observer, todict, 42 | DEBUG | UBIntBase, key : {'_value': 16, 'enum_ref': None}
2021-05-21 10:13:48,083 | 5256 | api.observer, todict, 42 | DEBUG | UBIntBase, key : {'_value': 39, 'enum_ref': None}
2021-05-21 10:13:48,083 | 5256 | api.observer, todict, 42 | DEBUG | UBIntBase, key : {'_value': 1, 'enum_ref': None}
2021-05-21 10:13:48,084 | 5256 | api.observer, todict, 42 | DEBUG | UBIntBase, key : {'_value': 8, 'enum_ref': None}
2021-05-21 10:13:48,084 | 5256 | api.observer, parse, 19 | INFO | Parsed msg : {'header': {'version': 4, 'message_type': 0, 'length': 16, 'xid': 39}, 'elements': [{'element_type': 1, 'length': 8, 'content': {'enum_ref': None}}]}
2021-05-21 10:13:48,085 | 5256 | proxy.observable, notify_observers, 63 | DEBUG | notify data to observer: <proxy.packet.Message object at 0x7f21c8e40370>
2021-05-21 10:13:48,085 | 5256 | api.observer, update, 38 | DEBUG | observed from observable: b'\x04\x00\x00\x08\xd5\xd2\xdc:\x04\x05\x00\x08\xd5\xd2\xdc;'
2021-05-21 10:13:48,086 | 5256 | api.observer, todict, 42 | DEBUG | UBIntBase, key : {'_value': 4, 'enum_ref': None}
2021-05-21 10:13:48,086 | 5256 | api.observer, todict, 42 | DEBUG | UBIntBase, key : {'_value': 8, 'enum_ref': None}
2021-05-21 10:13:48,087 | 5256 | api.observer, todict, 42 | DEBUG | UBIntBase, key : {'_value': 3587365946, 'enum_ref': None}
2021-05-21 10:13:48,087 | 5256 | api.observer, todict, 42 | DEBUG | UBIntBase, key : {'_value': 1029, 'enum_ref': None}
2021-05-21 10:13:48,088 | 5256 | api.observer, todict, 42 | DEBUG | UBIntBase, key : {'_value': 8, 'enum_ref': None}
2021-05-21 10:13:48,088 | 5256 | api.observer, parse, 19 | INFO | Parsed msg : {'header': {'version': 4, 'message_type': 0, 'length': 8, 'xid': 3587365946}, 'elements': [{'element_type': 1029, 'length': 8, 'content': {'enum_ref': None}}]}
2021-05-21 10:13:48,092 | 5256 | proxy.proxy, handle_controller, 355 | INFO | connected Controller ('127.0.0.1', 6633)
2021-05-21 10:13:48,093 | 5256 | proxy.proxy, handle_controller, 360 | DEBUG | waiting data ......
2021-05-21 10:13:48,094 | 5256 | proxy.proxy, handle_controller, 362 | DEBUG | read b'\x04\x00\x00\x08\xdd\xa0j[\x04\x05\x00\x08\xdd\xa0j\\'
2021-05-21 10:13:48,095 | 5256 | proxy.proxy, send_to_switch, 291 | DEBUG | sent data to switch: b'\x04\x00\x00\x08\xdd\xa0j[\x04\x05\x00\x08\xdd\xa0j\\'
2021-05-21 10:13:48,102 | 5256 | proxy.proxy, send_to_switch, 92 | DEBUG | set data and sent to switch : b'\x04\x00\x00\x08\xdd\xa0j[\x04\x05\x00\x08\xdd\xa0j\\'
2021-05-21 10:13:48,103 | 5256 | proxy.proxy, handle_controller, 360 | DEBUG | waiting data ......
2021-05-21 10:13:48,104 | 5256 | proxy.proxy, handle_controller, 355 | INFO | connected Controller ('127.0.0.1', 6633)
2021-05-21 10:13:48,110 | 5256 | proxy.proxy, handle_controller, 360 | DEBUG | waiting data ......
2021-05-21 10:13:48,111 | 5256 | proxy.proxy, handle_controller, 362 | DEBUG | read b'\x04\x00\x00\x08\xe9\x80\x92\xf6\x04\x05\x00\x08\xe9\x80\x92\xf7'
2021-05-21 10:13:48,113 | 5256 | proxy.proxy, send_to_switch, 291 | DEBUG | sent data to switch: b'\x04\x00\x00\x08\xe9\x80\x92\xf6\x04\x05\x00\x08\xe9\x80\x92\xf7'
2021-05-21 10:13:48,116 | 5256 | proxy.proxy, send_to_switch, 92 | DEBUG | set data and sent to switch : b'\x04\x00\x00\x08\xe9\x80\x92\xf6\x04\x05\x00\x08\xe9\x80\x92\xf7'
2021-05-21 10:13:48,125 | 5256 | proxy.proxy, handle_controller, 360 | DEBUG | waiting data ......
2021-05-21 10:13:48,126 | 5256 | proxy.observable, notify_observers, 63 | DEBUG | notify data to observer: <proxy.packet.Message object at 0x7f21c8e2fc40>
2021-05-21 10:13:48,126 | 5256 | api.observer, update, 38 | DEBUG | observed from observable: b'\x04\x00\x00\x08\xdd\xa0j[\x04\x05\x00\x08\xdd\xa0j\\'
2021-05-21 10:13:48,127 | 5256 | api.observer, todict, 42 | DEBUG | UBIntBase, key : {'_value': 4, 'enum_ref': None}
2021-05-21 10:13:48,127 | 5256 | api.observer, todict, 42 | DEBUG | UBIntBase, key : {'_value': 8, 'enum_ref': None}
2021-05-21 10:13:48,127 | 5256 | api.observer, todict, 42 | DEBUG | UBIntBase, key : {'_value': 3718277723, 'enum_ref': None}
2021-05-21 10:13:48,128 | 5256 | api.observer, todict, 42 | DEBUG | UBIntBase, key : {'_value': 1029, 'enum_ref': None}
2021-05-21 10:13:48,128 | 5256 | api.observer, todict, 42 | DEBUG | UBIntBase, key : {'_value': 8, 'enum_ref': None}
2021-05-21 10:13:48,129 | 5256 | api.observer, parse, 19 | INFO | Parsed msg : {'header': {'version': 4, 'message_type': 0, 'length': 8, 'xid': 3718277723}, 'elements': [{'element_type': 1029, 'length': 8, 'content': {'enum_ref': None}}]}
2021-05-21 10:13:48,130 | 5256 | proxy.observable, notify_observers, 63 | DEBUG | notify data to observer: <proxy.packet.Message object at 0x7f21c8e40220>
2021-05-21 10:13:48,131 | 5256 | api.observer, update, 38 | DEBUG | observed from observable: b'\x04\x00\x00\x08\xe9\x80\x92\xf6\x04\x05\x00\x08\xe9\x80\x92\xf7'
2021-05-21 10:13:48,131 | 5256 | api.observer, todict, 42 | DEBUG | UBIntBase, key : {'_value': 4, 'enum_ref': None}
2021-05-21 10:13:48,135 | 5256 | api.observer, todict, 42 | DEBUG | UBIntBase, key : {'_value': 8, 'enum_ref': None}
2021-05-21 10:13:48,135 | 5256 | api.observer, todict, 42 | DEBUG | UBIntBase, key : {'_value': 3917517558, 'enum_ref': None}
2021-05-21 10:13:48,136 | 5256 | api.observer, todict, 42 | DEBUG | UBIntBase, key : {'_value': 1029, 'enum_ref': None}
2021-05-21 10:13:48,136 | 5256 | api.observer, todict, 42 | DEBUG | UBIntBase, key : {'_value': 8, 'enum_ref': None}
2021-05-21 10:13:48,137 | 5256 | api.observer, parse, 19 | INFO | Parsed msg : {'header': {'version': 4, 'message_type': 0, 'length': 8, 'xid': 3917517558}, 'elements': [{'element_type': 1029, 'length': 8, 'content': {'enum_ref': None}}]}
2021-05-21 10:13:48,515 | 5256 | proxy.proxy, handle_switch, 255 | DEBUG | read b'\x04\x06\x00 \xd5\xd2\xdc;\x00\x00\x00\x00\x00\x00\x00\x01\x00\x00\x00\x00\xfe\x00\x00\x00\x00\x00\x00O\x00\x00\x00\x00'
2021-05-21 10:13:48,516 | 5256 | proxy.proxy, send_to_controller, 396 | DEBUG | sent data to controller: b'\x04\x06\x00 \xd5\xd2\xdc;\x00\x00\x00\x00\x00\x00\x00\x01\x00\x00\x00\x00\xfe\x00\x00\x00\x00\x00\x00O\x00\x00\x00\x00'
2021-05-21 10:13:48,519 | 5256 | proxy.proxy, send_to_controller, 74 | DEBUG | set data and sent to controller : b'\x04\x06\x00 \xd5\xd2\xdc;\x00\x00\x00\x00\x00\x00\x00\x01\x00\x00\x00\x00\xfe\x00\x00\x00\x00\x00\x00O\x00\x00\x00\x00'
2021-05-21 10:13:48,519 | 5256 | proxy.proxy, handle_switch, 252 | DEBUG | waiting data ......
2021-05-21 10:13:48,520 | 5256 | proxy.observable, notify_observers, 63 | DEBUG | notify data to observer: <proxy.packet.Message object at 0x7f21c8e40b20>
2021-05-21 10:13:48,520 | 5256 | api.observer, update, 38 | DEBUG | observed from observable: b'\x04\x06\x00 \xd5\xd2\xdc;\x00\x00\x00\x00\x00\x00\x00\x01\x00\x00\x00\x00\xfe\x00\x00\x00\x00\x00\x00O\x00\x00\x00\x00'
2021-05-21 10:13:48,521 | 5256 | api.observer, todict, 42 | DEBUG | UBIntBase, key : {'_value': 4, 'enum_ref': None}
2021-05-21 10:13:48,522 | 5256 | api.observer, todict, 42 | DEBUG | UBIntBase, key : {'_value': 32, 'enum_ref': None}
2021-05-21 10:13:48,522 | 5256 | api.observer, todict, 42 | DEBUG | UBIntBase, key : {'_value': 3587365947, 'enum_ref': None}
2021-05-21 10:13:48,523 | 5256 | api.observer, todict, 42 | DEBUG | UBIntBase, key : {'_value': 0, 'enum_ref': None}
2021-05-21 10:13:48,523 | 5256 | api.observer, todict, 42 | DEBUG | UBIntBase, key : {'_value': 254, 'enum_ref': None}
2021-05-21 10:13:48,524 | 5256 | api.observer, todict, 42 | DEBUG | UBIntBase, key : {'_value': 0, 'enum_ref': None}
2021-05-21 10:13:48,524 | 5256 | api.observer, todict, 42 | DEBUG | UBIntBase, key : {'_value': 0, 'enum_ref': None}
2021-05-21 10:13:48,525 | 5256 | api.observer, parse, 19 | INFO | Parsed msg : {'header': {'version': 4, 'message_type': 6, 'length': 32, 'xid': 3587365947}, 'datapath_id': {'enum_ref': None}, 'n_buffers': 0, 'n_tables': 254, 'auxiliary_id': 0, 'pad': {'enum_ref': None}, 'capabilities': {}, 'reserved': 0}
2021-05-21 10:13:48,525 | 5256 | proxy.proxy, handle_controller, 362 | DEBUG | read b'\x04\x12\x00\x10\xd5\xd2\xdc<\x00\r\x00\x00\x00\x00\x00\x00\x04\x0e\x00P\xd5\xd2\xdc=\x00\x00\x00\x00\x00\x00\x00\x00\x00\x00\x00\x00\x00\x00\x00\x00\x00\x00\x00\x00\x00\x00\x00\x00\xff\xff\xff\xff\x00\x00\x00\x00\x00\x00\x00\x00\x00\x00\x00\x00\x00\x01\x00\x04\x00\x00\x00\x00\x00\x04\x00\x18\x00\x00\x00\x00\x00\x00\x00\x10\xff\xff\xff\xfd\xff\xff\x00\x00\x00\x00\x00\x00'
2021-05-21 10:13:48,528 | 5256 | proxy.proxy, send_to_switch, 291 | DEBUG | sent data to switch: b'\x04\x12\x00\x10\xd5\xd2\xdc<\x00\r\x00\x00\x00\x00\x00\x00\x04\x0e\x00P\xd5\xd2\xdc=\x00\x00\x00\x00\x00\x00\x00\x00\x00\x00\x00\x00\x00\x00\x00\x00\x00\x00\x00\x00\x00\x00\x00\x00\xff\xff\xff\xff\x00\x00\x00\x00\x00\x00\x00\x00\x00\x00\x00\x00\x00\x01\x00\x04\x00\x00\x00\x00\x00\x04\x00\x18\x00\x00\x00\x00\x00\x00\x00\x10\xff\xff\xff\xfd\xff\xff\x00\x00\x00\x00\x00\x00'
2021-05-21 10:13:48,529 | 5256 | proxy.proxy, send_to_switch, 92 | DEBUG | set data and sent to switch : b'\x04\x12\x00\x10\xd5\xd2\xdc<\x00\r\x00\x00\x00\x00\x00\x00\x04\x0e\x00P\xd5\xd2\xdc=\x00\x00\x00\x00\x00\x00\x00\x00\x00\x00\x00\x00\x00\x00\x00\x00\x00\x00\x00\x00\x00\x00\x00\x00\xff\xff\xff\xff\x00\x00\x00\x00\x00\x00\x00\x00\x00\x00\x00\x00\x00\x01\x00\x04\x00\x00\x00\x00\x00\x04\x00\x18\x00\x00\x00\x00\x00\x00\x00\x10\xff\xff\xff\xfd\xff\xff\x00\x00\x00\x00\x00\x00'
2021-05-21 10:13:48,534 | 5256 | proxy.proxy, handle_controller, 360 | DEBUG | waiting data ......
2021-05-21 10:13:48,534 | 5256 | proxy.proxy, handle_switch, 255 | DEBUG | read b'\x04\x06\x00 \xdd\xa0j\\\x00\x00\x00\x00\x00\x00\x00\x03\x00\x00\x00\x00\xfe\x00\x00\x00\x00\x00\x00O\x00\x00\x00\x00'
2021-05-21 10:13:48,536 | 5256 | proxy.proxy, send_to_controller, 396 | DEBUG | sent data to controller: b'\x04\x06\x00 \xdd\xa0j\\\x00\x00\x00\x00\x00\x00\x00\x03\x00\x00\x00\x00\xfe\x00\x00\x00\x00\x00\x00O\x00\x00\x00\x00'
2021-05-21 10:13:48,537 | 5256 | proxy.proxy, send_to_controller, 74 | DEBUG | set data and sent to controller : b'\x04\x06\x00 \xdd\xa0j\\\x00\x00\x00\x00\x00\x00\x00\x03\x00\x00\x00\x00\xfe\x00\x00\x00\x00\x00\x00O\x00\x00\x00\x00'
2021-05-21 10:13:48,537 | 5256 | proxy.proxy, handle_switch, 252 | DEBUG | waiting data ......
2021-05-21 10:13:48,537 | 5256 | proxy.proxy, handle_switch, 255 | DEBUG | read b'\x04\x06\x00 \xe9\x80\x92\xf7\x00\x00\x00\x00\x00\x00\x00\x02\x00\x00\x00\x00\xfe\x00\x00\x00\x00\x00\x00O\x00\x00\x00\x00'
2021-05-21 10:13:48,544 | 5256 | proxy.proxy, send_to_controller, 396 | DEBUG | sent data to controller: b'\x04\x06\x00 \xe9\x80\x92\xf7\x00\x00\x00\x00\x00\x00\x00\x02\x00\x00\x00\x00\xfe\x00\x00\x00\x00\x00\x00O\x00\x00\x00\x00'
2021-05-21 10:13:48,544 | 5256 | proxy.proxy, send_to_controller, 74 | DEBUG | set data and sent to controller : b'\x04\x06\x00 \xe9\x80\x92\xf7\x00\x00\x00\x00\x00\x00\x00\x02\x00\x00\x00\x00\xfe\x00\x00\x00\x00\x00\x00O\x00\x00\x00\x00'
2021-05-21 10:13:48,545 | 5256 | proxy.proxy, handle_switch, 252 | DEBUG | waiting data ......
2021-05-21 10:13:48,552 | 5256 | proxy.observable, notify_observers, 63 | DEBUG | notify data to observer: <proxy.packet.Message object at 0x7f21c8e40a30>
2021-05-21 10:13:48,553 | 5256 | api.observer, update, 38 | DEBUG | observed from observable: b'\x04\x12\x00\x10\xd5\xd2\xdc<\x00\r\x00\x00\x00\x00\x00\x00\x04\x0e\x00P\xd5\xd2\xdc=\x00\x00\x00\x00\x00\x00\x00\x00\x00\x00\x00\x00\x00\x00\x00\x00\x00\x00\x00\x00\x00\x00\x00\x00\xff\xff\xff\xff\x00\x00\x00\x00\x00\x00\x00\x00\x00\x00\x00\x00\x00\x01\x00\x04\x00\x00\x00\x00\x00\x04\x00\x18\x00\x00\x00\x00\x00\x00\x00\x10\xff\xff\xff\xfd\xff\xff\x00\x00\x00\x00\x00\x00'
2021-05-21 10:13:48,554 | 5256 | api.observer, todict, 42 | DEBUG | UBIntBase, key : {'_value': 4, 'enum_ref': None}
2021-05-21 10:13:48,555 | 5256 | api.observer, todict, 42 | DEBUG | UBIntBase, key : {'_value': 16, 'enum_ref': None}
2021-05-21 10:13:48,556 | 5256 | api.observer, todict, 42 | DEBUG | UBIntBase, key : {'_value': 3587365948, 'enum_ref': None}
2021-05-21 10:13:48,557 | 5256 | api.observer, parse, 19 | INFO | Parsed msg : {'header': {'version': 4, 'message_type': 18, 'length': 16, 'xid': 3587365948}, 'multipart_type': 13, 'flags': {}, 'pad': {'enum_ref': None}, 'body': {'enum_ref': None}}
2021-05-21 10:13:48,559 | 5256 | proxy.observable, notify_observers, 63 | DEBUG | notify data to observer: <proxy.packet.Message object at 0x7f21c8e2fc40>
2021-05-21 10:13:48,559 | 5256 | api.observer, update, 38 | DEBUG | observed from observable: b'\x04\x06\x00 \xdd\xa0j\\\x00\x00\x00\x00\x00\x00\x00\x03\x00\x00\x00\x00\xfe\x00\x00\x00\x00\x00\x00O\x00\x00\x00\x00'
2021-05-21 10:13:48,560 | 5256 | api.observer, todict, 42 | DEBUG | UBIntBase, key : {'_value': 4, 'enum_ref': None}
2021-05-21 10:13:48,560 | 5256 | api.observer, todict, 42 | DEBUG | UBIntBase, key : {'_value': 32, 'enum_ref': None}
2021-05-21 10:13:48,561 | 5256 | api.observer, todict, 42 | DEBUG | UBIntBase, key : {'_value': 3718277724, 'enum_ref': None}
2021-05-21 10:13:48,561 | 5256 | api.observer, todict, 42 | DEBUG | UBIntBase, key : {'_value': 0, 'enum_ref': None}
2021-05-21 10:13:48,562 | 5256 | api.observer, todict, 42 | DEBUG | UBIntBase, key : {'_value': 254, 'enum_ref': None}
2021-05-21 10:13:48,562 | 5256 | api.observer, todict, 42 | DEBUG | UBIntBase, key : {'_value': 0, 'enum_ref': None}
2021-05-21 10:13:48,563 | 5256 | api.observer, todict, 42 | DEBUG | UBIntBase, key : {'_value': 0, 'enum_ref': None}
2021-05-21 10:13:48,570 | 5256 | api.observer, parse, 19 | INFO | Parsed msg : {'header': {'version': 4, 'message_type': 6, 'length': 32, 'xid': 3718277724}, 'datapath_id': {'enum_ref': None}, 'n_buffers': 0, 'n_tables': 254, 'auxiliary_id': 0, 'pad': {'enum_ref': None}, 'capabilities': {}, 'reserved': 0}
2021-05-21 10:13:48,571 | 5256 | proxy.observable, notify_observers, 63 | DEBUG | notify data to observer: <proxy.packet.Message object at 0x7f21c8e40c70>
2021-05-21 10:13:48,571 | 5256 | api.observer, update, 38 | DEBUG | observed from observable: b'\x04\x06\x00 \xe9\x80\x92\xf7\x00\x00\x00\x00\x00\x00\x00\x02\x00\x00\x00\x00\xfe\x00\x00\x00\x00\x00\x00O\x00\x00\x00\x00'
2021-05-21 10:13:48,574 | 5256 | api.observer, todict, 42 | DEBUG | UBIntBase, key : {'_value': 4, 'enum_ref': None}
2021-05-21 10:13:48,574 | 5256 | api.observer, todict, 42 | DEBUG | UBIntBase, key : {'_value': 32, 'enum_ref': None}
2021-05-21 10:13:48,575 | 5256 | api.observer, todict, 42 | DEBUG | UBIntBase, key : {'_value': 3917517559, 'enum_ref': None}
2021-05-21 10:13:48,575 | 5256 | api.observer, todict, 42 | DEBUG | UBIntBase, key : {'_value': 0, 'enum_ref': None}
2021-05-21 10:13:48,576 | 5256 | api.observer, todict, 42 | DEBUG | UBIntBase, key : {'_value': 254, 'enum_ref': None}
2021-05-21 10:13:48,576 | 5256 | api.observer, todict, 42 | DEBUG | UBIntBase, key : {'_value': 0, 'enum_ref': None}
2021-05-21 10:13:48,576 | 5256 | api.observer, todict, 42 | DEBUG | UBIntBase, key : {'_value': 0, 'enum_ref': None}
2021-05-21 10:13:48,577 | 5256 | api.observer, parse, 19 | INFO | Parsed msg : {'header': {'version': 4, 'message_type': 6, 'length': 32, 'xid': 3917517559}, 'datapath_id': {'enum_ref': None}, 'n_buffers': 0, 'n_tables': 254, 'auxiliary_id': 0, 'pad': {'enum_ref': None}, 'capabilities': {}, 'reserved': 0}
2021-05-21 10:13:48,577 | 5256 | proxy.proxy, handle_switch, 255 | DEBUG | read b'\x04\x13\x02\x10\xd5\xd2\xdc<\x00\r\x00\x00\x00\x00\x00\x00\xff\xff\xff\xfe\x00\x00\x00\x00>\x80\xa8\xa5\x8bM\x00\x00s1\x00\x00\x00\x00\x00\x00\x00\x00\x00\x00\x00\x00\x00\x00\x00\x00\x00\x01\x00\x00\x00\x01\x00\x00\x00\x00\x00\x00\x00\x00\x00\x00\x00\x00\x00\x00\x00\x00\x00\x00\x00\x00\x00\x00\x00\x00\x00\x00\x00\x05\x00\x00\x00\x00Z\x9bc\xb9\xaaO\x00\x00s1-eth5\x00\x00\x00\x00\x00\x00\x00\x00\x00\x00\x00\x00\x00\x00\x00\x00\x04\x00\x00\x08@\x00\x00\x00\x00\x00\x00\x00\x00\x00\x00\x00\x00\x00\x98\x96\x80\x00\x00\x00\x00\x00\x00\x00\x07\x00\x00\x00\x00\xb2p\xc7\xaf\x90\xd4\x00\x00s1-eth7\x00\x00\x00\x00\x00\x00\x00\x00\x00\x00\x00\x00\x00\x00\x00\x00\x04\x00\x00\x08@\x00\x00\x00\x00\x00\x00\x00\x00\x00\x00\x00\x00\x00\x98\x96\x80\x00\x00\x00\x00\x00\x00\x00\x04\x00\x00\x00\x00J\xab\x05\x11\xf2\xad\x00\x00s1-eth4\x00\x00\x00\x00\x00\x00\x00\x00\x00\x00\x00\x00\x00\x00\x00\x00\x04\x00\x00\x08@\x00\x00\x00\x00\x00\x00\x00\x00\x00\x00\x00\x00\x00\x98\x96\x80\x00\x00\x00\x00\x00\x00\x00\x06\x00\x00\x00\x00"\xf1Q\xfc\x14\x8d\x00\x00s1-eth6\x00\x00\x00\x00\x00\x00\x00\x00\x00\x00\x00\x00\x00\x00\x00\x00\x04\x00\x00\x08@\x00\x00\x00\x00\x00\x00\x00\x00\x00\x00\x00\x00\x00\x98\x96\x80\x00\x00\x00\x00\x00\x00\x00\x01\x00\x00\x00\x00\xaaj\xa4\xe0}\x1f\x00\x00s1-eth1\x00\x00\x00\x00\x00\x00\x00\x00\x00\x00\x00\x00\x00\x00\x00\x00\x04\x00\x00\x08@\x00\x00\x00\x00\x00\x00\x00\x00\x00\x00\x00\x00\x00\x98\x96\x80\x00\x00\x00\x00\x00\x00\x00\x02\x00\x00\x00\x00\xa6I\xce#\xb2\xa4\x00\x00s1-eth2\x00\x00\x00\x00\x00\x00\x00\x00\x00\x00\x00\x00\x00\x00\x00\x00\x04\x00\x00\x08@\x00\x00\x00\x00\x00\x00\x00\x00\x00\x00\x00\x00\x00\x98\x96\x80\x00\x00\x00\x00\x00\x00\x00\x03\x00\x00\x00\x00\xdeO\xe9\xcd\xfa\xef\x00\x00s1-eth3\x00\x00\x00\x00\x00\x00\x00\x00\x00\x00\x00\x00\x00\x00\x00\x00\x04\x00\x00\x08@\x00\x00\x00\x00\x00\x00\x00\x00\x00\x00\x00\x00\x00\x98\x96\x80\x00\x00\x00\x00'
2021-05-21 10:13:48,580 | 5256 | proxy.proxy, send_to_controller, 396 | DEBUG | sent data to controller: b'\x04\x13\x02\x10\xd5\xd2\xdc<\x00\r\x00\x00\x00\x00\x00\x00\xff\xff\xff\xfe\x00\x00\x00\x00>\x80\xa8\xa5\x8bM\x00\x00s1\x00\x00\x00\x00\x00\x00\x00\x00\x00\x00\x00\x00\x00\x00\x00\x00\x00\x01\x00\x00\x00\x01\x00\x00\x00\x00\x00\x00\x00\x00\x00\x00\x00\x00\x00\x00\x00\x00\x00\x00\x00\x00\x00\x00\x00\x00\x00\x00\x00\x05\x00\x00\x00\x00Z\x9bc\xb9\xaaO\x00\x00s1-eth5\x00\x00\x00\x00\x00\x00\x00\x00\x00\x00\x00\x00\x00\x00\x00\x00\x04\x00\x00\x08@\x00\x00\x00\x00\x00\x00\x00\x00\x00\x00\x00\x00\x00\x98\x96\x80\x00\x00\x00\x00\x00\x00\x00\x07\x00\x00\x00\x00\xb2p\xc7\xaf\x90\xd4\x00\x00s1-eth7\x00\x00\x00\x00\x00\x00\x00\x00\x00\x00\x00\x00\x00\x00\x00\x00\x04\x00\x00\x08@\x00\x00\x00\x00\x00\x00\x00\x00\x00\x00\x00\x00\x00\x98\x96\x80\x00\x00\x00\x00\x00\x00\x00\x04\x00\x00\x00\x00J\xab\x05\x11\xf2\xad\x00\x00s1-eth4\x00\x00\x00\x00\x00\x00\x00\x00\x00\x00\x00\x00\x00\x00\x00\x00\x04\x00\x00\x08@\x00\x00\x00\x00\x00\x00\x00\x00\x00\x00\x00\x00\x00\x98\x96\x80\x00\x00\x00\x00\x00\x00\x00\x06\x00\x00\x00\x00"\xf1Q\xfc\x14\x8d\x00\x00s1-eth6\x00\x00\x00\x00\x00\x00\x00\x00\x00\x00\x00\x00\x00\x00\x00\x00\x04\x00\x00\x08@\x00\x00\x00\x00\x00\x00\x00\x00\x00\x00\x00\x00\x00\x98\x96\x80\x00\x00\x00\x00\x00\x00\x00\x01\x00\x00\x00\x00\xaaj\xa4\xe0}\x1f\x00\x00s1-eth1\x00\x00\x00\x00\x00\x00\x00\x00\x00\x00\x00\x00\x00\x00\x00\x00\x04\x00\x00\x08@\x00\x00\x00\x00\x00\x00\x00\x00\x00\x00\x00\x00\x00\x98\x96\x80\x00\x00\x00\x00\x00\x00\x00\x02\x00\x00\x00\x00\xa6I\xce#\xb2\xa4\x00\x00s1-eth2\x00\x00\x00\x00\x00\x00\x00\x00\x00\x00\x00\x00\x00\x00\x00\x00\x04\x00\x00\x08@\x00\x00\x00\x00\x00\x00\x00\x00\x00\x00\x00\x00\x00\x98\x96\x80\x00\x00\x00\x00\x00\x00\x00\x03\x00\x00\x00\x00\xdeO\xe9\xcd\xfa\xef\x00\x00s1-eth3\x00\x00\x00\x00\x00\x00\x00\x00\x00\x00\x00\x00\x00\x00\x00\x00\x04\x00\x00\x08@\x00\x00\x00\x00\x00\x00\x00\x00\x00\x00\x00\x00\x00\x98\x96\x80\x00\x00\x00\x00'
2021-05-21 10:13:48,581 | 5256 | proxy.proxy, send_to_controller, 74 | DEBUG | set data and sent to controller : b'\x04\x13\x02\x10\xd5\xd2\xdc<\x00\r\x00\x00\x00\x00\x00\x00\xff\xff\xff\xfe\x00\x00\x00\x00>\x80\xa8\xa5\x8bM\x00\x00s1\x00\x00\x00\x00\x00\x00\x00\x00\x00\x00\x00\x00\x00\x00\x00\x00\x00\x01\x00\x00\x00\x01\x00\x00\x00\x00\x00\x00\x00\x00\x00\x00\x00\x00\x00\x00\x00\x00\x00\x00\x00\x00\x00\x00\x00\x00\x00\x00\x00\x05\x00\x00\x00\x00Z\x9bc\xb9\xaaO\x00\x00s1-eth5\x00\x00\x00\x00\x00\x00\x00\x00\x00\x00\x00\x00\x00\x00\x00\x00\x04\x00\x00\x08@\x00\x00\x00\x00\x00\x00\x00\x00\x00\x00\x00\x00\x00\x98\x96\x80\x00\x00\x00\x00\x00\x00\x00\x07\x00\x00\x00\x00\xb2p\xc7\xaf\x90\xd4\x00\x00s1-eth7\x00\x00\x00\x00\x00\x00\x00\x00\x00\x00\x00\x00\x00\x00\x00\x00\x04\x00\x00\x08@\x00\x00\x00\x00\x00\x00\x00\x00\x00\x00\x00\x00\x00\x98\x96\x80\x00\x00\x00\x00\x00\x00\x00\x04\x00\x00\x00\x00J\xab\x05\x11\xf2\xad\x00\x00s1-eth4\x00\x00\x00\x00\x00\x00\x00\x00\x00\x00\x00\x00\x00\x00\x00\x00\x04\x00\x00\x08@\x00\x00\x00\x00\x00\x00\x00\x00\x00\x00\x00\x00\x00\x98\x96\x80\x00\x00\x00\x00\x00\x00\x00\x06\x00\x00\x00\x00"\xf1Q\xfc\x14\x8d\x00\x00s1-eth6\x00\x00\x00\x00\x00\x00\x00\x00\x00\x00\x00\x00\x00\x00\x00\x00\x04\x00\x00\x08@\x00\x00\x00\x00\x00\x00\x00\x00\x00\x00\x00\x00\x00\x98\x96\x80\x00\x00\x00\x00\x00\x00\x00\x01\x00\x00\x00\x00\xaaj\xa4\xe0}\x1f\x00\x00s1-eth1\x00\x00\x00\x00\x00\x00\x00\x00\x00\x00\x00\x00\x00\x00\x00\x00\x04\x00\x00\x08@\x00\x00\x00\x00\x00\x00\x00\x00\x00\x00\x00\x00\x00\x98\x96\x80\x00\x00\x00\x00\x00\x00\x00\x02\x00\x00\x00\x00\xa6I\xce#\xb2\xa4\x00\x00s1-eth2\x00\x00\x00\x00\x00\x00\x00\x00\x00\x00\x00\x00\x00\x00\x00\x00\x04\x00\x00\x08@\x00\x00\x00\x00\x00\x00\x00\x00\x00\x00\x00\x00\x00\x98\x96\x80\x00\x00\x00\x00\x00\x00\x00\x03\x00\x00\x00\x00\xdeO\xe9\xcd\xfa\xef\x00\x00s1-eth3\x00\x00\x00\x00\x00\x00\x00\x00\x00\x00\x00\x00\x00\x00\x00\x00\x04\x00\x00\x08@\x00\x00\x00\x00\x00\x00\x00\x00\x00\x00\x00\x00\x00\x98\x96\x80\x00\x00\x00\x00'
2021-05-21 10:13:48,582 | 5256 | proxy.proxy, handle_switch, 252 | DEBUG | waiting data ......
2021-05-21 10:13:48,586 | 5256 | proxy.proxy, handle_controller, 362 | DEBUG | read b'\x04\x12\x00\x10\xdd\xa0j]\x00\r\x00\x00\x00\x00\x00\x00\x04\x0e\x00P\xdd\xa0j^\x00\x00\x00\x00\x00\x00\x00\x00\x00\x00\x00\x00\x00\x00\x00\x00\x00\x00\x00\x00\x00\x00\x00\x00\xff\xff\xff\xff\x00\x00\x00\x00\x00\x00\x00\x00\x00\x00\x00\x00\x00\x01\x00\x04\x00\x00\x00\x00\x00\x04\x00\x18\x00\x00\x00\x00\x00\x00\x00\x10\xff\xff\xff\xfd\xff\xff\x00\x00\x00\x00\x00\x00'
2021-05-21 10:13:48,586 | 5256 | proxy.proxy, send_to_switch, 291 | DEBUG | sent data to switch: b'\x04\x12\x00\x10\xdd\xa0j]\x00\r\x00\x00\x00\x00\x00\x00\x04\x0e\x00P\xdd\xa0j^\x00\x00\x00\x00\x00\x00\x00\x00\x00\x00\x00\x00\x00\x00\x00\x00\x00\x00\x00\x00\x00\x00\x00\x00\xff\xff\xff\xff\x00\x00\x00\x00\x00\x00\x00\x00\x00\x00\x00\x00\x00\x01\x00\x04\x00\x00\x00\x00\x00\x04\x00\x18\x00\x00\x00\x00\x00\x00\x00\x10\xff\xff\xff\xfd\xff\xff\x00\x00\x00\x00\x00\x00'
2021-05-21 10:13:48,587 | 5256 | proxy.proxy, send_to_switch, 92 | DEBUG | set data and sent to switch : b'\x04\x12\x00\x10\xdd\xa0j]\x00\r\x00\x00\x00\x00\x00\x00\x04\x0e\x00P\xdd\xa0j^\x00\x00\x00\x00\x00\x00\x00\x00\x00\x00\x00\x00\x00\x00\x00\x00\x00\x00\x00\x00\x00\x00\x00\x00\xff\xff\xff\xff\x00\x00\x00\x00\x00\x00\x00\x00\x00\x00\x00\x00\x00\x01\x00\x04\x00\x00\x00\x00\x00\x04\x00\x18\x00\x00\x00\x00\x00\x00\x00\x10\xff\xff\xff\xfd\xff\xff\x00\x00\x00\x00\x00\x00'
2021-05-21 10:13:48,588 | 5256 | proxy.proxy, handle_controller, 360 | DEBUG | waiting data ......
2021-05-21 10:13:48,589 | 5256 | proxy.proxy, handle_controller, 362 | DEBUG | read b'\x04\x12\x00\x10\xe9\x80\x92\xf8\x00\r\x00\x00\x00\x00\x00\x00\x04\x0e\x00P\xe9\x80\x92\xf9\x00\x00\x00\x00\x00\x00\x00\x00\x00\x00\x00\x00\x00\x00\x00\x00\x00\x00\x00\x00\x00\x00\x00\x00\xff\xff\xff\xff\x00\x00\x00\x00\x00\x00\x00\x00\x00\x00\x00\x00\x00\x01\x00\x04\x00\x00\x00\x00\x00\x04\x00\x18\x00\x00\x00\x00\x00\x00\x00\x10\xff\xff\xff\xfd\xff\xff\x00\x00\x00\x00\x00\x00'
2021-05-21 10:13:48,590 | 5256 | proxy.proxy, send_to_switch, 291 | DEBUG | sent data to switch: b'\x04\x12\x00\x10\xe9\x80\x92\xf8\x00\r\x00\x00\x00\x00\x00\x00\x04\x0e\x00P\xe9\x80\x92\xf9\x00\x00\x00\x00\x00\x00\x00\x00\x00\x00\x00\x00\x00\x00\x00\x00\x00\x00\x00\x00\x00\x00\x00\x00\xff\xff\xff\xff\x00\x00\x00\x00\x00\x00\x00\x00\x00\x00\x00\x00\x00\x01\x00\x04\x00\x00\x00\x00\x00\x04\x00\x18\x00\x00\x00\x00\x00\x00\x00\x10\xff\xff\xff\xfd\xff\xff\x00\x00\x00\x00\x00\x00'
2021-05-21 10:13:48,591 | 5256 | proxy.proxy, send_to_switch, 92 | DEBUG | set data and sent to switch : b'\x04\x12\x00\x10\xe9\x80\x92\xf8\x00\r\x00\x00\x00\x00\x00\x00\x04\x0e\x00P\xe9\x80\x92\xf9\x00\x00\x00\x00\x00\x00\x00\x00\x00\x00\x00\x00\x00\x00\x00\x00\x00\x00\x00\x00\x00\x00\x00\x00\xff\xff\xff\xff\x00\x00\x00\x00\x00\x00\x00\x00\x00\x00\x00\x00\x00\x01\x00\x04\x00\x00\x00\x00\x00\x04\x00\x18\x00\x00\x00\x00\x00\x00\x00\x10\xff\xff\xff\xfd\xff\xff\x00\x00\x00\x00\x00\x00'
2021-05-21 10:13:48,591 | 5256 | proxy.proxy, handle_controller, 360 | DEBUG | waiting data ......
2021-05-21 10:13:48,592 | 5256 | proxy.observable, notify_observers, 63 | DEBUG | notify data to observer: <proxy.packet.Message object at 0x7f21c8e40880>
2021-05-21 10:13:48,593 | 5256 | api.observer, update, 38 | DEBUG | observed from observable: b'\x04\x13\x02\x10\xd5\xd2\xdc<\x00\r\x00\x00\x00\x00\x00\x00\xff\xff\xff\xfe\x00\x00\x00\x00>\x80\xa8\xa5\x8bM\x00\x00s1\x00\x00\x00\x00\x00\x00\x00\x00\x00\x00\x00\x00\x00\x00\x00\x00\x00\x01\x00\x00\x00\x01\x00\x00\x00\x00\x00\x00\x00\x00\x00\x00\x00\x00\x00\x00\x00\x00\x00\x00\x00\x00\x00\x00\x00\x00\x00\x00\x00\x05\x00\x00\x00\x00Z\x9bc\xb9\xaaO\x00\x00s1-eth5\x00\x00\x00\x00\x00\x00\x00\x00\x00\x00\x00\x00\x00\x00\x00\x00\x04\x00\x00\x08@\x00\x00\x00\x00\x00\x00\x00\x00\x00\x00\x00\x00\x00\x98\x96\x80\x00\x00\x00\x00\x00\x00\x00\x07\x00\x00\x00\x00\xb2p\xc7\xaf\x90\xd4\x00\x00s1-eth7\x00\x00\x00\x00\x00\x00\x00\x00\x00\x00\x00\x00\x00\x00\x00\x00\x04\x00\x00\x08@\x00\x00\x00\x00\x00\x00\x00\x00\x00\x00\x00\x00\x00\x98\x96\x80\x00\x00\x00\x00\x00\x00\x00\x04\x00\x00\x00\x00J\xab\x05\x11\xf2\xad\x00\x00s1-eth4\x00\x00\x00\x00\x00\x00\x00\x00\x00\x00\x00\x00\x00\x00\x00\x00\x04\x00\x00\x08@\x00\x00\x00\x00\x00\x00\x00\x00\x00\x00\x00\x00\x00\x98\x96\x80\x00\x00\x00\x00\x00\x00\x00\x06\x00\x00\x00\x00"\xf1Q\xfc\x14\x8d\x00\x00s1-eth6\x00\x00\x00\x00\x00\x00\x00\x00\x00\x00\x00\x00\x00\x00\x00\x00\x04\x00\x00\x08@\x00\x00\x00\x00\x00\x00\x00\x00\x00\x00\x00\x00\x00\x98\x96\x80\x00\x00\x00\x00\x00\x00\x00\x01\x00\x00\x00\x00\xaaj\xa4\xe0}\x1f\x00\x00s1-eth1\x00\x00\x00\x00\x00\x00\x00\x00\x00\x00\x00\x00\x00\x00\x00\x00\x04\x00\x00\x08@\x00\x00\x00\x00\x00\x00\x00\x00\x00\x00\x00\x00\x00\x98\x96\x80\x00\x00\x00\x00\x00\x00\x00\x02\x00\x00\x00\x00\xa6I\xce#\xb2\xa4\x00\x00s1-eth2\x00\x00\x00\x00\x00\x00\x00\x00\x00\x00\x00\x00\x00\x00\x00\x00\x04\x00\x00\x08@\x00\x00\x00\x00\x00\x00\x00\x00\x00\x00\x00\x00\x00\x98\x96\x80\x00\x00\x00\x00\x00\x00\x00\x03\x00\x00\x00\x00\xdeO\xe9\xcd\xfa\xef\x00\x00s1-eth3\x00\x00\x00\x00\x00\x00\x00\x00\x00\x00\x00\x00\x00\x00\x00\x00\x04\x00\x00\x08@\x00\x00\x00\x00\x00\x00\x00\x00\x00\x00\x00\x00\x00\x98\x96\x80\x00\x00\x00\x00'
2021-05-21 10:13:48,615 | 5256 | api.observer, todict, 42 | DEBUG | UBIntBase, key : {'_value': 4, 'enum_ref': None}
2021-05-21 10:13:48,616 | 5256 | api.observer, todict, 42 | DEBUG | UBIntBase, key : {'_value': 528, 'enum_ref': None}
2021-05-21 10:13:48,617 | 5256 | api.observer, todict, 42 | DEBUG | UBIntBase, key : {'_value': 3587365948, 'enum_ref': None}
2021-05-21 10:13:48,617 | 5256 | api.observer, todict, 42 | DEBUG | UBIntBase, key : {'_value': 0, 'enum_ref': None}
2021-05-21 10:13:48,624 | 5256 | api.observer, todict, 42 | DEBUG | UBIntBase, key : {'_value': 4294967294, 'enum_ref': None}
2021-05-21 10:13:48,625 | 5256 | api.observer, todict, 42 | DEBUG | UBIntBase, key : {'_value': 0, 'enum_ref': None}
2021-05-21 10:13:48,626 | 5256 | api.observer, todict, 42 | DEBUG | UBIntBase, key : {'_value': 0, 'enum_ref': None}
2021-05-21 10:13:48,626 | 5256 | api.observer, todict, 42 | DEBUG | UBIntBase, key : {'_value': 5, 'enum_ref': None}
2021-05-21 10:13:48,627 | 5256 | api.observer, todict, 42 | DEBUG | UBIntBase, key : {'_value': 10000000, 'enum_ref': None}
2021-05-21 10:13:48,627 | 5256 | api.observer, todict, 42 | DEBUG | UBIntBase, key : {'_value': 0, 'enum_ref': None}
2021-05-21 10:13:48,627 | 5256 | api.observer, todict, 42 | DEBUG | UBIntBase, key : {'_value': 7, 'enum_ref': None}
2021-05-21 10:13:48,628 | 5256 | api.observer, todict, 42 | DEBUG | UBIntBase, key : {'_value': 10000000, 'enum_ref': None}
2021-05-21 10:13:48,628 | 5256 | api.observer, todict, 42 | DEBUG | UBIntBase, key : {'_value': 0, 'enum_ref': None}
2021-05-21 10:13:48,629 | 5256 | api.observer, todict, 42 | DEBUG | UBIntBase, key : {'_value': 4, 'enum_ref': None}
2021-05-21 10:13:48,630 | 5256 | api.observer, todict, 42 | DEBUG | UBIntBase, key : {'_value': 10000000, 'enum_ref': None}
2021-05-21 10:13:48,630 | 5256 | api.observer, todict, 42 | DEBUG | UBIntBase, key : {'_value': 0, 'enum_ref': None}
2021-05-21 10:13:48,635 | 5256 | api.observer, todict, 42 | DEBUG | UBIntBase, key : {'_value': 6, 'enum_ref': None}
2021-05-21 10:13:48,636 | 5256 | api.observer, todict, 42 | DEBUG | UBIntBase, key : {'_value': 10000000, 'enum_ref': None}
2021-05-21 10:13:48,636 | 5256 | api.observer, todict, 42 | DEBUG | UBIntBase, key : {'_value': 0, 'enum_ref': None}
2021-05-21 10:13:48,638 | 5256 | api.observer, todict, 42 | DEBUG | UBIntBase, key : {'_value': 1, 'enum_ref': None}
2021-05-21 10:13:48,639 | 5256 | api.observer, todict, 42 | DEBUG | UBIntBase, key : {'_value': 10000000, 'enum_ref': None}
2021-05-21 10:13:48,646 | 5256 | api.observer, todict, 42 | DEBUG | UBIntBase, key : {'_value': 0, 'enum_ref': None}
2021-05-21 10:13:48,647 | 5256 | api.observer, todict, 42 | DEBUG | UBIntBase, key : {'_value': 2, 'enum_ref': None}
2021-05-21 10:13:48,648 | 5256 | api.observer, todict, 42 | DEBUG | UBIntBase, key : {'_value': 10000000, 'enum_ref': None}
2021-05-21 10:13:48,651 | 5256 | api.observer, todict, 42 | DEBUG | UBIntBase, key : {'_value': 0, 'enum_ref': None}
2021-05-21 10:13:48,655 | 5256 | api.observer, todict, 42 | DEBUG | UBIntBase, key : {'_value': 3, 'enum_ref': None}
2021-05-21 10:13:48,655 | 5256 | api.observer, todict, 42 | DEBUG | UBIntBase, key : {'_value': 10000000, 'enum_ref': None}
2021-05-21 10:13:48,656 | 5256 | api.observer, todict, 42 | DEBUG | UBIntBase, key : {'_value': 0, 'enum_ref': None}
2021-05-21 10:13:48,662 | 5256 | api.observer, parse, 19 | INFO | Parsed msg : {'header': {'version': 4, 'message_type': 19, 'length': 528, 'xid': 3587365948}, 'multipart_type': 13, 'flags': 0, 'pad': {'enum_ref': None}, 'body': [{'port_no': 4294967294, 'pad': {'enum_ref': None}, 'hw_addr': {'enum_ref': None}, 'pad2': {'enum_ref': None}, 'name': {'enum_ref': None, 'length': 16}, 'config': {}, 'state': {}, 'curr': {}, 'advertised': {}, 'supported': {}, 'peer': {}, 'curr_speed': 0, 'max_speed': 0}, {'port_no': 5, 'pad': {'enum_ref': None}, 'hw_addr': {'enum_ref': None}, 'pad2': {'enum_ref': None}, 'name': {'enum_ref': None, 'length': 16}, 'config': {}, 'state': {}, 'curr': {}, 'advertised': {}, 'supported': {}, 'peer': {}, 'curr_speed': 10000000, 'max_speed': 0}, {'port_no': 7, 'pad': {'enum_ref': None}, 'hw_addr': {'enum_ref': None}, 'pad2': {'enum_ref': None}, 'name': {'enum_ref': None, 'length': 16}, 'config': {}, 'state': {}, 'curr': {}, 'advertised': {}, 'supported': {}, 'peer': {}, 'curr_speed': 10000000, 'max_speed': 0}, {'port_no': 4, 'pad': {'enum_ref': None}, 'hw_addr': {'enum_ref': None}, 'pad2': {'enum_ref': None}, 'name': {'enum_ref': None, 'length': 16}, 'config': {}, 'state': {}, 'curr': {}, 'advertised': {}, 'supported': {}, 'peer': {}, 'curr_speed': 10000000, 'max_speed': 0}, {'port_no': 6, 'pad': {'enum_ref': None}, 'hw_addr': {'enum_ref': None}, 'pad2': {'enum_ref': None}, 'name': {'enum_ref': None, 'length': 16}, 'config': {}, 'state': {}, 'curr': {}, 'advertised': {}, 'supported': {}, 'peer': {}, 'curr_speed': 10000000, 'max_speed': 0}, {'port_no': 1, 'pad': {'enum_ref': None}, 'hw_addr': {'enum_ref': None}, 'pad2': {'enum_ref': None}, 'name': {'enum_ref': None, 'length': 16}, 'config': {}, 'state': {}, 'curr': {}, 'advertised': {}, 'supported': {}, 'peer': {}, 'curr_speed': 10000000, 'max_speed': 0}, {'port_no': 2, 'pad': {'enum_ref': None}, 'hw_addr': {'enum_ref': None}, 'pad2': {'enum_ref': None}, 'name': {'enum_ref': None, 'length': 16}, 'config': {}, 'state': {}, 'curr': {}, 'advertised': {}, 'supported': {}, 'peer': {}, 'curr_speed': 10000000, 'max_speed': 0}, {'port_no': 3, 'pad': {'enum_ref': None}, 'hw_addr': {'enum_ref': None}, 'pad2': {'enum_ref': None}, 'name': {'enum_ref': None, 'length': 16}, 'config': {}, 'state': {}, 'curr': {}, 'advertised': {}, 'supported': {}, 'peer': {}, 'curr_speed': 10000000, 'max_speed': 0}]}
2021-05-21 10:13:48,663 | 5256 | proxy.observable, notify_observers, 63 | DEBUG | notify data to observer: <proxy.packet.Message object at 0x7f21c8e406d0>
2021-05-21 10:13:48,663 | 5256 | api.observer, update, 38 | DEBUG | observed from observable: b'\x04\x12\x00\x10\xdd\xa0j]\x00\r\x00\x00\x00\x00\x00\x00\x04\x0e\x00P\xdd\xa0j^\x00\x00\x00\x00\x00\x00\x00\x00\x00\x00\x00\x00\x00\x00\x00\x00\x00\x00\x00\x00\x00\x00\x00\x00\xff\xff\xff\xff\x00\x00\x00\x00\x00\x00\x00\x00\x00\x00\x00\x00\x00\x01\x00\x04\x00\x00\x00\x00\x00\x04\x00\x18\x00\x00\x00\x00\x00\x00\x00\x10\xff\xff\xff\xfd\xff\xff\x00\x00\x00\x00\x00\x00'
2021-05-21 10:13:48,664 | 5256 | api.observer, todict, 42 | DEBUG | UBIntBase, key : {'_value': 4, 'enum_ref': None}
2021-05-21 10:13:48,665 | 5256 | api.observer, todict, 42 | DEBUG | UBIntBase, key : {'_value': 16, 'enum_ref': None}
2021-05-21 10:13:48,666 | 5256 | api.observer, todict, 42 | DEBUG | UBIntBase, key : {'_value': 3718277725, 'enum_ref': None}
2021-05-21 10:13:48,667 | 5256 | api.observer, parse, 19 | INFO | Parsed msg : {'header': {'version': 4, 'message_type': 18, 'length': 16, 'xid': 3718277725}, 'multipart_type': 13, 'flags': {}, 'pad': {'enum_ref': None}, 'body': {'enum_ref': None}}
2021-05-21 10:13:48,667 | 5256 | proxy.observable, notify_observers, 63 | DEBUG | notify data to observer: <proxy.packet.Message object at 0x7f21c8e40b50>
2021-05-21 10:13:48,669 | 5256 | api.observer, update, 38 | DEBUG | observed from observable: b'\x04\x12\x00\x10\xe9\x80\x92\xf8\x00\r\x00\x00\x00\x00\x00\x00\x04\x0e\x00P\xe9\x80\x92\xf9\x00\x00\x00\x00\x00\x00\x00\x00\x00\x00\x00\x00\x00\x00\x00\x00\x00\x00\x00\x00\x00\x00\x00\x00\xff\xff\xff\xff\x00\x00\x00\x00\x00\x00\x00\x00\x00\x00\x00\x00\x00\x01\x00\x04\x00\x00\x00\x00\x00\x04\x00\x18\x00\x00\x00\x00\x00\x00\x00\x10\xff\xff\xff\xfd\xff\xff\x00\x00\x00\x00\x00\x00'
2021-05-21 10:13:48,671 | 5256 | api.observer, todict, 42 | DEBUG | UBIntBase, key : {'_value': 4, 'enum_ref': None}
2021-05-21 10:13:48,678 | 5256 | api.observer, todict, 42 | DEBUG | UBIntBase, key : {'_value': 16, 'enum_ref': None}
2021-05-21 10:13:48,679 | 5256 | api.observer, todict, 42 | DEBUG | UBIntBase, key : {'_value': 3917517560, 'enum_ref': None}
2021-05-21 10:13:48,680 | 5256 | api.observer, parse, 19 | INFO | Parsed msg : {'header': {'version': 4, 'message_type': 18, 'length': 16, 'xid': 3917517560}, 'multipart_type': 13, 'flags': {}, 'pad': {'enum_ref': None}, 'body': {'enum_ref': None}}
2021-05-21 10:13:48,681 | 5256 | proxy.proxy, handle_switch, 255 | DEBUG | read b'\x04\x13\x01\xd0\xdd\xa0j]\x00\r\x00\x00\x00\x00\x00\x00\xff\xff\xff\xfe\x00\x00\x00\x00&z\xe5u#L\x00\x00s3\x00\x00\x00\x00\x00\x00\x00\x00\x00\x00\x00\x00\x00\x00\x00\x00\x00\x01\x00\x00\x00\x01\x00\x00\x00\x00\x00\x00\x00\x00\x00\x00\x00\x00\x00\x00\x00\x00\x00\x00\x00\x00\x00\x00\x00\x00\x00\x00\x00\x04\x00\x00\x00\x00\x92\x9d\x87\xf2\xc2\x8a\x00\x00s3-eth4\x00\x00\x00\x00\x00\x00\x00\x00\x00\x00\x00\x00\x00\x00\x00\x00\x04\x00\x00\x08@\x00\x00\x00\x00\x00\x00\x00\x00\x00\x00\x00\x00\x00\x98\x96\x80\x00\x00\x00\x00\x00\x00\x00\x06\x00\x00\x00\x00\x12\x9b\xb1o%f\x00\x00s3-eth6\x00\x00\x00\x00\x00\x00\x00\x00\x00\x00\x00\x00\x00\x00\x00\x00\x04\x00\x00\x08@\x00\x00\x00\x00\x00\x00\x00\x00\x00\x00\x00\x00\x00\x98\x96\x80\x00\x00\x00\x00\x00\x00\x00\x01\x00\x00\x00\x00\xda\xc4\xd2N6#\x00\x00s3-eth1\x00\x00\x00\x00\x00\x00\x00\x00\x00\x00\x00\x00\x00\x00\x00\x00\x04\x00\x00\x08@\x00\x00\x00\x00\x00\x00\x00\x00\x00\x00\x00\x00\x00\x98\x96\x80\x00\x00\x00\x00\x00\x00\x00\x05\x00\x00\x00\x00\xce]QH\xd1D\x00\x00s3-eth5\x00\x00\x00\x00\x00\x00\x00\x00\x00\x00\x00\x00\x00\x00\x00\x00\x04\x00\x00\x08@\x00\x00\x00\x00\x00\x00\x00\x00\x00\x00\x00\x00\x00\x98\x96\x80\x00\x00\x00\x00\x00\x00\x00\x02\x00\x00\x00\x00\xeal\x0eO\xa1<\x00\x00s3-eth2\x00\x00\x00\x00\x00\x00\x00\x00\x00\x00\x00\x00\x00\x00\x00\x00\x04\x00\x00\x08@\x00\x00\x00\x00\x00\x00\x00\x00\x00\x00\x00\x00\x00\x98\x96\x80\x00\x00\x00\x00\x00\x00\x00\x03\x00\x00\x00\x00\xd6=N\xac\xfd+\x00\x00s3-eth3\x00\x00\x00\x00\x00\x00\x00\x00\x00\x00\x00\x00\x00\x00\x00\x00\x04\x00\x00\x08@\x00\x00\x00\x00\x00\x00\x00\x00\x00\x00\x00\x00\x00\x98\x96\x80\x00\x00\x00\x00'
2021-05-21 10:13:48,687 | 5256 | proxy.proxy, send_to_controller, 396 | DEBUG | sent data to controller: b'\x04\x13\x01\xd0\xdd\xa0j]\x00\r\x00\x00\x00\x00\x00\x00\xff\xff\xff\xfe\x00\x00\x00\x00&z\xe5u#L\x00\x00s3\x00\x00\x00\x00\x00\x00\x00\x00\x00\x00\x00\x00\x00\x00\x00\x00\x00\x01\x00\x00\x00\x01\x00\x00\x00\x00\x00\x00\x00\x00\x00\x00\x00\x00\x00\x00\x00\x00\x00\x00\x00\x00\x00\x00\x00\x00\x00\x00\x00\x04\x00\x00\x00\x00\x92\x9d\x87\xf2\xc2\x8a\x00\x00s3-eth4\x00\x00\x00\x00\x00\x00\x00\x00\x00\x00\x00\x00\x00\x00\x00\x00\x04\x00\x00\x08@\x00\x00\x00\x00\x00\x00\x00\x00\x00\x00\x00\x00\x00\x98\x96\x80\x00\x00\x00\x00\x00\x00\x00\x06\x00\x00\x00\x00\x12\x9b\xb1o%f\x00\x00s3-eth6\x00\x00\x00\x00\x00\x00\x00\x00\x00\x00\x00\x00\x00\x00\x00\x00\x04\x00\x00\x08@\x00\x00\x00\x00\x00\x00\x00\x00\x00\x00\x00\x00\x00\x98\x96\x80\x00\x00\x00\x00\x00\x00\x00\x01\x00\x00\x00\x00\xda\xc4\xd2N6#\x00\x00s3-eth1\x00\x00\x00\x00\x00\x00\x00\x00\x00\x00\x00\x00\x00\x00\x00\x00\x04\x00\x00\x08@\x00\x00\x00\x00\x00\x00\x00\x00\x00\x00\x00\x00\x00\x98\x96\x80\x00\x00\x00\x00\x00\x00\x00\x05\x00\x00\x00\x00\xce]QH\xd1D\x00\x00s3-eth5\x00\x00\x00\x00\x00\x00\x00\x00\x00\x00\x00\x00\x00\x00\x00\x00\x04\x00\x00\x08@\x00\x00\x00\x00\x00\x00\x00\x00\x00\x00\x00\x00\x00\x98\x96\x80\x00\x00\x00\x00\x00\x00\x00\x02\x00\x00\x00\x00\xeal\x0eO\xa1<\x00\x00s3-eth2\x00\x00\x00\x00\x00\x00\x00\x00\x00\x00\x00\x00\x00\x00\x00\x00\x04\x00\x00\x08@\x00\x00\x00\x00\x00\x00\x00\x00\x00\x00\x00\x00\x00\x98\x96\x80\x00\x00\x00\x00\x00\x00\x00\x03\x00\x00\x00\x00\xd6=N\xac\xfd+\x00\x00s3-eth3\x00\x00\x00\x00\x00\x00\x00\x00\x00\x00\x00\x00\x00\x00\x00\x00\x04\x00\x00\x08@\x00\x00\x00\x00\x00\x00\x00\x00\x00\x00\x00\x00\x00\x98\x96\x80\x00\x00\x00\x00'
2021-05-21 10:13:48,688 | 5256 | proxy.proxy, send_to_controller, 74 | DEBUG | set data and sent to controller : b'\x04\x13\x01\xd0\xdd\xa0j]\x00\r\x00\x00\x00\x00\x00\x00\xff\xff\xff\xfe\x00\x00\x00\x00&z\xe5u#L\x00\x00s3\x00\x00\x00\x00\x00\x00\x00\x00\x00\x00\x00\x00\x00\x00\x00\x00\x00\x01\x00\x00\x00\x01\x00\x00\x00\x00\x00\x00\x00\x00\x00\x00\x00\x00\x00\x00\x00\x00\x00\x00\x00\x00\x00\x00\x00\x00\x00\x00\x00\x04\x00\x00\x00\x00\x92\x9d\x87\xf2\xc2\x8a\x00\x00s3-eth4\x00\x00\x00\x00\x00\x00\x00\x00\x00\x00\x00\x00\x00\x00\x00\x00\x04\x00\x00\x08@\x00\x00\x00\x00\x00\x00\x00\x00\x00\x00\x00\x00\x00\x98\x96\x80\x00\x00\x00\x00\x00\x00\x00\x06\x00\x00\x00\x00\x12\x9b\xb1o%f\x00\x00s3-eth6\x00\x00\x00\x00\x00\x00\x00\x00\x00\x00\x00\x00\x00\x00\x00\x00\x04\x00\x00\x08@\x00\x00\x00\x00\x00\x00\x00\x00\x00\x00\x00\x00\x00\x98\x96\x80\x00\x00\x00\x00\x00\x00\x00\x01\x00\x00\x00\x00\xda\xc4\xd2N6#\x00\x00s3-eth1\x00\x00\x00\x00\x00\x00\x00\x00\x00\x00\x00\x00\x00\x00\x00\x00\x04\x00\x00\x08@\x00\x00\x00\x00\x00\x00\x00\x00\x00\x00\x00\x00\x00\x98\x96\x80\x00\x00\x00\x00\x00\x00\x00\x05\x00\x00\x00\x00\xce]QH\xd1D\x00\x00s3-eth5\x00\x00\x00\x00\x00\x00\x00\x00\x00\x00\x00\x00\x00\x00\x00\x00\x04\x00\x00\x08@\x00\x00\x00\x00\x00\x00\x00\x00\x00\x00\x00\x00\x00\x98\x96\x80\x00\x00\x00\x00\x00\x00\x00\x02\x00\x00\x00\x00\xeal\x0eO\xa1<\x00\x00s3-eth2\x00\x00\x00\x00\x00\x00\x00\x00\x00\x00\x00\x00\x00\x00\x00\x00\x04\x00\x00\x08@\x00\x00\x00\x00\x00\x00\x00\x00\x00\x00\x00\x00\x00\x98\x96\x80\x00\x00\x00\x00\x00\x00\x00\x03\x00\x00\x00\x00\xd6=N\xac\xfd+\x00\x00s3-eth3\x00\x00\x00\x00\x00\x00\x00\x00\x00\x00\x00\x00\x00\x00\x00\x00\x04\x00\x00\x08@\x00\x00\x00\x00\x00\x00\x00\x00\x00\x00\x00\x00\x00\x98\x96\x80\x00\x00\x00\x00'
2021-05-21 10:13:48,689 | 5256 | proxy.proxy, handle_switch, 252 | DEBUG | waiting data ......
2021-05-21 10:13:48,690 | 5256 | proxy.proxy, handle_switch, 255 | DEBUG | read b"\x04\x13\x02\x10\xe9\x80\x92\xf8\x00\r\x00\x00\x00\x00\x00\x00\xff\xff\xff\xfe\x00\x00\x00\x00\xaa\xa6K.\x16G\x00\x00s2\x00\x00\x00\x00\x00\x00\x00\x00\x00\x00\x00\x00\x00\x00\x00\x00\x00\x01\x00\x00\x00\x01\x00\x00\x00\x00\x00\x00\x00\x00\x00\x00\x00\x00\x00\x00\x00\x00\x00\x00\x00\x00\x00\x00\x00\x00\x00\x00\x00\x05\x00\x00\x00\x00^Z\x1faH\x19\x00\x00s2-eth5\x00\x00\x00\x00\x00\x00\x00\x00\x00\x00\x00\x00\x00\x00\x00\x00\x04\x00\x00\x08@\x00\x00\x00\x00\x00\x00\x00\x00\x00\x00\x00\x00\x00\x98\x96\x80\x00\x00\x00\x00\x00\x00\x00\x06\x00\x00\x00\x00\xba5\xa4\xa2\xb9\xb6\x00\x00s2-eth6\x00\x00\x00\x00\x00\x00\x00\x00\x00\x00\x00\x00\x00\x00\x00\x00\x04\x00\x00\x08@\x00\x00\x00\x00\x00\x00\x00\x00\x00\x00\x00\x00\x00\x98\x96\x80\x00\x00\x00\x00\x00\x00\x00\x04\x00\x00\x00\x00Z\xd3\xbb2\xff'\x00\x00s2-eth4\x00\x00\x00\x00\x00\x00\x00\x00\x00\x00\x00\x00\x00\x00\x00\x00\x04\x00\x00\x08@\x00\x00\x00\x00\x00\x00\x00\x00\x00\x00\x00\x00\x00\x98\x96\x80\x00\x00\x00\x00\x00\x00\x00\x07\x00\x00\x00\x00\x12\x82c\xe8\x0b;\x00\x00s2-eth7\x00\x00\x00\x00\x00\x00\x00\x00\x00\x00\x00\x00\x00\x00\x00\x00\x04\x00\x00\x08@\x00\x00\x00\x00\x00\x00\x00\x00\x00\x00\x00\x00\x00\x98\x96\x80\x00\x00\x00\x00\x00\x00\x00\x01\x00\x00\x00\x00f\xe0\x13\xc8\x01\x9d\x00\x00s2-eth1\x00\x00\x00\x00\x00\x00\x00\x00\x00\x00\x00\x00\x00\x00\x00\x00\x04\x00\x00\x08@\x00\x00\x00\x00\x00\x00\x00\x00\x00\x00\x00\x00\x00\x98\x96\x80\x00\x00\x00\x00\x00\x00\x00\x02\x00\x00\x00\x00\x12\xc9\x8ch\xba\x1e\x00\x00s2-eth2\x00\x00\x00\x00\x00\x00\x00\x00\x00\x00\x00\x00\x00\x00\x00\x00\x04\x00\x00\x08@\x00\x00\x00\x00\x00\x00\x00\x00\x00\x00\x00\x00\x00\x98\x96\x80\x00\x00\x00\x00\x00\x00\x00\x03\x00\x00\x00\x00f\xe8h\xcc\xd8\xd0\x00\x00s2-eth3\x00\x00\x00\x00\x00\x00\x00\x00\x00\x00\x00\x00\x00\x00\x00\x00\x04\x00\x00\x08@\x00\x00\x00\x00\x00\x00\x00\x00\x00\x00\x00\x00\x00\x98\x96\x80\x00\x00\x00\x00"
2021-05-21 10:13:48,696 | 5256 | proxy.proxy, send_to_controller, 396 | DEBUG | sent data to controller: b"\x04\x13\x02\x10\xe9\x80\x92\xf8\x00\r\x00\x00\x00\x00\x00\x00\xff\xff\xff\xfe\x00\x00\x00\x00\xaa\xa6K.\x16G\x00\x00s2\x00\x00\x00\x00\x00\x00\x00\x00\x00\x00\x00\x00\x00\x00\x00\x00\x00\x01\x00\x00\x00\x01\x00\x00\x00\x00\x00\x00\x00\x00\x00\x00\x00\x00\x00\x00\x00\x00\x00\x00\x00\x00\x00\x00\x00\x00\x00\x00\x00\x05\x00\x00\x00\x00^Z\x1faH\x19\x00\x00s2-eth5\x00\x00\x00\x00\x00\x00\x00\x00\x00\x00\x00\x00\x00\x00\x00\x00\x04\x00\x00\x08@\x00\x00\x00\x00\x00\x00\x00\x00\x00\x00\x00\x00\x00\x98\x96\x80\x00\x00\x00\x00\x00\x00\x00\x06\x00\x00\x00\x00\xba5\xa4\xa2\xb9\xb6\x00\x00s2-eth6\x00\x00\x00\x00\x00\x00\x00\x00\x00\x00\x00\x00\x00\x00\x00\x00\x04\x00\x00\x08@\x00\x00\x00\x00\x00\x00\x00\x00\x00\x00\x00\x00\x00\x98\x96\x80\x00\x00\x00\x00\x00\x00\x00\x04\x00\x00\x00\x00Z\xd3\xbb2\xff'\x00\x00s2-eth4\x00\x00\x00\x00\x00\x00\x00\x00\x00\x00\x00\x00\x00\x00\x00\x00\x04\x00\x00\x08@\x00\x00\x00\x00\x00\x00\x00\x00\x00\x00\x00\x00\x00\x98\x96\x80\x00\x00\x00\x00\x00\x00\x00\x07\x00\x00\x00\x00\x12\x82c\xe8\x0b;\x00\x00s2-eth7\x00\x00\x00\x00\x00\x00\x00\x00\x00\x00\x00\x00\x00\x00\x00\x00\x04\x00\x00\x08@\x00\x00\x00\x00\x00\x00\x00\x00\x00\x00\x00\x00\x00\x98\x96\x80\x00\x00\x00\x00\x00\x00\x00\x01\x00\x00\x00\x00f\xe0\x13\xc8\x01\x9d\x00\x00s2-eth1\x00\x00\x00\x00\x00\x00\x00\x00\x00\x00\x00\x00\x00\x00\x00\x00\x04\x00\x00\x08@\x00\x00\x00\x00\x00\x00\x00\x00\x00\x00\x00\x00\x00\x98\x96\x80\x00\x00\x00\x00\x00\x00\x00\x02\x00\x00\x00\x00\x12\xc9\x8ch\xba\x1e\x00\x00s2-eth2\x00\x00\x00\x00\x00\x00\x00\x00\x00\x00\x00\x00\x00\x00\x00\x00\x04\x00\x00\x08@\x00\x00\x00\x00\x00\x00\x00\x00\x00\x00\x00\x00\x00\x98\x96\x80\x00\x00\x00\x00\x00\x00\x00\x03\x00\x00\x00\x00f\xe8h\xcc\xd8\xd0\x00\x00s2-eth3\x00\x00\x00\x00\x00\x00\x00\x00\x00\x00\x00\x00\x00\x00\x00\x00\x04\x00\x00\x08@\x00\x00\x00\x00\x00\x00\x00\x00\x00\x00\x00\x00\x00\x98\x96\x80\x00\x00\x00\x00"
2021-05-21 10:13:48,698 | 5256 | proxy.proxy, send_to_controller, 74 | DEBUG | set data and sent to controller : b"\x04\x13\x02\x10\xe9\x80\x92\xf8\x00\r\x00\x00\x00\x00\x00\x00\xff\xff\xff\xfe\x00\x00\x00\x00\xaa\xa6K.\x16G\x00\x00s2\x00\x00\x00\x00\x00\x00\x00\x00\x00\x00\x00\x00\x00\x00\x00\x00\x00\x01\x00\x00\x00\x01\x00\x00\x00\x00\x00\x00\x00\x00\x00\x00\x00\x00\x00\x00\x00\x00\x00\x00\x00\x00\x00\x00\x00\x00\x00\x00\x00\x05\x00\x00\x00\x00^Z\x1faH\x19\x00\x00s2-eth5\x00\x00\x00\x00\x00\x00\x00\x00\x00\x00\x00\x00\x00\x00\x00\x00\x04\x00\x00\x08@\x00\x00\x00\x00\x00\x00\x00\x00\x00\x00\x00\x00\x00\x98\x96\x80\x00\x00\x00\x00\x00\x00\x00\x06\x00\x00\x00\x00\xba5\xa4\xa2\xb9\xb6\x00\x00s2-eth6\x00\x00\x00\x00\x00\x00\x00\x00\x00\x00\x00\x00\x00\x00\x00\x00\x04\x00\x00\x08@\x00\x00\x00\x00\x00\x00\x00\x00\x00\x00\x00\x00\x00\x98\x96\x80\x00\x00\x00\x00\x00\x00\x00\x04\x00\x00\x00\x00Z\xd3\xbb2\xff'\x00\x00s2-eth4\x00\x00\x00\x00\x00\x00\x00\x00\x00\x00\x00\x00\x00\x00\x00\x00\x04\x00\x00\x08@\x00\x00\x00\x00\x00\x00\x00\x00\x00\x00\x00\x00\x00\x98\x96\x80\x00\x00\x00\x00\x00\x00\x00\x07\x00\x00\x00\x00\x12\x82c\xe8\x0b;\x00\x00s2-eth7\x00\x00\x00\x00\x00\x00\x00\x00\x00\x00\x00\x00\x00\x00\x00\x00\x04\x00\x00\x08@\x00\x00\x00\x00\x00\x00\x00\x00\x00\x00\x00\x00\x00\x98\x96\x80\x00\x00\x00\x00\x00\x00\x00\x01\x00\x00\x00\x00f\xe0\x13\xc8\x01\x9d\x00\x00s2-eth1\x00\x00\x00\x00\x00\x00\x00\x00\x00\x00\x00\x00\x00\x00\x00\x00\x04\x00\x00\x08@\x00\x00\x00\x00\x00\x00\x00\x00\x00\x00\x00\x00\x00\x98\x96\x80\x00\x00\x00\x00\x00\x00\x00\x02\x00\x00\x00\x00\x12\xc9\x8ch\xba\x1e\x00\x00s2-eth2\x00\x00\x00\x00\x00\x00\x00\x00\x00\x00\x00\x00\x00\x00\x00\x00\x04\x00\x00\x08@\x00\x00\x00\x00\x00\x00\x00\x00\x00\x00\x00\x00\x00\x98\x96\x80\x00\x00\x00\x00\x00\x00\x00\x03\x00\x00\x00\x00f\xe8h\xcc\xd8\xd0\x00\x00s2-eth3\x00\x00\x00\x00\x00\x00\x00\x00\x00\x00\x00\x00\x00\x00\x00\x00\x04\x00\x00\x08@\x00\x00\x00\x00\x00\x00\x00\x00\x00\x00\x00\x00\x00\x98\x96\x80\x00\x00\x00\x00"
2021-05-21 10:13:48,700 | 5256 | proxy.proxy, handle_switch, 252 | DEBUG | waiting data ......
2021-05-21 10:13:48,700 | 5256 | proxy.observable, notify_observers, 63 | DEBUG | notify data to observer: <proxy.packet.Message object at 0x7f21c8e40e80>
2021-05-21 10:13:48,701 | 5256 | api.observer, update, 38 | DEBUG | observed from observable: b'\x04\x13\x01\xd0\xdd\xa0j]\x00\r\x00\x00\x00\x00\x00\x00\xff\xff\xff\xfe\x00\x00\x00\x00&z\xe5u#L\x00\x00s3\x00\x00\x00\x00\x00\x00\x00\x00\x00\x00\x00\x00\x00\x00\x00\x00\x00\x01\x00\x00\x00\x01\x00\x00\x00\x00\x00\x00\x00\x00\x00\x00\x00\x00\x00\x00\x00\x00\x00\x00\x00\x00\x00\x00\x00\x00\x00\x00\x00\x04\x00\x00\x00\x00\x92\x9d\x87\xf2\xc2\x8a\x00\x00s3-eth4\x00\x00\x00\x00\x00\x00\x00\x00\x00\x00\x00\x00\x00\x00\x00\x00\x04\x00\x00\x08@\x00\x00\x00\x00\x00\x00\x00\x00\x00\x00\x00\x00\x00\x98\x96\x80\x00\x00\x00\x00\x00\x00\x00\x06\x00\x00\x00\x00\x12\x9b\xb1o%f\x00\x00s3-eth6\x00\x00\x00\x00\x00\x00\x00\x00\x00\x00\x00\x00\x00\x00\x00\x00\x04\x00\x00\x08@\x00\x00\x00\x00\x00\x00\x00\x00\x00\x00\x00\x00\x00\x98\x96\x80\x00\x00\x00\x00\x00\x00\x00\x01\x00\x00\x00\x00\xda\xc4\xd2N6#\x00\x00s3-eth1\x00\x00\x00\x00\x00\x00\x00\x00\x00\x00\x00\x00\x00\x00\x00\x00\x04\x00\x00\x08@\x00\x00\x00\x00\x00\x00\x00\x00\x00\x00\x00\x00\x00\x98\x96\x80\x00\x00\x00\x00\x00\x00\x00\x05\x00\x00\x00\x00\xce]QH\xd1D\x00\x00s3-eth5\x00\x00\x00\x00\x00\x00\x00\x00\x00\x00\x00\x00\x00\x00\x00\x00\x04\x00\x00\x08@\x00\x00\x00\x00\x00\x00\x00\x00\x00\x00\x00\x00\x00\x98\x96\x80\x00\x00\x00\x00\x00\x00\x00\x02\x00\x00\x00\x00\xeal\x0eO\xa1<\x00\x00s3-eth2\x00\x00\x00\x00\x00\x00\x00\x00\x00\x00\x00\x00\x00\x00\x00\x00\x04\x00\x00\x08@\x00\x00\x00\x00\x00\x00\x00\x00\x00\x00\x00\x00\x00\x98\x96\x80\x00\x00\x00\x00\x00\x00\x00\x03\x00\x00\x00\x00\xd6=N\xac\xfd+\x00\x00s3-eth3\x00\x00\x00\x00\x00\x00\x00\x00\x00\x00\x00\x00\x00\x00\x00\x00\x04\x00\x00\x08@\x00\x00\x00\x00\x00\x00\x00\x00\x00\x00\x00\x00\x00\x98\x96\x80\x00\x00\x00\x00'
2021-05-21 10:13:48,708 | 5256 | api.observer, todict, 42 | DEBUG | UBIntBase, key : {'_value': 4, 'enum_ref': None}
2021-05-21 10:13:48,715 | 5256 | api.observer, todict, 42 | DEBUG | UBIntBase, key : {'_value': 464, 'enum_ref': None}
2021-05-21 10:13:48,715 | 5256 | api.observer, todict, 42 | DEBUG | UBIntBase, key : {'_value': 3718277725, 'enum_ref': None}
2021-05-21 10:13:48,716 | 5256 | api.observer, todict, 42 | DEBUG | UBIntBase, key : {'_value': 0, 'enum_ref': None}
2021-05-21 10:13:48,716 | 5256 | api.observer, todict, 42 | DEBUG | UBIntBase, key : {'_value': 4294967294, 'enum_ref': None}
2021-05-21 10:13:48,718 | 5256 | api.observer, todict, 42 | DEBUG | UBIntBase, key : {'_value': 0, 'enum_ref': None}
2021-05-21 10:13:48,719 | 5256 | api.observer, todict, 42 | DEBUG | UBIntBase, key : {'_value': 0, 'enum_ref': None}
2021-05-21 10:13:48,719 | 5256 | api.observer, todict, 42 | DEBUG | UBIntBase, key : {'_value': 4, 'enum_ref': None}
2021-05-21 10:13:48,720 | 5256 | api.observer, todict, 42 | DEBUG | UBIntBase, key : {'_value': 10000000, 'enum_ref': None}
2021-05-21 10:13:48,721 | 5256 | api.observer, todict, 42 | DEBUG | UBIntBase, key : {'_value': 0, 'enum_ref': None}
2021-05-21 10:13:48,723 | 5256 | api.observer, todict, 42 | DEBUG | UBIntBase, key : {'_value': 6, 'enum_ref': None}
2021-05-21 10:13:48,723 | 5256 | api.observer, todict, 42 | DEBUG | UBIntBase, key : {'_value': 10000000, 'enum_ref': None}
2021-05-21 10:13:48,724 | 5256 | api.observer, todict, 42 | DEBUG | UBIntBase, key : {'_value': 0, 'enum_ref': None}
2021-05-21 10:13:48,725 | 5256 | api.observer, todict, 42 | DEBUG | UBIntBase, key : {'_value': 1, 'enum_ref': None}
2021-05-21 10:13:48,728 | 5256 | api.observer, todict, 42 | DEBUG | UBIntBase, key : {'_value': 10000000, 'enum_ref': None}
2021-05-21 10:13:48,729 | 5256 | api.observer, todict, 42 | DEBUG | UBIntBase, key : {'_value': 0, 'enum_ref': None}
2021-05-21 10:13:48,730 | 5256 | api.observer, todict, 42 | DEBUG | UBIntBase, key : {'_value': 5, 'enum_ref': None}
2021-05-21 10:13:48,735 | 5256 | api.observer, todict, 42 | DEBUG | UBIntBase, key : {'_value': 10000000, 'enum_ref': None}
2021-05-21 10:13:48,736 | 5256 | api.observer, todict, 42 | DEBUG | UBIntBase, key : {'_value': 0, 'enum_ref': None}
2021-05-21 10:13:48,736 | 5256 | api.observer, todict, 42 | DEBUG | UBIntBase, key : {'_value': 2, 'enum_ref': None}
2021-05-21 10:13:48,737 | 5256 | api.observer, todict, 42 | DEBUG | UBIntBase, key : {'_value': 10000000, 'enum_ref': None}
2021-05-21 10:13:48,738 | 5256 | api.observer, todict, 42 | DEBUG | UBIntBase, key : {'_value': 0, 'enum_ref': None}
2021-05-21 10:13:48,739 | 5256 | api.observer, todict, 42 | DEBUG | UBIntBase, key : {'_value': 3, 'enum_ref': None}
2021-05-21 10:13:48,739 | 5256 | api.observer, todict, 42 | DEBUG | UBIntBase, key : {'_value': 10000000, 'enum_ref': None}
2021-05-21 10:13:48,743 | 5256 | api.observer, todict, 42 | DEBUG | UBIntBase, key : {'_value': 0, 'enum_ref': None}
2021-05-21 10:13:48,750 | 5256 | api.observer, parse, 19 | INFO | Parsed msg : {'header': {'version': 4, 'message_type': 19, 'length': 464, 'xid': 3718277725}, 'multipart_type': 13, 'flags': 0, 'pad': {'enum_ref': None}, 'body': [{'port_no': 4294967294, 'pad': {'enum_ref': None}, 'hw_addr': {'enum_ref': None}, 'pad2': {'enum_ref': None}, 'name': {'enum_ref': None, 'length': 16}, 'config': {}, 'state': {}, 'curr': {}, 'advertised': {}, 'supported': {}, 'peer': {}, 'curr_speed': 0, 'max_speed': 0}, {'port_no': 4, 'pad': {'enum_ref': None}, 'hw_addr': {'enum_ref': None}, 'pad2': {'enum_ref': None}, 'name': {'enum_ref': None, 'length': 16}, 'config': {}, 'state': {}, 'curr': {}, 'advertised': {}, 'supported': {}, 'peer': {}, 'curr_speed': 10000000, 'max_speed': 0}, {'port_no': 6, 'pad': {'enum_ref': None}, 'hw_addr': {'enum_ref': None}, 'pad2': {'enum_ref': None}, 'name': {'enum_ref': None, 'length': 16}, 'config': {}, 'state': {}, 'curr': {}, 'advertised': {}, 'supported': {}, 'peer': {}, 'curr_speed': 10000000, 'max_speed': 0}, {'port_no': 1, 'pad': {'enum_ref': None}, 'hw_addr': {'enum_ref': None}, 'pad2': {'enum_ref': None}, 'name': {'enum_ref': None, 'length': 16}, 'config': {}, 'state': {}, 'curr': {}, 'advertised': {}, 'supported': {}, 'peer': {}, 'curr_speed': 10000000, 'max_speed': 0}, {'port_no': 5, 'pad': {'enum_ref': None}, 'hw_addr': {'enum_ref': None}, 'pad2': {'enum_ref': None}, 'name': {'enum_ref': None, 'length': 16}, 'config': {}, 'state': {}, 'curr': {}, 'advertised': {}, 'supported': {}, 'peer': {}, 'curr_speed': 10000000, 'max_speed': 0}, {'port_no': 2, 'pad': {'enum_ref': None}, 'hw_addr': {'enum_ref': None}, 'pad2': {'enum_ref': None}, 'name': {'enum_ref': None, 'length': 16}, 'config': {}, 'state': {}, 'curr': {}, 'advertised': {}, 'supported': {}, 'peer': {}, 'curr_speed': 10000000, 'max_speed': 0}, {'port_no': 3, 'pad': {'enum_ref': None}, 'hw_addr': {'enum_ref': None}, 'pad2': {'enum_ref': None}, 'name': {'enum_ref': None, 'length': 16}, 'config': {}, 'state': {}, 'curr': {}, 'advertised': {}, 'supported': {}, 'peer': {}, 'curr_speed': 10000000, 'max_speed': 0}]}
2021-05-21 10:13:48,751 | 5256 | proxy.observable, notify_observers, 63 | DEBUG | notify data to observer: <proxy.packet.Message object at 0x7f21c8e40550>
2021-05-21 10:13:48,752 | 5256 | api.observer, update, 38 | DEBUG | observed from observable: b"\x04\x13\x02\x10\xe9\x80\x92\xf8\x00\r\x00\x00\x00\x00\x00\x00\xff\xff\xff\xfe\x00\x00\x00\x00\xaa\xa6K.\x16G\x00\x00s2\x00\x00\x00\x00\x00\x00\x00\x00\x00\x00\x00\x00\x00\x00\x00\x00\x00\x01\x00\x00\x00\x01\x00\x00\x00\x00\x00\x00\x00\x00\x00\x00\x00\x00\x00\x00\x00\x00\x00\x00\x00\x00\x00\x00\x00\x00\x00\x00\x00\x05\x00\x00\x00\x00^Z\x1faH\x19\x00\x00s2-eth5\x00\x00\x00\x00\x00\x00\x00\x00\x00\x00\x00\x00\x00\x00\x00\x00\x04\x00\x00\x08@\x00\x00\x00\x00\x00\x00\x00\x00\x00\x00\x00\x00\x00\x98\x96\x80\x00\x00\x00\x00\x00\x00\x00\x06\x00\x00\x00\x00\xba5\xa4\xa2\xb9\xb6\x00\x00s2-eth6\x00\x00\x00\x00\x00\x00\x00\x00\x00\x00\x00\x00\x00\x00\x00\x00\x04\x00\x00\x08@\x00\x00\x00\x00\x00\x00\x00\x00\x00\x00\x00\x00\x00\x98\x96\x80\x00\x00\x00\x00\x00\x00\x00\x04\x00\x00\x00\x00Z\xd3\xbb2\xff'\x00\x00s2-eth4\x00\x00\x00\x00\x00\x00\x00\x00\x00\x00\x00\x00\x00\x00\x00\x00\x04\x00\x00\x08@\x00\x00\x00\x00\x00\x00\x00\x00\x00\x00\x00\x00\x00\x98\x96\x80\x00\x00\x00\x00\x00\x00\x00\x07\x00\x00\x00\x00\x12\x82c\xe8\x0b;\x00\x00s2-eth7\x00\x00\x00\x00\x00\x00\x00\x00\x00\x00\x00\x00\x00\x00\x00\x00\x04\x00\x00\x08@\x00\x00\x00\x00\x00\x00\x00\x00\x00\x00\x00\x00\x00\x98\x96\x80\x00\x00\x00\x00\x00\x00\x00\x01\x00\x00\x00\x00f\xe0\x13\xc8\x01\x9d\x00\x00s2-eth1\x00\x00\x00\x00\x00\x00\x00\x00\x00\x00\x00\x00\x00\x00\x00\x00\x04\x00\x00\x08@\x00\x00\x00\x00\x00\x00\x00\x00\x00\x00\x00\x00\x00\x98\x96\x80\x00\x00\x00\x00\x00\x00\x00\x02\x00\x00\x00\x00\x12\xc9\x8ch\xba\x1e\x00\x00s2-eth2\x00\x00\x00\x00\x00\x00\x00\x00\x00\x00\x00\x00\x00\x00\x00\x00\x04\x00\x00\x08@\x00\x00\x00\x00\x00\x00\x00\x00\x00\x00\x00\x00\x00\x98\x96\x80\x00\x00\x00\x00\x00\x00\x00\x03\x00\x00\x00\x00f\xe8h\xcc\xd8\xd0\x00\x00s2-eth3\x00\x00\x00\x00\x00\x00\x00\x00\x00\x00\x00\x00\x00\x00\x00\x00\x04\x00\x00\x08@\x00\x00\x00\x00\x00\x00\x00\x00\x00\x00\x00\x00\x00\x98\x96\x80\x00\x00\x00\x00"
2021-05-21 10:13:48,759 | 5256 | api.observer, todict, 42 | DEBUG | UBIntBase, key : {'_value': 4, 'enum_ref': None}
2021-05-21 10:13:48,760 | 5256 | api.observer, todict, 42 | DEBUG | UBIntBase, key : {'_value': 528, 'enum_ref': None}
2021-05-21 10:13:48,760 | 5256 | api.observer, todict, 42 | DEBUG | UBIntBase, key : {'_value': 3917517560, 'enum_ref': None}
2021-05-21 10:13:48,761 | 5256 | api.observer, todict, 42 | DEBUG | UBIntBase, key : {'_value': 0, 'enum_ref': None}
2021-05-21 10:13:48,761 | 5256 | api.observer, todict, 42 | DEBUG | UBIntBase, key : {'_value': 4294967294, 'enum_ref': None}
2021-05-21 10:13:48,762 | 5256 | api.observer, todict, 42 | DEBUG | UBIntBase, key : {'_value': 0, 'enum_ref': None}
2021-05-21 10:13:48,762 | 5256 | api.observer, todict, 42 | DEBUG | UBIntBase, key : {'_value': 0, 'enum_ref': None}
2021-05-21 10:13:48,762 | 5256 | api.observer, todict, 42 | DEBUG | UBIntBase, key : {'_value': 5, 'enum_ref': None}
2021-05-21 10:13:48,763 | 5256 | api.observer, todict, 42 | DEBUG | UBIntBase, key : {'_value': 10000000, 'enum_ref': None}
2021-05-21 10:13:48,769 | 5256 | api.observer, todict, 42 | DEBUG | UBIntBase, key : {'_value': 0, 'enum_ref': None}
2021-05-21 10:13:48,770 | 5256 | api.observer, todict, 42 | DEBUG | UBIntBase, key : {'_value': 6, 'enum_ref': None}
2021-05-21 10:13:48,774 | 5256 | api.observer, todict, 42 | DEBUG | UBIntBase, key : {'_value': 10000000, 'enum_ref': None}
2021-05-21 10:13:48,775 | 5256 | api.observer, todict, 42 | DEBUG | UBIntBase, key : {'_value': 0, 'enum_ref': None}
2021-05-21 10:13:48,775 | 5256 | api.observer, todict, 42 | DEBUG | UBIntBase, key : {'_value': 4, 'enum_ref': None}
2021-05-21 10:13:48,776 | 5256 | api.observer, todict, 42 | DEBUG | UBIntBase, key : {'_value': 10000000, 'enum_ref': None}
2021-05-21 10:13:48,782 | 5256 | api.observer, todict, 42 | DEBUG | UBIntBase, key : {'_value': 0, 'enum_ref': None}
2021-05-21 10:13:48,787 | 5256 | api.observer, todict, 42 | DEBUG | UBIntBase, key : {'_value': 7, 'enum_ref': None}
2021-05-21 10:13:48,788 | 5256 | api.observer, todict, 42 | DEBUG | UBIntBase, key : {'_value': 10000000, 'enum_ref': None}
2021-05-21 10:13:48,788 | 5256 | api.observer, todict, 42 | DEBUG | UBIntBase, key : {'_value': 0, 'enum_ref': None}
2021-05-21 10:13:48,790 | 5256 | api.observer, todict, 42 | DEBUG | UBIntBase, key : {'_value': 1, 'enum_ref': None}
2021-05-21 10:13:48,791 | 5256 | api.observer, todict, 42 | DEBUG | UBIntBase, key : {'_value': 10000000, 'enum_ref': None}
2021-05-21 10:13:48,792 | 5256 | api.observer, todict, 42 | DEBUG | UBIntBase, key : {'_value': 0, 'enum_ref': None}
2021-05-21 10:13:48,792 | 5256 | api.observer, todict, 42 | DEBUG | UBIntBase, key : {'_value': 2, 'enum_ref': None}
2021-05-21 10:13:48,793 | 5256 | api.observer, todict, 42 | DEBUG | UBIntBase, key : {'_value': 10000000, 'enum_ref': None}
2021-05-21 10:13:48,793 | 5256 | api.observer, todict, 42 | DEBUG | UBIntBase, key : {'_value': 0, 'enum_ref': None}
2021-05-21 10:13:48,794 | 5256 | api.observer, todict, 42 | DEBUG | UBIntBase, key : {'_value': 3, 'enum_ref': None}
2021-05-21 10:13:48,796 | 5256 | api.observer, todict, 42 | DEBUG | UBIntBase, key : {'_value': 10000000, 'enum_ref': None}
2021-05-21 10:13:48,797 | 5256 | api.observer, todict, 42 | DEBUG | UBIntBase, key : {'_value': 0, 'enum_ref': None}
2021-05-21 10:13:48,805 | 5256 | api.observer, parse, 19 | INFO | Parsed msg : {'header': {'version': 4, 'message_type': 19, 'length': 528, 'xid': 3917517560}, 'multipart_type': 13, 'flags': 0, 'pad': {'enum_ref': None}, 'body': [{'port_no': 4294967294, 'pad': {'enum_ref': None}, 'hw_addr': {'enum_ref': None}, 'pad2': {'enum_ref': None}, 'name': {'enum_ref': None, 'length': 16}, 'config': {}, 'state': {}, 'curr': {}, 'advertised': {}, 'supported': {}, 'peer': {}, 'curr_speed': 0, 'max_speed': 0}, {'port_no': 5, 'pad': {'enum_ref': None}, 'hw_addr': {'enum_ref': None}, 'pad2': {'enum_ref': None}, 'name': {'enum_ref': None, 'length': 16}, 'config': {}, 'state': {}, 'curr': {}, 'advertised': {}, 'supported': {}, 'peer': {}, 'curr_speed': 10000000, 'max_speed': 0}, {'port_no': 6, 'pad': {'enum_ref': None}, 'hw_addr': {'enum_ref': None}, 'pad2': {'enum_ref': None}, 'name': {'enum_ref': None, 'length': 16}, 'config': {}, 'state': {}, 'curr': {}, 'advertised': {}, 'supported': {}, 'peer': {}, 'curr_speed': 10000000, 'max_speed': 0}, {'port_no': 4, 'pad': {'enum_ref': None}, 'hw_addr': {'enum_ref': None}, 'pad2': {'enum_ref': None}, 'name': {'enum_ref': None, 'length': 16}, 'config': {}, 'state': {}, 'curr': {}, 'advertised': {}, 'supported': {}, 'peer': {}, 'curr_speed': 10000000, 'max_speed': 0}, {'port_no': 7, 'pad': {'enum_ref': None}, 'hw_addr': {'enum_ref': None}, 'pad2': {'enum_ref': None}, 'name': {'enum_ref': None, 'length': 16}, 'config': {}, 'state': {}, 'curr': {}, 'advertised': {}, 'supported': {}, 'peer': {}, 'curr_speed': 10000000, 'max_speed': 0}, {'port_no': 1, 'pad': {'enum_ref': None}, 'hw_addr': {'enum_ref': None}, 'pad2': {'enum_ref': None}, 'name': {'enum_ref': None, 'length': 16}, 'config': {}, 'state': {}, 'curr': {}, 'advertised': {}, 'supported': {}, 'peer': {}, 'curr_speed': 10000000, 'max_speed': 0}, {'port_no': 2, 'pad': {'enum_ref': None}, 'hw_addr': {'enum_ref': None}, 'pad2': {'enum_ref': None}, 'name': {'enum_ref': None, 'length': 16}, 'config': {}, 'state': {}, 'curr': {}, 'advertised': {}, 'supported': {}, 'peer': {}, 'curr_speed': 10000000, 'max_speed': 0}, {'port_no': 3, 'pad': {'enum_ref': None}, 'hw_addr': {'enum_ref': None}, 'pad2': {'enum_ref': None}, 'name': {'enum_ref': None, 'length': 16}, 'config': {}, 'state': {}, 'curr': {}, 'advertised': {}, 'supported': {}, 'peer': {}, 'curr_speed': 10000000, 'max_speed': 0}]}
2021-05-21 10:13:49,774 | 5256 | root, <module>, 55 | INFO | keyboardInterrupt : 
