2021-05-21 09:56:56,791 | 4874 | proxy.proxy, start_server, 224 | INFO | Server on ('127.0.0.1', 63333)
2021-05-21 09:56:56,791 | 4874 | proxy.proxy, start_server, 227 | INFO | Server serve forever ('127.0.0.1', 63333)
2021-05-21 09:57:02,696 | 4874 | proxy.proxy, handle_switch, 241 | INFO | Client ('127.0.0.1', 54150) is connected
2021-05-21 09:57:02,701 | 4874 | proxy.proxy, handle_switch, 241 | INFO | Client ('127.0.0.1', 54152) is connected
2021-05-21 09:57:02,712 | 4874 | proxy.proxy, handle_switch, 241 | INFO | Client ('127.0.0.1', 54154) is connected
2021-05-21 09:57:02,716 | 4874 | proxy.proxy, handle_switch, 252 | DEBUG | waiting data ......
2021-05-21 09:57:02,716 | 4874 | proxy.proxy, handle_switch, 255 | DEBUG | read b'\x04\x00\x00\x10\x00\x00\x00\x13\x00\x01\x00\x08\x00\x00\x00\x10'
2021-05-21 09:57:02,721 | 4874 | proxy.proxy, send_to_controller, 396 | DEBUG | sent data to controller: b'\x04\x00\x00\x10\x00\x00\x00\x13\x00\x01\x00\x08\x00\x00\x00\x10'
2021-05-21 09:57:02,722 | 4874 | proxy.proxy, send_to_controller, 74 | DEBUG | set data and sent to controller : b'\x04\x00\x00\x10\x00\x00\x00\x13\x00\x01\x00\x08\x00\x00\x00\x10'
2021-05-21 09:57:02,725 | 4874 | proxy.proxy, handle_switch, 252 | DEBUG | waiting data ......
2021-05-21 09:57:02,725 | 4874 | proxy.proxy, handle_switch, 252 | DEBUG | waiting data ......
2021-05-21 09:57:02,727 | 4874 | proxy.proxy, handle_switch, 255 | DEBUG | read b'\x04\x00\x00\x10\x00\x00\x00\x14\x00\x01\x00\x08\x00\x00\x00\x10'
2021-05-21 09:57:02,729 | 4874 | proxy.proxy, send_to_controller, 396 | DEBUG | sent data to controller: b'\x04\x00\x00\x10\x00\x00\x00\x14\x00\x01\x00\x08\x00\x00\x00\x10'
2021-05-21 09:57:02,730 | 4874 | proxy.proxy, send_to_controller, 74 | DEBUG | set data and sent to controller : b'\x04\x00\x00\x10\x00\x00\x00\x14\x00\x01\x00\x08\x00\x00\x00\x10'
2021-05-21 09:57:02,736 | 4874 | proxy.proxy, handle_switch, 252 | DEBUG | waiting data ......
2021-05-21 09:57:02,737 | 4874 | proxy.proxy, handle_switch, 252 | DEBUG | waiting data ......
2021-05-21 09:57:02,738 | 4874 | proxy.proxy, handle_switch, 255 | DEBUG | read b'\x04\x00\x00\x10\x00\x00\x00\x15\x00\x01\x00\x08\x00\x00\x00\x10'
2021-05-21 09:57:02,742 | 4874 | proxy.proxy, send_to_controller, 396 | DEBUG | sent data to controller: b'\x04\x00\x00\x10\x00\x00\x00\x15\x00\x01\x00\x08\x00\x00\x00\x10'
2021-05-21 09:57:02,750 | 4874 | proxy.proxy, send_to_controller, 74 | DEBUG | set data and sent to controller : b'\x04\x00\x00\x10\x00\x00\x00\x15\x00\x01\x00\x08\x00\x00\x00\x10'
2021-05-21 09:57:02,751 | 4874 | proxy.proxy, handle_switch, 252 | DEBUG | waiting data ......
2021-05-21 09:57:02,752 | 4874 | proxy.proxy, handle_controller, 355 | INFO | connected Controller ('127.0.0.1', 6633)
2021-05-21 09:57:02,753 | 4874 | proxy.proxy, handle_controller, 360 | DEBUG | waiting data ......
2021-05-21 09:57:02,755 | 4874 | proxy.proxy, handle_controller, 362 | DEBUG | read b'\x04\x00\x00\x08\xa7\xfe\x08\xfa\x04\x05\x00\x08\xa7\xfe\x08\xfb'
2021-05-21 09:57:02,763 | 4874 | proxy.proxy, send_to_switch, 291 | DEBUG | sent data to switch: b'\x04\x00\x00\x08\xa7\xfe\x08\xfa\x04\x05\x00\x08\xa7\xfe\x08\xfb'
2021-05-21 09:57:02,763 | 4874 | proxy.proxy, send_to_switch, 92 | DEBUG | set data and sent to switch : b'\x04\x00\x00\x08\xa7\xfe\x08\xfa\x04\x05\x00\x08\xa7\xfe\x08\xfb'
2021-05-21 09:57:02,765 | 4874 | proxy.proxy, handle_controller, 360 | DEBUG | waiting data ......
2021-05-21 09:57:02,765 | 4874 | proxy.observable, notify_observers, 63 | DEBUG | notify data to observer: <proxy.packet.Message object at 0x7fd03db1e460>
2021-05-21 09:57:02,766 | 4874 | api.observer, update, 38 | DEBUG | observed from observable: b'\x04\x00\x00\x10\x00\x00\x00\x13\x00\x01\x00\x08\x00\x00\x00\x10'
2021-05-21 09:57:02,767 | 4874 | api.observer, todict, 38 | DEBUG | UBIntBase
2021-05-21 09:57:02,767 | 4874 | api.observer, todict, 38 | DEBUG | UBIntBase
2021-05-21 09:57:02,768 | 4874 | api.observer, todict, 38 | DEBUG | UBIntBase
2021-05-21 09:57:02,768 | 4874 | api.observer, todict, 38 | DEBUG | UBIntBase
2021-05-21 09:57:02,769 | 4874 | api.observer, todict, 38 | DEBUG | UBIntBase
2021-05-21 09:57:02,771 | 4874 | api.observer, parse, 15 | INFO | Parsed msg : {'header': {'version': 4, 'message_type': {}, 'length': 16, 'xid': 19}, 'elements': [{'element_type': 1, 'length': 8, 'content': {'enum_ref': None}}]}
2021-05-21 09:57:02,771 | 4874 | proxy.observable, notify_observers, 63 | DEBUG | notify data to observer: <proxy.packet.Message object at 0x7fd03db1e610>
2021-05-21 09:57:02,774 | 4874 | api.observer, update, 38 | DEBUG | observed from observable: b'\x04\x00\x00\x10\x00\x00\x00\x14\x00\x01\x00\x08\x00\x00\x00\x10'
2021-05-21 09:57:02,775 | 4874 | api.observer, todict, 38 | DEBUG | UBIntBase
2021-05-21 09:57:02,775 | 4874 | api.observer, todict, 38 | DEBUG | UBIntBase
2021-05-21 09:57:02,776 | 4874 | api.observer, todict, 38 | DEBUG | UBIntBase
2021-05-21 09:57:02,776 | 4874 | api.observer, todict, 38 | DEBUG | UBIntBase
2021-05-21 09:57:02,776 | 4874 | api.observer, todict, 38 | DEBUG | UBIntBase
2021-05-21 09:57:02,777 | 4874 | api.observer, parse, 15 | INFO | Parsed msg : {'header': {'version': 4, 'message_type': {}, 'length': 16, 'xid': 20}, 'elements': [{'element_type': 1, 'length': 8, 'content': {'enum_ref': None}}]}
2021-05-21 09:57:02,777 | 4874 | proxy.observable, notify_observers, 63 | DEBUG | notify data to observer: <proxy.packet.Message object at 0x7fd03db1e790>
2021-05-21 09:57:02,778 | 4874 | api.observer, update, 38 | DEBUG | observed from observable: b'\x04\x00\x00\x10\x00\x00\x00\x15\x00\x01\x00\x08\x00\x00\x00\x10'
2021-05-21 09:57:02,779 | 4874 | api.observer, todict, 38 | DEBUG | UBIntBase
2021-05-21 09:57:02,783 | 4874 | api.observer, todict, 38 | DEBUG | UBIntBase
2021-05-21 09:57:02,784 | 4874 | api.observer, todict, 38 | DEBUG | UBIntBase
2021-05-21 09:57:02,786 | 4874 | api.observer, todict, 38 | DEBUG | UBIntBase
2021-05-21 09:57:02,786 | 4874 | api.observer, todict, 38 | DEBUG | UBIntBase
2021-05-21 09:57:02,788 | 4874 | api.observer, parse, 15 | INFO | Parsed msg : {'header': {'version': 4, 'message_type': {}, 'length': 16, 'xid': 21}, 'elements': [{'element_type': 1, 'length': 8, 'content': {'enum_ref': None}}]}
2021-05-21 09:57:02,794 | 4874 | proxy.observable, notify_observers, 63 | DEBUG | notify data to observer: <proxy.packet.Message object at 0x7fd03db1e370>
2021-05-21 09:57:02,795 | 4874 | api.observer, update, 38 | DEBUG | observed from observable: b'\x04\x00\x00\x08\xa7\xfe\x08\xfa\x04\x05\x00\x08\xa7\xfe\x08\xfb'
2021-05-21 09:57:02,796 | 4874 | api.observer, todict, 38 | DEBUG | UBIntBase
2021-05-21 09:57:02,797 | 4874 | api.observer, todict, 38 | DEBUG | UBIntBase
2021-05-21 09:57:02,800 | 4874 | api.observer, todict, 38 | DEBUG | UBIntBase
2021-05-21 09:57:02,801 | 4874 | api.observer, todict, 38 | DEBUG | UBIntBase
2021-05-21 09:57:02,802 | 4874 | api.observer, todict, 38 | DEBUG | UBIntBase
2021-05-21 09:57:02,804 | 4874 | api.observer, parse, 15 | INFO | Parsed msg : {'header': {'version': 4, 'message_type': {}, 'length': 8, 'xid': 2818443514}, 'elements': [{'element_type': 1029, 'length': 8, 'content': {'enum_ref': None}}]}
2021-05-21 09:57:02,810 | 4874 | proxy.proxy, handle_controller, 355 | INFO | connected Controller ('127.0.0.1', 6633)
2021-05-21 09:57:02,810 | 4874 | proxy.proxy, handle_controller, 360 | DEBUG | waiting data ......
2021-05-21 09:57:02,811 | 4874 | proxy.proxy, handle_controller, 362 | DEBUG | read b'\x04\x00\x00\x08\x9d\x13\xe1\x83\x04\x05\x00\x08\x9d\x13\xe1\x84'
2021-05-21 09:57:02,811 | 4874 | proxy.proxy, send_to_switch, 291 | DEBUG | sent data to switch: b'\x04\x00\x00\x08\x9d\x13\xe1\x83\x04\x05\x00\x08\x9d\x13\xe1\x84'
2021-05-21 09:57:02,812 | 4874 | proxy.proxy, send_to_switch, 92 | DEBUG | set data and sent to switch : b'\x04\x00\x00\x08\x9d\x13\xe1\x83\x04\x05\x00\x08\x9d\x13\xe1\x84'
2021-05-21 09:57:02,812 | 4874 | proxy.proxy, handle_controller, 360 | DEBUG | waiting data ......
2021-05-21 09:57:02,813 | 4874 | proxy.proxy, handle_controller, 355 | INFO | connected Controller ('127.0.0.1', 6633)
2021-05-21 09:57:02,813 | 4874 | proxy.proxy, handle_controller, 360 | DEBUG | waiting data ......
2021-05-21 09:57:02,825 | 4874 | proxy.proxy, handle_controller, 362 | DEBUG | read b'\x04\x00\x00\x08h\xbc\x8d"\x04\x05\x00\x08h\xbc\x8d#'
2021-05-21 09:57:02,826 | 4874 | proxy.proxy, send_to_switch, 291 | DEBUG | sent data to switch: b'\x04\x00\x00\x08h\xbc\x8d"\x04\x05\x00\x08h\xbc\x8d#'
2021-05-21 09:57:02,827 | 4874 | proxy.proxy, send_to_switch, 92 | DEBUG | set data and sent to switch : b'\x04\x00\x00\x08h\xbc\x8d"\x04\x05\x00\x08h\xbc\x8d#'
2021-05-21 09:57:02,828 | 4874 | proxy.proxy, handle_controller, 360 | DEBUG | waiting data ......
2021-05-21 09:57:02,829 | 4874 | proxy.observable, notify_observers, 63 | DEBUG | notify data to observer: <proxy.packet.Message object at 0x7fd03db0dc40>
2021-05-21 09:57:02,830 | 4874 | api.observer, update, 38 | DEBUG | observed from observable: b'\x04\x00\x00\x08\x9d\x13\xe1\x83\x04\x05\x00\x08\x9d\x13\xe1\x84'
2021-05-21 09:57:02,832 | 4874 | api.observer, todict, 38 | DEBUG | UBIntBase
2021-05-21 09:57:02,833 | 4874 | api.observer, todict, 38 | DEBUG | UBIntBase
2021-05-21 09:57:02,833 | 4874 | api.observer, todict, 38 | DEBUG | UBIntBase
2021-05-21 09:57:02,834 | 4874 | api.observer, todict, 38 | DEBUG | UBIntBase
2021-05-21 09:57:02,834 | 4874 | api.observer, todict, 38 | DEBUG | UBIntBase
2021-05-21 09:57:02,835 | 4874 | api.observer, parse, 15 | INFO | Parsed msg : {'header': {'version': 4, 'message_type': {}, 'length': 8, 'xid': 2635325827}, 'elements': [{'element_type': 1029, 'length': 8, 'content': {'enum_ref': None}}]}
2021-05-21 09:57:02,836 | 4874 | proxy.observable, notify_observers, 63 | DEBUG | notify data to observer: <proxy.packet.Message object at 0x7fd03db1e220>
2021-05-21 09:57:02,836 | 4874 | api.observer, update, 38 | DEBUG | observed from observable: b'\x04\x00\x00\x08h\xbc\x8d"\x04\x05\x00\x08h\xbc\x8d#'
2021-05-21 09:57:02,837 | 4874 | api.observer, todict, 38 | DEBUG | UBIntBase
2021-05-21 09:57:02,843 | 4874 | api.observer, todict, 38 | DEBUG | UBIntBase
2021-05-21 09:57:02,846 | 4874 | api.observer, todict, 38 | DEBUG | UBIntBase
2021-05-21 09:57:02,847 | 4874 | api.observer, todict, 38 | DEBUG | UBIntBase
2021-05-21 09:57:02,848 | 4874 | api.observer, todict, 38 | DEBUG | UBIntBase
2021-05-21 09:57:02,849 | 4874 | api.observer, parse, 15 | INFO | Parsed msg : {'header': {'version': 4, 'message_type': {}, 'length': 8, 'xid': 1757187362}, 'elements': [{'element_type': 1029, 'length': 8, 'content': {'enum_ref': None}}]}
2021-05-21 09:57:03,196 | 4874 | proxy.proxy, handle_switch, 255 | DEBUG | read b'\x04\x06\x00 \xa7\xfe\x08\xfb\x00\x00\x00\x00\x00\x00\x00\x01\x00\x00\x00\x00\xfe\x00\x00\x00\x00\x00\x00O\x00\x00\x00\x00'
2021-05-21 09:57:03,197 | 4874 | proxy.proxy, send_to_controller, 396 | DEBUG | sent data to controller: b'\x04\x06\x00 \xa7\xfe\x08\xfb\x00\x00\x00\x00\x00\x00\x00\x01\x00\x00\x00\x00\xfe\x00\x00\x00\x00\x00\x00O\x00\x00\x00\x00'
2021-05-21 09:57:03,199 | 4874 | proxy.proxy, send_to_controller, 74 | DEBUG | set data and sent to controller : b'\x04\x06\x00 \xa7\xfe\x08\xfb\x00\x00\x00\x00\x00\x00\x00\x01\x00\x00\x00\x00\xfe\x00\x00\x00\x00\x00\x00O\x00\x00\x00\x00'
2021-05-21 09:57:03,200 | 4874 | proxy.proxy, handle_switch, 252 | DEBUG | waiting data ......
2021-05-21 09:57:03,201 | 4874 | proxy.observable, notify_observers, 63 | DEBUG | notify data to observer: <proxy.packet.Message object at 0x7fd03db1e880>
2021-05-21 09:57:03,201 | 4874 | api.observer, update, 38 | DEBUG | observed from observable: b'\x04\x06\x00 \xa7\xfe\x08\xfb\x00\x00\x00\x00\x00\x00\x00\x01\x00\x00\x00\x00\xfe\x00\x00\x00\x00\x00\x00O\x00\x00\x00\x00'
2021-05-21 09:57:03,203 | 4874 | api.observer, todict, 38 | DEBUG | UBIntBase
2021-05-21 09:57:03,203 | 4874 | api.observer, todict, 38 | DEBUG | UBIntBase
2021-05-21 09:57:03,203 | 4874 | api.observer, todict, 38 | DEBUG | UBIntBase
2021-05-21 09:57:03,204 | 4874 | api.observer, todict, 38 | DEBUG | UBIntBase
2021-05-21 09:57:03,204 | 4874 | api.observer, todict, 38 | DEBUG | UBIntBase
2021-05-21 09:57:03,205 | 4874 | api.observer, todict, 38 | DEBUG | UBIntBase
2021-05-21 09:57:03,205 | 4874 | api.observer, todict, 38 | DEBUG | UBIntBase
2021-05-21 09:57:03,206 | 4874 | api.observer, parse, 22 | ERROR | Failed to unpack data : int() argument must be a string, a bytes-like object or a number, not 'Capabilities'
2021-05-21 09:57:03,211 | 4874 | proxy.proxy, handle_controller, 362 | DEBUG | read b'\x04\x12\x00\x10\xa7\xfe\x08\xfc\x00\r\x00\x00\x00\x00\x00\x00\x04\x0e\x00P\xa7\xfe\x08\xfd\x00\x00\x00\x00\x00\x00\x00\x00\x00\x00\x00\x00\x00\x00\x00\x00\x00\x00\x00\x00\x00\x00\x00\x00\xff\xff\xff\xff\x00\x00\x00\x00\x00\x00\x00\x00\x00\x00\x00\x00\x00\x01\x00\x04\x00\x00\x00\x00\x00\x04\x00\x18\x00\x00\x00\x00\x00\x00\x00\x10\xff\xff\xff\xfd\xff\xff\x00\x00\x00\x00\x00\x00'
2021-05-21 09:57:03,212 | 4874 | proxy.proxy, send_to_switch, 291 | DEBUG | sent data to switch: b'\x04\x12\x00\x10\xa7\xfe\x08\xfc\x00\r\x00\x00\x00\x00\x00\x00\x04\x0e\x00P\xa7\xfe\x08\xfd\x00\x00\x00\x00\x00\x00\x00\x00\x00\x00\x00\x00\x00\x00\x00\x00\x00\x00\x00\x00\x00\x00\x00\x00\xff\xff\xff\xff\x00\x00\x00\x00\x00\x00\x00\x00\x00\x00\x00\x00\x00\x01\x00\x04\x00\x00\x00\x00\x00\x04\x00\x18\x00\x00\x00\x00\x00\x00\x00\x10\xff\xff\xff\xfd\xff\xff\x00\x00\x00\x00\x00\x00'
2021-05-21 09:57:03,213 | 4874 | proxy.proxy, send_to_switch, 92 | DEBUG | set data and sent to switch : b'\x04\x12\x00\x10\xa7\xfe\x08\xfc\x00\r\x00\x00\x00\x00\x00\x00\x04\x0e\x00P\xa7\xfe\x08\xfd\x00\x00\x00\x00\x00\x00\x00\x00\x00\x00\x00\x00\x00\x00\x00\x00\x00\x00\x00\x00\x00\x00\x00\x00\xff\xff\xff\xff\x00\x00\x00\x00\x00\x00\x00\x00\x00\x00\x00\x00\x00\x01\x00\x04\x00\x00\x00\x00\x00\x04\x00\x18\x00\x00\x00\x00\x00\x00\x00\x10\xff\xff\xff\xfd\xff\xff\x00\x00\x00\x00\x00\x00'
2021-05-21 09:57:03,213 | 4874 | proxy.proxy, handle_controller, 360 | DEBUG | waiting data ......
2021-05-21 09:57:03,214 | 4874 | proxy.proxy, handle_switch, 255 | DEBUG | read b'\x04\x06\x00 \x9d\x13\xe1\x84\x00\x00\x00\x00\x00\x00\x00\x03\x00\x00\x00\x00\xfe\x00\x00\x00\x00\x00\x00O\x00\x00\x00\x00'
2021-05-21 09:57:03,215 | 4874 | proxy.proxy, send_to_controller, 396 | DEBUG | sent data to controller: b'\x04\x06\x00 \x9d\x13\xe1\x84\x00\x00\x00\x00\x00\x00\x00\x03\x00\x00\x00\x00\xfe\x00\x00\x00\x00\x00\x00O\x00\x00\x00\x00'
2021-05-21 09:57:03,216 | 4874 | proxy.proxy, send_to_controller, 74 | DEBUG | set data and sent to controller : b'\x04\x06\x00 \x9d\x13\xe1\x84\x00\x00\x00\x00\x00\x00\x00\x03\x00\x00\x00\x00\xfe\x00\x00\x00\x00\x00\x00O\x00\x00\x00\x00'
2021-05-21 09:57:03,216 | 4874 | proxy.proxy, handle_switch, 252 | DEBUG | waiting data ......
2021-05-21 09:57:03,217 | 4874 | proxy.proxy, handle_switch, 255 | DEBUG | read b'\x04\x06\x00 h\xbc\x8d#\x00\x00\x00\x00\x00\x00\x00\x02\x00\x00\x00\x00\xfe\x00\x00\x00\x00\x00\x00O\x00\x00\x00\x00'
2021-05-21 09:57:03,219 | 4874 | proxy.proxy, send_to_controller, 396 | DEBUG | sent data to controller: b'\x04\x06\x00 h\xbc\x8d#\x00\x00\x00\x00\x00\x00\x00\x02\x00\x00\x00\x00\xfe\x00\x00\x00\x00\x00\x00O\x00\x00\x00\x00'
2021-05-21 09:57:03,221 | 4874 | proxy.proxy, send_to_controller, 74 | DEBUG | set data and sent to controller : b'\x04\x06\x00 h\xbc\x8d#\x00\x00\x00\x00\x00\x00\x00\x02\x00\x00\x00\x00\xfe\x00\x00\x00\x00\x00\x00O\x00\x00\x00\x00'
2021-05-21 09:57:03,222 | 4874 | proxy.proxy, handle_switch, 252 | DEBUG | waiting data ......
2021-05-21 09:57:03,223 | 4874 | proxy.observable, notify_observers, 63 | DEBUG | notify data to observer: <proxy.packet.Message object at 0x7fd03db1ea30>
2021-05-21 09:57:03,225 | 4874 | api.observer, update, 38 | DEBUG | observed from observable: b'\x04\x12\x00\x10\xa7\xfe\x08\xfc\x00\r\x00\x00\x00\x00\x00\x00\x04\x0e\x00P\xa7\xfe\x08\xfd\x00\x00\x00\x00\x00\x00\x00\x00\x00\x00\x00\x00\x00\x00\x00\x00\x00\x00\x00\x00\x00\x00\x00\x00\xff\xff\xff\xff\x00\x00\x00\x00\x00\x00\x00\x00\x00\x00\x00\x00\x00\x01\x00\x04\x00\x00\x00\x00\x00\x04\x00\x18\x00\x00\x00\x00\x00\x00\x00\x10\xff\xff\xff\xfd\xff\xff\x00\x00\x00\x00\x00\x00'
2021-05-21 09:57:03,228 | 4874 | api.observer, todict, 38 | DEBUG | UBIntBase
2021-05-21 09:57:03,234 | 4874 | api.observer, todict, 38 | DEBUG | UBIntBase
2021-05-21 09:57:03,234 | 4874 | api.observer, todict, 38 | DEBUG | UBIntBase
2021-05-21 09:57:03,235 | 4874 | api.observer, todict, 38 | DEBUG | UBIntBase
2021-05-21 09:57:03,235 | 4874 | api.observer, parse, 22 | ERROR | Failed to unpack data : int() argument must be a string, a bytes-like object or a number, not 'MultipartRequestFlags'
2021-05-21 09:57:03,235 | 4874 | proxy.observable, notify_observers, 63 | DEBUG | notify data to observer: <proxy.packet.Message object at 0x7fd03db0dc40>
2021-05-21 09:57:03,235 | 4874 | api.observer, update, 38 | DEBUG | observed from observable: b'\x04\x06\x00 \x9d\x13\xe1\x84\x00\x00\x00\x00\x00\x00\x00\x03\x00\x00\x00\x00\xfe\x00\x00\x00\x00\x00\x00O\x00\x00\x00\x00'
2021-05-21 09:57:03,236 | 4874 | api.observer, todict, 38 | DEBUG | UBIntBase
2021-05-21 09:57:03,237 | 4874 | api.observer, todict, 38 | DEBUG | UBIntBase
2021-05-21 09:57:03,237 | 4874 | api.observer, todict, 38 | DEBUG | UBIntBase
2021-05-21 09:57:03,238 | 4874 | api.observer, todict, 38 | DEBUG | UBIntBase
2021-05-21 09:57:03,239 | 4874 | api.observer, todict, 38 | DEBUG | UBIntBase
2021-05-21 09:57:03,240 | 4874 | api.observer, todict, 38 | DEBUG | UBIntBase
2021-05-21 09:57:03,240 | 4874 | api.observer, todict, 38 | DEBUG | UBIntBase
2021-05-21 09:57:03,241 | 4874 | api.observer, parse, 22 | ERROR | Failed to unpack data : int() argument must be a string, a bytes-like object or a number, not 'Capabilities'
2021-05-21 09:57:03,242 | 4874 | proxy.observable, notify_observers, 63 | DEBUG | notify data to observer: <proxy.packet.Message object at 0x7fd03db1ec70>
2021-05-21 09:57:03,242 | 4874 | api.observer, update, 38 | DEBUG | observed from observable: b'\x04\x06\x00 h\xbc\x8d#\x00\x00\x00\x00\x00\x00\x00\x02\x00\x00\x00\x00\xfe\x00\x00\x00\x00\x00\x00O\x00\x00\x00\x00'
2021-05-21 09:57:03,243 | 4874 | api.observer, todict, 38 | DEBUG | UBIntBase
2021-05-21 09:57:03,243 | 4874 | api.observer, todict, 38 | DEBUG | UBIntBase
2021-05-21 09:57:03,245 | 4874 | api.observer, todict, 38 | DEBUG | UBIntBase
2021-05-21 09:57:03,254 | 4874 | api.observer, todict, 38 | DEBUG | UBIntBase
2021-05-21 09:57:03,255 | 4874 | api.observer, todict, 38 | DEBUG | UBIntBase
2021-05-21 09:57:03,257 | 4874 | api.observer, todict, 38 | DEBUG | UBIntBase
2021-05-21 09:57:03,258 | 4874 | api.observer, todict, 38 | DEBUG | UBIntBase
2021-05-21 09:57:03,259 | 4874 | api.observer, parse, 22 | ERROR | Failed to unpack data : int() argument must be a string, a bytes-like object or a number, not 'Capabilities'
2021-05-21 09:57:03,260 | 4874 | proxy.proxy, handle_switch, 255 | DEBUG | read b'\x04\x13\x02\x10\xa7\xfe\x08\xfc\x00\r\x00\x00\x00\x00\x00\x00\xff\xff\xff\xfe\x00\x00\x00\x00>\x80\xa8\xa5\x8bM\x00\x00s1\x00\x00\x00\x00\x00\x00\x00\x00\x00\x00\x00\x00\x00\x00\x00\x00\x00\x01\x00\x00\x00\x01\x00\x00\x00\x00\x00\x00\x00\x00\x00\x00\x00\x00\x00\x00\x00\x00\x00\x00\x00\x00\x00\x00\x00\x00\x00\x00\x00\x05\x00\x00\x00\x00Z\x9bc\xb9\xaaO\x00\x00s1-eth5\x00\x00\x00\x00\x00\x00\x00\x00\x00\x00\x00\x00\x00\x00\x00\x00\x04\x00\x00\x08@\x00\x00\x00\x00\x00\x00\x00\x00\x00\x00\x00\x00\x00\x98\x96\x80\x00\x00\x00\x00\x00\x00\x00\x07\x00\x00\x00\x00\xb2p\xc7\xaf\x90\xd4\x00\x00s1-eth7\x00\x00\x00\x00\x00\x00\x00\x00\x00\x00\x00\x00\x00\x00\x00\x00\x04\x00\x00\x08@\x00\x00\x00\x00\x00\x00\x00\x00\x00\x00\x00\x00\x00\x98\x96\x80\x00\x00\x00\x00\x00\x00\x00\x04\x00\x00\x00\x00J\xab\x05\x11\xf2\xad\x00\x00s1-eth4\x00\x00\x00\x00\x00\x00\x00\x00\x00\x00\x00\x00\x00\x00\x00\x00\x04\x00\x00\x08@\x00\x00\x00\x00\x00\x00\x00\x00\x00\x00\x00\x00\x00\x98\x96\x80\x00\x00\x00\x00\x00\x00\x00\x06\x00\x00\x00\x00"\xf1Q\xfc\x14\x8d\x00\x00s1-eth6\x00\x00\x00\x00\x00\x00\x00\x00\x00\x00\x00\x00\x00\x00\x00\x00\x04\x00\x00\x08@\x00\x00\x00\x00\x00\x00\x00\x00\x00\x00\x00\x00\x00\x98\x96\x80\x00\x00\x00\x00\x00\x00\x00\x01\x00\x00\x00\x00\xaaj\xa4\xe0}\x1f\x00\x00s1-eth1\x00\x00\x00\x00\x00\x00\x00\x00\x00\x00\x00\x00\x00\x00\x00\x00\x04\x00\x00\x08@\x00\x00\x00\x00\x00\x00\x00\x00\x00\x00\x00\x00\x00\x98\x96\x80\x00\x00\x00\x00\x00\x00\x00\x02\x00\x00\x00\x00\xa6I\xce#\xb2\xa4\x00\x00s1-eth2\x00\x00\x00\x00\x00\x00\x00\x00\x00\x00\x00\x00\x00\x00\x00\x00\x04\x00\x00\x08@\x00\x00\x00\x00\x00\x00\x00\x00\x00\x00\x00\x00\x00\x98\x96\x80\x00\x00\x00\x00\x00\x00\x00\x03\x00\x00\x00\x00\xdeO\xe9\xcd\xfa\xef\x00\x00s1-eth3\x00\x00\x00\x00\x00\x00\x00\x00\x00\x00\x00\x00\x00\x00\x00\x00\x04\x00\x00\x08@\x00\x00\x00\x00\x00\x00\x00\x00\x00\x00\x00\x00\x00\x98\x96\x80\x00\x00\x00\x00'
2021-05-21 09:57:03,264 | 4874 | proxy.proxy, send_to_controller, 396 | DEBUG | sent data to controller: b'\x04\x13\x02\x10\xa7\xfe\x08\xfc\x00\r\x00\x00\x00\x00\x00\x00\xff\xff\xff\xfe\x00\x00\x00\x00>\x80\xa8\xa5\x8bM\x00\x00s1\x00\x00\x00\x00\x00\x00\x00\x00\x00\x00\x00\x00\x00\x00\x00\x00\x00\x01\x00\x00\x00\x01\x00\x00\x00\x00\x00\x00\x00\x00\x00\x00\x00\x00\x00\x00\x00\x00\x00\x00\x00\x00\x00\x00\x00\x00\x00\x00\x00\x05\x00\x00\x00\x00Z\x9bc\xb9\xaaO\x00\x00s1-eth5\x00\x00\x00\x00\x00\x00\x00\x00\x00\x00\x00\x00\x00\x00\x00\x00\x04\x00\x00\x08@\x00\x00\x00\x00\x00\x00\x00\x00\x00\x00\x00\x00\x00\x98\x96\x80\x00\x00\x00\x00\x00\x00\x00\x07\x00\x00\x00\x00\xb2p\xc7\xaf\x90\xd4\x00\x00s1-eth7\x00\x00\x00\x00\x00\x00\x00\x00\x00\x00\x00\x00\x00\x00\x00\x00\x04\x00\x00\x08@\x00\x00\x00\x00\x00\x00\x00\x00\x00\x00\x00\x00\x00\x98\x96\x80\x00\x00\x00\x00\x00\x00\x00\x04\x00\x00\x00\x00J\xab\x05\x11\xf2\xad\x00\x00s1-eth4\x00\x00\x00\x00\x00\x00\x00\x00\x00\x00\x00\x00\x00\x00\x00\x00\x04\x00\x00\x08@\x00\x00\x00\x00\x00\x00\x00\x00\x00\x00\x00\x00\x00\x98\x96\x80\x00\x00\x00\x00\x00\x00\x00\x06\x00\x00\x00\x00"\xf1Q\xfc\x14\x8d\x00\x00s1-eth6\x00\x00\x00\x00\x00\x00\x00\x00\x00\x00\x00\x00\x00\x00\x00\x00\x04\x00\x00\x08@\x00\x00\x00\x00\x00\x00\x00\x00\x00\x00\x00\x00\x00\x98\x96\x80\x00\x00\x00\x00\x00\x00\x00\x01\x00\x00\x00\x00\xaaj\xa4\xe0}\x1f\x00\x00s1-eth1\x00\x00\x00\x00\x00\x00\x00\x00\x00\x00\x00\x00\x00\x00\x00\x00\x04\x00\x00\x08@\x00\x00\x00\x00\x00\x00\x00\x00\x00\x00\x00\x00\x00\x98\x96\x80\x00\x00\x00\x00\x00\x00\x00\x02\x00\x00\x00\x00\xa6I\xce#\xb2\xa4\x00\x00s1-eth2\x00\x00\x00\x00\x00\x00\x00\x00\x00\x00\x00\x00\x00\x00\x00\x00\x04\x00\x00\x08@\x00\x00\x00\x00\x00\x00\x00\x00\x00\x00\x00\x00\x00\x98\x96\x80\x00\x00\x00\x00\x00\x00\x00\x03\x00\x00\x00\x00\xdeO\xe9\xcd\xfa\xef\x00\x00s1-eth3\x00\x00\x00\x00\x00\x00\x00\x00\x00\x00\x00\x00\x00\x00\x00\x00\x04\x00\x00\x08@\x00\x00\x00\x00\x00\x00\x00\x00\x00\x00\x00\x00\x00\x98\x96\x80\x00\x00\x00\x00'
2021-05-21 09:57:03,267 | 4874 | proxy.proxy, send_to_controller, 74 | DEBUG | set data and sent to controller : b'\x04\x13\x02\x10\xa7\xfe\x08\xfc\x00\r\x00\x00\x00\x00\x00\x00\xff\xff\xff\xfe\x00\x00\x00\x00>\x80\xa8\xa5\x8bM\x00\x00s1\x00\x00\x00\x00\x00\x00\x00\x00\x00\x00\x00\x00\x00\x00\x00\x00\x00\x01\x00\x00\x00\x01\x00\x00\x00\x00\x00\x00\x00\x00\x00\x00\x00\x00\x00\x00\x00\x00\x00\x00\x00\x00\x00\x00\x00\x00\x00\x00\x00\x05\x00\x00\x00\x00Z\x9bc\xb9\xaaO\x00\x00s1-eth5\x00\x00\x00\x00\x00\x00\x00\x00\x00\x00\x00\x00\x00\x00\x00\x00\x04\x00\x00\x08@\x00\x00\x00\x00\x00\x00\x00\x00\x00\x00\x00\x00\x00\x98\x96\x80\x00\x00\x00\x00\x00\x00\x00\x07\x00\x00\x00\x00\xb2p\xc7\xaf\x90\xd4\x00\x00s1-eth7\x00\x00\x00\x00\x00\x00\x00\x00\x00\x00\x00\x00\x00\x00\x00\x00\x04\x00\x00\x08@\x00\x00\x00\x00\x00\x00\x00\x00\x00\x00\x00\x00\x00\x98\x96\x80\x00\x00\x00\x00\x00\x00\x00\x04\x00\x00\x00\x00J\xab\x05\x11\xf2\xad\x00\x00s1-eth4\x00\x00\x00\x00\x00\x00\x00\x00\x00\x00\x00\x00\x00\x00\x00\x00\x04\x00\x00\x08@\x00\x00\x00\x00\x00\x00\x00\x00\x00\x00\x00\x00\x00\x98\x96\x80\x00\x00\x00\x00\x00\x00\x00\x06\x00\x00\x00\x00"\xf1Q\xfc\x14\x8d\x00\x00s1-eth6\x00\x00\x00\x00\x00\x00\x00\x00\x00\x00\x00\x00\x00\x00\x00\x00\x04\x00\x00\x08@\x00\x00\x00\x00\x00\x00\x00\x00\x00\x00\x00\x00\x00\x98\x96\x80\x00\x00\x00\x00\x00\x00\x00\x01\x00\x00\x00\x00\xaaj\xa4\xe0}\x1f\x00\x00s1-eth1\x00\x00\x00\x00\x00\x00\x00\x00\x00\x00\x00\x00\x00\x00\x00\x00\x04\x00\x00\x08@\x00\x00\x00\x00\x00\x00\x00\x00\x00\x00\x00\x00\x00\x98\x96\x80\x00\x00\x00\x00\x00\x00\x00\x02\x00\x00\x00\x00\xa6I\xce#\xb2\xa4\x00\x00s1-eth2\x00\x00\x00\x00\x00\x00\x00\x00\x00\x00\x00\x00\x00\x00\x00\x00\x04\x00\x00\x08@\x00\x00\x00\x00\x00\x00\x00\x00\x00\x00\x00\x00\x00\x98\x96\x80\x00\x00\x00\x00\x00\x00\x00\x03\x00\x00\x00\x00\xdeO\xe9\xcd\xfa\xef\x00\x00s1-eth3\x00\x00\x00\x00\x00\x00\x00\x00\x00\x00\x00\x00\x00\x00\x00\x00\x04\x00\x00\x08@\x00\x00\x00\x00\x00\x00\x00\x00\x00\x00\x00\x00\x00\x98\x96\x80\x00\x00\x00\x00'
2021-05-21 09:57:03,267 | 4874 | proxy.proxy, handle_switch, 252 | DEBUG | waiting data ......
2021-05-21 09:57:03,268 | 4874 | proxy.proxy, handle_controller, 362 | DEBUG | read b'\x04\x12\x00\x10\x9d\x13\xe1\x85\x00\r\x00\x00\x00\x00\x00\x00\x04\x0e\x00P\x9d\x13\xe1\x86\x00\x00\x00\x00\x00\x00\x00\x00\x00\x00\x00\x00\x00\x00\x00\x00\x00\x00\x00\x00\x00\x00\x00\x00\xff\xff\xff\xff\x00\x00\x00\x00\x00\x00\x00\x00\x00\x00\x00\x00\x00\x01\x00\x04\x00\x00\x00\x00\x00\x04\x00\x18\x00\x00\x00\x00\x00\x00\x00\x10\xff\xff\xff\xfd\xff\xff\x00\x00\x00\x00\x00\x00'
2021-05-21 09:57:03,269 | 4874 | proxy.proxy, send_to_switch, 291 | DEBUG | sent data to switch: b'\x04\x12\x00\x10\x9d\x13\xe1\x85\x00\r\x00\x00\x00\x00\x00\x00\x04\x0e\x00P\x9d\x13\xe1\x86\x00\x00\x00\x00\x00\x00\x00\x00\x00\x00\x00\x00\x00\x00\x00\x00\x00\x00\x00\x00\x00\x00\x00\x00\xff\xff\xff\xff\x00\x00\x00\x00\x00\x00\x00\x00\x00\x00\x00\x00\x00\x01\x00\x04\x00\x00\x00\x00\x00\x04\x00\x18\x00\x00\x00\x00\x00\x00\x00\x10\xff\xff\xff\xfd\xff\xff\x00\x00\x00\x00\x00\x00'
2021-05-21 09:57:03,270 | 4874 | proxy.proxy, send_to_switch, 92 | DEBUG | set data and sent to switch : b'\x04\x12\x00\x10\x9d\x13\xe1\x85\x00\r\x00\x00\x00\x00\x00\x00\x04\x0e\x00P\x9d\x13\xe1\x86\x00\x00\x00\x00\x00\x00\x00\x00\x00\x00\x00\x00\x00\x00\x00\x00\x00\x00\x00\x00\x00\x00\x00\x00\xff\xff\xff\xff\x00\x00\x00\x00\x00\x00\x00\x00\x00\x00\x00\x00\x00\x01\x00\x04\x00\x00\x00\x00\x00\x04\x00\x18\x00\x00\x00\x00\x00\x00\x00\x10\xff\xff\xff\xfd\xff\xff\x00\x00\x00\x00\x00\x00'
2021-05-21 09:57:03,271 | 4874 | proxy.proxy, handle_controller, 360 | DEBUG | waiting data ......
2021-05-21 09:57:03,271 | 4874 | proxy.proxy, handle_controller, 362 | DEBUG | read b'\x04\x12\x00\x10h\xbc\x8d$\x00\r\x00\x00\x00\x00\x00\x00\x04\x0e\x00Ph\xbc\x8d%\x00\x00\x00\x00\x00\x00\x00\x00\x00\x00\x00\x00\x00\x00\x00\x00\x00\x00\x00\x00\x00\x00\x00\x00\xff\xff\xff\xff\x00\x00\x00\x00\x00\x00\x00\x00\x00\x00\x00\x00\x00\x01\x00\x04\x00\x00\x00\x00\x00\x04\x00\x18\x00\x00\x00\x00\x00\x00\x00\x10\xff\xff\xff\xfd\xff\xff\x00\x00\x00\x00\x00\x00'
2021-05-21 09:57:03,272 | 4874 | proxy.proxy, send_to_switch, 291 | DEBUG | sent data to switch: b'\x04\x12\x00\x10h\xbc\x8d$\x00\r\x00\x00\x00\x00\x00\x00\x04\x0e\x00Ph\xbc\x8d%\x00\x00\x00\x00\x00\x00\x00\x00\x00\x00\x00\x00\x00\x00\x00\x00\x00\x00\x00\x00\x00\x00\x00\x00\xff\xff\xff\xff\x00\x00\x00\x00\x00\x00\x00\x00\x00\x00\x00\x00\x00\x01\x00\x04\x00\x00\x00\x00\x00\x04\x00\x18\x00\x00\x00\x00\x00\x00\x00\x10\xff\xff\xff\xfd\xff\xff\x00\x00\x00\x00\x00\x00'
2021-05-21 09:57:03,273 | 4874 | proxy.proxy, send_to_switch, 92 | DEBUG | set data and sent to switch : b'\x04\x12\x00\x10h\xbc\x8d$\x00\r\x00\x00\x00\x00\x00\x00\x04\x0e\x00Ph\xbc\x8d%\x00\x00\x00\x00\x00\x00\x00\x00\x00\x00\x00\x00\x00\x00\x00\x00\x00\x00\x00\x00\x00\x00\x00\x00\xff\xff\xff\xff\x00\x00\x00\x00\x00\x00\x00\x00\x00\x00\x00\x00\x00\x01\x00\x04\x00\x00\x00\x00\x00\x04\x00\x18\x00\x00\x00\x00\x00\x00\x00\x10\xff\xff\xff\xfd\xff\xff\x00\x00\x00\x00\x00\x00'
2021-05-21 09:57:03,278 | 4874 | proxy.proxy, handle_controller, 360 | DEBUG | waiting data ......
2021-05-21 09:57:03,279 | 4874 | proxy.observable, notify_observers, 63 | DEBUG | notify data to observer: <proxy.packet.Message object at 0x7fd03db1ebb0>
2021-05-21 09:57:03,282 | 4874 | api.observer, update, 38 | DEBUG | observed from observable: b'\x04\x13\x02\x10\xa7\xfe\x08\xfc\x00\r\x00\x00\x00\x00\x00\x00\xff\xff\xff\xfe\x00\x00\x00\x00>\x80\xa8\xa5\x8bM\x00\x00s1\x00\x00\x00\x00\x00\x00\x00\x00\x00\x00\x00\x00\x00\x00\x00\x00\x00\x01\x00\x00\x00\x01\x00\x00\x00\x00\x00\x00\x00\x00\x00\x00\x00\x00\x00\x00\x00\x00\x00\x00\x00\x00\x00\x00\x00\x00\x00\x00\x00\x05\x00\x00\x00\x00Z\x9bc\xb9\xaaO\x00\x00s1-eth5\x00\x00\x00\x00\x00\x00\x00\x00\x00\x00\x00\x00\x00\x00\x00\x00\x04\x00\x00\x08@\x00\x00\x00\x00\x00\x00\x00\x00\x00\x00\x00\x00\x00\x98\x96\x80\x00\x00\x00\x00\x00\x00\x00\x07\x00\x00\x00\x00\xb2p\xc7\xaf\x90\xd4\x00\x00s1-eth7\x00\x00\x00\x00\x00\x00\x00\x00\x00\x00\x00\x00\x00\x00\x00\x00\x04\x00\x00\x08@\x00\x00\x00\x00\x00\x00\x00\x00\x00\x00\x00\x00\x00\x98\x96\x80\x00\x00\x00\x00\x00\x00\x00\x04\x00\x00\x00\x00J\xab\x05\x11\xf2\xad\x00\x00s1-eth4\x00\x00\x00\x00\x00\x00\x00\x00\x00\x00\x00\x00\x00\x00\x00\x00\x04\x00\x00\x08@\x00\x00\x00\x00\x00\x00\x00\x00\x00\x00\x00\x00\x00\x98\x96\x80\x00\x00\x00\x00\x00\x00\x00\x06\x00\x00\x00\x00"\xf1Q\xfc\x14\x8d\x00\x00s1-eth6\x00\x00\x00\x00\x00\x00\x00\x00\x00\x00\x00\x00\x00\x00\x00\x00\x04\x00\x00\x08@\x00\x00\x00\x00\x00\x00\x00\x00\x00\x00\x00\x00\x00\x98\x96\x80\x00\x00\x00\x00\x00\x00\x00\x01\x00\x00\x00\x00\xaaj\xa4\xe0}\x1f\x00\x00s1-eth1\x00\x00\x00\x00\x00\x00\x00\x00\x00\x00\x00\x00\x00\x00\x00\x00\x04\x00\x00\x08@\x00\x00\x00\x00\x00\x00\x00\x00\x00\x00\x00\x00\x00\x98\x96\x80\x00\x00\x00\x00\x00\x00\x00\x02\x00\x00\x00\x00\xa6I\xce#\xb2\xa4\x00\x00s1-eth2\x00\x00\x00\x00\x00\x00\x00\x00\x00\x00\x00\x00\x00\x00\x00\x00\x04\x00\x00\x08@\x00\x00\x00\x00\x00\x00\x00\x00\x00\x00\x00\x00\x00\x98\x96\x80\x00\x00\x00\x00\x00\x00\x00\x03\x00\x00\x00\x00\xdeO\xe9\xcd\xfa\xef\x00\x00s1-eth3\x00\x00\x00\x00\x00\x00\x00\x00\x00\x00\x00\x00\x00\x00\x00\x00\x04\x00\x00\x08@\x00\x00\x00\x00\x00\x00\x00\x00\x00\x00\x00\x00\x00\x98\x96\x80\x00\x00\x00\x00'
2021-05-21 09:57:03,284 | 4874 | api.observer, todict, 38 | DEBUG | UBIntBase
2021-05-21 09:57:03,285 | 4874 | api.observer, todict, 38 | DEBUG | UBIntBase
2021-05-21 09:57:03,291 | 4874 | api.observer, todict, 38 | DEBUG | UBIntBase
2021-05-21 09:57:03,291 | 4874 | api.observer, todict, 38 | DEBUG | UBIntBase
2021-05-21 09:57:03,291 | 4874 | api.observer, todict, 38 | DEBUG | UBIntBase
2021-05-21 09:57:03,292 | 4874 | api.observer, todict, 38 | DEBUG | UBIntBase
2021-05-21 09:57:03,292 | 4874 | api.observer, parse, 22 | ERROR | Failed to unpack data : int() argument must be a string, a bytes-like object or a number, not 'PortConfig'
2021-05-21 09:57:03,292 | 4874 | proxy.observable, notify_observers, 63 | DEBUG | notify data to observer: <proxy.packet.Message object at 0x7fd03db1e6d0>
2021-05-21 09:57:03,293 | 4874 | api.observer, update, 38 | DEBUG | observed from observable: b'\x04\x12\x00\x10\x9d\x13\xe1\x85\x00\r\x00\x00\x00\x00\x00\x00\x04\x0e\x00P\x9d\x13\xe1\x86\x00\x00\x00\x00\x00\x00\x00\x00\x00\x00\x00\x00\x00\x00\x00\x00\x00\x00\x00\x00\x00\x00\x00\x00\xff\xff\xff\xff\x00\x00\x00\x00\x00\x00\x00\x00\x00\x00\x00\x00\x00\x01\x00\x04\x00\x00\x00\x00\x00\x04\x00\x18\x00\x00\x00\x00\x00\x00\x00\x10\xff\xff\xff\xfd\xff\xff\x00\x00\x00\x00\x00\x00'
2021-05-21 09:57:03,293 | 4874 | api.observer, todict, 38 | DEBUG | UBIntBase
2021-05-21 09:57:03,294 | 4874 | api.observer, todict, 38 | DEBUG | UBIntBase
2021-05-21 09:57:03,294 | 4874 | api.observer, todict, 38 | DEBUG | UBIntBase
2021-05-21 09:57:03,295 | 4874 | api.observer, todict, 38 | DEBUG | UBIntBase
2021-05-21 09:57:03,295 | 4874 | api.observer, parse, 22 | ERROR | Failed to unpack data : int() argument must be a string, a bytes-like object or a number, not 'MultipartRequestFlags'
2021-05-21 09:57:03,295 | 4874 | proxy.observable, notify_observers, 63 | DEBUG | notify data to observer: <proxy.packet.Message object at 0x7fd03db1eb50>
2021-05-21 09:57:03,296 | 4874 | api.observer, update, 38 | DEBUG | observed from observable: b'\x04\x12\x00\x10h\xbc\x8d$\x00\r\x00\x00\x00\x00\x00\x00\x04\x0e\x00Ph\xbc\x8d%\x00\x00\x00\x00\x00\x00\x00\x00\x00\x00\x00\x00\x00\x00\x00\x00\x00\x00\x00\x00\x00\x00\x00\x00\xff\xff\xff\xff\x00\x00\x00\x00\x00\x00\x00\x00\x00\x00\x00\x00\x00\x01\x00\x04\x00\x00\x00\x00\x00\x04\x00\x18\x00\x00\x00\x00\x00\x00\x00\x10\xff\xff\xff\xfd\xff\xff\x00\x00\x00\x00\x00\x00'
2021-05-21 09:57:03,297 | 4874 | api.observer, todict, 38 | DEBUG | UBIntBase
2021-05-21 09:57:03,297 | 4874 | api.observer, todict, 38 | DEBUG | UBIntBase
2021-05-21 09:57:03,298 | 4874 | api.observer, todict, 38 | DEBUG | UBIntBase
2021-05-21 09:57:03,298 | 4874 | api.observer, todict, 38 | DEBUG | UBIntBase
2021-05-21 09:57:03,299 | 4874 | api.observer, parse, 22 | ERROR | Failed to unpack data : int() argument must be a string, a bytes-like object or a number, not 'MultipartRequestFlags'
2021-05-21 09:57:03,299 | 4874 | proxy.proxy, handle_switch, 255 | DEBUG | read b'\x04\x13\x01\xd0\x9d\x13\xe1\x85\x00\r\x00\x00\x00\x00\x00\x00\xff\xff\xff\xfe\x00\x00\x00\x00&z\xe5u#L\x00\x00s3\x00\x00\x00\x00\x00\x00\x00\x00\x00\x00\x00\x00\x00\x00\x00\x00\x00\x01\x00\x00\x00\x01\x00\x00\x00\x00\x00\x00\x00\x00\x00\x00\x00\x00\x00\x00\x00\x00\x00\x00\x00\x00\x00\x00\x00\x00\x00\x00\x00\x04\x00\x00\x00\x00\x92\x9d\x87\xf2\xc2\x8a\x00\x00s3-eth4\x00\x00\x00\x00\x00\x00\x00\x00\x00\x00\x00\x00\x00\x00\x00\x00\x04\x00\x00\x08@\x00\x00\x00\x00\x00\x00\x00\x00\x00\x00\x00\x00\x00\x98\x96\x80\x00\x00\x00\x00\x00\x00\x00\x06\x00\x00\x00\x00\x12\x9b\xb1o%f\x00\x00s3-eth6\x00\x00\x00\x00\x00\x00\x00\x00\x00\x00\x00\x00\x00\x00\x00\x00\x04\x00\x00\x08@\x00\x00\x00\x00\x00\x00\x00\x00\x00\x00\x00\x00\x00\x98\x96\x80\x00\x00\x00\x00\x00\x00\x00\x01\x00\x00\x00\x00\xda\xc4\xd2N6#\x00\x00s3-eth1\x00\x00\x00\x00\x00\x00\x00\x00\x00\x00\x00\x00\x00\x00\x00\x00\x04\x00\x00\x08@\x00\x00\x00\x00\x00\x00\x00\x00\x00\x00\x00\x00\x00\x98\x96\x80\x00\x00\x00\x00\x00\x00\x00\x05\x00\x00\x00\x00\xce]QH\xd1D\x00\x00s3-eth5\x00\x00\x00\x00\x00\x00\x00\x00\x00\x00\x00\x00\x00\x00\x00\x00\x04\x00\x00\x08@\x00\x00\x00\x00\x00\x00\x00\x00\x00\x00\x00\x00\x00\x98\x96\x80\x00\x00\x00\x00\x00\x00\x00\x02\x00\x00\x00\x00\xeal\x0eO\xa1<\x00\x00s3-eth2\x00\x00\x00\x00\x00\x00\x00\x00\x00\x00\x00\x00\x00\x00\x00\x00\x04\x00\x00\x08@\x00\x00\x00\x00\x00\x00\x00\x00\x00\x00\x00\x00\x00\x98\x96\x80\x00\x00\x00\x00\x00\x00\x00\x03\x00\x00\x00\x00\xd6=N\xac\xfd+\x00\x00s3-eth3\x00\x00\x00\x00\x00\x00\x00\x00\x00\x00\x00\x00\x00\x00\x00\x00\x04\x00\x00\x08@\x00\x00\x00\x00\x00\x00\x00\x00\x00\x00\x00\x00\x00\x98\x96\x80\x00\x00\x00\x00'
2021-05-21 09:57:03,304 | 4874 | proxy.proxy, send_to_controller, 396 | DEBUG | sent data to controller: b'\x04\x13\x01\xd0\x9d\x13\xe1\x85\x00\r\x00\x00\x00\x00\x00\x00\xff\xff\xff\xfe\x00\x00\x00\x00&z\xe5u#L\x00\x00s3\x00\x00\x00\x00\x00\x00\x00\x00\x00\x00\x00\x00\x00\x00\x00\x00\x00\x01\x00\x00\x00\x01\x00\x00\x00\x00\x00\x00\x00\x00\x00\x00\x00\x00\x00\x00\x00\x00\x00\x00\x00\x00\x00\x00\x00\x00\x00\x00\x00\x04\x00\x00\x00\x00\x92\x9d\x87\xf2\xc2\x8a\x00\x00s3-eth4\x00\x00\x00\x00\x00\x00\x00\x00\x00\x00\x00\x00\x00\x00\x00\x00\x04\x00\x00\x08@\x00\x00\x00\x00\x00\x00\x00\x00\x00\x00\x00\x00\x00\x98\x96\x80\x00\x00\x00\x00\x00\x00\x00\x06\x00\x00\x00\x00\x12\x9b\xb1o%f\x00\x00s3-eth6\x00\x00\x00\x00\x00\x00\x00\x00\x00\x00\x00\x00\x00\x00\x00\x00\x04\x00\x00\x08@\x00\x00\x00\x00\x00\x00\x00\x00\x00\x00\x00\x00\x00\x98\x96\x80\x00\x00\x00\x00\x00\x00\x00\x01\x00\x00\x00\x00\xda\xc4\xd2N6#\x00\x00s3-eth1\x00\x00\x00\x00\x00\x00\x00\x00\x00\x00\x00\x00\x00\x00\x00\x00\x04\x00\x00\x08@\x00\x00\x00\x00\x00\x00\x00\x00\x00\x00\x00\x00\x00\x98\x96\x80\x00\x00\x00\x00\x00\x00\x00\x05\x00\x00\x00\x00\xce]QH\xd1D\x00\x00s3-eth5\x00\x00\x00\x00\x00\x00\x00\x00\x00\x00\x00\x00\x00\x00\x00\x00\x04\x00\x00\x08@\x00\x00\x00\x00\x00\x00\x00\x00\x00\x00\x00\x00\x00\x98\x96\x80\x00\x00\x00\x00\x00\x00\x00\x02\x00\x00\x00\x00\xeal\x0eO\xa1<\x00\x00s3-eth2\x00\x00\x00\x00\x00\x00\x00\x00\x00\x00\x00\x00\x00\x00\x00\x00\x04\x00\x00\x08@\x00\x00\x00\x00\x00\x00\x00\x00\x00\x00\x00\x00\x00\x98\x96\x80\x00\x00\x00\x00\x00\x00\x00\x03\x00\x00\x00\x00\xd6=N\xac\xfd+\x00\x00s3-eth3\x00\x00\x00\x00\x00\x00\x00\x00\x00\x00\x00\x00\x00\x00\x00\x00\x04\x00\x00\x08@\x00\x00\x00\x00\x00\x00\x00\x00\x00\x00\x00\x00\x00\x98\x96\x80\x00\x00\x00\x00'
2021-05-21 09:57:03,305 | 4874 | proxy.proxy, send_to_controller, 74 | DEBUG | set data and sent to controller : b'\x04\x13\x01\xd0\x9d\x13\xe1\x85\x00\r\x00\x00\x00\x00\x00\x00\xff\xff\xff\xfe\x00\x00\x00\x00&z\xe5u#L\x00\x00s3\x00\x00\x00\x00\x00\x00\x00\x00\x00\x00\x00\x00\x00\x00\x00\x00\x00\x01\x00\x00\x00\x01\x00\x00\x00\x00\x00\x00\x00\x00\x00\x00\x00\x00\x00\x00\x00\x00\x00\x00\x00\x00\x00\x00\x00\x00\x00\x00\x00\x04\x00\x00\x00\x00\x92\x9d\x87\xf2\xc2\x8a\x00\x00s3-eth4\x00\x00\x00\x00\x00\x00\x00\x00\x00\x00\x00\x00\x00\x00\x00\x00\x04\x00\x00\x08@\x00\x00\x00\x00\x00\x00\x00\x00\x00\x00\x00\x00\x00\x98\x96\x80\x00\x00\x00\x00\x00\x00\x00\x06\x00\x00\x00\x00\x12\x9b\xb1o%f\x00\x00s3-eth6\x00\x00\x00\x00\x00\x00\x00\x00\x00\x00\x00\x00\x00\x00\x00\x00\x04\x00\x00\x08@\x00\x00\x00\x00\x00\x00\x00\x00\x00\x00\x00\x00\x00\x98\x96\x80\x00\x00\x00\x00\x00\x00\x00\x01\x00\x00\x00\x00\xda\xc4\xd2N6#\x00\x00s3-eth1\x00\x00\x00\x00\x00\x00\x00\x00\x00\x00\x00\x00\x00\x00\x00\x00\x04\x00\x00\x08@\x00\x00\x00\x00\x00\x00\x00\x00\x00\x00\x00\x00\x00\x98\x96\x80\x00\x00\x00\x00\x00\x00\x00\x05\x00\x00\x00\x00\xce]QH\xd1D\x00\x00s3-eth5\x00\x00\x00\x00\x00\x00\x00\x00\x00\x00\x00\x00\x00\x00\x00\x00\x04\x00\x00\x08@\x00\x00\x00\x00\x00\x00\x00\x00\x00\x00\x00\x00\x00\x98\x96\x80\x00\x00\x00\x00\x00\x00\x00\x02\x00\x00\x00\x00\xeal\x0eO\xa1<\x00\x00s3-eth2\x00\x00\x00\x00\x00\x00\x00\x00\x00\x00\x00\x00\x00\x00\x00\x00\x04\x00\x00\x08@\x00\x00\x00\x00\x00\x00\x00\x00\x00\x00\x00\x00\x00\x98\x96\x80\x00\x00\x00\x00\x00\x00\x00\x03\x00\x00\x00\x00\xd6=N\xac\xfd+\x00\x00s3-eth3\x00\x00\x00\x00\x00\x00\x00\x00\x00\x00\x00\x00\x00\x00\x00\x00\x04\x00\x00\x08@\x00\x00\x00\x00\x00\x00\x00\x00\x00\x00\x00\x00\x00\x98\x96\x80\x00\x00\x00\x00'
2021-05-21 09:57:03,306 | 4874 | proxy.proxy, handle_switch, 252 | DEBUG | waiting data ......
2021-05-21 09:57:03,306 | 4874 | proxy.proxy, handle_switch, 255 | DEBUG | read b"\x04\x13\x02\x10h\xbc\x8d$\x00\r\x00\x00\x00\x00\x00\x00\xff\xff\xff\xfe\x00\x00\x00\x00\xaa\xa6K.\x16G\x00\x00s2\x00\x00\x00\x00\x00\x00\x00\x00\x00\x00\x00\x00\x00\x00\x00\x00\x00\x01\x00\x00\x00\x01\x00\x00\x00\x00\x00\x00\x00\x00\x00\x00\x00\x00\x00\x00\x00\x00\x00\x00\x00\x00\x00\x00\x00\x00\x00\x00\x00\x05\x00\x00\x00\x00^Z\x1faH\x19\x00\x00s2-eth5\x00\x00\x00\x00\x00\x00\x00\x00\x00\x00\x00\x00\x00\x00\x00\x00\x04\x00\x00\x08@\x00\x00\x00\x00\x00\x00\x00\x00\x00\x00\x00\x00\x00\x98\x96\x80\x00\x00\x00\x00\x00\x00\x00\x06\x00\x00\x00\x00\xba5\xa4\xa2\xb9\xb6\x00\x00s2-eth6\x00\x00\x00\x00\x00\x00\x00\x00\x00\x00\x00\x00\x00\x00\x00\x00\x04\x00\x00\x08@\x00\x00\x00\x00\x00\x00\x00\x00\x00\x00\x00\x00\x00\x98\x96\x80\x00\x00\x00\x00\x00\x00\x00\x04\x00\x00\x00\x00Z\xd3\xbb2\xff'\x00\x00s2-eth4\x00\x00\x00\x00\x00\x00\x00\x00\x00\x00\x00\x00\x00\x00\x00\x00\x04\x00\x00\x08@\x00\x00\x00\x00\x00\x00\x00\x00\x00\x00\x00\x00\x00\x98\x96\x80\x00\x00\x00\x00\x00\x00\x00\x07\x00\x00\x00\x00\x12\x82c\xe8\x0b;\x00\x00s2-eth7\x00\x00\x00\x00\x00\x00\x00\x00\x00\x00\x00\x00\x00\x00\x00\x00\x04\x00\x00\x08@\x00\x00\x00\x00\x00\x00\x00\x00\x00\x00\x00\x00\x00\x98\x96\x80\x00\x00\x00\x00\x00\x00\x00\x01\x00\x00\x00\x00f\xe0\x13\xc8\x01\x9d\x00\x00s2-eth1\x00\x00\x00\x00\x00\x00\x00\x00\x00\x00\x00\x00\x00\x00\x00\x00\x04\x00\x00\x08@\x00\x00\x00\x00\x00\x00\x00\x00\x00\x00\x00\x00\x00\x98\x96\x80\x00\x00\x00\x00\x00\x00\x00\x02\x00\x00\x00\x00\x12\xc9\x8ch\xba\x1e\x00\x00s2-eth2\x00\x00\x00\x00\x00\x00\x00\x00\x00\x00\x00\x00\x00\x00\x00\x00\x04\x00\x00\x08@\x00\x00\x00\x00\x00\x00\x00\x00\x00\x00\x00\x00\x00\x98\x96\x80\x00\x00\x00\x00\x00\x00\x00\x03\x00\x00\x00\x00f\xe8h\xcc\xd8\xd0\x00\x00s2-eth3\x00\x00\x00\x00\x00\x00\x00\x00\x00\x00\x00\x00\x00\x00\x00\x00\x04\x00\x00\x08@\x00\x00\x00\x00\x00\x00\x00\x00\x00\x00\x00\x00\x00\x98\x96\x80\x00\x00\x00\x00"
2021-05-21 09:57:03,319 | 4874 | proxy.proxy, send_to_controller, 396 | DEBUG | sent data to controller: b"\x04\x13\x02\x10h\xbc\x8d$\x00\r\x00\x00\x00\x00\x00\x00\xff\xff\xff\xfe\x00\x00\x00\x00\xaa\xa6K.\x16G\x00\x00s2\x00\x00\x00\x00\x00\x00\x00\x00\x00\x00\x00\x00\x00\x00\x00\x00\x00\x01\x00\x00\x00\x01\x00\x00\x00\x00\x00\x00\x00\x00\x00\x00\x00\x00\x00\x00\x00\x00\x00\x00\x00\x00\x00\x00\x00\x00\x00\x00\x00\x05\x00\x00\x00\x00^Z\x1faH\x19\x00\x00s2-eth5\x00\x00\x00\x00\x00\x00\x00\x00\x00\x00\x00\x00\x00\x00\x00\x00\x04\x00\x00\x08@\x00\x00\x00\x00\x00\x00\x00\x00\x00\x00\x00\x00\x00\x98\x96\x80\x00\x00\x00\x00\x00\x00\x00\x06\x00\x00\x00\x00\xba5\xa4\xa2\xb9\xb6\x00\x00s2-eth6\x00\x00\x00\x00\x00\x00\x00\x00\x00\x00\x00\x00\x00\x00\x00\x00\x04\x00\x00\x08@\x00\x00\x00\x00\x00\x00\x00\x00\x00\x00\x00\x00\x00\x98\x96\x80\x00\x00\x00\x00\x00\x00\x00\x04\x00\x00\x00\x00Z\xd3\xbb2\xff'\x00\x00s2-eth4\x00\x00\x00\x00\x00\x00\x00\x00\x00\x00\x00\x00\x00\x00\x00\x00\x04\x00\x00\x08@\x00\x00\x00\x00\x00\x00\x00\x00\x00\x00\x00\x00\x00\x98\x96\x80\x00\x00\x00\x00\x00\x00\x00\x07\x00\x00\x00\x00\x12\x82c\xe8\x0b;\x00\x00s2-eth7\x00\x00\x00\x00\x00\x00\x00\x00\x00\x00\x00\x00\x00\x00\x00\x00\x04\x00\x00\x08@\x00\x00\x00\x00\x00\x00\x00\x00\x00\x00\x00\x00\x00\x98\x96\x80\x00\x00\x00\x00\x00\x00\x00\x01\x00\x00\x00\x00f\xe0\x13\xc8\x01\x9d\x00\x00s2-eth1\x00\x00\x00\x00\x00\x00\x00\x00\x00\x00\x00\x00\x00\x00\x00\x00\x04\x00\x00\x08@\x00\x00\x00\x00\x00\x00\x00\x00\x00\x00\x00\x00\x00\x98\x96\x80\x00\x00\x00\x00\x00\x00\x00\x02\x00\x00\x00\x00\x12\xc9\x8ch\xba\x1e\x00\x00s2-eth2\x00\x00\x00\x00\x00\x00\x00\x00\x00\x00\x00\x00\x00\x00\x00\x00\x04\x00\x00\x08@\x00\x00\x00\x00\x00\x00\x00\x00\x00\x00\x00\x00\x00\x98\x96\x80\x00\x00\x00\x00\x00\x00\x00\x03\x00\x00\x00\x00f\xe8h\xcc\xd8\xd0\x00\x00s2-eth3\x00\x00\x00\x00\x00\x00\x00\x00\x00\x00\x00\x00\x00\x00\x00\x00\x04\x00\x00\x08@\x00\x00\x00\x00\x00\x00\x00\x00\x00\x00\x00\x00\x00\x98\x96\x80\x00\x00\x00\x00"
2021-05-21 09:57:03,320 | 4874 | proxy.proxy, send_to_controller, 74 | DEBUG | set data and sent to controller : b"\x04\x13\x02\x10h\xbc\x8d$\x00\r\x00\x00\x00\x00\x00\x00\xff\xff\xff\xfe\x00\x00\x00\x00\xaa\xa6K.\x16G\x00\x00s2\x00\x00\x00\x00\x00\x00\x00\x00\x00\x00\x00\x00\x00\x00\x00\x00\x00\x01\x00\x00\x00\x01\x00\x00\x00\x00\x00\x00\x00\x00\x00\x00\x00\x00\x00\x00\x00\x00\x00\x00\x00\x00\x00\x00\x00\x00\x00\x00\x00\x05\x00\x00\x00\x00^Z\x1faH\x19\x00\x00s2-eth5\x00\x00\x00\x00\x00\x00\x00\x00\x00\x00\x00\x00\x00\x00\x00\x00\x04\x00\x00\x08@\x00\x00\x00\x00\x00\x00\x00\x00\x00\x00\x00\x00\x00\x98\x96\x80\x00\x00\x00\x00\x00\x00\x00\x06\x00\x00\x00\x00\xba5\xa4\xa2\xb9\xb6\x00\x00s2-eth6\x00\x00\x00\x00\x00\x00\x00\x00\x00\x00\x00\x00\x00\x00\x00\x00\x04\x00\x00\x08@\x00\x00\x00\x00\x00\x00\x00\x00\x00\x00\x00\x00\x00\x98\x96\x80\x00\x00\x00\x00\x00\x00\x00\x04\x00\x00\x00\x00Z\xd3\xbb2\xff'\x00\x00s2-eth4\x00\x00\x00\x00\x00\x00\x00\x00\x00\x00\x00\x00\x00\x00\x00\x00\x04\x00\x00\x08@\x00\x00\x00\x00\x00\x00\x00\x00\x00\x00\x00\x00\x00\x98\x96\x80\x00\x00\x00\x00\x00\x00\x00\x07\x00\x00\x00\x00\x12\x82c\xe8\x0b;\x00\x00s2-eth7\x00\x00\x00\x00\x00\x00\x00\x00\x00\x00\x00\x00\x00\x00\x00\x00\x04\x00\x00\x08@\x00\x00\x00\x00\x00\x00\x00\x00\x00\x00\x00\x00\x00\x98\x96\x80\x00\x00\x00\x00\x00\x00\x00\x01\x00\x00\x00\x00f\xe0\x13\xc8\x01\x9d\x00\x00s2-eth1\x00\x00\x00\x00\x00\x00\x00\x00\x00\x00\x00\x00\x00\x00\x00\x00\x04\x00\x00\x08@\x00\x00\x00\x00\x00\x00\x00\x00\x00\x00\x00\x00\x00\x98\x96\x80\x00\x00\x00\x00\x00\x00\x00\x02\x00\x00\x00\x00\x12\xc9\x8ch\xba\x1e\x00\x00s2-eth2\x00\x00\x00\x00\x00\x00\x00\x00\x00\x00\x00\x00\x00\x00\x00\x00\x04\x00\x00\x08@\x00\x00\x00\x00\x00\x00\x00\x00\x00\x00\x00\x00\x00\x98\x96\x80\x00\x00\x00\x00\x00\x00\x00\x03\x00\x00\x00\x00f\xe8h\xcc\xd8\xd0\x00\x00s2-eth3\x00\x00\x00\x00\x00\x00\x00\x00\x00\x00\x00\x00\x00\x00\x00\x00\x04\x00\x00\x08@\x00\x00\x00\x00\x00\x00\x00\x00\x00\x00\x00\x00\x00\x98\x96\x80\x00\x00\x00\x00"
2021-05-21 09:57:03,321 | 4874 | proxy.proxy, handle_switch, 252 | DEBUG | waiting data ......
2021-05-21 09:57:03,323 | 4874 | proxy.observable, notify_observers, 63 | DEBUG | notify data to observer: <proxy.packet.Message object at 0x7fd03db1ee80>
2021-05-21 09:57:03,324 | 4874 | api.observer, update, 38 | DEBUG | observed from observable: b'\x04\x13\x01\xd0\x9d\x13\xe1\x85\x00\r\x00\x00\x00\x00\x00\x00\xff\xff\xff\xfe\x00\x00\x00\x00&z\xe5u#L\x00\x00s3\x00\x00\x00\x00\x00\x00\x00\x00\x00\x00\x00\x00\x00\x00\x00\x00\x00\x01\x00\x00\x00\x01\x00\x00\x00\x00\x00\x00\x00\x00\x00\x00\x00\x00\x00\x00\x00\x00\x00\x00\x00\x00\x00\x00\x00\x00\x00\x00\x00\x04\x00\x00\x00\x00\x92\x9d\x87\xf2\xc2\x8a\x00\x00s3-eth4\x00\x00\x00\x00\x00\x00\x00\x00\x00\x00\x00\x00\x00\x00\x00\x00\x04\x00\x00\x08@\x00\x00\x00\x00\x00\x00\x00\x00\x00\x00\x00\x00\x00\x98\x96\x80\x00\x00\x00\x00\x00\x00\x00\x06\x00\x00\x00\x00\x12\x9b\xb1o%f\x00\x00s3-eth6\x00\x00\x00\x00\x00\x00\x00\x00\x00\x00\x00\x00\x00\x00\x00\x00\x04\x00\x00\x08@\x00\x00\x00\x00\x00\x00\x00\x00\x00\x00\x00\x00\x00\x98\x96\x80\x00\x00\x00\x00\x00\x00\x00\x01\x00\x00\x00\x00\xda\xc4\xd2N6#\x00\x00s3-eth1\x00\x00\x00\x00\x00\x00\x00\x00\x00\x00\x00\x00\x00\x00\x00\x00\x04\x00\x00\x08@\x00\x00\x00\x00\x00\x00\x00\x00\x00\x00\x00\x00\x00\x98\x96\x80\x00\x00\x00\x00\x00\x00\x00\x05\x00\x00\x00\x00\xce]QH\xd1D\x00\x00s3-eth5\x00\x00\x00\x00\x00\x00\x00\x00\x00\x00\x00\x00\x00\x00\x00\x00\x04\x00\x00\x08@\x00\x00\x00\x00\x00\x00\x00\x00\x00\x00\x00\x00\x00\x98\x96\x80\x00\x00\x00\x00\x00\x00\x00\x02\x00\x00\x00\x00\xeal\x0eO\xa1<\x00\x00s3-eth2\x00\x00\x00\x00\x00\x00\x00\x00\x00\x00\x00\x00\x00\x00\x00\x00\x04\x00\x00\x08@\x00\x00\x00\x00\x00\x00\x00\x00\x00\x00\x00\x00\x00\x98\x96\x80\x00\x00\x00\x00\x00\x00\x00\x03\x00\x00\x00\x00\xd6=N\xac\xfd+\x00\x00s3-eth3\x00\x00\x00\x00\x00\x00\x00\x00\x00\x00\x00\x00\x00\x00\x00\x00\x04\x00\x00\x08@\x00\x00\x00\x00\x00\x00\x00\x00\x00\x00\x00\x00\x00\x98\x96\x80\x00\x00\x00\x00'
2021-05-21 09:57:03,326 | 4874 | api.observer, todict, 38 | DEBUG | UBIntBase
2021-05-21 09:57:03,334 | 4874 | api.observer, todict, 38 | DEBUG | UBIntBase
2021-05-21 09:57:03,334 | 4874 | api.observer, todict, 38 | DEBUG | UBIntBase
2021-05-21 09:57:03,336 | 4874 | api.observer, todict, 38 | DEBUG | UBIntBase
2021-05-21 09:57:03,338 | 4874 | api.observer, todict, 38 | DEBUG | UBIntBase
2021-05-21 09:57:03,339 | 4874 | api.observer, todict, 38 | DEBUG | UBIntBase
2021-05-21 09:57:03,339 | 4874 | api.observer, parse, 22 | ERROR | Failed to unpack data : int() argument must be a string, a bytes-like object or a number, not 'PortConfig'
2021-05-21 09:57:03,340 | 4874 | proxy.observable, notify_observers, 63 | DEBUG | notify data to observer: <proxy.packet.Message object at 0x7fd03db1e550>
2021-05-21 09:57:03,340 | 4874 | api.observer, update, 38 | DEBUG | observed from observable: b"\x04\x13\x02\x10h\xbc\x8d$\x00\r\x00\x00\x00\x00\x00\x00\xff\xff\xff\xfe\x00\x00\x00\x00\xaa\xa6K.\x16G\x00\x00s2\x00\x00\x00\x00\x00\x00\x00\x00\x00\x00\x00\x00\x00\x00\x00\x00\x00\x01\x00\x00\x00\x01\x00\x00\x00\x00\x00\x00\x00\x00\x00\x00\x00\x00\x00\x00\x00\x00\x00\x00\x00\x00\x00\x00\x00\x00\x00\x00\x00\x05\x00\x00\x00\x00^Z\x1faH\x19\x00\x00s2-eth5\x00\x00\x00\x00\x00\x00\x00\x00\x00\x00\x00\x00\x00\x00\x00\x00\x04\x00\x00\x08@\x00\x00\x00\x00\x00\x00\x00\x00\x00\x00\x00\x00\x00\x98\x96\x80\x00\x00\x00\x00\x00\x00\x00\x06\x00\x00\x00\x00\xba5\xa4\xa2\xb9\xb6\x00\x00s2-eth6\x00\x00\x00\x00\x00\x00\x00\x00\x00\x00\x00\x00\x00\x00\x00\x00\x04\x00\x00\x08@\x00\x00\x00\x00\x00\x00\x00\x00\x00\x00\x00\x00\x00\x98\x96\x80\x00\x00\x00\x00\x00\x00\x00\x04\x00\x00\x00\x00Z\xd3\xbb2\xff'\x00\x00s2-eth4\x00\x00\x00\x00\x00\x00\x00\x00\x00\x00\x00\x00\x00\x00\x00\x00\x04\x00\x00\x08@\x00\x00\x00\x00\x00\x00\x00\x00\x00\x00\x00\x00\x00\x98\x96\x80\x00\x00\x00\x00\x00\x00\x00\x07\x00\x00\x00\x00\x12\x82c\xe8\x0b;\x00\x00s2-eth7\x00\x00\x00\x00\x00\x00\x00\x00\x00\x00\x00\x00\x00\x00\x00\x00\x04\x00\x00\x08@\x00\x00\x00\x00\x00\x00\x00\x00\x00\x00\x00\x00\x00\x98\x96\x80\x00\x00\x00\x00\x00\x00\x00\x01\x00\x00\x00\x00f\xe0\x13\xc8\x01\x9d\x00\x00s2-eth1\x00\x00\x00\x00\x00\x00\x00\x00\x00\x00\x00\x00\x00\x00\x00\x00\x04\x00\x00\x08@\x00\x00\x00\x00\x00\x00\x00\x00\x00\x00\x00\x00\x00\x98\x96\x80\x00\x00\x00\x00\x00\x00\x00\x02\x00\x00\x00\x00\x12\xc9\x8ch\xba\x1e\x00\x00s2-eth2\x00\x00\x00\x00\x00\x00\x00\x00\x00\x00\x00\x00\x00\x00\x00\x00\x04\x00\x00\x08@\x00\x00\x00\x00\x00\x00\x00\x00\x00\x00\x00\x00\x00\x98\x96\x80\x00\x00\x00\x00\x00\x00\x00\x03\x00\x00\x00\x00f\xe8h\xcc\xd8\xd0\x00\x00s2-eth3\x00\x00\x00\x00\x00\x00\x00\x00\x00\x00\x00\x00\x00\x00\x00\x00\x04\x00\x00\x08@\x00\x00\x00\x00\x00\x00\x00\x00\x00\x00\x00\x00\x00\x98\x96\x80\x00\x00\x00\x00"
2021-05-21 09:57:03,345 | 4874 | api.observer, todict, 38 | DEBUG | UBIntBase
2021-05-21 09:57:03,352 | 4874 | api.observer, todict, 38 | DEBUG | UBIntBase
2021-05-21 09:57:03,353 | 4874 | api.observer, todict, 38 | DEBUG | UBIntBase
2021-05-21 09:57:03,353 | 4874 | api.observer, todict, 38 | DEBUG | UBIntBase
2021-05-21 09:57:03,354 | 4874 | api.observer, todict, 38 | DEBUG | UBIntBase
2021-05-21 09:57:03,354 | 4874 | api.observer, todict, 38 | DEBUG | UBIntBase
2021-05-21 09:57:03,357 | 4874 | api.observer, parse, 22 | ERROR | Failed to unpack data : int() argument must be a string, a bytes-like object or a number, not 'PortConfig'
2021-05-21 09:57:08,213 | 4874 | proxy.proxy, handle_switch, 255 | DEBUG | read b'\x04\x02\x00\x08\x00\x00\x00\x00'
2021-05-21 09:57:08,214 | 4874 | proxy.proxy, send_to_controller, 396 | DEBUG | sent data to controller: b'\x04\x02\x00\x08\x00\x00\x00\x00'
2021-05-21 09:57:08,215 | 4874 | proxy.proxy, send_to_controller, 74 | DEBUG | set data and sent to controller : b'\x04\x02\x00\x08\x00\x00\x00\x00'
2021-05-21 09:57:08,216 | 4874 | proxy.proxy, handle_switch, 252 | DEBUG | waiting data ......
2021-05-21 09:57:08,216 | 4874 | proxy.observable, notify_observers, 63 | DEBUG | notify data to observer: <proxy.packet.Message object at 0x7fd03db1ef10>
2021-05-21 09:57:08,217 | 4874 | api.observer, update, 38 | DEBUG | observed from observable: b'\x04\x02\x00\x08\x00\x00\x00\x00'
2021-05-21 09:57:08,218 | 4874 | api.observer, todict, 38 | DEBUG | UBIntBase
2021-05-21 09:57:08,219 | 4874 | api.observer, todict, 38 | DEBUG | UBIntBase
2021-05-21 09:57:08,219 | 4874 | api.observer, todict, 38 | DEBUG | UBIntBase
2021-05-21 09:57:08,219 | 4874 | api.observer, parse, 15 | INFO | Parsed msg : {'header': {'version': 4, 'message_type': {}, 'length': 8, 'xid': 0}, 'data': {'enum_ref': None}}
2021-05-21 09:57:08,220 | 4874 | proxy.proxy, handle_controller, 362 | DEBUG | read b'\x04\x03\x00\x08\x00\x00\x00\x00'
2021-05-21 09:57:08,220 | 4874 | proxy.proxy, send_to_switch, 291 | DEBUG | sent data to switch: b'\x04\x03\x00\x08\x00\x00\x00\x00'
2021-05-21 09:57:08,221 | 4874 | proxy.proxy, send_to_switch, 92 | DEBUG | set data and sent to switch : b'\x04\x03\x00\x08\x00\x00\x00\x00'
2021-05-21 09:57:08,221 | 4874 | proxy.proxy, handle_controller, 360 | DEBUG | waiting data ......
2021-05-21 09:57:08,222 | 4874 | proxy.observable, notify_observers, 63 | DEBUG | notify data to observer: <proxy.packet.Message object at 0x7fd03db1ee80>
2021-05-21 09:57:08,222 | 4874 | api.observer, update, 38 | DEBUG | observed from observable: b'\x04\x03\x00\x08\x00\x00\x00\x00'
2021-05-21 09:57:08,223 | 4874 | api.observer, todict, 38 | DEBUG | UBIntBase
2021-05-21 09:57:08,223 | 4874 | api.observer, todict, 38 | DEBUG | UBIntBase
2021-05-21 09:57:08,224 | 4874 | api.observer, todict, 38 | DEBUG | UBIntBase
2021-05-21 09:57:08,224 | 4874 | api.observer, parse, 15 | INFO | Parsed msg : {'header': {'version': 4, 'message_type': {}, 'length': 8, 'xid': 0}, 'data': {'enum_ref': None}}
2021-05-21 09:57:08,270 | 4874 | proxy.proxy, handle_switch, 255 | DEBUG | read b'\x04\x02\x00\x08\x00\x00\x00\x00'
2021-05-21 09:57:08,271 | 4874 | proxy.proxy, send_to_controller, 396 | DEBUG | sent data to controller: b'\x04\x02\x00\x08\x00\x00\x00\x00'
2021-05-21 09:57:08,273 | 4874 | proxy.proxy, send_to_controller, 74 | DEBUG | set data and sent to controller : b'\x04\x02\x00\x08\x00\x00\x00\x00'
2021-05-21 09:57:08,277 | 4874 | proxy.proxy, handle_switch, 252 | DEBUG | waiting data ......
2021-05-21 09:57:08,278 | 4874 | proxy.observable, notify_observers, 63 | DEBUG | notify data to observer: <proxy.packet.Message object at 0x7fd03db1ec70>
2021-05-21 09:57:08,280 | 4874 | api.observer, update, 38 | DEBUG | observed from observable: b'\x04\x02\x00\x08\x00\x00\x00\x00'
2021-05-21 09:57:08,282 | 4874 | api.observer, todict, 38 | DEBUG | UBIntBase
2021-05-21 09:57:08,282 | 4874 | api.observer, todict, 38 | DEBUG | UBIntBase
2021-05-21 09:57:08,283 | 4874 | api.observer, todict, 38 | DEBUG | UBIntBase
2021-05-21 09:57:08,283 | 4874 | api.observer, parse, 15 | INFO | Parsed msg : {'header': {'version': 4, 'message_type': {}, 'length': 8, 'xid': 0}, 'data': {'enum_ref': None}}
2021-05-21 09:57:08,284 | 4874 | proxy.proxy, handle_controller, 362 | DEBUG | read b'\x04\x03\x00\x08\x00\x00\x00\x00'
2021-05-21 09:57:08,285 | 4874 | proxy.proxy, send_to_switch, 291 | DEBUG | sent data to switch: b'\x04\x03\x00\x08\x00\x00\x00\x00'
2021-05-21 09:57:08,286 | 4874 | proxy.proxy, send_to_switch, 92 | DEBUG | set data and sent to switch : b'\x04\x03\x00\x08\x00\x00\x00\x00'
2021-05-21 09:57:08,287 | 4874 | proxy.proxy, handle_controller, 360 | DEBUG | waiting data ......
2021-05-21 09:57:08,288 | 4874 | proxy.proxy, handle_switch, 255 | DEBUG | read b'\x04\x02\x00\x08\x00\x00\x00\x00'
2021-05-21 09:57:08,294 | 4874 | proxy.proxy, send_to_controller, 396 | DEBUG | sent data to controller: b'\x04\x02\x00\x08\x00\x00\x00\x00'
2021-05-21 09:57:08,295 | 4874 | proxy.proxy, send_to_controller, 74 | DEBUG | set data and sent to controller : b'\x04\x02\x00\x08\x00\x00\x00\x00'
2021-05-21 09:57:08,295 | 4874 | proxy.proxy, handle_switch, 252 | DEBUG | waiting data ......
2021-05-21 09:57:08,296 | 4874 | proxy.observable, notify_observers, 63 | DEBUG | notify data to observer: <proxy.packet.Message object at 0x7fd03db1e2b0>
2021-05-21 09:57:08,296 | 4874 | api.observer, update, 38 | DEBUG | observed from observable: b'\x04\x03\x00\x08\x00\x00\x00\x00'
2021-05-21 09:57:08,297 | 4874 | api.observer, todict, 38 | DEBUG | UBIntBase
2021-05-21 09:57:08,297 | 4874 | api.observer, todict, 38 | DEBUG | UBIntBase
2021-05-21 09:57:08,297 | 4874 | api.observer, todict, 38 | DEBUG | UBIntBase
2021-05-21 09:57:08,298 | 4874 | api.observer, parse, 15 | INFO | Parsed msg : {'header': {'version': 4, 'message_type': {}, 'length': 8, 'xid': 0}, 'data': {'enum_ref': None}}
2021-05-21 09:57:08,301 | 4874 | proxy.observable, notify_observers, 63 | DEBUG | notify data to observer: <proxy.packet.Message object at 0x7fd03db1ef10>
2021-05-21 09:57:08,302 | 4874 | api.observer, update, 38 | DEBUG | observed from observable: b'\x04\x02\x00\x08\x00\x00\x00\x00'
2021-05-21 09:57:08,310 | 4874 | api.observer, todict, 38 | DEBUG | UBIntBase
2021-05-21 09:57:08,311 | 4874 | api.observer, todict, 38 | DEBUG | UBIntBase
2021-05-21 09:57:08,314 | 4874 | api.observer, todict, 38 | DEBUG | UBIntBase
2021-05-21 09:57:08,315 | 4874 | api.observer, parse, 15 | INFO | Parsed msg : {'header': {'version': 4, 'message_type': {}, 'length': 8, 'xid': 0}, 'data': {'enum_ref': None}}
2021-05-21 09:57:08,316 | 4874 | proxy.proxy, handle_controller, 362 | DEBUG | read b'\x04\x03\x00\x08\x00\x00\x00\x00'
2021-05-21 09:57:08,317 | 4874 | proxy.proxy, send_to_switch, 291 | DEBUG | sent data to switch: b'\x04\x03\x00\x08\x00\x00\x00\x00'
2021-05-21 09:57:08,318 | 4874 | proxy.proxy, send_to_switch, 92 | DEBUG | set data and sent to switch : b'\x04\x03\x00\x08\x00\x00\x00\x00'
2021-05-21 09:57:08,318 | 4874 | proxy.proxy, handle_controller, 360 | DEBUG | waiting data ......
2021-05-21 09:57:08,318 | 4874 | proxy.observable, notify_observers, 63 | DEBUG | notify data to observer: <proxy.packet.Message object at 0x7fd03db1ee80>
2021-05-21 09:57:08,319 | 4874 | api.observer, update, 38 | DEBUG | observed from observable: b'\x04\x03\x00\x08\x00\x00\x00\x00'
2021-05-21 09:57:08,320 | 4874 | api.observer, todict, 38 | DEBUG | UBIntBase
2021-05-21 09:57:08,321 | 4874 | api.observer, todict, 38 | DEBUG | UBIntBase
2021-05-21 09:57:08,321 | 4874 | api.observer, todict, 38 | DEBUG | UBIntBase
2021-05-21 09:57:08,322 | 4874 | api.observer, parse, 15 | INFO | Parsed msg : {'header': {'version': 4, 'message_type': {}, 'length': 8, 'xid': 0}, 'data': {'enum_ref': None}}
2021-05-21 09:57:09,600 | 4874 | root, <module>, 55 | INFO | keyboardInterrupt : 
