2021-05-05 16:30:13,452 | 3428 | asyncio, default_exception_handler, 1707 | ERROR | Task exception was never retrieved
future: <Task finished name='Task-8' coro=<SwitchHandler.handle_switch() done, defined at /home/shu/Network/ofcapture/proxy/proxy.py:205> exception=KeyboardInterrupt()>
Traceback (most recent call last):
  File "ofcapture.py", line 49, in <module>
    main()
  File "ofcapture.py", line 43, in main
    loop.run_until_complete(asyncio.wait([
  File "/usr/lib/python3.8/asyncio/base_events.py", line 603, in run_until_complete
    self.run_forever()
  File "/usr/lib/python3.8/asyncio/base_events.py", line 570, in run_forever
    self._run_once()
  File "/usr/lib/python3.8/asyncio/base_events.py", line 1859, in _run_once
    handle._run()
  File "/usr/lib/python3.8/asyncio/events.py", line 81, in _run
    self._context.run(self._callback, *self._args)
  File "/home/shu/Network/ofcapture/proxy/proxy.py", line 227, in handle_switch
    self.logger.debug("waiting data ......")
  File "/usr/lib/python3.8/logging/__init__.py", line 1422, in debug
    self._log(DEBUG, msg, args, **kwargs)
  File "/usr/lib/python3.8/logging/__init__.py", line 1577, in _log
    self.handle(record)
  File "/usr/lib/python3.8/logging/__init__.py", line 1587, in handle
    self.callHandlers(record)
  File "/usr/lib/python3.8/logging/__init__.py", line 1649, in callHandlers
    hdlr.handle(record)
  File "/usr/lib/python3.8/logging/__init__.py", line 946, in handle
    rv = self.filter(record)
  File "/usr/lib/python3.8/logging/__init__.py", line 805, in filter
    for f in self.filters:
KeyboardInterrupt
2021-05-05 16:30:13,528 | 3428 | proxy.proxy, handle_controller, 349 | INFO | Close the connection and do exit processing
2021-05-05 16:30:13,534 | 3428 | asyncio, default_exception_handler, 1707 | ERROR | Task was destroyed but it is pending!
task: <Task pending name='Task-11' coro=<ControllerHandler.handle_controller() done, defined at /home/shu/Network/ofcapture/proxy/proxy.py:317> wait_for=<Future pending cb=[<TaskWakeupMethWrapper object at 0x7fb29a78ed90>()]>>
