2021-05-21 10:19:59,558 | 5523 | proxy.proxy, start_server, 224 | INFO | Server on ('127.0.0.1', 63333)
2021-05-21 10:19:59,559 | 5523 | proxy.proxy, start_server, 227 | INFO | Server serve forever ('127.0.0.1', 63333)
2021-05-21 10:20:05,486 | 5523 | proxy.proxy, handle_switch, 241 | INFO | Client ('127.0.0.1', 55426) is connected
2021-05-21 10:20:05,491 | 5523 | proxy.proxy, handle_switch, 241 | INFO | Client ('127.0.0.1', 55428) is connected
2021-05-21 10:20:05,494 | 5523 | proxy.proxy, handle_switch, 241 | INFO | Client ('127.0.0.1', 55430) is connected
2021-05-21 10:20:05,496 | 5523 | proxy.proxy, handle_switch, 252 | DEBUG | waiting data ......
2021-05-21 10:20:05,497 | 5523 | proxy.proxy, handle_switch, 255 | DEBUG | read b'\x04\x00\x00\x10\x00\x00\x00.\x00\x01\x00\x08\x00\x00\x00\x10'
2021-05-21 10:20:05,505 | 5523 | proxy.proxy, send_to_controller, 396 | DEBUG | sent data to controller: b'\x04\x00\x00\x10\x00\x00\x00.\x00\x01\x00\x08\x00\x00\x00\x10'
2021-05-21 10:20:05,511 | 5523 | proxy.proxy, send_to_controller, 74 | DEBUG | set data and sent to controller : b'\x04\x00\x00\x10\x00\x00\x00.\x00\x01\x00\x08\x00\x00\x00\x10'
2021-05-21 10:20:05,511 | 5523 | proxy.proxy, handle_switch, 252 | DEBUG | waiting data ......
2021-05-21 10:20:05,512 | 5523 | proxy.proxy, handle_controller, 355 | INFO | connected Controller ('127.0.0.1', 6633)
2021-05-21 10:20:05,513 | 5523 | proxy.proxy, handle_controller, 360 | DEBUG | waiting data ......
2021-05-21 10:20:05,514 | 5523 | proxy.proxy, handle_controller, 362 | DEBUG | read b'\x04\x00\x00\x08\xad\xc3\x97\x85\x04\x05\x00\x08\xad\xc3\x97\x86'
2021-05-21 10:20:05,515 | 5523 | proxy.proxy, send_to_switch, 291 | DEBUG | sent data to switch: b'\x04\x00\x00\x08\xad\xc3\x97\x85\x04\x05\x00\x08\xad\xc3\x97\x86'
2021-05-21 10:20:05,515 | 5523 | proxy.proxy, send_to_switch, 92 | DEBUG | set data and sent to switch : b'\x04\x00\x00\x08\xad\xc3\x97\x85\x04\x05\x00\x08\xad\xc3\x97\x86'
2021-05-21 10:20:05,516 | 5523 | proxy.proxy, handle_controller, 360 | DEBUG | waiting data ......
2021-05-21 10:20:05,527 | 5523 | proxy.observable, notify_observers, 63 | DEBUG | notify data to observer: <proxy.packet.Message object at 0x7f52edb07160>
2021-05-21 10:20:05,527 | 5523 | api.observer, update, 38 | DEBUG | observed from observable: b'\x04\x00\x00\x10\x00\x00\x00.\x00\x01\x00\x08\x00\x00\x00\x10'
2021-05-21 10:20:05,528 | 5523 | api.observer, todict, 44 | DEBUG | UBIntBase, key : {'_value': 4, 'enum_ref': None}
2021-05-21 10:20:05,529 | 5523 | api.observer, todict, 44 | DEBUG | UBIntBase, key : {'_value': 16, 'enum_ref': None}
2021-05-21 10:20:05,529 | 5523 | api.observer, todict, 44 | DEBUG | UBIntBase, key : {'_value': 46, 'enum_ref': None}
2021-05-21 10:20:05,530 | 5523 | api.observer, todict, 44 | DEBUG | UBIntBase, key : {'_value': 1, 'enum_ref': None}
2021-05-21 10:20:05,530 | 5523 | api.observer, todict, 44 | DEBUG | UBIntBase, key : {'_value': 8, 'enum_ref': None}
2021-05-21 10:20:05,530 | 5523 | api.observer, parse, 21 | INFO | Parsed msg : {'header': {'version': 4, 'message_type': 0, 'length': 16, 'xid': 46}, 'elements': [{'element_type': 1, 'length': 8, 'content': {'enum_ref': None}}]}
2021-05-21 10:20:05,531 | 5523 | proxy.observable, notify_observers, 63 | DEBUG | notify data to observer: <proxy.packet.Message object at 0x7f52edb074f0>
2021-05-21 10:20:05,531 | 5523 | api.observer, update, 38 | DEBUG | observed from observable: b'\x04\x00\x00\x08\xad\xc3\x97\x85\x04\x05\x00\x08\xad\xc3\x97\x86'
2021-05-21 10:20:05,532 | 5523 | api.observer, todict, 44 | DEBUG | UBIntBase, key : {'_value': 4, 'enum_ref': None}
2021-05-21 10:20:05,532 | 5523 | api.observer, todict, 44 | DEBUG | UBIntBase, key : {'_value': 8, 'enum_ref': None}
2021-05-21 10:20:05,534 | 5523 | api.observer, todict, 44 | DEBUG | UBIntBase, key : {'_value': 2915276677, 'enum_ref': None}
2021-05-21 10:20:05,535 | 5523 | api.observer, todict, 44 | DEBUG | UBIntBase, key : {'_value': 1029, 'enum_ref': None}
2021-05-21 10:20:05,540 | 5523 | api.observer, todict, 44 | DEBUG | UBIntBase, key : {'_value': 8, 'enum_ref': None}
2021-05-21 10:20:05,541 | 5523 | api.observer, parse, 21 | INFO | Parsed msg : {'header': {'version': 4, 'message_type': 0, 'length': 8, 'xid': 2915276677}, 'elements': [{'element_type': 1029, 'length': 8, 'content': {'enum_ref': None}}]}
2021-05-21 10:20:05,541 | 5523 | proxy.proxy, handle_switch, 252 | DEBUG | waiting data ......
2021-05-21 10:20:05,542 | 5523 | proxy.proxy, handle_switch, 255 | DEBUG | read b'\x04\x00\x00\x10\x00\x00\x00/\x00\x01\x00\x08\x00\x00\x00\x10'
2021-05-21 10:20:05,546 | 5523 | proxy.proxy, send_to_controller, 396 | DEBUG | sent data to controller: b'\x04\x00\x00\x10\x00\x00\x00/\x00\x01\x00\x08\x00\x00\x00\x10'
2021-05-21 10:20:05,547 | 5523 | proxy.proxy, send_to_controller, 74 | DEBUG | set data and sent to controller : b'\x04\x00\x00\x10\x00\x00\x00/\x00\x01\x00\x08\x00\x00\x00\x10'
2021-05-21 10:20:05,548 | 5523 | proxy.proxy, handle_switch, 252 | DEBUG | waiting data ......
2021-05-21 10:20:05,548 | 5523 | proxy.proxy, handle_switch, 252 | DEBUG | waiting data ......
2021-05-21 10:20:05,551 | 5523 | proxy.proxy, handle_switch, 255 | DEBUG | read b'\x04\x00\x00\x10\x00\x00\x000\x00\x01\x00\x08\x00\x00\x00\x10'
2021-05-21 10:20:05,558 | 5523 | proxy.proxy, send_to_controller, 396 | DEBUG | sent data to controller: b'\x04\x00\x00\x10\x00\x00\x000\x00\x01\x00\x08\x00\x00\x00\x10'
2021-05-21 10:20:05,559 | 5523 | proxy.proxy, send_to_controller, 74 | DEBUG | set data and sent to controller : b'\x04\x00\x00\x10\x00\x00\x000\x00\x01\x00\x08\x00\x00\x00\x10'
2021-05-21 10:20:05,559 | 5523 | proxy.proxy, handle_switch, 252 | DEBUG | waiting data ......
2021-05-21 10:20:05,559 | 5523 | proxy.proxy, handle_controller, 355 | INFO | connected Controller ('127.0.0.1', 6633)
2021-05-21 10:20:05,560 | 5523 | proxy.proxy, handle_controller, 360 | DEBUG | waiting data ......
2021-05-21 10:20:05,560 | 5523 | proxy.proxy, handle_controller, 362 | DEBUG | read b'\x04\x00\x00\x08N\xc8J[\x04\x05\x00\x08N\xc8J\\'
2021-05-21 10:20:05,561 | 5523 | proxy.proxy, send_to_switch, 291 | DEBUG | sent data to switch: b'\x04\x00\x00\x08N\xc8J[\x04\x05\x00\x08N\xc8J\\'
2021-05-21 10:20:05,561 | 5523 | proxy.proxy, send_to_switch, 92 | DEBUG | set data and sent to switch : b'\x04\x00\x00\x08N\xc8J[\x04\x05\x00\x08N\xc8J\\'
2021-05-21 10:20:05,561 | 5523 | proxy.proxy, handle_controller, 360 | DEBUG | waiting data ......
2021-05-21 10:20:05,562 | 5523 | proxy.observable, notify_observers, 63 | DEBUG | notify data to observer: <proxy.packet.Message object at 0x7f52edb075e0>
2021-05-21 10:20:05,566 | 5523 | api.observer, update, 38 | DEBUG | observed from observable: b'\x04\x00\x00\x10\x00\x00\x00/\x00\x01\x00\x08\x00\x00\x00\x10'
2021-05-21 10:20:05,567 | 5523 | api.observer, todict, 44 | DEBUG | UBIntBase, key : {'_value': 4, 'enum_ref': None}
2021-05-21 10:20:05,567 | 5523 | api.observer, todict, 44 | DEBUG | UBIntBase, key : {'_value': 16, 'enum_ref': None}
2021-05-21 10:20:05,567 | 5523 | api.observer, todict, 44 | DEBUG | UBIntBase, key : {'_value': 47, 'enum_ref': None}
2021-05-21 10:20:05,568 | 5523 | api.observer, todict, 44 | DEBUG | UBIntBase, key : {'_value': 1, 'enum_ref': None}
2021-05-21 10:20:05,568 | 5523 | api.observer, todict, 44 | DEBUG | UBIntBase, key : {'_value': 8, 'enum_ref': None}
2021-05-21 10:20:05,569 | 5523 | api.observer, parse, 21 | INFO | Parsed msg : {'header': {'version': 4, 'message_type': 0, 'length': 16, 'xid': 47}, 'elements': [{'element_type': 1, 'length': 8, 'content': {'enum_ref': None}}]}
2021-05-21 10:20:05,571 | 5523 | proxy.observable, notify_observers, 63 | DEBUG | notify data to observer: <proxy.packet.Message object at 0x7f52edb07790>
2021-05-21 10:20:05,572 | 5523 | api.observer, update, 38 | DEBUG | observed from observable: b'\x04\x00\x00\x10\x00\x00\x000\x00\x01\x00\x08\x00\x00\x00\x10'
2021-05-21 10:20:05,573 | 5523 | api.observer, todict, 44 | DEBUG | UBIntBase, key : {'_value': 4, 'enum_ref': None}
2021-05-21 10:20:05,574 | 5523 | api.observer, todict, 44 | DEBUG | UBIntBase, key : {'_value': 16, 'enum_ref': None}
2021-05-21 10:20:05,574 | 5523 | api.observer, todict, 44 | DEBUG | UBIntBase, key : {'_value': 48, 'enum_ref': None}
2021-05-21 10:20:05,575 | 5523 | api.observer, todict, 44 | DEBUG | UBIntBase, key : {'_value': 1, 'enum_ref': None}
2021-05-21 10:20:05,576 | 5523 | api.observer, todict, 44 | DEBUG | UBIntBase, key : {'_value': 8, 'enum_ref': None}
2021-05-21 10:20:05,576 | 5523 | api.observer, parse, 21 | INFO | Parsed msg : {'header': {'version': 4, 'message_type': 0, 'length': 16, 'xid': 48}, 'elements': [{'element_type': 1, 'length': 8, 'content': {'enum_ref': None}}]}
2021-05-21 10:20:05,578 | 5523 | proxy.observable, notify_observers, 63 | DEBUG | notify data to observer: <proxy.packet.Message object at 0x7f52edb07280>
2021-05-21 10:20:05,579 | 5523 | api.observer, update, 38 | DEBUG | observed from observable: b'\x04\x00\x00\x08N\xc8J[\x04\x05\x00\x08N\xc8J\\'
2021-05-21 10:20:05,579 | 5523 | api.observer, todict, 44 | DEBUG | UBIntBase, key : {'_value': 4, 'enum_ref': None}
2021-05-21 10:20:05,580 | 5523 | api.observer, todict, 44 | DEBUG | UBIntBase, key : {'_value': 8, 'enum_ref': None}
2021-05-21 10:20:05,580 | 5523 | api.observer, todict, 44 | DEBUG | UBIntBase, key : {'_value': 1321749083, 'enum_ref': None}
2021-05-21 10:20:05,581 | 5523 | api.observer, todict, 44 | DEBUG | UBIntBase, key : {'_value': 1029, 'enum_ref': None}
2021-05-21 10:20:05,581 | 5523 | api.observer, todict, 44 | DEBUG | UBIntBase, key : {'_value': 8, 'enum_ref': None}
2021-05-21 10:20:05,581 | 5523 | api.observer, parse, 21 | INFO | Parsed msg : {'header': {'version': 4, 'message_type': 0, 'length': 8, 'xid': 1321749083}, 'elements': [{'element_type': 1029, 'length': 8, 'content': {'enum_ref': None}}]}
2021-05-21 10:20:05,582 | 5523 | proxy.proxy, handle_controller, 355 | INFO | connected Controller ('127.0.0.1', 6633)
2021-05-21 10:20:05,582 | 5523 | proxy.proxy, handle_controller, 360 | DEBUG | waiting data ......
2021-05-21 10:20:05,583 | 5523 | proxy.proxy, handle_controller, 362 | DEBUG | read b'\x04\x00\x00\x08\xd6\xee`\xcc\x04\x05\x00\x08\xd6\xee`\xcd'
2021-05-21 10:20:05,583 | 5523 | proxy.proxy, send_to_switch, 291 | DEBUG | sent data to switch: b'\x04\x00\x00\x08\xd6\xee`\xcc\x04\x05\x00\x08\xd6\xee`\xcd'
2021-05-21 10:20:05,588 | 5523 | proxy.proxy, send_to_switch, 92 | DEBUG | set data and sent to switch : b'\x04\x00\x00\x08\xd6\xee`\xcc\x04\x05\x00\x08\xd6\xee`\xcd'
2021-05-21 10:20:05,590 | 5523 | proxy.proxy, handle_controller, 360 | DEBUG | waiting data ......
2021-05-21 10:20:05,590 | 5523 | proxy.observable, notify_observers, 63 | DEBUG | notify data to observer: <proxy.packet.Message object at 0x7f52edb07ac0>
2021-05-21 10:20:05,591 | 5523 | api.observer, update, 38 | DEBUG | observed from observable: b'\x04\x00\x00\x08\xd6\xee`\xcc\x04\x05\x00\x08\xd6\xee`\xcd'
2021-05-21 10:20:05,592 | 5523 | api.observer, todict, 44 | DEBUG | UBIntBase, key : {'_value': 4, 'enum_ref': None}
2021-05-21 10:20:05,598 | 5523 | api.observer, todict, 44 | DEBUG | UBIntBase, key : {'_value': 8, 'enum_ref': None}
2021-05-21 10:20:05,599 | 5523 | api.observer, todict, 44 | DEBUG | UBIntBase, key : {'_value': 3605946572, 'enum_ref': None}
2021-05-21 10:20:05,600 | 5523 | api.observer, todict, 44 | DEBUG | UBIntBase, key : {'_value': 1029, 'enum_ref': None}
2021-05-21 10:20:05,600 | 5523 | api.observer, todict, 44 | DEBUG | UBIntBase, key : {'_value': 8, 'enum_ref': None}
2021-05-21 10:20:05,603 | 5523 | api.observer, parse, 21 | INFO | Parsed msg : {'header': {'version': 4, 'message_type': 0, 'length': 8, 'xid': 3605946572}, 'elements': [{'element_type': 1029, 'length': 8, 'content': {'enum_ref': None}}]}
2021-05-21 10:20:05,987 | 5523 | proxy.proxy, handle_switch, 255 | DEBUG | read b'\x04\x06\x00 \xad\xc3\x97\x86\x00\x00\x00\x00\x00\x00\x00\x01\x00\x00\x00\x00\xfe\x00\x00\x00\x00\x00\x00O\x00\x00\x00\x00'
2021-05-21 10:20:05,988 | 5523 | proxy.proxy, send_to_controller, 396 | DEBUG | sent data to controller: b'\x04\x06\x00 \xad\xc3\x97\x86\x00\x00\x00\x00\x00\x00\x00\x01\x00\x00\x00\x00\xfe\x00\x00\x00\x00\x00\x00O\x00\x00\x00\x00'
2021-05-21 10:20:05,991 | 5523 | proxy.proxy, send_to_controller, 74 | DEBUG | set data and sent to controller : b'\x04\x06\x00 \xad\xc3\x97\x86\x00\x00\x00\x00\x00\x00\x00\x01\x00\x00\x00\x00\xfe\x00\x00\x00\x00\x00\x00O\x00\x00\x00\x00'
2021-05-21 10:20:05,992 | 5523 | proxy.proxy, handle_switch, 252 | DEBUG | waiting data ......
2021-05-21 10:20:05,993 | 5523 | proxy.proxy, handle_switch, 255 | DEBUG | read b'\x04\x06\x00 N\xc8J\\\x00\x00\x00\x00\x00\x00\x00\x03\x00\x00\x00\x00\xfe\x00\x00\x00\x00\x00\x00O\x00\x00\x00\x00'
2021-05-21 10:20:05,993 | 5523 | proxy.proxy, send_to_controller, 396 | DEBUG | sent data to controller: b'\x04\x06\x00 N\xc8J\\\x00\x00\x00\x00\x00\x00\x00\x03\x00\x00\x00\x00\xfe\x00\x00\x00\x00\x00\x00O\x00\x00\x00\x00'
2021-05-21 10:20:05,997 | 5523 | proxy.proxy, send_to_controller, 74 | DEBUG | set data and sent to controller : b'\x04\x06\x00 N\xc8J\\\x00\x00\x00\x00\x00\x00\x00\x03\x00\x00\x00\x00\xfe\x00\x00\x00\x00\x00\x00O\x00\x00\x00\x00'
2021-05-21 10:20:05,997 | 5523 | proxy.proxy, handle_switch, 252 | DEBUG | waiting data ......
2021-05-21 10:20:05,998 | 5523 | proxy.proxy, handle_switch, 255 | DEBUG | read b'\x04\x06\x00 \xd6\xee`\xcd\x00\x00\x00\x00\x00\x00\x00\x02\x00\x00\x00\x00\xfe\x00\x00\x00\x00\x00\x00O\x00\x00\x00\x00'
2021-05-21 10:20:06,000 | 5523 | proxy.proxy, send_to_controller, 396 | DEBUG | sent data to controller: b'\x04\x06\x00 \xd6\xee`\xcd\x00\x00\x00\x00\x00\x00\x00\x02\x00\x00\x00\x00\xfe\x00\x00\x00\x00\x00\x00O\x00\x00\x00\x00'
2021-05-21 10:20:06,005 | 5523 | proxy.proxy, send_to_controller, 74 | DEBUG | set data and sent to controller : b'\x04\x06\x00 \xd6\xee`\xcd\x00\x00\x00\x00\x00\x00\x00\x02\x00\x00\x00\x00\xfe\x00\x00\x00\x00\x00\x00O\x00\x00\x00\x00'
2021-05-21 10:20:06,005 | 5523 | proxy.proxy, handle_switch, 252 | DEBUG | waiting data ......
2021-05-21 10:20:06,006 | 5523 | proxy.observable, notify_observers, 63 | DEBUG | notify data to observer: <proxy.packet.Message object at 0x7f52edb07af0>
2021-05-21 10:20:06,010 | 5523 | api.observer, update, 38 | DEBUG | observed from observable: b'\x04\x06\x00 \xad\xc3\x97\x86\x00\x00\x00\x00\x00\x00\x00\x01\x00\x00\x00\x00\xfe\x00\x00\x00\x00\x00\x00O\x00\x00\x00\x00'
2021-05-21 10:20:06,011 | 5523 | api.observer, todict, 44 | DEBUG | UBIntBase, key : {'_value': 4, 'enum_ref': None}
2021-05-21 10:20:06,011 | 5523 | api.observer, todict, 44 | DEBUG | UBIntBase, key : {'_value': 32, 'enum_ref': None}
2021-05-21 10:20:06,011 | 5523 | api.observer, todict, 44 | DEBUG | UBIntBase, key : {'_value': 2915276678, 'enum_ref': None}
2021-05-21 10:20:06,012 | 5523 | api.observer, todict, 44 | DEBUG | UBIntBase, key : {'_value': 0, 'enum_ref': None}
2021-05-21 10:20:06,012 | 5523 | api.observer, todict, 44 | DEBUG | UBIntBase, key : {'_value': 254, 'enum_ref': None}
2021-05-21 10:20:06,013 | 5523 | api.observer, todict, 44 | DEBUG | UBIntBase, key : {'_value': 0, 'enum_ref': None}
2021-05-21 10:20:06,013 | 5523 | api.observer, todict, 44 | DEBUG | UBIntBase, key : {'_value': Capabilities(79), 'enum_ref': <class 'pyof.v0x04.controller2switch.features_reply.Capabilities'>}
2021-05-21 10:20:06,014 | 5523 | api.observer, todict, 44 | DEBUG | UBIntBase, key : {'_value': 0, 'enum_ref': None}
2021-05-21 10:20:06,015 | 5523 | api.observer, parse, 21 | INFO | Parsed msg : {'header': {'version': 4, 'message_type': 6, 'length': 32, 'xid': 2915276678}, 'datapath_id': {'enum_ref': None}, 'n_buffers': 0, 'n_tables': 254, 'auxiliary_id': 0, 'pad': {'enum_ref': None}, 'capabilities': '79', 'reserved': 0}
2021-05-21 10:20:06,015 | 5523 | proxy.observable, notify_observers, 63 | DEBUG | notify data to observer: <proxy.packet.Message object at 0x7f52edb07dc0>
2021-05-21 10:20:06,015 | 5523 | api.observer, update, 38 | DEBUG | observed from observable: b'\x04\x06\x00 N\xc8J\\\x00\x00\x00\x00\x00\x00\x00\x03\x00\x00\x00\x00\xfe\x00\x00\x00\x00\x00\x00O\x00\x00\x00\x00'
2021-05-21 10:20:06,016 | 5523 | api.observer, todict, 44 | DEBUG | UBIntBase, key : {'_value': 4, 'enum_ref': None}
2021-05-21 10:20:06,016 | 5523 | api.observer, todict, 44 | DEBUG | UBIntBase, key : {'_value': 32, 'enum_ref': None}
2021-05-21 10:20:06,017 | 5523 | api.observer, todict, 44 | DEBUG | UBIntBase, key : {'_value': 1321749084, 'enum_ref': None}
2021-05-21 10:20:06,017 | 5523 | api.observer, todict, 44 | DEBUG | UBIntBase, key : {'_value': 0, 'enum_ref': None}
2021-05-21 10:20:06,019 | 5523 | api.observer, todict, 44 | DEBUG | UBIntBase, key : {'_value': 254, 'enum_ref': None}
2021-05-21 10:20:06,020 | 5523 | api.observer, todict, 44 | DEBUG | UBIntBase, key : {'_value': 0, 'enum_ref': None}
2021-05-21 10:20:06,021 | 5523 | api.observer, todict, 44 | DEBUG | UBIntBase, key : {'_value': Capabilities(79), 'enum_ref': <class 'pyof.v0x04.controller2switch.features_reply.Capabilities'>}
2021-05-21 10:20:06,022 | 5523 | api.observer, todict, 44 | DEBUG | UBIntBase, key : {'_value': 0, 'enum_ref': None}
2021-05-21 10:20:06,028 | 5523 | api.observer, parse, 21 | INFO | Parsed msg : {'header': {'version': 4, 'message_type': 6, 'length': 32, 'xid': 1321749084}, 'datapath_id': {'enum_ref': None}, 'n_buffers': 0, 'n_tables': 254, 'auxiliary_id': 0, 'pad': {'enum_ref': None}, 'capabilities': '79', 'reserved': 0}
2021-05-21 10:20:06,029 | 5523 | proxy.observable, notify_observers, 63 | DEBUG | notify data to observer: <proxy.packet.Message object at 0x7f52edb07f10>
2021-05-21 10:20:06,030 | 5523 | api.observer, update, 38 | DEBUG | observed from observable: b'\x04\x06\x00 \xd6\xee`\xcd\x00\x00\x00\x00\x00\x00\x00\x02\x00\x00\x00\x00\xfe\x00\x00\x00\x00\x00\x00O\x00\x00\x00\x00'
2021-05-21 10:20:06,031 | 5523 | api.observer, todict, 44 | DEBUG | UBIntBase, key : {'_value': 4, 'enum_ref': None}
2021-05-21 10:20:06,032 | 5523 | api.observer, todict, 44 | DEBUG | UBIntBase, key : {'_value': 32, 'enum_ref': None}
2021-05-21 10:20:06,032 | 5523 | api.observer, todict, 44 | DEBUG | UBIntBase, key : {'_value': 3605946573, 'enum_ref': None}
2021-05-21 10:20:06,033 | 5523 | api.observer, todict, 44 | DEBUG | UBIntBase, key : {'_value': 0, 'enum_ref': None}
2021-05-21 10:20:06,033 | 5523 | api.observer, todict, 44 | DEBUG | UBIntBase, key : {'_value': 254, 'enum_ref': None}
2021-05-21 10:20:06,042 | 5523 | api.observer, todict, 44 | DEBUG | UBIntBase, key : {'_value': 0, 'enum_ref': None}
2021-05-21 10:20:06,042 | 5523 | api.observer, todict, 44 | DEBUG | UBIntBase, key : {'_value': Capabilities(79), 'enum_ref': <class 'pyof.v0x04.controller2switch.features_reply.Capabilities'>}
2021-05-21 10:20:06,043 | 5523 | api.observer, todict, 44 | DEBUG | UBIntBase, key : {'_value': 0, 'enum_ref': None}
2021-05-21 10:20:06,043 | 5523 | api.observer, parse, 21 | INFO | Parsed msg : {'header': {'version': 4, 'message_type': 6, 'length': 32, 'xid': 3605946573}, 'datapath_id': {'enum_ref': None}, 'n_buffers': 0, 'n_tables': 254, 'auxiliary_id': 0, 'pad': {'enum_ref': None}, 'capabilities': '79', 'reserved': 0}
2021-05-21 10:20:06,044 | 5523 | proxy.proxy, handle_controller, 362 | DEBUG | read b'\x04\x12\x00\x10\xad\xc3\x97\x87\x00\r\x00\x00\x00\x00\x00\x00\x04\x0e\x00P\xad\xc3\x97\x88\x00\x00\x00\x00\x00\x00\x00\x00\x00\x00\x00\x00\x00\x00\x00\x00\x00\x00\x00\x00\x00\x00\x00\x00\xff\xff\xff\xff\x00\x00\x00\x00\x00\x00\x00\x00\x00\x00\x00\x00\x00\x01\x00\x04\x00\x00\x00\x00\x00\x04\x00\x18\x00\x00\x00\x00\x00\x00\x00\x10\xff\xff\xff\xfd\xff\xff\x00\x00\x00\x00\x00\x00'
2021-05-21 10:20:06,046 | 5523 | proxy.proxy, send_to_switch, 291 | DEBUG | sent data to switch: b'\x04\x12\x00\x10\xad\xc3\x97\x87\x00\r\x00\x00\x00\x00\x00\x00\x04\x0e\x00P\xad\xc3\x97\x88\x00\x00\x00\x00\x00\x00\x00\x00\x00\x00\x00\x00\x00\x00\x00\x00\x00\x00\x00\x00\x00\x00\x00\x00\xff\xff\xff\xff\x00\x00\x00\x00\x00\x00\x00\x00\x00\x00\x00\x00\x00\x01\x00\x04\x00\x00\x00\x00\x00\x04\x00\x18\x00\x00\x00\x00\x00\x00\x00\x10\xff\xff\xff\xfd\xff\xff\x00\x00\x00\x00\x00\x00'
2021-05-21 10:20:06,046 | 5523 | proxy.proxy, send_to_switch, 92 | DEBUG | set data and sent to switch : b'\x04\x12\x00\x10\xad\xc3\x97\x87\x00\r\x00\x00\x00\x00\x00\x00\x04\x0e\x00P\xad\xc3\x97\x88\x00\x00\x00\x00\x00\x00\x00\x00\x00\x00\x00\x00\x00\x00\x00\x00\x00\x00\x00\x00\x00\x00\x00\x00\xff\xff\xff\xff\x00\x00\x00\x00\x00\x00\x00\x00\x00\x00\x00\x00\x00\x01\x00\x04\x00\x00\x00\x00\x00\x04\x00\x18\x00\x00\x00\x00\x00\x00\x00\x10\xff\xff\xff\xfd\xff\xff\x00\x00\x00\x00\x00\x00'
2021-05-21 10:20:06,047 | 5523 | proxy.proxy, handle_controller, 360 | DEBUG | waiting data ......
2021-05-21 10:20:06,047 | 5523 | proxy.proxy, handle_controller, 362 | DEBUG | read b'\x04\x12\x00\x10N\xc8J]\x00\r\x00\x00\x00\x00\x00\x00\x04\x0e\x00PN\xc8J^\x00\x00\x00\x00\x00\x00\x00\x00\x00\x00\x00\x00\x00\x00\x00\x00\x00\x00\x00\x00\x00\x00\x00\x00\xff\xff\xff\xff\x00\x00\x00\x00\x00\x00\x00\x00\x00\x00\x00\x00\x00\x01\x00\x04\x00\x00\x00\x00\x00\x04\x00\x18\x00\x00\x00\x00\x00\x00\x00\x10\xff\xff\xff\xfd\xff\xff\x00\x00\x00\x00\x00\x00'
2021-05-21 10:20:06,048 | 5523 | proxy.proxy, send_to_switch, 291 | DEBUG | sent data to switch: b'\x04\x12\x00\x10N\xc8J]\x00\r\x00\x00\x00\x00\x00\x00\x04\x0e\x00PN\xc8J^\x00\x00\x00\x00\x00\x00\x00\x00\x00\x00\x00\x00\x00\x00\x00\x00\x00\x00\x00\x00\x00\x00\x00\x00\xff\xff\xff\xff\x00\x00\x00\x00\x00\x00\x00\x00\x00\x00\x00\x00\x00\x01\x00\x04\x00\x00\x00\x00\x00\x04\x00\x18\x00\x00\x00\x00\x00\x00\x00\x10\xff\xff\xff\xfd\xff\xff\x00\x00\x00\x00\x00\x00'
2021-05-21 10:20:06,049 | 5523 | proxy.proxy, send_to_switch, 92 | DEBUG | set data and sent to switch : b'\x04\x12\x00\x10N\xc8J]\x00\r\x00\x00\x00\x00\x00\x00\x04\x0e\x00PN\xc8J^\x00\x00\x00\x00\x00\x00\x00\x00\x00\x00\x00\x00\x00\x00\x00\x00\x00\x00\x00\x00\x00\x00\x00\x00\xff\xff\xff\xff\x00\x00\x00\x00\x00\x00\x00\x00\x00\x00\x00\x00\x00\x01\x00\x04\x00\x00\x00\x00\x00\x04\x00\x18\x00\x00\x00\x00\x00\x00\x00\x10\xff\xff\xff\xfd\xff\xff\x00\x00\x00\x00\x00\x00'
2021-05-21 10:20:06,049 | 5523 | proxy.proxy, handle_controller, 360 | DEBUG | waiting data ......
2021-05-21 10:20:06,050 | 5523 | proxy.proxy, handle_controller, 362 | DEBUG | read b'\x04\x12\x00\x10\xd6\xee`\xce\x00\r\x00\x00\x00\x00\x00\x00\x04\x0e\x00P\xd6\xee`\xcf\x00\x00\x00\x00\x00\x00\x00\x00\x00\x00\x00\x00\x00\x00\x00\x00\x00\x00\x00\x00\x00\x00\x00\x00\xff\xff\xff\xff\x00\x00\x00\x00\x00\x00\x00\x00\x00\x00\x00\x00\x00\x01\x00\x04\x00\x00\x00\x00\x00\x04\x00\x18\x00\x00\x00\x00\x00\x00\x00\x10\xff\xff\xff\xfd\xff\xff\x00\x00\x00\x00\x00\x00'
2021-05-21 10:20:06,051 | 5523 | proxy.proxy, send_to_switch, 291 | DEBUG | sent data to switch: b'\x04\x12\x00\x10\xd6\xee`\xce\x00\r\x00\x00\x00\x00\x00\x00\x04\x0e\x00P\xd6\xee`\xcf\x00\x00\x00\x00\x00\x00\x00\x00\x00\x00\x00\x00\x00\x00\x00\x00\x00\x00\x00\x00\x00\x00\x00\x00\xff\xff\xff\xff\x00\x00\x00\x00\x00\x00\x00\x00\x00\x00\x00\x00\x00\x01\x00\x04\x00\x00\x00\x00\x00\x04\x00\x18\x00\x00\x00\x00\x00\x00\x00\x10\xff\xff\xff\xfd\xff\xff\x00\x00\x00\x00\x00\x00'
2021-05-21 10:20:06,054 | 5523 | proxy.proxy, send_to_switch, 92 | DEBUG | set data and sent to switch : b'\x04\x12\x00\x10\xd6\xee`\xce\x00\r\x00\x00\x00\x00\x00\x00\x04\x0e\x00P\xd6\xee`\xcf\x00\x00\x00\x00\x00\x00\x00\x00\x00\x00\x00\x00\x00\x00\x00\x00\x00\x00\x00\x00\x00\x00\x00\x00\xff\xff\xff\xff\x00\x00\x00\x00\x00\x00\x00\x00\x00\x00\x00\x00\x00\x01\x00\x04\x00\x00\x00\x00\x00\x04\x00\x18\x00\x00\x00\x00\x00\x00\x00\x10\xff\xff\xff\xfd\xff\xff\x00\x00\x00\x00\x00\x00'
2021-05-21 10:20:06,055 | 5523 | proxy.proxy, handle_controller, 360 | DEBUG | waiting data ......
2021-05-21 10:20:06,056 | 5523 | proxy.observable, notify_observers, 63 | DEBUG | notify data to observer: <proxy.packet.Message object at 0x7f52edb07bb0>
2021-05-21 10:20:06,056 | 5523 | api.observer, update, 38 | DEBUG | observed from observable: b'\x04\x12\x00\x10\xad\xc3\x97\x87\x00\r\x00\x00\x00\x00\x00\x00\x04\x0e\x00P\xad\xc3\x97\x88\x00\x00\x00\x00\x00\x00\x00\x00\x00\x00\x00\x00\x00\x00\x00\x00\x00\x00\x00\x00\x00\x00\x00\x00\xff\xff\xff\xff\x00\x00\x00\x00\x00\x00\x00\x00\x00\x00\x00\x00\x00\x01\x00\x04\x00\x00\x00\x00\x00\x04\x00\x18\x00\x00\x00\x00\x00\x00\x00\x10\xff\xff\xff\xfd\xff\xff\x00\x00\x00\x00\x00\x00'
2021-05-21 10:20:06,058 | 5523 | api.observer, todict, 44 | DEBUG | UBIntBase, key : {'_value': 4, 'enum_ref': None}
2021-05-21 10:20:06,059 | 5523 | api.observer, todict, 44 | DEBUG | UBIntBase, key : {'_value': 16, 'enum_ref': None}
2021-05-21 10:20:06,059 | 5523 | api.observer, todict, 44 | DEBUG | UBIntBase, key : {'_value': 2915276679, 'enum_ref': None}
2021-05-21 10:20:06,060 | 5523 | api.observer, todict, 44 | DEBUG | UBIntBase, key : {'_value': <MultipartRequestFlags.OFPMPF_REQ_NONE: 0>, 'enum_ref': <enum 'MultipartRequestFlags'>}
2021-05-21 10:20:06,066 | 5523 | api.observer, parse, 21 | INFO | Parsed msg : {'header': {'version': 4, 'message_type': 18, 'length': 16, 'xid': 2915276679}, 'multipart_type': 13, 'flags': {}, 'pad': {'enum_ref': None}, 'body': {'enum_ref': None}}
2021-05-21 10:20:06,067 | 5523 | proxy.observable, notify_observers, 63 | DEBUG | notify data to observer: <proxy.packet.Message object at 0x7f52edb073d0>
2021-05-21 10:20:06,067 | 5523 | api.observer, update, 38 | DEBUG | observed from observable: b'\x04\x12\x00\x10N\xc8J]\x00\r\x00\x00\x00\x00\x00\x00\x04\x0e\x00PN\xc8J^\x00\x00\x00\x00\x00\x00\x00\x00\x00\x00\x00\x00\x00\x00\x00\x00\x00\x00\x00\x00\x00\x00\x00\x00\xff\xff\xff\xff\x00\x00\x00\x00\x00\x00\x00\x00\x00\x00\x00\x00\x00\x01\x00\x04\x00\x00\x00\x00\x00\x04\x00\x18\x00\x00\x00\x00\x00\x00\x00\x10\xff\xff\xff\xfd\xff\xff\x00\x00\x00\x00\x00\x00'
2021-05-21 10:20:06,068 | 5523 | api.observer, todict, 44 | DEBUG | UBIntBase, key : {'_value': 4, 'enum_ref': None}
2021-05-21 10:20:06,069 | 5523 | api.observer, todict, 44 | DEBUG | UBIntBase, key : {'_value': 16, 'enum_ref': None}
2021-05-21 10:20:06,071 | 5523 | api.observer, todict, 44 | DEBUG | UBIntBase, key : {'_value': 1321749085, 'enum_ref': None}
2021-05-21 10:20:06,072 | 5523 | api.observer, todict, 44 | DEBUG | UBIntBase, key : {'_value': <MultipartRequestFlags.OFPMPF_REQ_NONE: 0>, 'enum_ref': <enum 'MultipartRequestFlags'>}
2021-05-21 10:20:06,080 | 5523 | api.observer, parse, 21 | INFO | Parsed msg : {'header': {'version': 4, 'message_type': 18, 'length': 16, 'xid': 1321749085}, 'multipart_type': 13, 'flags': {}, 'pad': {'enum_ref': None}, 'body': {'enum_ref': None}}
2021-05-21 10:20:06,080 | 5523 | proxy.observable, notify_observers, 63 | DEBUG | notify data to observer: <proxy.packet.Message object at 0x7f52edb07850>
2021-05-21 10:20:06,081 | 5523 | api.observer, update, 38 | DEBUG | observed from observable: b'\x04\x12\x00\x10\xd6\xee`\xce\x00\r\x00\x00\x00\x00\x00\x00\x04\x0e\x00P\xd6\xee`\xcf\x00\x00\x00\x00\x00\x00\x00\x00\x00\x00\x00\x00\x00\x00\x00\x00\x00\x00\x00\x00\x00\x00\x00\x00\xff\xff\xff\xff\x00\x00\x00\x00\x00\x00\x00\x00\x00\x00\x00\x00\x00\x01\x00\x04\x00\x00\x00\x00\x00\x04\x00\x18\x00\x00\x00\x00\x00\x00\x00\x10\xff\xff\xff\xfd\xff\xff\x00\x00\x00\x00\x00\x00'
2021-05-21 10:20:06,081 | 5523 | api.observer, todict, 44 | DEBUG | UBIntBase, key : {'_value': 4, 'enum_ref': None}
2021-05-21 10:20:06,083 | 5523 | api.observer, todict, 44 | DEBUG | UBIntBase, key : {'_value': 16, 'enum_ref': None}
2021-05-21 10:20:06,085 | 5523 | api.observer, todict, 44 | DEBUG | UBIntBase, key : {'_value': 3605946574, 'enum_ref': None}
2021-05-21 10:20:06,094 | 5523 | api.observer, todict, 44 | DEBUG | UBIntBase, key : {'_value': <MultipartRequestFlags.OFPMPF_REQ_NONE: 0>, 'enum_ref': <enum 'MultipartRequestFlags'>}
2021-05-21 10:20:06,095 | 5523 | api.observer, parse, 21 | INFO | Parsed msg : {'header': {'version': 4, 'message_type': 18, 'length': 16, 'xid': 3605946574}, 'multipart_type': 13, 'flags': {}, 'pad': {'enum_ref': None}, 'body': {'enum_ref': None}}
2021-05-21 10:20:06,095 | 5523 | proxy.proxy, handle_switch, 255 | DEBUG | read b'\x04\x13\x02\x10\xad\xc3\x97\x87\x00\r\x00\x00\x00\x00\x00\x00\xff\xff\xff\xfe\x00\x00\x00\x00>\x80\xa8\xa5\x8bM\x00\x00s1\x00\x00\x00\x00\x00\x00\x00\x00\x00\x00\x00\x00\x00\x00\x00\x00\x00\x01\x00\x00\x00\x01\x00\x00\x00\x00\x00\x00\x00\x00\x00\x00\x00\x00\x00\x00\x00\x00\x00\x00\x00\x00\x00\x00\x00\x00\x00\x00\x00\x05\x00\x00\x00\x00Z\x9bc\xb9\xaaO\x00\x00s1-eth5\x00\x00\x00\x00\x00\x00\x00\x00\x00\x00\x00\x00\x00\x00\x00\x00\x04\x00\x00\x08@\x00\x00\x00\x00\x00\x00\x00\x00\x00\x00\x00\x00\x00\x98\x96\x80\x00\x00\x00\x00\x00\x00\x00\x07\x00\x00\x00\x00\xb2p\xc7\xaf\x90\xd4\x00\x00s1-eth7\x00\x00\x00\x00\x00\x00\x00\x00\x00\x00\x00\x00\x00\x00\x00\x00\x04\x00\x00\x08@\x00\x00\x00\x00\x00\x00\x00\x00\x00\x00\x00\x00\x00\x98\x96\x80\x00\x00\x00\x00\x00\x00\x00\x04\x00\x00\x00\x00J\xab\x05\x11\xf2\xad\x00\x00s1-eth4\x00\x00\x00\x00\x00\x00\x00\x00\x00\x00\x00\x00\x00\x00\x00\x00\x04\x00\x00\x08@\x00\x00\x00\x00\x00\x00\x00\x00\x00\x00\x00\x00\x00\x98\x96\x80\x00\x00\x00\x00\x00\x00\x00\x06\x00\x00\x00\x00"\xf1Q\xfc\x14\x8d\x00\x00s1-eth6\x00\x00\x00\x00\x00\x00\x00\x00\x00\x00\x00\x00\x00\x00\x00\x00\x04\x00\x00\x08@\x00\x00\x00\x00\x00\x00\x00\x00\x00\x00\x00\x00\x00\x98\x96\x80\x00\x00\x00\x00\x00\x00\x00\x01\x00\x00\x00\x00\xaaj\xa4\xe0}\x1f\x00\x00s1-eth1\x00\x00\x00\x00\x00\x00\x00\x00\x00\x00\x00\x00\x00\x00\x00\x00\x04\x00\x00\x08@\x00\x00\x00\x00\x00\x00\x00\x00\x00\x00\x00\x00\x00\x98\x96\x80\x00\x00\x00\x00\x00\x00\x00\x02\x00\x00\x00\x00\xa6I\xce#\xb2\xa4\x00\x00s1-eth2\x00\x00\x00\x00\x00\x00\x00\x00\x00\x00\x00\x00\x00\x00\x00\x00\x04\x00\x00\x08@\x00\x00\x00\x00\x00\x00\x00\x00\x00\x00\x00\x00\x00\x98\x96\x80\x00\x00\x00\x00\x00\x00\x00\x03\x00\x00\x00\x00\xdeO\xe9\xcd\xfa\xef\x00\x00s1-eth3\x00\x00\x00\x00\x00\x00\x00\x00\x00\x00\x00\x00\x00\x00\x00\x00\x04\x00\x00\x08@\x00\x00\x00\x00\x00\x00\x00\x00\x00\x00\x00\x00\x00\x98\x96\x80\x00\x00\x00\x00'
2021-05-21 10:20:06,096 | 5523 | proxy.proxy, send_to_controller, 396 | DEBUG | sent data to controller: b'\x04\x13\x02\x10\xad\xc3\x97\x87\x00\r\x00\x00\x00\x00\x00\x00\xff\xff\xff\xfe\x00\x00\x00\x00>\x80\xa8\xa5\x8bM\x00\x00s1\x00\x00\x00\x00\x00\x00\x00\x00\x00\x00\x00\x00\x00\x00\x00\x00\x00\x01\x00\x00\x00\x01\x00\x00\x00\x00\x00\x00\x00\x00\x00\x00\x00\x00\x00\x00\x00\x00\x00\x00\x00\x00\x00\x00\x00\x00\x00\x00\x00\x05\x00\x00\x00\x00Z\x9bc\xb9\xaaO\x00\x00s1-eth5\x00\x00\x00\x00\x00\x00\x00\x00\x00\x00\x00\x00\x00\x00\x00\x00\x04\x00\x00\x08@\x00\x00\x00\x00\x00\x00\x00\x00\x00\x00\x00\x00\x00\x98\x96\x80\x00\x00\x00\x00\x00\x00\x00\x07\x00\x00\x00\x00\xb2p\xc7\xaf\x90\xd4\x00\x00s1-eth7\x00\x00\x00\x00\x00\x00\x00\x00\x00\x00\x00\x00\x00\x00\x00\x00\x04\x00\x00\x08@\x00\x00\x00\x00\x00\x00\x00\x00\x00\x00\x00\x00\x00\x98\x96\x80\x00\x00\x00\x00\x00\x00\x00\x04\x00\x00\x00\x00J\xab\x05\x11\xf2\xad\x00\x00s1-eth4\x00\x00\x00\x00\x00\x00\x00\x00\x00\x00\x00\x00\x00\x00\x00\x00\x04\x00\x00\x08@\x00\x00\x00\x00\x00\x00\x00\x00\x00\x00\x00\x00\x00\x98\x96\x80\x00\x00\x00\x00\x00\x00\x00\x06\x00\x00\x00\x00"\xf1Q\xfc\x14\x8d\x00\x00s1-eth6\x00\x00\x00\x00\x00\x00\x00\x00\x00\x00\x00\x00\x00\x00\x00\x00\x04\x00\x00\x08@\x00\x00\x00\x00\x00\x00\x00\x00\x00\x00\x00\x00\x00\x98\x96\x80\x00\x00\x00\x00\x00\x00\x00\x01\x00\x00\x00\x00\xaaj\xa4\xe0}\x1f\x00\x00s1-eth1\x00\x00\x00\x00\x00\x00\x00\x00\x00\x00\x00\x00\x00\x00\x00\x00\x04\x00\x00\x08@\x00\x00\x00\x00\x00\x00\x00\x00\x00\x00\x00\x00\x00\x98\x96\x80\x00\x00\x00\x00\x00\x00\x00\x02\x00\x00\x00\x00\xa6I\xce#\xb2\xa4\x00\x00s1-eth2\x00\x00\x00\x00\x00\x00\x00\x00\x00\x00\x00\x00\x00\x00\x00\x00\x04\x00\x00\x08@\x00\x00\x00\x00\x00\x00\x00\x00\x00\x00\x00\x00\x00\x98\x96\x80\x00\x00\x00\x00\x00\x00\x00\x03\x00\x00\x00\x00\xdeO\xe9\xcd\xfa\xef\x00\x00s1-eth3\x00\x00\x00\x00\x00\x00\x00\x00\x00\x00\x00\x00\x00\x00\x00\x00\x04\x00\x00\x08@\x00\x00\x00\x00\x00\x00\x00\x00\x00\x00\x00\x00\x00\x98\x96\x80\x00\x00\x00\x00'
2021-05-21 10:20:06,098 | 5523 | proxy.proxy, send_to_controller, 74 | DEBUG | set data and sent to controller : b'\x04\x13\x02\x10\xad\xc3\x97\x87\x00\r\x00\x00\x00\x00\x00\x00\xff\xff\xff\xfe\x00\x00\x00\x00>\x80\xa8\xa5\x8bM\x00\x00s1\x00\x00\x00\x00\x00\x00\x00\x00\x00\x00\x00\x00\x00\x00\x00\x00\x00\x01\x00\x00\x00\x01\x00\x00\x00\x00\x00\x00\x00\x00\x00\x00\x00\x00\x00\x00\x00\x00\x00\x00\x00\x00\x00\x00\x00\x00\x00\x00\x00\x05\x00\x00\x00\x00Z\x9bc\xb9\xaaO\x00\x00s1-eth5\x00\x00\x00\x00\x00\x00\x00\x00\x00\x00\x00\x00\x00\x00\x00\x00\x04\x00\x00\x08@\x00\x00\x00\x00\x00\x00\x00\x00\x00\x00\x00\x00\x00\x98\x96\x80\x00\x00\x00\x00\x00\x00\x00\x07\x00\x00\x00\x00\xb2p\xc7\xaf\x90\xd4\x00\x00s1-eth7\x00\x00\x00\x00\x00\x00\x00\x00\x00\x00\x00\x00\x00\x00\x00\x00\x04\x00\x00\x08@\x00\x00\x00\x00\x00\x00\x00\x00\x00\x00\x00\x00\x00\x98\x96\x80\x00\x00\x00\x00\x00\x00\x00\x04\x00\x00\x00\x00J\xab\x05\x11\xf2\xad\x00\x00s1-eth4\x00\x00\x00\x00\x00\x00\x00\x00\x00\x00\x00\x00\x00\x00\x00\x00\x04\x00\x00\x08@\x00\x00\x00\x00\x00\x00\x00\x00\x00\x00\x00\x00\x00\x98\x96\x80\x00\x00\x00\x00\x00\x00\x00\x06\x00\x00\x00\x00"\xf1Q\xfc\x14\x8d\x00\x00s1-eth6\x00\x00\x00\x00\x00\x00\x00\x00\x00\x00\x00\x00\x00\x00\x00\x00\x04\x00\x00\x08@\x00\x00\x00\x00\x00\x00\x00\x00\x00\x00\x00\x00\x00\x98\x96\x80\x00\x00\x00\x00\x00\x00\x00\x01\x00\x00\x00\x00\xaaj\xa4\xe0}\x1f\x00\x00s1-eth1\x00\x00\x00\x00\x00\x00\x00\x00\x00\x00\x00\x00\x00\x00\x00\x00\x04\x00\x00\x08@\x00\x00\x00\x00\x00\x00\x00\x00\x00\x00\x00\x00\x00\x98\x96\x80\x00\x00\x00\x00\x00\x00\x00\x02\x00\x00\x00\x00\xa6I\xce#\xb2\xa4\x00\x00s1-eth2\x00\x00\x00\x00\x00\x00\x00\x00\x00\x00\x00\x00\x00\x00\x00\x00\x04\x00\x00\x08@\x00\x00\x00\x00\x00\x00\x00\x00\x00\x00\x00\x00\x00\x98\x96\x80\x00\x00\x00\x00\x00\x00\x00\x03\x00\x00\x00\x00\xdeO\xe9\xcd\xfa\xef\x00\x00s1-eth3\x00\x00\x00\x00\x00\x00\x00\x00\x00\x00\x00\x00\x00\x00\x00\x00\x04\x00\x00\x08@\x00\x00\x00\x00\x00\x00\x00\x00\x00\x00\x00\x00\x00\x98\x96\x80\x00\x00\x00\x00'
2021-05-21 10:20:06,102 | 5523 | proxy.proxy, handle_switch, 252 | DEBUG | waiting data ......
2021-05-21 10:20:06,103 | 5523 | proxy.proxy, handle_switch, 255 | DEBUG | read b'\x04\x13\x01\xd0N\xc8J]\x00\r\x00\x00\x00\x00\x00\x00\xff\xff\xff\xfe\x00\x00\x00\x00&z\xe5u#L\x00\x00s3\x00\x00\x00\x00\x00\x00\x00\x00\x00\x00\x00\x00\x00\x00\x00\x00\x00\x01\x00\x00\x00\x01\x00\x00\x00\x00\x00\x00\x00\x00\x00\x00\x00\x00\x00\x00\x00\x00\x00\x00\x00\x00\x00\x00\x00\x00\x00\x00\x00\x04\x00\x00\x00\x00\x92\x9d\x87\xf2\xc2\x8a\x00\x00s3-eth4\x00\x00\x00\x00\x00\x00\x00\x00\x00\x00\x00\x00\x00\x00\x00\x00\x04\x00\x00\x08@\x00\x00\x00\x00\x00\x00\x00\x00\x00\x00\x00\x00\x00\x98\x96\x80\x00\x00\x00\x00\x00\x00\x00\x06\x00\x00\x00\x00\x12\x9b\xb1o%f\x00\x00s3-eth6\x00\x00\x00\x00\x00\x00\x00\x00\x00\x00\x00\x00\x00\x00\x00\x00\x04\x00\x00\x08@\x00\x00\x00\x00\x00\x00\x00\x00\x00\x00\x00\x00\x00\x98\x96\x80\x00\x00\x00\x00\x00\x00\x00\x01\x00\x00\x00\x00\xda\xc4\xd2N6#\x00\x00s3-eth1\x00\x00\x00\x00\x00\x00\x00\x00\x00\x00\x00\x00\x00\x00\x00\x00\x04\x00\x00\x08@\x00\x00\x00\x00\x00\x00\x00\x00\x00\x00\x00\x00\x00\x98\x96\x80\x00\x00\x00\x00\x00\x00\x00\x05\x00\x00\x00\x00\xce]QH\xd1D\x00\x00s3-eth5\x00\x00\x00\x00\x00\x00\x00\x00\x00\x00\x00\x00\x00\x00\x00\x00\x04\x00\x00\x08@\x00\x00\x00\x00\x00\x00\x00\x00\x00\x00\x00\x00\x00\x98\x96\x80\x00\x00\x00\x00\x00\x00\x00\x02\x00\x00\x00\x00\xeal\x0eO\xa1<\x00\x00s3-eth2\x00\x00\x00\x00\x00\x00\x00\x00\x00\x00\x00\x00\x00\x00\x00\x00\x04\x00\x00\x08@\x00\x00\x00\x00\x00\x00\x00\x00\x00\x00\x00\x00\x00\x98\x96\x80\x00\x00\x00\x00\x00\x00\x00\x03\x00\x00\x00\x00\xd6=N\xac\xfd+\x00\x00s3-eth3\x00\x00\x00\x00\x00\x00\x00\x00\x00\x00\x00\x00\x00\x00\x00\x00\x04\x00\x00\x08@\x00\x00\x00\x00\x00\x00\x00\x00\x00\x00\x00\x00\x00\x98\x96\x80\x00\x00\x00\x00'
2021-05-21 10:20:06,109 | 5523 | proxy.proxy, send_to_controller, 396 | DEBUG | sent data to controller: b'\x04\x13\x01\xd0N\xc8J]\x00\r\x00\x00\x00\x00\x00\x00\xff\xff\xff\xfe\x00\x00\x00\x00&z\xe5u#L\x00\x00s3\x00\x00\x00\x00\x00\x00\x00\x00\x00\x00\x00\x00\x00\x00\x00\x00\x00\x01\x00\x00\x00\x01\x00\x00\x00\x00\x00\x00\x00\x00\x00\x00\x00\x00\x00\x00\x00\x00\x00\x00\x00\x00\x00\x00\x00\x00\x00\x00\x00\x04\x00\x00\x00\x00\x92\x9d\x87\xf2\xc2\x8a\x00\x00s3-eth4\x00\x00\x00\x00\x00\x00\x00\x00\x00\x00\x00\x00\x00\x00\x00\x00\x04\x00\x00\x08@\x00\x00\x00\x00\x00\x00\x00\x00\x00\x00\x00\x00\x00\x98\x96\x80\x00\x00\x00\x00\x00\x00\x00\x06\x00\x00\x00\x00\x12\x9b\xb1o%f\x00\x00s3-eth6\x00\x00\x00\x00\x00\x00\x00\x00\x00\x00\x00\x00\x00\x00\x00\x00\x04\x00\x00\x08@\x00\x00\x00\x00\x00\x00\x00\x00\x00\x00\x00\x00\x00\x98\x96\x80\x00\x00\x00\x00\x00\x00\x00\x01\x00\x00\x00\x00\xda\xc4\xd2N6#\x00\x00s3-eth1\x00\x00\x00\x00\x00\x00\x00\x00\x00\x00\x00\x00\x00\x00\x00\x00\x04\x00\x00\x08@\x00\x00\x00\x00\x00\x00\x00\x00\x00\x00\x00\x00\x00\x98\x96\x80\x00\x00\x00\x00\x00\x00\x00\x05\x00\x00\x00\x00\xce]QH\xd1D\x00\x00s3-eth5\x00\x00\x00\x00\x00\x00\x00\x00\x00\x00\x00\x00\x00\x00\x00\x00\x04\x00\x00\x08@\x00\x00\x00\x00\x00\x00\x00\x00\x00\x00\x00\x00\x00\x98\x96\x80\x00\x00\x00\x00\x00\x00\x00\x02\x00\x00\x00\x00\xeal\x0eO\xa1<\x00\x00s3-eth2\x00\x00\x00\x00\x00\x00\x00\x00\x00\x00\x00\x00\x00\x00\x00\x00\x04\x00\x00\x08@\x00\x00\x00\x00\x00\x00\x00\x00\x00\x00\x00\x00\x00\x98\x96\x80\x00\x00\x00\x00\x00\x00\x00\x03\x00\x00\x00\x00\xd6=N\xac\xfd+\x00\x00s3-eth3\x00\x00\x00\x00\x00\x00\x00\x00\x00\x00\x00\x00\x00\x00\x00\x00\x04\x00\x00\x08@\x00\x00\x00\x00\x00\x00\x00\x00\x00\x00\x00\x00\x00\x98\x96\x80\x00\x00\x00\x00'
2021-05-21 10:20:06,113 | 5523 | proxy.proxy, send_to_controller, 74 | DEBUG | set data and sent to controller : b'\x04\x13\x01\xd0N\xc8J]\x00\r\x00\x00\x00\x00\x00\x00\xff\xff\xff\xfe\x00\x00\x00\x00&z\xe5u#L\x00\x00s3\x00\x00\x00\x00\x00\x00\x00\x00\x00\x00\x00\x00\x00\x00\x00\x00\x00\x01\x00\x00\x00\x01\x00\x00\x00\x00\x00\x00\x00\x00\x00\x00\x00\x00\x00\x00\x00\x00\x00\x00\x00\x00\x00\x00\x00\x00\x00\x00\x00\x04\x00\x00\x00\x00\x92\x9d\x87\xf2\xc2\x8a\x00\x00s3-eth4\x00\x00\x00\x00\x00\x00\x00\x00\x00\x00\x00\x00\x00\x00\x00\x00\x04\x00\x00\x08@\x00\x00\x00\x00\x00\x00\x00\x00\x00\x00\x00\x00\x00\x98\x96\x80\x00\x00\x00\x00\x00\x00\x00\x06\x00\x00\x00\x00\x12\x9b\xb1o%f\x00\x00s3-eth6\x00\x00\x00\x00\x00\x00\x00\x00\x00\x00\x00\x00\x00\x00\x00\x00\x04\x00\x00\x08@\x00\x00\x00\x00\x00\x00\x00\x00\x00\x00\x00\x00\x00\x98\x96\x80\x00\x00\x00\x00\x00\x00\x00\x01\x00\x00\x00\x00\xda\xc4\xd2N6#\x00\x00s3-eth1\x00\x00\x00\x00\x00\x00\x00\x00\x00\x00\x00\x00\x00\x00\x00\x00\x04\x00\x00\x08@\x00\x00\x00\x00\x00\x00\x00\x00\x00\x00\x00\x00\x00\x98\x96\x80\x00\x00\x00\x00\x00\x00\x00\x05\x00\x00\x00\x00\xce]QH\xd1D\x00\x00s3-eth5\x00\x00\x00\x00\x00\x00\x00\x00\x00\x00\x00\x00\x00\x00\x00\x00\x04\x00\x00\x08@\x00\x00\x00\x00\x00\x00\x00\x00\x00\x00\x00\x00\x00\x98\x96\x80\x00\x00\x00\x00\x00\x00\x00\x02\x00\x00\x00\x00\xeal\x0eO\xa1<\x00\x00s3-eth2\x00\x00\x00\x00\x00\x00\x00\x00\x00\x00\x00\x00\x00\x00\x00\x00\x04\x00\x00\x08@\x00\x00\x00\x00\x00\x00\x00\x00\x00\x00\x00\x00\x00\x98\x96\x80\x00\x00\x00\x00\x00\x00\x00\x03\x00\x00\x00\x00\xd6=N\xac\xfd+\x00\x00s3-eth3\x00\x00\x00\x00\x00\x00\x00\x00\x00\x00\x00\x00\x00\x00\x00\x00\x04\x00\x00\x08@\x00\x00\x00\x00\x00\x00\x00\x00\x00\x00\x00\x00\x00\x98\x96\x80\x00\x00\x00\x00'
2021-05-21 10:20:06,114 | 5523 | proxy.proxy, handle_switch, 252 | DEBUG | waiting data ......
2021-05-21 10:20:06,114 | 5523 | proxy.proxy, handle_switch, 255 | DEBUG | read b"\x04\x13\x02\x10\xd6\xee`\xce\x00\r\x00\x00\x00\x00\x00\x00\xff\xff\xff\xfe\x00\x00\x00\x00\xaa\xa6K.\x16G\x00\x00s2\x00\x00\x00\x00\x00\x00\x00\x00\x00\x00\x00\x00\x00\x00\x00\x00\x00\x01\x00\x00\x00\x01\x00\x00\x00\x00\x00\x00\x00\x00\x00\x00\x00\x00\x00\x00\x00\x00\x00\x00\x00\x00\x00\x00\x00\x00\x00\x00\x00\x05\x00\x00\x00\x00^Z\x1faH\x19\x00\x00s2-eth5\x00\x00\x00\x00\x00\x00\x00\x00\x00\x00\x00\x00\x00\x00\x00\x00\x04\x00\x00\x08@\x00\x00\x00\x00\x00\x00\x00\x00\x00\x00\x00\x00\x00\x98\x96\x80\x00\x00\x00\x00\x00\x00\x00\x06\x00\x00\x00\x00\xba5\xa4\xa2\xb9\xb6\x00\x00s2-eth6\x00\x00\x00\x00\x00\x00\x00\x00\x00\x00\x00\x00\x00\x00\x00\x00\x04\x00\x00\x08@\x00\x00\x00\x00\x00\x00\x00\x00\x00\x00\x00\x00\x00\x98\x96\x80\x00\x00\x00\x00\x00\x00\x00\x04\x00\x00\x00\x00Z\xd3\xbb2\xff'\x00\x00s2-eth4\x00\x00\x00\x00\x00\x00\x00\x00\x00\x00\x00\x00\x00\x00\x00\x00\x04\x00\x00\x08@\x00\x00\x00\x00\x00\x00\x00\x00\x00\x00\x00\x00\x00\x98\x96\x80\x00\x00\x00\x00\x00\x00\x00\x07\x00\x00\x00\x00\x12\x82c\xe8\x0b;\x00\x00s2-eth7\x00\x00\x00\x00\x00\x00\x00\x00\x00\x00\x00\x00\x00\x00\x00\x00\x04\x00\x00\x08@\x00\x00\x00\x00\x00\x00\x00\x00\x00\x00\x00\x00\x00\x98\x96\x80\x00\x00\x00\x00\x00\x00\x00\x01\x00\x00\x00\x00f\xe0\x13\xc8\x01\x9d\x00\x00s2-eth1\x00\x00\x00\x00\x00\x00\x00\x00\x00\x00\x00\x00\x00\x00\x00\x00\x04\x00\x00\x08@\x00\x00\x00\x00\x00\x00\x00\x00\x00\x00\x00\x00\x00\x98\x96\x80\x00\x00\x00\x00\x00\x00\x00\x02\x00\x00\x00\x00\x12\xc9\x8ch\xba\x1e\x00\x00s2-eth2\x00\x00\x00\x00\x00\x00\x00\x00\x00\x00\x00\x00\x00\x00\x00\x00\x04\x00\x00\x08@\x00\x00\x00\x00\x00\x00\x00\x00\x00\x00\x00\x00\x00\x98\x96\x80\x00\x00\x00\x00\x00\x00\x00\x03\x00\x00\x00\x00f\xe8h\xcc\xd8\xd0\x00\x00s2-eth3\x00\x00\x00\x00\x00\x00\x00\x00\x00\x00\x00\x00\x00\x00\x00\x00\x04\x00\x00\x08@\x00\x00\x00\x00\x00\x00\x00\x00\x00\x00\x00\x00\x00\x98\x96\x80\x00\x00\x00\x00"
2021-05-21 10:20:06,115 | 5523 | proxy.proxy, send_to_controller, 396 | DEBUG | sent data to controller: b"\x04\x13\x02\x10\xd6\xee`\xce\x00\r\x00\x00\x00\x00\x00\x00\xff\xff\xff\xfe\x00\x00\x00\x00\xaa\xa6K.\x16G\x00\x00s2\x00\x00\x00\x00\x00\x00\x00\x00\x00\x00\x00\x00\x00\x00\x00\x00\x00\x01\x00\x00\x00\x01\x00\x00\x00\x00\x00\x00\x00\x00\x00\x00\x00\x00\x00\x00\x00\x00\x00\x00\x00\x00\x00\x00\x00\x00\x00\x00\x00\x05\x00\x00\x00\x00^Z\x1faH\x19\x00\x00s2-eth5\x00\x00\x00\x00\x00\x00\x00\x00\x00\x00\x00\x00\x00\x00\x00\x00\x04\x00\x00\x08@\x00\x00\x00\x00\x00\x00\x00\x00\x00\x00\x00\x00\x00\x98\x96\x80\x00\x00\x00\x00\x00\x00\x00\x06\x00\x00\x00\x00\xba5\xa4\xa2\xb9\xb6\x00\x00s2-eth6\x00\x00\x00\x00\x00\x00\x00\x00\x00\x00\x00\x00\x00\x00\x00\x00\x04\x00\x00\x08@\x00\x00\x00\x00\x00\x00\x00\x00\x00\x00\x00\x00\x00\x98\x96\x80\x00\x00\x00\x00\x00\x00\x00\x04\x00\x00\x00\x00Z\xd3\xbb2\xff'\x00\x00s2-eth4\x00\x00\x00\x00\x00\x00\x00\x00\x00\x00\x00\x00\x00\x00\x00\x00\x04\x00\x00\x08@\x00\x00\x00\x00\x00\x00\x00\x00\x00\x00\x00\x00\x00\x98\x96\x80\x00\x00\x00\x00\x00\x00\x00\x07\x00\x00\x00\x00\x12\x82c\xe8\x0b;\x00\x00s2-eth7\x00\x00\x00\x00\x00\x00\x00\x00\x00\x00\x00\x00\x00\x00\x00\x00\x04\x00\x00\x08@\x00\x00\x00\x00\x00\x00\x00\x00\x00\x00\x00\x00\x00\x98\x96\x80\x00\x00\x00\x00\x00\x00\x00\x01\x00\x00\x00\x00f\xe0\x13\xc8\x01\x9d\x00\x00s2-eth1\x00\x00\x00\x00\x00\x00\x00\x00\x00\x00\x00\x00\x00\x00\x00\x00\x04\x00\x00\x08@\x00\x00\x00\x00\x00\x00\x00\x00\x00\x00\x00\x00\x00\x98\x96\x80\x00\x00\x00\x00\x00\x00\x00\x02\x00\x00\x00\x00\x12\xc9\x8ch\xba\x1e\x00\x00s2-eth2\x00\x00\x00\x00\x00\x00\x00\x00\x00\x00\x00\x00\x00\x00\x00\x00\x04\x00\x00\x08@\x00\x00\x00\x00\x00\x00\x00\x00\x00\x00\x00\x00\x00\x98\x96\x80\x00\x00\x00\x00\x00\x00\x00\x03\x00\x00\x00\x00f\xe8h\xcc\xd8\xd0\x00\x00s2-eth3\x00\x00\x00\x00\x00\x00\x00\x00\x00\x00\x00\x00\x00\x00\x00\x00\x04\x00\x00\x08@\x00\x00\x00\x00\x00\x00\x00\x00\x00\x00\x00\x00\x00\x98\x96\x80\x00\x00\x00\x00"
2021-05-21 10:20:06,116 | 5523 | proxy.proxy, send_to_controller, 74 | DEBUG | set data and sent to controller : b"\x04\x13\x02\x10\xd6\xee`\xce\x00\r\x00\x00\x00\x00\x00\x00\xff\xff\xff\xfe\x00\x00\x00\x00\xaa\xa6K.\x16G\x00\x00s2\x00\x00\x00\x00\x00\x00\x00\x00\x00\x00\x00\x00\x00\x00\x00\x00\x00\x01\x00\x00\x00\x01\x00\x00\x00\x00\x00\x00\x00\x00\x00\x00\x00\x00\x00\x00\x00\x00\x00\x00\x00\x00\x00\x00\x00\x00\x00\x00\x00\x05\x00\x00\x00\x00^Z\x1faH\x19\x00\x00s2-eth5\x00\x00\x00\x00\x00\x00\x00\x00\x00\x00\x00\x00\x00\x00\x00\x00\x04\x00\x00\x08@\x00\x00\x00\x00\x00\x00\x00\x00\x00\x00\x00\x00\x00\x98\x96\x80\x00\x00\x00\x00\x00\x00\x00\x06\x00\x00\x00\x00\xba5\xa4\xa2\xb9\xb6\x00\x00s2-eth6\x00\x00\x00\x00\x00\x00\x00\x00\x00\x00\x00\x00\x00\x00\x00\x00\x04\x00\x00\x08@\x00\x00\x00\x00\x00\x00\x00\x00\x00\x00\x00\x00\x00\x98\x96\x80\x00\x00\x00\x00\x00\x00\x00\x04\x00\x00\x00\x00Z\xd3\xbb2\xff'\x00\x00s2-eth4\x00\x00\x00\x00\x00\x00\x00\x00\x00\x00\x00\x00\x00\x00\x00\x00\x04\x00\x00\x08@\x00\x00\x00\x00\x00\x00\x00\x00\x00\x00\x00\x00\x00\x98\x96\x80\x00\x00\x00\x00\x00\x00\x00\x07\x00\x00\x00\x00\x12\x82c\xe8\x0b;\x00\x00s2-eth7\x00\x00\x00\x00\x00\x00\x00\x00\x00\x00\x00\x00\x00\x00\x00\x00\x04\x00\x00\x08@\x00\x00\x00\x00\x00\x00\x00\x00\x00\x00\x00\x00\x00\x98\x96\x80\x00\x00\x00\x00\x00\x00\x00\x01\x00\x00\x00\x00f\xe0\x13\xc8\x01\x9d\x00\x00s2-eth1\x00\x00\x00\x00\x00\x00\x00\x00\x00\x00\x00\x00\x00\x00\x00\x00\x04\x00\x00\x08@\x00\x00\x00\x00\x00\x00\x00\x00\x00\x00\x00\x00\x00\x98\x96\x80\x00\x00\x00\x00\x00\x00\x00\x02\x00\x00\x00\x00\x12\xc9\x8ch\xba\x1e\x00\x00s2-eth2\x00\x00\x00\x00\x00\x00\x00\x00\x00\x00\x00\x00\x00\x00\x00\x00\x04\x00\x00\x08@\x00\x00\x00\x00\x00\x00\x00\x00\x00\x00\x00\x00\x00\x98\x96\x80\x00\x00\x00\x00\x00\x00\x00\x03\x00\x00\x00\x00f\xe8h\xcc\xd8\xd0\x00\x00s2-eth3\x00\x00\x00\x00\x00\x00\x00\x00\x00\x00\x00\x00\x00\x00\x00\x00\x04\x00\x00\x08@\x00\x00\x00\x00\x00\x00\x00\x00\x00\x00\x00\x00\x00\x98\x96\x80\x00\x00\x00\x00"
2021-05-21 10:20:06,116 | 5523 | proxy.proxy, handle_switch, 252 | DEBUG | waiting data ......
2021-05-21 10:20:06,117 | 5523 | proxy.observable, notify_observers, 63 | DEBUG | notify data to observer: <proxy.packet.Message object at 0x7f52edb074c0>
2021-05-21 10:20:06,118 | 5523 | api.observer, update, 38 | DEBUG | observed from observable: b'\x04\x13\x02\x10\xad\xc3\x97\x87\x00\r\x00\x00\x00\x00\x00\x00\xff\xff\xff\xfe\x00\x00\x00\x00>\x80\xa8\xa5\x8bM\x00\x00s1\x00\x00\x00\x00\x00\x00\x00\x00\x00\x00\x00\x00\x00\x00\x00\x00\x00\x01\x00\x00\x00\x01\x00\x00\x00\x00\x00\x00\x00\x00\x00\x00\x00\x00\x00\x00\x00\x00\x00\x00\x00\x00\x00\x00\x00\x00\x00\x00\x00\x05\x00\x00\x00\x00Z\x9bc\xb9\xaaO\x00\x00s1-eth5\x00\x00\x00\x00\x00\x00\x00\x00\x00\x00\x00\x00\x00\x00\x00\x00\x04\x00\x00\x08@\x00\x00\x00\x00\x00\x00\x00\x00\x00\x00\x00\x00\x00\x98\x96\x80\x00\x00\x00\x00\x00\x00\x00\x07\x00\x00\x00\x00\xb2p\xc7\xaf\x90\xd4\x00\x00s1-eth7\x00\x00\x00\x00\x00\x00\x00\x00\x00\x00\x00\x00\x00\x00\x00\x00\x04\x00\x00\x08@\x00\x00\x00\x00\x00\x00\x00\x00\x00\x00\x00\x00\x00\x98\x96\x80\x00\x00\x00\x00\x00\x00\x00\x04\x00\x00\x00\x00J\xab\x05\x11\xf2\xad\x00\x00s1-eth4\x00\x00\x00\x00\x00\x00\x00\x00\x00\x00\x00\x00\x00\x00\x00\x00\x04\x00\x00\x08@\x00\x00\x00\x00\x00\x00\x00\x00\x00\x00\x00\x00\x00\x98\x96\x80\x00\x00\x00\x00\x00\x00\x00\x06\x00\x00\x00\x00"\xf1Q\xfc\x14\x8d\x00\x00s1-eth6\x00\x00\x00\x00\x00\x00\x00\x00\x00\x00\x00\x00\x00\x00\x00\x00\x04\x00\x00\x08@\x00\x00\x00\x00\x00\x00\x00\x00\x00\x00\x00\x00\x00\x98\x96\x80\x00\x00\x00\x00\x00\x00\x00\x01\x00\x00\x00\x00\xaaj\xa4\xe0}\x1f\x00\x00s1-eth1\x00\x00\x00\x00\x00\x00\x00\x00\x00\x00\x00\x00\x00\x00\x00\x00\x04\x00\x00\x08@\x00\x00\x00\x00\x00\x00\x00\x00\x00\x00\x00\x00\x00\x98\x96\x80\x00\x00\x00\x00\x00\x00\x00\x02\x00\x00\x00\x00\xa6I\xce#\xb2\xa4\x00\x00s1-eth2\x00\x00\x00\x00\x00\x00\x00\x00\x00\x00\x00\x00\x00\x00\x00\x00\x04\x00\x00\x08@\x00\x00\x00\x00\x00\x00\x00\x00\x00\x00\x00\x00\x00\x98\x96\x80\x00\x00\x00\x00\x00\x00\x00\x03\x00\x00\x00\x00\xdeO\xe9\xcd\xfa\xef\x00\x00s1-eth3\x00\x00\x00\x00\x00\x00\x00\x00\x00\x00\x00\x00\x00\x00\x00\x00\x04\x00\x00\x08@\x00\x00\x00\x00\x00\x00\x00\x00\x00\x00\x00\x00\x00\x98\x96\x80\x00\x00\x00\x00'
2021-05-21 10:20:06,129 | 5523 | api.observer, todict, 44 | DEBUG | UBIntBase, key : {'_value': 4, 'enum_ref': None}
2021-05-21 10:20:06,131 | 5523 | api.observer, todict, 44 | DEBUG | UBIntBase, key : {'_value': 528, 'enum_ref': None}
2021-05-21 10:20:06,131 | 5523 | api.observer, todict, 44 | DEBUG | UBIntBase, key : {'_value': 2915276679, 'enum_ref': None}
2021-05-21 10:20:06,132 | 5523 | api.observer, todict, 44 | DEBUG | UBIntBase, key : {'_value': 0, 'enum_ref': None}
2021-05-21 10:20:06,133 | 5523 | api.observer, todict, 44 | DEBUG | UBIntBase, key : {'_value': 4294967294, 'enum_ref': None}
2021-05-21 10:20:06,133 | 5523 | api.observer, todict, 44 | DEBUG | UBIntBase, key : {'_value': PortConfig(1), 'enum_ref': <class 'pyof.v0x04.common.port.PortConfig'>}
2021-05-21 10:20:06,142 | 5523 | api.observer, todict, 44 | DEBUG | UBIntBase, key : {'_value': PortState(1), 'enum_ref': <class 'pyof.v0x04.common.port.PortState'>}
2021-05-21 10:20:06,143 | 5523 | api.observer, todict, 44 | DEBUG | UBIntBase, key : {'_value': PortFeatures(0), 'enum_ref': <class 'pyof.v0x04.common.port.PortFeatures'>}
2021-05-21 10:20:06,145 | 5523 | api.observer, todict, 44 | DEBUG | UBIntBase, key : {'_value': PortFeatures(0), 'enum_ref': <class 'pyof.v0x04.common.port.PortFeatures'>}
2021-05-21 10:20:06,146 | 5523 | api.observer, todict, 44 | DEBUG | UBIntBase, key : {'_value': PortFeatures(0), 'enum_ref': <class 'pyof.v0x04.common.port.PortFeatures'>}
2021-05-21 10:20:06,147 | 5523 | api.observer, todict, 44 | DEBUG | UBIntBase, key : {'_value': PortFeatures(0), 'enum_ref': <class 'pyof.v0x04.common.port.PortFeatures'>}
2021-05-21 10:20:06,148 | 5523 | api.observer, todict, 44 | DEBUG | UBIntBase, key : {'_value': 0, 'enum_ref': None}
2021-05-21 10:20:06,150 | 5523 | api.observer, todict, 44 | DEBUG | UBIntBase, key : {'_value': 0, 'enum_ref': None}
2021-05-21 10:20:06,154 | 5523 | api.observer, todict, 44 | DEBUG | UBIntBase, key : {'_value': 5, 'enum_ref': None}
2021-05-21 10:20:06,155 | 5523 | api.observer, todict, 44 | DEBUG | UBIntBase, key : {'_value': PortConfig(0), 'enum_ref': <class 'pyof.v0x04.common.port.PortConfig'>}
2021-05-21 10:20:06,156 | 5523 | api.observer, todict, 44 | DEBUG | UBIntBase, key : {'_value': PortState(4), 'enum_ref': <class 'pyof.v0x04.common.port.PortState'>}
2021-05-21 10:20:06,156 | 5523 | api.observer, todict, 44 | DEBUG | UBIntBase, key : {'_value': PortFeatures(2112), 'enum_ref': <class 'pyof.v0x04.common.port.PortFeatures'>}
2021-05-21 10:20:06,157 | 5523 | api.observer, todict, 44 | DEBUG | UBIntBase, key : {'_value': PortFeatures(0), 'enum_ref': <class 'pyof.v0x04.common.port.PortFeatures'>}
2021-05-21 10:20:06,159 | 5523 | api.observer, todict, 44 | DEBUG | UBIntBase, key : {'_value': PortFeatures(0), 'enum_ref': <class 'pyof.v0x04.common.port.PortFeatures'>}
2021-05-21 10:20:06,159 | 5523 | api.observer, todict, 44 | DEBUG | UBIntBase, key : {'_value': PortFeatures(0), 'enum_ref': <class 'pyof.v0x04.common.port.PortFeatures'>}
2021-05-21 10:20:06,160 | 5523 | api.observer, todict, 44 | DEBUG | UBIntBase, key : {'_value': 10000000, 'enum_ref': None}
2021-05-21 10:20:06,162 | 5523 | api.observer, todict, 44 | DEBUG | UBIntBase, key : {'_value': 0, 'enum_ref': None}
2021-05-21 10:20:06,162 | 5523 | api.observer, todict, 44 | DEBUG | UBIntBase, key : {'_value': 7, 'enum_ref': None}
2021-05-21 10:20:06,163 | 5523 | api.observer, todict, 44 | DEBUG | UBIntBase, key : {'_value': PortConfig(0), 'enum_ref': <class 'pyof.v0x04.common.port.PortConfig'>}
2021-05-21 10:20:06,163 | 5523 | api.observer, todict, 44 | DEBUG | UBIntBase, key : {'_value': PortState(4), 'enum_ref': <class 'pyof.v0x04.common.port.PortState'>}
2021-05-21 10:20:06,163 | 5523 | api.observer, todict, 44 | DEBUG | UBIntBase, key : {'_value': PortFeatures(2112), 'enum_ref': <class 'pyof.v0x04.common.port.PortFeatures'>}
2021-05-21 10:20:06,164 | 5523 | api.observer, todict, 44 | DEBUG | UBIntBase, key : {'_value': PortFeatures(0), 'enum_ref': <class 'pyof.v0x04.common.port.PortFeatures'>}
2021-05-21 10:20:06,164 | 5523 | api.observer, todict, 44 | DEBUG | UBIntBase, key : {'_value': PortFeatures(0), 'enum_ref': <class 'pyof.v0x04.common.port.PortFeatures'>}
2021-05-21 10:20:06,165 | 5523 | api.observer, todict, 44 | DEBUG | UBIntBase, key : {'_value': PortFeatures(0), 'enum_ref': <class 'pyof.v0x04.common.port.PortFeatures'>}
2021-05-21 10:20:06,165 | 5523 | api.observer, todict, 44 | DEBUG | UBIntBase, key : {'_value': 10000000, 'enum_ref': None}
2021-05-21 10:20:06,165 | 5523 | api.observer, todict, 44 | DEBUG | UBIntBase, key : {'_value': 0, 'enum_ref': None}
2021-05-21 10:20:06,166 | 5523 | api.observer, todict, 44 | DEBUG | UBIntBase, key : {'_value': 4, 'enum_ref': None}
2021-05-21 10:20:06,166 | 5523 | api.observer, todict, 44 | DEBUG | UBIntBase, key : {'_value': PortConfig(0), 'enum_ref': <class 'pyof.v0x04.common.port.PortConfig'>}
2021-05-21 10:20:06,167 | 5523 | api.observer, todict, 44 | DEBUG | UBIntBase, key : {'_value': PortState(4), 'enum_ref': <class 'pyof.v0x04.common.port.PortState'>}
2021-05-21 10:20:06,167 | 5523 | api.observer, todict, 44 | DEBUG | UBIntBase, key : {'_value': PortFeatures(2112), 'enum_ref': <class 'pyof.v0x04.common.port.PortFeatures'>}
2021-05-21 10:20:06,168 | 5523 | api.observer, todict, 44 | DEBUG | UBIntBase, key : {'_value': PortFeatures(0), 'enum_ref': <class 'pyof.v0x04.common.port.PortFeatures'>}
2021-05-21 10:20:06,173 | 5523 | api.observer, todict, 44 | DEBUG | UBIntBase, key : {'_value': PortFeatures(0), 'enum_ref': <class 'pyof.v0x04.common.port.PortFeatures'>}
2021-05-21 10:20:06,173 | 5523 | api.observer, todict, 44 | DEBUG | UBIntBase, key : {'_value': PortFeatures(0), 'enum_ref': <class 'pyof.v0x04.common.port.PortFeatures'>}
2021-05-21 10:20:06,174 | 5523 | api.observer, todict, 44 | DEBUG | UBIntBase, key : {'_value': 10000000, 'enum_ref': None}
2021-05-21 10:20:06,174 | 5523 | api.observer, todict, 44 | DEBUG | UBIntBase, key : {'_value': 0, 'enum_ref': None}
2021-05-21 10:20:06,175 | 5523 | api.observer, todict, 44 | DEBUG | UBIntBase, key : {'_value': 6, 'enum_ref': None}
2021-05-21 10:20:06,176 | 5523 | api.observer, todict, 44 | DEBUG | UBIntBase, key : {'_value': PortConfig(0), 'enum_ref': <class 'pyof.v0x04.common.port.PortConfig'>}
2021-05-21 10:20:06,177 | 5523 | api.observer, todict, 44 | DEBUG | UBIntBase, key : {'_value': PortState(4), 'enum_ref': <class 'pyof.v0x04.common.port.PortState'>}
2021-05-21 10:20:06,178 | 5523 | api.observer, todict, 44 | DEBUG | UBIntBase, key : {'_value': PortFeatures(2112), 'enum_ref': <class 'pyof.v0x04.common.port.PortFeatures'>}
2021-05-21 10:20:06,179 | 5523 | api.observer, todict, 44 | DEBUG | UBIntBase, key : {'_value': PortFeatures(0), 'enum_ref': <class 'pyof.v0x04.common.port.PortFeatures'>}
2021-05-21 10:20:06,186 | 5523 | api.observer, todict, 44 | DEBUG | UBIntBase, key : {'_value': PortFeatures(0), 'enum_ref': <class 'pyof.v0x04.common.port.PortFeatures'>}
2021-05-21 10:20:06,189 | 5523 | api.observer, todict, 44 | DEBUG | UBIntBase, key : {'_value': PortFeatures(0), 'enum_ref': <class 'pyof.v0x04.common.port.PortFeatures'>}
2021-05-21 10:20:06,191 | 5523 | api.observer, todict, 44 | DEBUG | UBIntBase, key : {'_value': 10000000, 'enum_ref': None}
2021-05-21 10:20:06,194 | 5523 | api.observer, todict, 44 | DEBUG | UBIntBase, key : {'_value': 0, 'enum_ref': None}
2021-05-21 10:20:06,196 | 5523 | api.observer, todict, 44 | DEBUG | UBIntBase, key : {'_value': 1, 'enum_ref': None}
2021-05-21 10:20:06,196 | 5523 | api.observer, todict, 44 | DEBUG | UBIntBase, key : {'_value': PortConfig(0), 'enum_ref': <class 'pyof.v0x04.common.port.PortConfig'>}
2021-05-21 10:20:06,197 | 5523 | api.observer, todict, 44 | DEBUG | UBIntBase, key : {'_value': PortState(4), 'enum_ref': <class 'pyof.v0x04.common.port.PortState'>}
2021-05-21 10:20:06,198 | 5523 | api.observer, todict, 44 | DEBUG | UBIntBase, key : {'_value': PortFeatures(2112), 'enum_ref': <class 'pyof.v0x04.common.port.PortFeatures'>}
2021-05-21 10:20:06,199 | 5523 | api.observer, todict, 44 | DEBUG | UBIntBase, key : {'_value': PortFeatures(0), 'enum_ref': <class 'pyof.v0x04.common.port.PortFeatures'>}
2021-05-21 10:20:06,199 | 5523 | api.observer, todict, 44 | DEBUG | UBIntBase, key : {'_value': PortFeatures(0), 'enum_ref': <class 'pyof.v0x04.common.port.PortFeatures'>}
2021-05-21 10:20:06,200 | 5523 | api.observer, todict, 44 | DEBUG | UBIntBase, key : {'_value': PortFeatures(0), 'enum_ref': <class 'pyof.v0x04.common.port.PortFeatures'>}
2021-05-21 10:20:06,200 | 5523 | api.observer, todict, 44 | DEBUG | UBIntBase, key : {'_value': 10000000, 'enum_ref': None}
2021-05-21 10:20:06,204 | 5523 | api.observer, todict, 44 | DEBUG | UBIntBase, key : {'_value': 0, 'enum_ref': None}
2021-05-21 10:20:06,210 | 5523 | api.observer, todict, 44 | DEBUG | UBIntBase, key : {'_value': 2, 'enum_ref': None}
2021-05-21 10:20:06,210 | 5523 | api.observer, todict, 44 | DEBUG | UBIntBase, key : {'_value': PortConfig(0), 'enum_ref': <class 'pyof.v0x04.common.port.PortConfig'>}
2021-05-21 10:20:06,211 | 5523 | api.observer, todict, 44 | DEBUG | UBIntBase, key : {'_value': PortState(4), 'enum_ref': <class 'pyof.v0x04.common.port.PortState'>}
2021-05-21 10:20:06,211 | 5523 | api.observer, todict, 44 | DEBUG | UBIntBase, key : {'_value': PortFeatures(2112), 'enum_ref': <class 'pyof.v0x04.common.port.PortFeatures'>}
2021-05-21 10:20:06,211 | 5523 | api.observer, todict, 44 | DEBUG | UBIntBase, key : {'_value': PortFeatures(0), 'enum_ref': <class 'pyof.v0x04.common.port.PortFeatures'>}
2021-05-21 10:20:06,212 | 5523 | api.observer, todict, 44 | DEBUG | UBIntBase, key : {'_value': PortFeatures(0), 'enum_ref': <class 'pyof.v0x04.common.port.PortFeatures'>}
2021-05-21 10:20:06,212 | 5523 | api.observer, todict, 44 | DEBUG | UBIntBase, key : {'_value': PortFeatures(0), 'enum_ref': <class 'pyof.v0x04.common.port.PortFeatures'>}
2021-05-21 10:20:06,213 | 5523 | api.observer, todict, 44 | DEBUG | UBIntBase, key : {'_value': 10000000, 'enum_ref': None}
2021-05-21 10:20:06,213 | 5523 | api.observer, todict, 44 | DEBUG | UBIntBase, key : {'_value': 0, 'enum_ref': None}
2021-05-21 10:20:06,214 | 5523 | api.observer, todict, 44 | DEBUG | UBIntBase, key : {'_value': 3, 'enum_ref': None}
2021-05-21 10:20:06,214 | 5523 | api.observer, todict, 44 | DEBUG | UBIntBase, key : {'_value': PortConfig(0), 'enum_ref': <class 'pyof.v0x04.common.port.PortConfig'>}
2021-05-21 10:20:06,214 | 5523 | api.observer, todict, 44 | DEBUG | UBIntBase, key : {'_value': PortState(4), 'enum_ref': <class 'pyof.v0x04.common.port.PortState'>}
2021-05-21 10:20:06,215 | 5523 | api.observer, todict, 44 | DEBUG | UBIntBase, key : {'_value': PortFeatures(2112), 'enum_ref': <class 'pyof.v0x04.common.port.PortFeatures'>}
2021-05-21 10:20:06,215 | 5523 | api.observer, todict, 44 | DEBUG | UBIntBase, key : {'_value': PortFeatures(0), 'enum_ref': <class 'pyof.v0x04.common.port.PortFeatures'>}
2021-05-21 10:20:06,216 | 5523 | api.observer, todict, 44 | DEBUG | UBIntBase, key : {'_value': PortFeatures(0), 'enum_ref': <class 'pyof.v0x04.common.port.PortFeatures'>}
2021-05-21 10:20:06,216 | 5523 | api.observer, todict, 44 | DEBUG | UBIntBase, key : {'_value': PortFeatures(0), 'enum_ref': <class 'pyof.v0x04.common.port.PortFeatures'>}
2021-05-21 10:20:06,216 | 5523 | api.observer, todict, 44 | DEBUG | UBIntBase, key : {'_value': 10000000, 'enum_ref': None}
2021-05-21 10:20:06,217 | 5523 | api.observer, todict, 44 | DEBUG | UBIntBase, key : {'_value': 0, 'enum_ref': None}
2021-05-21 10:20:06,217 | 5523 | api.observer, parse, 21 | INFO | Parsed msg : {'header': {'version': 4, 'message_type': 19, 'length': 528, 'xid': 2915276679}, 'multipart_type': 13, 'flags': 0, 'pad': {'enum_ref': None}, 'body': [{'port_no': 4294967294, 'pad': {'enum_ref': None}, 'hw_addr': {'enum_ref': None}, 'pad2': {'enum_ref': None}, 'name': {'enum_ref': None, 'length': 16}, 'config': '1', 'state': '1', 'curr': '0', 'advertised': '0', 'supported': '0', 'peer': '0', 'curr_speed': 0, 'max_speed': 0}, {'port_no': 5, 'pad': {'enum_ref': None}, 'hw_addr': {'enum_ref': None}, 'pad2': {'enum_ref': None}, 'name': {'enum_ref': None, 'length': 16}, 'config': '0', 'state': '4', 'curr': '2112', 'advertised': '0', 'supported': '0', 'peer': '0', 'curr_speed': 10000000, 'max_speed': 0}, {'port_no': 7, 'pad': {'enum_ref': None}, 'hw_addr': {'enum_ref': None}, 'pad2': {'enum_ref': None}, 'name': {'enum_ref': None, 'length': 16}, 'config': '0', 'state': '4', 'curr': '2112', 'advertised': '0', 'supported': '0', 'peer': '0', 'curr_speed': 10000000, 'max_speed': 0}, {'port_no': 4, 'pad': {'enum_ref': None}, 'hw_addr': {'enum_ref': None}, 'pad2': {'enum_ref': None}, 'name': {'enum_ref': None, 'length': 16}, 'config': '0', 'state': '4', 'curr': '2112', 'advertised': '0', 'supported': '0', 'peer': '0', 'curr_speed': 10000000, 'max_speed': 0}, {'port_no': 6, 'pad': {'enum_ref': None}, 'hw_addr': {'enum_ref': None}, 'pad2': {'enum_ref': None}, 'name': {'enum_ref': None, 'length': 16}, 'config': '0', 'state': '4', 'curr': '2112', 'advertised': '0', 'supported': '0', 'peer': '0', 'curr_speed': 10000000, 'max_speed': 0}, {'port_no': 1, 'pad': {'enum_ref': None}, 'hw_addr': {'enum_ref': None}, 'pad2': {'enum_ref': None}, 'name': {'enum_ref': None, 'length': 16}, 'config': '0', 'state': '4', 'curr': '2112', 'advertised': '0', 'supported': '0', 'peer': '0', 'curr_speed': 10000000, 'max_speed': 0}, {'port_no': 2, 'pad': {'enum_ref': None}, 'hw_addr': {'enum_ref': None}, 'pad2': {'enum_ref': None}, 'name': {'enum_ref': None, 'length': 16}, 'config': '0', 'state': '4', 'curr': '2112', 'advertised': '0', 'supported': '0', 'peer': '0', 'curr_speed': 10000000, 'max_speed': 0}, {'port_no': 3, 'pad': {'enum_ref': None}, 'hw_addr': {'enum_ref': None}, 'pad2': {'enum_ref': None}, 'name': {'enum_ref': None, 'length': 16}, 'config': '0', 'state': '4', 'curr': '2112', 'advertised': '0', 'supported': '0', 'peer': '0', 'curr_speed': 10000000, 'max_speed': 0}]}
2021-05-21 10:20:06,230 | 5523 | proxy.observable, notify_observers, 63 | DEBUG | notify data to observer: <proxy.packet.Message object at 0x7f52edb076d0>
2021-05-21 10:20:06,231 | 5523 | api.observer, update, 38 | DEBUG | observed from observable: b'\x04\x13\x01\xd0N\xc8J]\x00\r\x00\x00\x00\x00\x00\x00\xff\xff\xff\xfe\x00\x00\x00\x00&z\xe5u#L\x00\x00s3\x00\x00\x00\x00\x00\x00\x00\x00\x00\x00\x00\x00\x00\x00\x00\x00\x00\x01\x00\x00\x00\x01\x00\x00\x00\x00\x00\x00\x00\x00\x00\x00\x00\x00\x00\x00\x00\x00\x00\x00\x00\x00\x00\x00\x00\x00\x00\x00\x00\x04\x00\x00\x00\x00\x92\x9d\x87\xf2\xc2\x8a\x00\x00s3-eth4\x00\x00\x00\x00\x00\x00\x00\x00\x00\x00\x00\x00\x00\x00\x00\x00\x04\x00\x00\x08@\x00\x00\x00\x00\x00\x00\x00\x00\x00\x00\x00\x00\x00\x98\x96\x80\x00\x00\x00\x00\x00\x00\x00\x06\x00\x00\x00\x00\x12\x9b\xb1o%f\x00\x00s3-eth6\x00\x00\x00\x00\x00\x00\x00\x00\x00\x00\x00\x00\x00\x00\x00\x00\x04\x00\x00\x08@\x00\x00\x00\x00\x00\x00\x00\x00\x00\x00\x00\x00\x00\x98\x96\x80\x00\x00\x00\x00\x00\x00\x00\x01\x00\x00\x00\x00\xda\xc4\xd2N6#\x00\x00s3-eth1\x00\x00\x00\x00\x00\x00\x00\x00\x00\x00\x00\x00\x00\x00\x00\x00\x04\x00\x00\x08@\x00\x00\x00\x00\x00\x00\x00\x00\x00\x00\x00\x00\x00\x98\x96\x80\x00\x00\x00\x00\x00\x00\x00\x05\x00\x00\x00\x00\xce]QH\xd1D\x00\x00s3-eth5\x00\x00\x00\x00\x00\x00\x00\x00\x00\x00\x00\x00\x00\x00\x00\x00\x04\x00\x00\x08@\x00\x00\x00\x00\x00\x00\x00\x00\x00\x00\x00\x00\x00\x98\x96\x80\x00\x00\x00\x00\x00\x00\x00\x02\x00\x00\x00\x00\xeal\x0eO\xa1<\x00\x00s3-eth2\x00\x00\x00\x00\x00\x00\x00\x00\x00\x00\x00\x00\x00\x00\x00\x00\x04\x00\x00\x08@\x00\x00\x00\x00\x00\x00\x00\x00\x00\x00\x00\x00\x00\x98\x96\x80\x00\x00\x00\x00\x00\x00\x00\x03\x00\x00\x00\x00\xd6=N\xac\xfd+\x00\x00s3-eth3\x00\x00\x00\x00\x00\x00\x00\x00\x00\x00\x00\x00\x00\x00\x00\x00\x04\x00\x00\x08@\x00\x00\x00\x00\x00\x00\x00\x00\x00\x00\x00\x00\x00\x98\x96\x80\x00\x00\x00\x00'
2021-05-21 10:20:06,234 | 5523 | api.observer, todict, 44 | DEBUG | UBIntBase, key : {'_value': 4, 'enum_ref': None}
2021-05-21 10:20:06,234 | 5523 | api.observer, todict, 44 | DEBUG | UBIntBase, key : {'_value': 464, 'enum_ref': None}
2021-05-21 10:20:06,234 | 5523 | api.observer, todict, 44 | DEBUG | UBIntBase, key : {'_value': 1321749085, 'enum_ref': None}
2021-05-21 10:20:06,242 | 5523 | api.observer, todict, 44 | DEBUG | UBIntBase, key : {'_value': 0, 'enum_ref': None}
2021-05-21 10:20:06,242 | 5523 | api.observer, todict, 44 | DEBUG | UBIntBase, key : {'_value': 4294967294, 'enum_ref': None}
2021-05-21 10:20:06,243 | 5523 | api.observer, todict, 44 | DEBUG | UBIntBase, key : {'_value': PortConfig(1), 'enum_ref': <class 'pyof.v0x04.common.port.PortConfig'>}
2021-05-21 10:20:06,243 | 5523 | api.observer, todict, 44 | DEBUG | UBIntBase, key : {'_value': PortState(1), 'enum_ref': <class 'pyof.v0x04.common.port.PortState'>}
2021-05-21 10:20:06,244 | 5523 | api.observer, todict, 44 | DEBUG | UBIntBase, key : {'_value': PortFeatures(0), 'enum_ref': <class 'pyof.v0x04.common.port.PortFeatures'>}
2021-05-21 10:20:06,244 | 5523 | api.observer, todict, 44 | DEBUG | UBIntBase, key : {'_value': PortFeatures(0), 'enum_ref': <class 'pyof.v0x04.common.port.PortFeatures'>}
2021-05-21 10:20:06,244 | 5523 | api.observer, todict, 44 | DEBUG | UBIntBase, key : {'_value': PortFeatures(0), 'enum_ref': <class 'pyof.v0x04.common.port.PortFeatures'>}
2021-05-21 10:20:06,245 | 5523 | api.observer, todict, 44 | DEBUG | UBIntBase, key : {'_value': PortFeatures(0), 'enum_ref': <class 'pyof.v0x04.common.port.PortFeatures'>}
2021-05-21 10:20:06,245 | 5523 | api.observer, todict, 44 | DEBUG | UBIntBase, key : {'_value': 0, 'enum_ref': None}
2021-05-21 10:20:06,246 | 5523 | api.observer, todict, 44 | DEBUG | UBIntBase, key : {'_value': 0, 'enum_ref': None}
2021-05-21 10:20:06,246 | 5523 | api.observer, todict, 44 | DEBUG | UBIntBase, key : {'_value': 4, 'enum_ref': None}
2021-05-21 10:20:06,247 | 5523 | api.observer, todict, 44 | DEBUG | UBIntBase, key : {'_value': PortConfig(0), 'enum_ref': <class 'pyof.v0x04.common.port.PortConfig'>}
2021-05-21 10:20:06,247 | 5523 | api.observer, todict, 44 | DEBUG | UBIntBase, key : {'_value': PortState(4), 'enum_ref': <class 'pyof.v0x04.common.port.PortState'>}
2021-05-21 10:20:06,248 | 5523 | api.observer, todict, 44 | DEBUG | UBIntBase, key : {'_value': PortFeatures(2112), 'enum_ref': <class 'pyof.v0x04.common.port.PortFeatures'>}
2021-05-21 10:20:06,248 | 5523 | api.observer, todict, 44 | DEBUG | UBIntBase, key : {'_value': PortFeatures(0), 'enum_ref': <class 'pyof.v0x04.common.port.PortFeatures'>}
2021-05-21 10:20:06,250 | 5523 | api.observer, todict, 44 | DEBUG | UBIntBase, key : {'_value': PortFeatures(0), 'enum_ref': <class 'pyof.v0x04.common.port.PortFeatures'>}
2021-05-21 10:20:06,250 | 5523 | api.observer, todict, 44 | DEBUG | UBIntBase, key : {'_value': PortFeatures(0), 'enum_ref': <class 'pyof.v0x04.common.port.PortFeatures'>}
2021-05-21 10:20:06,251 | 5523 | api.observer, todict, 44 | DEBUG | UBIntBase, key : {'_value': 10000000, 'enum_ref': None}
2021-05-21 10:20:06,251 | 5523 | api.observer, todict, 44 | DEBUG | UBIntBase, key : {'_value': 0, 'enum_ref': None}
2021-05-21 10:20:06,252 | 5523 | api.observer, todict, 44 | DEBUG | UBIntBase, key : {'_value': 6, 'enum_ref': None}
2021-05-21 10:20:06,253 | 5523 | api.observer, todict, 44 | DEBUG | UBIntBase, key : {'_value': PortConfig(0), 'enum_ref': <class 'pyof.v0x04.common.port.PortConfig'>}
2021-05-21 10:20:06,253 | 5523 | api.observer, todict, 44 | DEBUG | UBIntBase, key : {'_value': PortState(4), 'enum_ref': <class 'pyof.v0x04.common.port.PortState'>}
2021-05-21 10:20:06,254 | 5523 | api.observer, todict, 44 | DEBUG | UBIntBase, key : {'_value': PortFeatures(2112), 'enum_ref': <class 'pyof.v0x04.common.port.PortFeatures'>}
2021-05-21 10:20:06,255 | 5523 | api.observer, todict, 44 | DEBUG | UBIntBase, key : {'_value': PortFeatures(0), 'enum_ref': <class 'pyof.v0x04.common.port.PortFeatures'>}
2021-05-21 10:20:06,255 | 5523 | api.observer, todict, 44 | DEBUG | UBIntBase, key : {'_value': PortFeatures(0), 'enum_ref': <class 'pyof.v0x04.common.port.PortFeatures'>}
2021-05-21 10:20:06,256 | 5523 | api.observer, todict, 44 | DEBUG | UBIntBase, key : {'_value': PortFeatures(0), 'enum_ref': <class 'pyof.v0x04.common.port.PortFeatures'>}
2021-05-21 10:20:06,263 | 5523 | api.observer, todict, 44 | DEBUG | UBIntBase, key : {'_value': 10000000, 'enum_ref': None}
2021-05-21 10:20:06,263 | 5523 | api.observer, todict, 44 | DEBUG | UBIntBase, key : {'_value': 0, 'enum_ref': None}
2021-05-21 10:20:06,264 | 5523 | api.observer, todict, 44 | DEBUG | UBIntBase, key : {'_value': 1, 'enum_ref': None}
2021-05-21 10:20:06,266 | 5523 | api.observer, todict, 44 | DEBUG | UBIntBase, key : {'_value': PortConfig(0), 'enum_ref': <class 'pyof.v0x04.common.port.PortConfig'>}
2021-05-21 10:20:06,274 | 5523 | api.observer, todict, 44 | DEBUG | UBIntBase, key : {'_value': PortState(4), 'enum_ref': <class 'pyof.v0x04.common.port.PortState'>}
2021-05-21 10:20:06,275 | 5523 | api.observer, todict, 44 | DEBUG | UBIntBase, key : {'_value': PortFeatures(2112), 'enum_ref': <class 'pyof.v0x04.common.port.PortFeatures'>}
2021-05-21 10:20:06,275 | 5523 | api.observer, todict, 44 | DEBUG | UBIntBase, key : {'_value': PortFeatures(0), 'enum_ref': <class 'pyof.v0x04.common.port.PortFeatures'>}
2021-05-21 10:20:06,276 | 5523 | api.observer, todict, 44 | DEBUG | UBIntBase, key : {'_value': PortFeatures(0), 'enum_ref': <class 'pyof.v0x04.common.port.PortFeatures'>}
2021-05-21 10:20:06,276 | 5523 | api.observer, todict, 44 | DEBUG | UBIntBase, key : {'_value': PortFeatures(0), 'enum_ref': <class 'pyof.v0x04.common.port.PortFeatures'>}
2021-05-21 10:20:06,276 | 5523 | api.observer, todict, 44 | DEBUG | UBIntBase, key : {'_value': 10000000, 'enum_ref': None}
2021-05-21 10:20:06,277 | 5523 | api.observer, todict, 44 | DEBUG | UBIntBase, key : {'_value': 0, 'enum_ref': None}
2021-05-21 10:20:06,277 | 5523 | api.observer, todict, 44 | DEBUG | UBIntBase, key : {'_value': 5, 'enum_ref': None}
2021-05-21 10:20:06,278 | 5523 | api.observer, todict, 44 | DEBUG | UBIntBase, key : {'_value': PortConfig(0), 'enum_ref': <class 'pyof.v0x04.common.port.PortConfig'>}
2021-05-21 10:20:06,278 | 5523 | api.observer, todict, 44 | DEBUG | UBIntBase, key : {'_value': PortState(4), 'enum_ref': <class 'pyof.v0x04.common.port.PortState'>}
2021-05-21 10:20:06,279 | 5523 | api.observer, todict, 44 | DEBUG | UBIntBase, key : {'_value': PortFeatures(2112), 'enum_ref': <class 'pyof.v0x04.common.port.PortFeatures'>}
2021-05-21 10:20:06,279 | 5523 | api.observer, todict, 44 | DEBUG | UBIntBase, key : {'_value': PortFeatures(0), 'enum_ref': <class 'pyof.v0x04.common.port.PortFeatures'>}
2021-05-21 10:20:06,280 | 5523 | api.observer, todict, 44 | DEBUG | UBIntBase, key : {'_value': PortFeatures(0), 'enum_ref': <class 'pyof.v0x04.common.port.PortFeatures'>}
2021-05-21 10:20:06,280 | 5523 | api.observer, todict, 44 | DEBUG | UBIntBase, key : {'_value': PortFeatures(0), 'enum_ref': <class 'pyof.v0x04.common.port.PortFeatures'>}
2021-05-21 10:20:06,280 | 5523 | api.observer, todict, 44 | DEBUG | UBIntBase, key : {'_value': 10000000, 'enum_ref': None}
2021-05-21 10:20:06,281 | 5523 | api.observer, todict, 44 | DEBUG | UBIntBase, key : {'_value': 0, 'enum_ref': None}
2021-05-21 10:20:06,281 | 5523 | api.observer, todict, 44 | DEBUG | UBIntBase, key : {'_value': 2, 'enum_ref': None}
2021-05-21 10:20:06,282 | 5523 | api.observer, todict, 44 | DEBUG | UBIntBase, key : {'_value': PortConfig(0), 'enum_ref': <class 'pyof.v0x04.common.port.PortConfig'>}
2021-05-21 10:20:06,282 | 5523 | api.observer, todict, 44 | DEBUG | UBIntBase, key : {'_value': PortState(4), 'enum_ref': <class 'pyof.v0x04.common.port.PortState'>}
2021-05-21 10:20:06,282 | 5523 | api.observer, todict, 44 | DEBUG | UBIntBase, key : {'_value': PortFeatures(2112), 'enum_ref': <class 'pyof.v0x04.common.port.PortFeatures'>}
2021-05-21 10:20:06,286 | 5523 | api.observer, todict, 44 | DEBUG | UBIntBase, key : {'_value': PortFeatures(0), 'enum_ref': <class 'pyof.v0x04.common.port.PortFeatures'>}
2021-05-21 10:20:06,287 | 5523 | api.observer, todict, 44 | DEBUG | UBIntBase, key : {'_value': PortFeatures(0), 'enum_ref': <class 'pyof.v0x04.common.port.PortFeatures'>}
2021-05-21 10:20:06,292 | 5523 | api.observer, todict, 44 | DEBUG | UBIntBase, key : {'_value': PortFeatures(0), 'enum_ref': <class 'pyof.v0x04.common.port.PortFeatures'>}
2021-05-21 10:20:06,293 | 5523 | api.observer, todict, 44 | DEBUG | UBIntBase, key : {'_value': 10000000, 'enum_ref': None}
2021-05-21 10:20:06,294 | 5523 | api.observer, todict, 44 | DEBUG | UBIntBase, key : {'_value': 0, 'enum_ref': None}
2021-05-21 10:20:06,295 | 5523 | api.observer, todict, 44 | DEBUG | UBIntBase, key : {'_value': 3, 'enum_ref': None}
2021-05-21 10:20:06,302 | 5523 | api.observer, todict, 44 | DEBUG | UBIntBase, key : {'_value': PortConfig(0), 'enum_ref': <class 'pyof.v0x04.common.port.PortConfig'>}
2021-05-21 10:20:06,307 | 5523 | api.observer, todict, 44 | DEBUG | UBIntBase, key : {'_value': PortState(4), 'enum_ref': <class 'pyof.v0x04.common.port.PortState'>}
2021-05-21 10:20:06,308 | 5523 | api.observer, todict, 44 | DEBUG | UBIntBase, key : {'_value': PortFeatures(2112), 'enum_ref': <class 'pyof.v0x04.common.port.PortFeatures'>}
2021-05-21 10:20:06,314 | 5523 | api.observer, todict, 44 | DEBUG | UBIntBase, key : {'_value': PortFeatures(0), 'enum_ref': <class 'pyof.v0x04.common.port.PortFeatures'>}
2021-05-21 10:20:06,315 | 5523 | api.observer, todict, 44 | DEBUG | UBIntBase, key : {'_value': PortFeatures(0), 'enum_ref': <class 'pyof.v0x04.common.port.PortFeatures'>}
2021-05-21 10:20:06,315 | 5523 | api.observer, todict, 44 | DEBUG | UBIntBase, key : {'_value': PortFeatures(0), 'enum_ref': <class 'pyof.v0x04.common.port.PortFeatures'>}
2021-05-21 10:20:06,315 | 5523 | api.observer, todict, 44 | DEBUG | UBIntBase, key : {'_value': 10000000, 'enum_ref': None}
2021-05-21 10:20:06,316 | 5523 | api.observer, todict, 44 | DEBUG | UBIntBase, key : {'_value': 0, 'enum_ref': None}
2021-05-21 10:20:06,316 | 5523 | api.observer, parse, 21 | INFO | Parsed msg : {'header': {'version': 4, 'message_type': 19, 'length': 464, 'xid': 1321749085}, 'multipart_type': 13, 'flags': 0, 'pad': {'enum_ref': None}, 'body': [{'port_no': 4294967294, 'pad': {'enum_ref': None}, 'hw_addr': {'enum_ref': None}, 'pad2': {'enum_ref': None}, 'name': {'enum_ref': None, 'length': 16}, 'config': '1', 'state': '1', 'curr': '0', 'advertised': '0', 'supported': '0', 'peer': '0', 'curr_speed': 0, 'max_speed': 0}, {'port_no': 4, 'pad': {'enum_ref': None}, 'hw_addr': {'enum_ref': None}, 'pad2': {'enum_ref': None}, 'name': {'enum_ref': None, 'length': 16}, 'config': '0', 'state': '4', 'curr': '2112', 'advertised': '0', 'supported': '0', 'peer': '0', 'curr_speed': 10000000, 'max_speed': 0}, {'port_no': 6, 'pad': {'enum_ref': None}, 'hw_addr': {'enum_ref': None}, 'pad2': {'enum_ref': None}, 'name': {'enum_ref': None, 'length': 16}, 'config': '0', 'state': '4', 'curr': '2112', 'advertised': '0', 'supported': '0', 'peer': '0', 'curr_speed': 10000000, 'max_speed': 0}, {'port_no': 1, 'pad': {'enum_ref': None}, 'hw_addr': {'enum_ref': None}, 'pad2': {'enum_ref': None}, 'name': {'enum_ref': None, 'length': 16}, 'config': '0', 'state': '4', 'curr': '2112', 'advertised': '0', 'supported': '0', 'peer': '0', 'curr_speed': 10000000, 'max_speed': 0}, {'port_no': 5, 'pad': {'enum_ref': None}, 'hw_addr': {'enum_ref': None}, 'pad2': {'enum_ref': None}, 'name': {'enum_ref': None, 'length': 16}, 'config': '0', 'state': '4', 'curr': '2112', 'advertised': '0', 'supported': '0', 'peer': '0', 'curr_speed': 10000000, 'max_speed': 0}, {'port_no': 2, 'pad': {'enum_ref': None}, 'hw_addr': {'enum_ref': None}, 'pad2': {'enum_ref': None}, 'name': {'enum_ref': None, 'length': 16}, 'config': '0', 'state': '4', 'curr': '2112', 'advertised': '0', 'supported': '0', 'peer': '0', 'curr_speed': 10000000, 'max_speed': 0}, {'port_no': 3, 'pad': {'enum_ref': None}, 'hw_addr': {'enum_ref': None}, 'pad2': {'enum_ref': None}, 'name': {'enum_ref': None, 'length': 16}, 'config': '0', 'state': '4', 'curr': '2112', 'advertised': '0', 'supported': '0', 'peer': '0', 'curr_speed': 10000000, 'max_speed': 0}]}
2021-05-21 10:20:06,317 | 5523 | proxy.observable, notify_observers, 63 | DEBUG | notify data to observer: <proxy.packet.Message object at 0x7f52edb07130>
2021-05-21 10:20:06,317 | 5523 | api.observer, update, 38 | DEBUG | observed from observable: b"\x04\x13\x02\x10\xd6\xee`\xce\x00\r\x00\x00\x00\x00\x00\x00\xff\xff\xff\xfe\x00\x00\x00\x00\xaa\xa6K.\x16G\x00\x00s2\x00\x00\x00\x00\x00\x00\x00\x00\x00\x00\x00\x00\x00\x00\x00\x00\x00\x01\x00\x00\x00\x01\x00\x00\x00\x00\x00\x00\x00\x00\x00\x00\x00\x00\x00\x00\x00\x00\x00\x00\x00\x00\x00\x00\x00\x00\x00\x00\x00\x05\x00\x00\x00\x00^Z\x1faH\x19\x00\x00s2-eth5\x00\x00\x00\x00\x00\x00\x00\x00\x00\x00\x00\x00\x00\x00\x00\x00\x04\x00\x00\x08@\x00\x00\x00\x00\x00\x00\x00\x00\x00\x00\x00\x00\x00\x98\x96\x80\x00\x00\x00\x00\x00\x00\x00\x06\x00\x00\x00\x00\xba5\xa4\xa2\xb9\xb6\x00\x00s2-eth6\x00\x00\x00\x00\x00\x00\x00\x00\x00\x00\x00\x00\x00\x00\x00\x00\x04\x00\x00\x08@\x00\x00\x00\x00\x00\x00\x00\x00\x00\x00\x00\x00\x00\x98\x96\x80\x00\x00\x00\x00\x00\x00\x00\x04\x00\x00\x00\x00Z\xd3\xbb2\xff'\x00\x00s2-eth4\x00\x00\x00\x00\x00\x00\x00\x00\x00\x00\x00\x00\x00\x00\x00\x00\x04\x00\x00\x08@\x00\x00\x00\x00\x00\x00\x00\x00\x00\x00\x00\x00\x00\x98\x96\x80\x00\x00\x00\x00\x00\x00\x00\x07\x00\x00\x00\x00\x12\x82c\xe8\x0b;\x00\x00s2-eth7\x00\x00\x00\x00\x00\x00\x00\x00\x00\x00\x00\x00\x00\x00\x00\x00\x04\x00\x00\x08@\x00\x00\x00\x00\x00\x00\x00\x00\x00\x00\x00\x00\x00\x98\x96\x80\x00\x00\x00\x00\x00\x00\x00\x01\x00\x00\x00\x00f\xe0\x13\xc8\x01\x9d\x00\x00s2-eth1\x00\x00\x00\x00\x00\x00\x00\x00\x00\x00\x00\x00\x00\x00\x00\x00\x04\x00\x00\x08@\x00\x00\x00\x00\x00\x00\x00\x00\x00\x00\x00\x00\x00\x98\x96\x80\x00\x00\x00\x00\x00\x00\x00\x02\x00\x00\x00\x00\x12\xc9\x8ch\xba\x1e\x00\x00s2-eth2\x00\x00\x00\x00\x00\x00\x00\x00\x00\x00\x00\x00\x00\x00\x00\x00\x04\x00\x00\x08@\x00\x00\x00\x00\x00\x00\x00\x00\x00\x00\x00\x00\x00\x98\x96\x80\x00\x00\x00\x00\x00\x00\x00\x03\x00\x00\x00\x00f\xe8h\xcc\xd8\xd0\x00\x00s2-eth3\x00\x00\x00\x00\x00\x00\x00\x00\x00\x00\x00\x00\x00\x00\x00\x00\x04\x00\x00\x08@\x00\x00\x00\x00\x00\x00\x00\x00\x00\x00\x00\x00\x00\x98\x96\x80\x00\x00\x00\x00"
2021-05-21 10:20:06,320 | 5523 | api.observer, todict, 44 | DEBUG | UBIntBase, key : {'_value': 4, 'enum_ref': None}
2021-05-21 10:20:06,328 | 5523 | api.observer, todict, 44 | DEBUG | UBIntBase, key : {'_value': 528, 'enum_ref': None}
2021-05-21 10:20:06,329 | 5523 | api.observer, todict, 44 | DEBUG | UBIntBase, key : {'_value': 3605946574, 'enum_ref': None}
2021-05-21 10:20:06,330 | 5523 | api.observer, todict, 44 | DEBUG | UBIntBase, key : {'_value': 0, 'enum_ref': None}
2021-05-21 10:20:06,330 | 5523 | api.observer, todict, 44 | DEBUG | UBIntBase, key : {'_value': 4294967294, 'enum_ref': None}
2021-05-21 10:20:06,331 | 5523 | api.observer, todict, 44 | DEBUG | UBIntBase, key : {'_value': PortConfig(1), 'enum_ref': <class 'pyof.v0x04.common.port.PortConfig'>}
2021-05-21 10:20:06,332 | 5523 | api.observer, todict, 44 | DEBUG | UBIntBase, key : {'_value': PortState(1), 'enum_ref': <class 'pyof.v0x04.common.port.PortState'>}
2021-05-21 10:20:06,333 | 5523 | api.observer, todict, 44 | DEBUG | UBIntBase, key : {'_value': PortFeatures(0), 'enum_ref': <class 'pyof.v0x04.common.port.PortFeatures'>}
2021-05-21 10:20:06,334 | 5523 | api.observer, todict, 44 | DEBUG | UBIntBase, key : {'_value': PortFeatures(0), 'enum_ref': <class 'pyof.v0x04.common.port.PortFeatures'>}
2021-05-21 10:20:06,340 | 5523 | api.observer, todict, 44 | DEBUG | UBIntBase, key : {'_value': PortFeatures(0), 'enum_ref': <class 'pyof.v0x04.common.port.PortFeatures'>}
2021-05-21 10:20:06,341 | 5523 | api.observer, todict, 44 | DEBUG | UBIntBase, key : {'_value': PortFeatures(0), 'enum_ref': <class 'pyof.v0x04.common.port.PortFeatures'>}
2021-05-21 10:20:06,346 | 5523 | api.observer, todict, 44 | DEBUG | UBIntBase, key : {'_value': 0, 'enum_ref': None}
2021-05-21 10:20:06,346 | 5523 | api.observer, todict, 44 | DEBUG | UBIntBase, key : {'_value': 0, 'enum_ref': None}
2021-05-21 10:20:06,347 | 5523 | api.observer, todict, 44 | DEBUG | UBIntBase, key : {'_value': 5, 'enum_ref': None}
2021-05-21 10:20:06,347 | 5523 | api.observer, todict, 44 | DEBUG | UBIntBase, key : {'_value': PortConfig(0), 'enum_ref': <class 'pyof.v0x04.common.port.PortConfig'>}
2021-05-21 10:20:06,348 | 5523 | api.observer, todict, 44 | DEBUG | UBIntBase, key : {'_value': PortState(4), 'enum_ref': <class 'pyof.v0x04.common.port.PortState'>}
2021-05-21 10:20:06,348 | 5523 | api.observer, todict, 44 | DEBUG | UBIntBase, key : {'_value': PortFeatures(2112), 'enum_ref': <class 'pyof.v0x04.common.port.PortFeatures'>}
2021-05-21 10:20:06,349 | 5523 | api.observer, todict, 44 | DEBUG | UBIntBase, key : {'_value': PortFeatures(0), 'enum_ref': <class 'pyof.v0x04.common.port.PortFeatures'>}
2021-05-21 10:20:06,354 | 5523 | api.observer, todict, 44 | DEBUG | UBIntBase, key : {'_value': PortFeatures(0), 'enum_ref': <class 'pyof.v0x04.common.port.PortFeatures'>}
2021-05-21 10:20:06,355 | 5523 | api.observer, todict, 44 | DEBUG | UBIntBase, key : {'_value': PortFeatures(0), 'enum_ref': <class 'pyof.v0x04.common.port.PortFeatures'>}
2021-05-21 10:20:06,356 | 5523 | api.observer, todict, 44 | DEBUG | UBIntBase, key : {'_value': 10000000, 'enum_ref': None}
2021-05-21 10:20:06,357 | 5523 | api.observer, todict, 44 | DEBUG | UBIntBase, key : {'_value': 0, 'enum_ref': None}
2021-05-21 10:20:06,357 | 5523 | api.observer, todict, 44 | DEBUG | UBIntBase, key : {'_value': 6, 'enum_ref': None}
2021-05-21 10:20:06,358 | 5523 | api.observer, todict, 44 | DEBUG | UBIntBase, key : {'_value': PortConfig(0), 'enum_ref': <class 'pyof.v0x04.common.port.PortConfig'>}
2021-05-21 10:20:06,359 | 5523 | api.observer, todict, 44 | DEBUG | UBIntBase, key : {'_value': PortState(4), 'enum_ref': <class 'pyof.v0x04.common.port.PortState'>}
2021-05-21 10:20:06,360 | 5523 | api.observer, todict, 44 | DEBUG | UBIntBase, key : {'_value': PortFeatures(2112), 'enum_ref': <class 'pyof.v0x04.common.port.PortFeatures'>}
2021-05-21 10:20:06,360 | 5523 | api.observer, todict, 44 | DEBUG | UBIntBase, key : {'_value': PortFeatures(0), 'enum_ref': <class 'pyof.v0x04.common.port.PortFeatures'>}
2021-05-21 10:20:06,361 | 5523 | api.observer, todict, 44 | DEBUG | UBIntBase, key : {'_value': PortFeatures(0), 'enum_ref': <class 'pyof.v0x04.common.port.PortFeatures'>}
2021-05-21 10:20:06,361 | 5523 | api.observer, todict, 44 | DEBUG | UBIntBase, key : {'_value': PortFeatures(0), 'enum_ref': <class 'pyof.v0x04.common.port.PortFeatures'>}
2021-05-21 10:20:06,362 | 5523 | api.observer, todict, 44 | DEBUG | UBIntBase, key : {'_value': 10000000, 'enum_ref': None}
2021-05-21 10:20:06,362 | 5523 | api.observer, todict, 44 | DEBUG | UBIntBase, key : {'_value': 0, 'enum_ref': None}
2021-05-21 10:20:06,363 | 5523 | api.observer, todict, 44 | DEBUG | UBIntBase, key : {'_value': 4, 'enum_ref': None}
2021-05-21 10:20:06,363 | 5523 | api.observer, todict, 44 | DEBUG | UBIntBase, key : {'_value': PortConfig(0), 'enum_ref': <class 'pyof.v0x04.common.port.PortConfig'>}
2021-05-21 10:20:06,364 | 5523 | api.observer, todict, 44 | DEBUG | UBIntBase, key : {'_value': PortState(4), 'enum_ref': <class 'pyof.v0x04.common.port.PortState'>}
2021-05-21 10:20:06,364 | 5523 | api.observer, todict, 44 | DEBUG | UBIntBase, key : {'_value': PortFeatures(2112), 'enum_ref': <class 'pyof.v0x04.common.port.PortFeatures'>}
2021-05-21 10:20:06,364 | 5523 | api.observer, todict, 44 | DEBUG | UBIntBase, key : {'_value': PortFeatures(0), 'enum_ref': <class 'pyof.v0x04.common.port.PortFeatures'>}
2021-05-21 10:20:06,365 | 5523 | api.observer, todict, 44 | DEBUG | UBIntBase, key : {'_value': PortFeatures(0), 'enum_ref': <class 'pyof.v0x04.common.port.PortFeatures'>}
2021-05-21 10:20:06,365 | 5523 | api.observer, todict, 44 | DEBUG | UBIntBase, key : {'_value': PortFeatures(0), 'enum_ref': <class 'pyof.v0x04.common.port.PortFeatures'>}
2021-05-21 10:20:06,365 | 5523 | api.observer, todict, 44 | DEBUG | UBIntBase, key : {'_value': 10000000, 'enum_ref': None}
2021-05-21 10:20:06,366 | 5523 | api.observer, todict, 44 | DEBUG | UBIntBase, key : {'_value': 0, 'enum_ref': None}
2021-05-21 10:20:06,366 | 5523 | api.observer, todict, 44 | DEBUG | UBIntBase, key : {'_value': 7, 'enum_ref': None}
2021-05-21 10:20:06,366 | 5523 | api.observer, todict, 44 | DEBUG | UBIntBase, key : {'_value': PortConfig(0), 'enum_ref': <class 'pyof.v0x04.common.port.PortConfig'>}
2021-05-21 10:20:06,367 | 5523 | api.observer, todict, 44 | DEBUG | UBIntBase, key : {'_value': PortState(4), 'enum_ref': <class 'pyof.v0x04.common.port.PortState'>}
2021-05-21 10:20:06,367 | 5523 | api.observer, todict, 44 | DEBUG | UBIntBase, key : {'_value': PortFeatures(2112), 'enum_ref': <class 'pyof.v0x04.common.port.PortFeatures'>}
2021-05-21 10:20:06,368 | 5523 | api.observer, todict, 44 | DEBUG | UBIntBase, key : {'_value': PortFeatures(0), 'enum_ref': <class 'pyof.v0x04.common.port.PortFeatures'>}
2021-05-21 10:20:06,375 | 5523 | api.observer, todict, 44 | DEBUG | UBIntBase, key : {'_value': PortFeatures(0), 'enum_ref': <class 'pyof.v0x04.common.port.PortFeatures'>}
2021-05-21 10:20:06,378 | 5523 | api.observer, todict, 44 | DEBUG | UBIntBase, key : {'_value': PortFeatures(0), 'enum_ref': <class 'pyof.v0x04.common.port.PortFeatures'>}
2021-05-21 10:20:06,379 | 5523 | api.observer, todict, 44 | DEBUG | UBIntBase, key : {'_value': 10000000, 'enum_ref': None}
2021-05-21 10:20:06,380 | 5523 | api.observer, todict, 44 | DEBUG | UBIntBase, key : {'_value': 0, 'enum_ref': None}
2021-05-21 10:20:06,380 | 5523 | api.observer, todict, 44 | DEBUG | UBIntBase, key : {'_value': 1, 'enum_ref': None}
2021-05-21 10:20:06,381 | 5523 | api.observer, todict, 44 | DEBUG | UBIntBase, key : {'_value': PortConfig(0), 'enum_ref': <class 'pyof.v0x04.common.port.PortConfig'>}
2021-05-21 10:20:06,381 | 5523 | api.observer, todict, 44 | DEBUG | UBIntBase, key : {'_value': PortState(4), 'enum_ref': <class 'pyof.v0x04.common.port.PortState'>}
2021-05-21 10:20:06,382 | 5523 | api.observer, todict, 44 | DEBUG | UBIntBase, key : {'_value': PortFeatures(2112), 'enum_ref': <class 'pyof.v0x04.common.port.PortFeatures'>}
2021-05-21 10:20:06,382 | 5523 | api.observer, todict, 44 | DEBUG | UBIntBase, key : {'_value': PortFeatures(0), 'enum_ref': <class 'pyof.v0x04.common.port.PortFeatures'>}
2021-05-21 10:20:06,383 | 5523 | api.observer, todict, 44 | DEBUG | UBIntBase, key : {'_value': PortFeatures(0), 'enum_ref': <class 'pyof.v0x04.common.port.PortFeatures'>}
2021-05-21 10:20:06,390 | 5523 | api.observer, todict, 44 | DEBUG | UBIntBase, key : {'_value': PortFeatures(0), 'enum_ref': <class 'pyof.v0x04.common.port.PortFeatures'>}
2021-05-21 10:20:06,391 | 5523 | api.observer, todict, 44 | DEBUG | UBIntBase, key : {'_value': 10000000, 'enum_ref': None}
2021-05-21 10:20:06,391 | 5523 | api.observer, todict, 44 | DEBUG | UBIntBase, key : {'_value': 0, 'enum_ref': None}
2021-05-21 10:20:06,392 | 5523 | api.observer, todict, 44 | DEBUG | UBIntBase, key : {'_value': 2, 'enum_ref': None}
2021-05-21 10:20:06,393 | 5523 | api.observer, todict, 44 | DEBUG | UBIntBase, key : {'_value': PortConfig(0), 'enum_ref': <class 'pyof.v0x04.common.port.PortConfig'>}
2021-05-21 10:20:06,393 | 5523 | api.observer, todict, 44 | DEBUG | UBIntBase, key : {'_value': PortState(4), 'enum_ref': <class 'pyof.v0x04.common.port.PortState'>}
2021-05-21 10:20:06,394 | 5523 | api.observer, todict, 44 | DEBUG | UBIntBase, key : {'_value': PortFeatures(2112), 'enum_ref': <class 'pyof.v0x04.common.port.PortFeatures'>}
2021-05-21 10:20:06,394 | 5523 | api.observer, todict, 44 | DEBUG | UBIntBase, key : {'_value': PortFeatures(0), 'enum_ref': <class 'pyof.v0x04.common.port.PortFeatures'>}
2021-05-21 10:20:06,394 | 5523 | api.observer, todict, 44 | DEBUG | UBIntBase, key : {'_value': PortFeatures(0), 'enum_ref': <class 'pyof.v0x04.common.port.PortFeatures'>}
2021-05-21 10:20:06,395 | 5523 | api.observer, todict, 44 | DEBUG | UBIntBase, key : {'_value': PortFeatures(0), 'enum_ref': <class 'pyof.v0x04.common.port.PortFeatures'>}
2021-05-21 10:20:06,395 | 5523 | api.observer, todict, 44 | DEBUG | UBIntBase, key : {'_value': 10000000, 'enum_ref': None}
2021-05-21 10:20:06,396 | 5523 | api.observer, todict, 44 | DEBUG | UBIntBase, key : {'_value': 0, 'enum_ref': None}
2021-05-21 10:20:06,397 | 5523 | api.observer, todict, 44 | DEBUG | UBIntBase, key : {'_value': 3, 'enum_ref': None}
2021-05-21 10:20:06,397 | 5523 | api.observer, todict, 44 | DEBUG | UBIntBase, key : {'_value': PortConfig(0), 'enum_ref': <class 'pyof.v0x04.common.port.PortConfig'>}
2021-05-21 10:20:06,398 | 5523 | api.observer, todict, 44 | DEBUG | UBIntBase, key : {'_value': PortState(4), 'enum_ref': <class 'pyof.v0x04.common.port.PortState'>}
2021-05-21 10:20:06,399 | 5523 | api.observer, todict, 44 | DEBUG | UBIntBase, key : {'_value': PortFeatures(2112), 'enum_ref': <class 'pyof.v0x04.common.port.PortFeatures'>}
2021-05-21 10:20:06,399 | 5523 | api.observer, todict, 44 | DEBUG | UBIntBase, key : {'_value': PortFeatures(0), 'enum_ref': <class 'pyof.v0x04.common.port.PortFeatures'>}
2021-05-21 10:20:06,400 | 5523 | api.observer, todict, 44 | DEBUG | UBIntBase, key : {'_value': PortFeatures(0), 'enum_ref': <class 'pyof.v0x04.common.port.PortFeatures'>}
2021-05-21 10:20:06,400 | 5523 | api.observer, todict, 44 | DEBUG | UBIntBase, key : {'_value': PortFeatures(0), 'enum_ref': <class 'pyof.v0x04.common.port.PortFeatures'>}
2021-05-21 10:20:06,401 | 5523 | api.observer, todict, 44 | DEBUG | UBIntBase, key : {'_value': 10000000, 'enum_ref': None}
2021-05-21 10:20:06,409 | 5523 | api.observer, todict, 44 | DEBUG | UBIntBase, key : {'_value': 0, 'enum_ref': None}
2021-05-21 10:20:06,409 | 5523 | api.observer, parse, 21 | INFO | Parsed msg : {'header': {'version': 4, 'message_type': 19, 'length': 528, 'xid': 3605946574}, 'multipart_type': 13, 'flags': 0, 'pad': {'enum_ref': None}, 'body': [{'port_no': 4294967294, 'pad': {'enum_ref': None}, 'hw_addr': {'enum_ref': None}, 'pad2': {'enum_ref': None}, 'name': {'enum_ref': None, 'length': 16}, 'config': '1', 'state': '1', 'curr': '0', 'advertised': '0', 'supported': '0', 'peer': '0', 'curr_speed': 0, 'max_speed': 0}, {'port_no': 5, 'pad': {'enum_ref': None}, 'hw_addr': {'enum_ref': None}, 'pad2': {'enum_ref': None}, 'name': {'enum_ref': None, 'length': 16}, 'config': '0', 'state': '4', 'curr': '2112', 'advertised': '0', 'supported': '0', 'peer': '0', 'curr_speed': 10000000, 'max_speed': 0}, {'port_no': 6, 'pad': {'enum_ref': None}, 'hw_addr': {'enum_ref': None}, 'pad2': {'enum_ref': None}, 'name': {'enum_ref': None, 'length': 16}, 'config': '0', 'state': '4', 'curr': '2112', 'advertised': '0', 'supported': '0', 'peer': '0', 'curr_speed': 10000000, 'max_speed': 0}, {'port_no': 4, 'pad': {'enum_ref': None}, 'hw_addr': {'enum_ref': None}, 'pad2': {'enum_ref': None}, 'name': {'enum_ref': None, 'length': 16}, 'config': '0', 'state': '4', 'curr': '2112', 'advertised': '0', 'supported': '0', 'peer': '0', 'curr_speed': 10000000, 'max_speed': 0}, {'port_no': 7, 'pad': {'enum_ref': None}, 'hw_addr': {'enum_ref': None}, 'pad2': {'enum_ref': None}, 'name': {'enum_ref': None, 'length': 16}, 'config': '0', 'state': '4', 'curr': '2112', 'advertised': '0', 'supported': '0', 'peer': '0', 'curr_speed': 10000000, 'max_speed': 0}, {'port_no': 1, 'pad': {'enum_ref': None}, 'hw_addr': {'enum_ref': None}, 'pad2': {'enum_ref': None}, 'name': {'enum_ref': None, 'length': 16}, 'config': '0', 'state': '4', 'curr': '2112', 'advertised': '0', 'supported': '0', 'peer': '0', 'curr_speed': 10000000, 'max_speed': 0}, {'port_no': 2, 'pad': {'enum_ref': None}, 'hw_addr': {'enum_ref': None}, 'pad2': {'enum_ref': None}, 'name': {'enum_ref': None, 'length': 16}, 'config': '0', 'state': '4', 'curr': '2112', 'advertised': '0', 'supported': '0', 'peer': '0', 'curr_speed': 10000000, 'max_speed': 0}, {'port_no': 3, 'pad': {'enum_ref': None}, 'hw_addr': {'enum_ref': None}, 'pad2': {'enum_ref': None}, 'name': {'enum_ref': None, 'length': 16}, 'config': '0', 'state': '4', 'curr': '2112', 'advertised': '0', 'supported': '0', 'peer': '0', 'curr_speed': 10000000, 'max_speed': 0}]}
2021-05-21 10:20:07,401 | 5523 | root, <module>, 55 | INFO | keyboardInterrupt : 
