2021-05-04 22:26:38,222 | 3018 | asyncio, __init__, 59 | DEBUG | Using selector: EpollSelector
2021-05-04 22:26:38,225 | 3018 | proxy.proxy, start_server, 117 | INFO | Server on ('127.0.0.1', 63333)
2021-05-04 22:26:38,225 | 3018 | proxy.proxy, start_server, 120 | INFO | Server serve forever ('127.0.0.1', 63333)
2021-05-04 22:26:38,226 | 3018 | proxy.proxy, open_connection, 217 | INFO | connected Controller ('127.0.0.1', 37928)
2021-05-04 22:26:38,226 | 3018 | proxy.proxy, open_connection, 221 | DEBUG | waiting data ......
2021-05-04 22:26:38,227 | 3018 | proxy.proxy, open_connection, 223 | DEBUG | read b'\x04\x00\x00\x08\xfe\xbb\xab\xb7\x04\x02\x00\x08\xfe\xbb\xab\xb8'
2021-05-04 22:26:38,227 | 3018 | proxy.proxy, set_controller_data, 63 | DEBUG | DataManager set data from controller b'\x04\x00\x00\x08\xfe\xbb\xab\xb7\x04\x02\x00\x08\xfe\xbb\xab\xb8'
2021-05-04 22:26:38,228 | 3018 | proxy.proxy, open_connection, 221 | DEBUG | waiting data ......
2021-05-04 22:26:38,228 | 3018 | proxy.observable, notify_observers, 72 | DEBUG | notify data to observer: b'\x04\x00\x00\x08\xfe\xbb\xab\xb7\x04\x02\x00\x08\xfe\xbb\xab\xb8'
2021-05-04 22:26:38,229 | 3018 | api.observer, update, 34 | DEBUG | observed from observable: b'\x04\x00\x00\x08\xfe\xbb\xab\xb7\x04\x02\x00\x08\xfe\xbb\xab\xb8'
2021-05-04 22:26:41,225 | 3018 | proxy.proxy, open_connection, 223 | DEBUG | read b'\x04\x02\x00\x08\xfe\xbb\xab\xb9'
2021-05-04 22:26:41,226 | 3018 | proxy.proxy, set_controller_data, 63 | DEBUG | DataManager set data from controller b'\x04\x02\x00\x08\xfe\xbb\xab\xb9'
2021-05-04 22:26:41,226 | 3018 | proxy.proxy, open_connection, 221 | DEBUG | waiting data ......
2021-05-04 22:26:41,226 | 3018 | proxy.observable, notify_observers, 72 | DEBUG | notify data to observer: b'\x04\x02\x00\x08\xfe\xbb\xab\xb9'
2021-05-04 22:26:41,227 | 3018 | api.observer, update, 34 | DEBUG | observed from observable: b'\x04\x02\x00\x08\xfe\xbb\xab\xb9'
2021-05-04 22:26:44,230 | 3018 | proxy.proxy, open_connection, 223 | DEBUG | read b'\x04\x02\x00\x08\xfe\xbb\xab\xba'
2021-05-04 22:26:44,238 | 3018 | proxy.proxy, set_controller_data, 63 | DEBUG | DataManager set data from controller b'\x04\x02\x00\x08\xfe\xbb\xab\xba'
2021-05-04 22:26:44,248 | 3018 | proxy.proxy, open_connection, 221 | DEBUG | waiting data ......
2021-05-04 22:26:44,258 | 3018 | proxy.observable, notify_observers, 72 | DEBUG | notify data to observer: b'\x04\x02\x00\x08\xfe\xbb\xab\xba'
2021-05-04 22:26:44,275 | 3018 | api.observer, update, 34 | DEBUG | observed from observable: b'\x04\x02\x00\x08\xfe\xbb\xab\xba'
2021-05-04 22:26:47,231 | 3018 | proxy.proxy, open_connection, 223 | DEBUG | read b'\x04\x02\x00\x08\xfe\xbb\xab\xbb'
2021-05-04 22:26:47,232 | 3018 | proxy.proxy, set_controller_data, 63 | DEBUG | DataManager set data from controller b'\x04\x02\x00\x08\xfe\xbb\xab\xbb'
2021-05-04 22:26:47,232 | 3018 | proxy.proxy, open_connection, 221 | DEBUG | waiting data ......
2021-05-04 22:26:47,233 | 3018 | proxy.observable, notify_observers, 72 | DEBUG | notify data to observer: b'\x04\x02\x00\x08\xfe\xbb\xab\xbb'
2021-05-04 22:26:47,233 | 3018 | api.observer, update, 34 | DEBUG | observed from observable: b'\x04\x02\x00\x08\xfe\xbb\xab\xbb'
2021-05-04 22:26:50,233 | 3018 | proxy.proxy, open_connection, 223 | DEBUG | read b'\x04\x02\x00\x08\xfe\xbb\xab\xbc'
2021-05-04 22:26:50,233 | 3018 | proxy.proxy, set_controller_data, 63 | DEBUG | DataManager set data from controller b'\x04\x02\x00\x08\xfe\xbb\xab\xbc'
2021-05-04 22:26:50,234 | 3018 | proxy.proxy, open_connection, 221 | DEBUG | waiting data ......
2021-05-04 22:26:50,234 | 3018 | proxy.observable, notify_observers, 72 | DEBUG | notify data to observer: b'\x04\x02\x00\x08\xfe\xbb\xab\xbc'
2021-05-04 22:26:50,235 | 3018 | api.observer, update, 34 | DEBUG | observed from observable: b'\x04\x02\x00\x08\xfe\xbb\xab\xbc'
2021-05-04 22:26:53,234 | 3018 | proxy.proxy, open_connection, 223 | DEBUG | read b'\x04\x02\x00\x08\xfe\xbb\xab\xbd'
2021-05-04 22:26:53,234 | 3018 | proxy.proxy, set_controller_data, 63 | DEBUG | DataManager set data from controller b'\x04\x02\x00\x08\xfe\xbb\xab\xbd'
2021-05-04 22:26:53,236 | 3018 | proxy.proxy, open_connection, 221 | DEBUG | waiting data ......
2021-05-04 22:26:53,237 | 3018 | proxy.observable, notify_observers, 72 | DEBUG | notify data to observer: b'\x04\x02\x00\x08\xfe\xbb\xab\xbd'
2021-05-04 22:26:53,238 | 3018 | api.observer, update, 34 | DEBUG | observed from observable: b'\x04\x02\x00\x08\xfe\xbb\xab\xbd'
2021-05-04 22:26:56,237 | 3018 | proxy.proxy, open_connection, 223 | DEBUG | read b''
2021-05-04 22:26:56,239 | 3018 | proxy.proxy, open_connection, 225 | DEBUG | no data from controller read
2021-05-04 22:26:56,240 | 3018 | proxy.proxy, open_connection, 232 | INFO | Close the connection
2021-05-04 22:27:33,245 | 3018 | proxy.proxy, handle_switch, 134 | INFO | Client ('127.0.0.1', 63333) is connected
2021-05-04 22:27:33,247 | 3018 | proxy.proxy, handle_switch, 138 | DEBUG | waiting data ......
2021-05-04 22:27:33,248 | 3018 | proxy.proxy, get_controller_data, 72 | DEBUG | DataManager get data from controller b'\x04\x00\x00\x08\xfe\xbb\xab\xb7\x04\x02\x00\x08\xfe\xbb\xab\xb8'
2021-05-04 22:27:33,248 | 3018 | proxy.proxy, send_data, 165 | DEBUG | ready to send data to switch: b'\x04\x00\x00\x08\xfe\xbb\xab\xb7\x04\x02\x00\x08\xfe\xbb\xab\xb8'
2021-05-04 22:27:33,249 | 3018 | proxy.proxy, send_data, 168 | DEBUG | sent data to switch: b'\x04\x00\x00\x08\xfe\xbb\xab\xb7\x04\x02\x00\x08\xfe\xbb\xab\xb8'
2021-05-04 22:27:33,249 | 3018 | proxy.proxy, get_controller_data, 72 | DEBUG | DataManager get data from controller b'\x04\x02\x00\x08\xfe\xbb\xab\xb9'
2021-05-04 22:27:33,250 | 3018 | proxy.proxy, send_data, 165 | DEBUG | ready to send data to switch: b'\x04\x02\x00\x08\xfe\xbb\xab\xb9'
2021-05-04 22:27:33,250 | 3018 | proxy.proxy, send_data, 168 | DEBUG | sent data to switch: b'\x04\x02\x00\x08\xfe\xbb\xab\xb9'
2021-05-04 22:27:33,250 | 3018 | proxy.proxy, get_controller_data, 72 | DEBUG | DataManager get data from controller b'\x04\x02\x00\x08\xfe\xbb\xab\xba'
2021-05-04 22:27:33,251 | 3018 | proxy.proxy, send_data, 165 | DEBUG | ready to send data to switch: b'\x04\x02\x00\x08\xfe\xbb\xab\xba'
2021-05-04 22:27:33,251 | 3018 | proxy.proxy, send_data, 168 | DEBUG | sent data to switch: b'\x04\x02\x00\x08\xfe\xbb\xab\xba'
2021-05-04 22:27:33,252 | 3018 | proxy.proxy, get_controller_data, 72 | DEBUG | DataManager get data from controller b'\x04\x02\x00\x08\xfe\xbb\xab\xbb'
2021-05-04 22:27:33,252 | 3018 | proxy.proxy, send_data, 165 | DEBUG | ready to send data to switch: b'\x04\x02\x00\x08\xfe\xbb\xab\xbb'
2021-05-04 22:27:33,257 | 3018 | proxy.proxy, send_data, 172 | INFO | Connection reset: Connection lost
2021-05-04 22:27:33,258 | 3018 | proxy.proxy, handle_switch, 146 | ERROR | Failed to read: [Errno 32] Broken pipe
2021-05-04 22:27:33,259 | 3018 | proxy.proxy, handle_switch, 149 | INFO | Close the connection
2021-05-04 22:27:33,261 | 3018 | asyncio, default_exception_handler, 1707 | ERROR | Task exception was never retrieved
future: <Task finished name='Task-8' coro=<SwitchHandler.handle_switch() done, defined at /home/shu/Network/ofcapture/proxy/proxy.py:123> exception=BrokenPipeError(32, 'Broken pipe')>
Traceback (most recent call last):
  File "/home/shu/Network/ofcapture/proxy/proxy.py", line 139, in handle_switch
    data = await reader.read(2048)
  File "/usr/lib/python3.8/asyncio/streams.py", line 684, in read
    await self._wait_for_data('read')
  File "/usr/lib/python3.8/asyncio/streams.py", line 517, in _wait_for_data
    await self._waiter
  File "/usr/lib/python3.8/asyncio/selector_events.py", line 908, in write
    n = self._sock.send(data)
BrokenPipeError: [Errno 32] Broken pipe
2021-05-04 22:27:35,410 | 3018 | proxy.proxy, handle_switch, 134 | INFO | Client ('127.0.0.1', 63333) is connected
2021-05-04 22:27:35,411 | 3018 | proxy.proxy, handle_switch, 138 | DEBUG | waiting data ......
2021-05-04 22:27:35,411 | 3018 | proxy.proxy, get_controller_data, 72 | DEBUG | DataManager get data from controller b'\x04\x02\x00\x08\xfe\xbb\xab\xbc'
2021-05-04 22:27:35,413 | 3018 | proxy.proxy, send_data, 165 | DEBUG | ready to send data to switch: b'\x04\x02\x00\x08\xfe\xbb\xab\xbc'
2021-05-04 22:27:35,414 | 3018 | proxy.proxy, send_data, 168 | DEBUG | sent data to switch: b'\x04\x02\x00\x08\xfe\xbb\xab\xbc'
2021-05-04 22:27:35,415 | 3018 | proxy.proxy, get_controller_data, 72 | DEBUG | DataManager get data from controller b'\x04\x02\x00\x08\xfe\xbb\xab\xbd'
2021-05-04 22:27:35,415 | 3018 | proxy.proxy, send_data, 165 | DEBUG | ready to send data to switch: b'\x04\x02\x00\x08\xfe\xbb\xab\xbd'
2021-05-04 22:27:35,416 | 3018 | proxy.proxy, send_data, 168 | DEBUG | sent data to switch: b'\x04\x02\x00\x08\xfe\xbb\xab\xbd'
2021-05-04 22:27:35,430 | 3018 | proxy.proxy, handle_switch, 134 | INFO | Client ('127.0.0.1', 63333) is connected
2021-05-04 22:27:35,447 | 3018 | proxy.proxy, handle_switch, 138 | DEBUG | waiting data ......
2021-05-04 22:27:35,458 | 3018 | proxy.proxy, handle_switch, 134 | INFO | Client ('127.0.0.1', 63333) is connected
2021-05-04 22:27:35,460 | 3018 | proxy.proxy, handle_switch, 138 | DEBUG | waiting data ......
2021-05-04 22:27:35,466 | 3018 | proxy.proxy, handle_switch, 140 | DEBUG | read b'\x04\x00\x00\x10\x00\x00\x00\x03\x00\x01\x00\x08\x00\x00\x00\x10'
2021-05-04 22:27:35,479 | 3018 | proxy.proxy, set_switch_data, 40 | DEBUG | DataManager set data from switch b'\x04\x00\x00\x10\x00\x00\x00\x03\x00\x01\x00\x08\x00\x00\x00\x10'
2021-05-04 22:27:35,483 | 3018 | proxy.proxy, handle_switch, 138 | DEBUG | waiting data ......
2021-05-04 22:27:35,491 | 3018 | proxy.proxy, get_switch_data, 49 | DEBUG | DataManager get data from switch b'\x04\x00\x00\x10\x00\x00\x00\x03\x00\x01\x00\x08\x00\x00\x00\x10'
2021-05-04 22:27:35,507 | 3018 | proxy.proxy, send_data, 248 | DEBUG | ready to send data to controller: b'\x04\x00\x00\x10\x00\x00\x00\x03\x00\x01\x00\x08\x00\x00\x00\x10'
2021-05-04 22:27:35,510 | 3018 | proxy.observable, notify_observers, 72 | DEBUG | notify data to observer: b'\x04\x00\x00\x10\x00\x00\x00\x03\x00\x01\x00\x08\x00\x00\x00\x10'
2021-05-04 22:27:35,513 | 3018 | api.observer, update, 34 | DEBUG | observed from observable: b'\x04\x00\x00\x10\x00\x00\x00\x03\x00\x01\x00\x08\x00\x00\x00\x10'
2021-05-04 22:27:35,514 | 3018 | proxy.proxy, handle_switch, 140 | DEBUG | read b'\x04\x00\x00\x10\x00\x00\x00\x04\x00\x01\x00\x08\x00\x00\x00\x10'
2021-05-04 22:27:35,519 | 3018 | proxy.proxy, set_switch_data, 40 | DEBUG | DataManager set data from switch b'\x04\x00\x00\x10\x00\x00\x00\x04\x00\x01\x00\x08\x00\x00\x00\x10'
2021-05-04 22:27:35,519 | 3018 | proxy.proxy, handle_switch, 138 | DEBUG | waiting data ......
2021-05-04 22:27:35,520 | 3018 | proxy.proxy, handle_switch, 140 | DEBUG | read b'\x04\x00\x00\x10\x00\x00\x00\x05\x00\x01\x00\x08\x00\x00\x00\x10'
2021-05-04 22:27:35,532 | 3018 | proxy.proxy, set_switch_data, 40 | DEBUG | DataManager set data from switch b'\x04\x00\x00\x10\x00\x00\x00\x05\x00\x01\x00\x08\x00\x00\x00\x10'
2021-05-04 22:27:35,534 | 3018 | proxy.proxy, handle_switch, 138 | DEBUG | waiting data ......
2021-05-04 22:27:35,534 | 3018 | proxy.proxy, send_data, 255 | INFO | Connection reset: Connection lost
2021-05-04 22:27:35,548 | 3018 | proxy.proxy, handle_switch, 146 | ERROR | Failed to read: [Errno 104] Connection reset by peer
2021-05-04 22:27:35,549 | 3018 | proxy.proxy, handle_switch, 149 | INFO | Close the connection
2021-05-04 22:27:35,549 | 3018 | asyncio, default_exception_handler, 1707 | ERROR | Task exception was never retrieved
future: <Task finished name='Task-11' coro=<SwitchHandler.handle_switch() done, defined at /home/shu/Network/ofcapture/proxy/proxy.py:123> exception=ConnectionResetError(104, 'Connection reset by peer')>
Traceback (most recent call last):
  File "/home/shu/Network/ofcapture/proxy/proxy.py", line 139, in handle_switch
    data = await reader.read(2048)
  File "/usr/lib/python3.8/asyncio/streams.py", line 684, in read
    await self._wait_for_data('read')
  File "/usr/lib/python3.8/asyncio/streams.py", line 517, in _wait_for_data
    await self._waiter
  File "/usr/lib/python3.8/asyncio/selector_events.py", line 846, in _read_ready__data_received
    data = self._sock.recv(self.max_size)
ConnectionResetError: [Errno 104] Connection reset by peer
2021-05-04 22:27:35,557 | 3018 | proxy.observable, notify_observers, 72 | DEBUG | notify data to observer: b'\x04\x00\x00\x10\x00\x00\x00\x04\x00\x01\x00\x08\x00\x00\x00\x10'
2021-05-04 22:27:35,562 | 3018 | api.observer, update, 34 | DEBUG | observed from observable: b'\x04\x00\x00\x10\x00\x00\x00\x04\x00\x01\x00\x08\x00\x00\x00\x10'
2021-05-04 22:27:35,562 | 3018 | proxy.observable, notify_observers, 72 | DEBUG | notify data to observer: b'\x04\x00\x00\x10\x00\x00\x00\x05\x00\x01\x00\x08\x00\x00\x00\x10'
2021-05-04 22:27:35,563 | 3018 | api.observer, update, 34 | DEBUG | observed from observable: b'\x04\x00\x00\x10\x00\x00\x00\x05\x00\x01\x00\x08\x00\x00\x00\x10'
2021-05-04 22:27:36,689 | 3018 | proxy.proxy, handle_switch, 140 | DEBUG | read b''
2021-05-04 22:27:36,689 | 3018 | proxy.proxy, handle_switch, 142 | DEBUG | no data from switch read
2021-05-04 22:27:36,689 | 3018 | proxy.proxy, handle_switch, 149 | INFO | Close the connection
2021-05-04 22:27:36,690 | 3018 | proxy.proxy, handle_switch, 140 | DEBUG | read b''
2021-05-04 22:27:36,691 | 3018 | proxy.proxy, handle_switch, 142 | DEBUG | no data from switch read
2021-05-04 22:27:36,691 | 3018 | proxy.proxy, handle_switch, 149 | INFO | Close the connection
2021-05-04 22:27:36,692 | 3018 | proxy.proxy, handle_switch, 134 | INFO | Client ('127.0.0.1', 63333) is connected
2021-05-04 22:27:36,692 | 3018 | proxy.proxy, handle_switch, 138 | DEBUG | waiting data ......
2021-05-04 22:27:36,693 | 3018 | proxy.proxy, handle_switch, 140 | DEBUG | read b'\x04\x00\x00\x10\x00\x00\x00\x06\x00\x01\x00\x08\x00\x00\x00\x10'
2021-05-04 22:27:36,694 | 3018 | proxy.proxy, set_switch_data, 40 | DEBUG | DataManager set data from switch b'\x04\x00\x00\x10\x00\x00\x00\x06\x00\x01\x00\x08\x00\x00\x00\x10'
2021-05-04 22:27:36,696 | 3018 | proxy.proxy, handle_switch, 138 | DEBUG | waiting data ......
2021-05-04 22:27:36,696 | 3018 | proxy.observable, notify_observers, 72 | DEBUG | notify data to observer: b'\x04\x00\x00\x10\x00\x00\x00\x06\x00\x01\x00\x08\x00\x00\x00\x10'
2021-05-04 22:27:36,697 | 3018 | api.observer, update, 34 | DEBUG | observed from observable: b'\x04\x00\x00\x10\x00\x00\x00\x06\x00\x01\x00\x08\x00\x00\x00\x10'
2021-05-04 22:27:37,690 | 3018 | proxy.proxy, handle_switch, 140 | DEBUG | read b''
2021-05-04 22:27:37,691 | 3018 | proxy.proxy, handle_switch, 142 | DEBUG | no data from switch read
2021-05-04 22:27:37,691 | 3018 | proxy.proxy, handle_switch, 149 | INFO | Close the connection
2021-05-04 22:27:37,692 | 3018 | proxy.proxy, handle_switch, 134 | INFO | Client ('127.0.0.1', 63333) is connected
2021-05-04 22:27:37,693 | 3018 | proxy.proxy, handle_switch, 138 | DEBUG | waiting data ......
2021-05-04 22:27:37,694 | 3018 | proxy.proxy, handle_switch, 134 | INFO | Client ('127.0.0.1', 63333) is connected
2021-05-04 22:27:37,695 | 3018 | proxy.proxy, handle_switch, 138 | DEBUG | waiting data ......
2021-05-04 22:27:37,696 | 3018 | proxy.proxy, handle_switch, 140 | DEBUG | read b'\x04\x00\x00\x10\x00\x00\x00\x07\x00\x01\x00\x08\x00\x00\x00\x10'
2021-05-04 22:27:37,697 | 3018 | proxy.proxy, set_switch_data, 40 | DEBUG | DataManager set data from switch b'\x04\x00\x00\x10\x00\x00\x00\x07\x00\x01\x00\x08\x00\x00\x00\x10'
2021-05-04 22:27:37,697 | 3018 | proxy.proxy, handle_switch, 138 | DEBUG | waiting data ......
2021-05-04 22:27:37,698 | 3018 | proxy.proxy, handle_switch, 140 | DEBUG | read b'\x04\x00\x00\x10\x00\x00\x00\x08\x00\x01\x00\x08\x00\x00\x00\x10'
2021-05-04 22:27:37,699 | 3018 | proxy.proxy, set_switch_data, 40 | DEBUG | DataManager set data from switch b'\x04\x00\x00\x10\x00\x00\x00\x08\x00\x01\x00\x08\x00\x00\x00\x10'
2021-05-04 22:27:37,700 | 3018 | proxy.proxy, handle_switch, 138 | DEBUG | waiting data ......
2021-05-04 22:27:37,700 | 3018 | proxy.observable, notify_observers, 72 | DEBUG | notify data to observer: b'\x04\x00\x00\x10\x00\x00\x00\x07\x00\x01\x00\x08\x00\x00\x00\x10'
2021-05-04 22:27:37,701 | 3018 | api.observer, update, 34 | DEBUG | observed from observable: b'\x04\x00\x00\x10\x00\x00\x00\x07\x00\x01\x00\x08\x00\x00\x00\x10'
2021-05-04 22:27:37,704 | 3018 | proxy.observable, notify_observers, 72 | DEBUG | notify data to observer: b'\x04\x00\x00\x10\x00\x00\x00\x08\x00\x01\x00\x08\x00\x00\x00\x10'
2021-05-04 22:27:37,705 | 3018 | api.observer, update, 34 | DEBUG | observed from observable: b'\x04\x00\x00\x10\x00\x00\x00\x08\x00\x01\x00\x08\x00\x00\x00\x10'
2021-05-04 22:27:38,692 | 3018 | proxy.proxy, handle_switch, 140 | DEBUG | read b''
2021-05-04 22:27:38,693 | 3018 | proxy.proxy, handle_switch, 142 | DEBUG | no data from switch read
2021-05-04 22:27:38,696 | 3018 | proxy.proxy, handle_switch, 149 | INFO | Close the connection
2021-05-04 22:27:38,697 | 3018 | proxy.proxy, handle_switch, 140 | DEBUG | read b''
2021-05-04 22:27:38,698 | 3018 | proxy.proxy, handle_switch, 142 | DEBUG | no data from switch read
2021-05-04 22:27:38,699 | 3018 | proxy.proxy, handle_switch, 149 | INFO | Close the connection
2021-05-04 22:27:39,694 | 3018 | proxy.proxy, handle_switch, 134 | INFO | Client ('127.0.0.1', 63333) is connected
2021-05-04 22:27:39,695 | 3018 | proxy.proxy, handle_switch, 138 | DEBUG | waiting data ......
2021-05-04 22:27:39,696 | 3018 | proxy.proxy, handle_switch, 140 | DEBUG | read b'\x04\x00\x00\x10\x00\x00\x00\t\x00\x01\x00\x08\x00\x00\x00\x10'
2021-05-04 22:27:39,697 | 3018 | proxy.proxy, set_switch_data, 40 | DEBUG | DataManager set data from switch b'\x04\x00\x00\x10\x00\x00\x00\t\x00\x01\x00\x08\x00\x00\x00\x10'
2021-05-04 22:27:39,698 | 3018 | proxy.proxy, handle_switch, 138 | DEBUG | waiting data ......
2021-05-04 22:27:39,698 | 3018 | proxy.observable, notify_observers, 72 | DEBUG | notify data to observer: b'\x04\x00\x00\x10\x00\x00\x00\t\x00\x01\x00\x08\x00\x00\x00\x10'
2021-05-04 22:27:39,699 | 3018 | api.observer, update, 34 | DEBUG | observed from observable: b'\x04\x00\x00\x10\x00\x00\x00\t\x00\x01\x00\x08\x00\x00\x00\x10'
2021-05-04 22:27:40,695 | 3018 | proxy.proxy, handle_switch, 134 | INFO | Client ('127.0.0.1', 63333) is connected
2021-05-04 22:27:40,696 | 3018 | proxy.proxy, handle_switch, 138 | DEBUG | waiting data ......
2021-05-04 22:27:40,696 | 3018 | proxy.proxy, handle_switch, 134 | INFO | Client ('127.0.0.1', 63333) is connected
2021-05-04 22:27:40,697 | 3018 | proxy.proxy, handle_switch, 138 | DEBUG | waiting data ......
2021-05-04 22:27:40,697 | 3018 | proxy.proxy, handle_switch, 140 | DEBUG | read b'\x04\x00\x00\x10\x00\x00\x00\n\x00\x01\x00\x08\x00\x00\x00\x10'
2021-05-04 22:27:40,698 | 3018 | proxy.proxy, set_switch_data, 40 | DEBUG | DataManager set data from switch b'\x04\x00\x00\x10\x00\x00\x00\n\x00\x01\x00\x08\x00\x00\x00\x10'
2021-05-04 22:27:40,698 | 3018 | proxy.proxy, handle_switch, 138 | DEBUG | waiting data ......
2021-05-04 22:27:40,698 | 3018 | proxy.proxy, handle_switch, 140 | DEBUG | read b'\x04\x00\x00\x10\x00\x00\x00\x0b\x00\x01\x00\x08\x00\x00\x00\x10'
2021-05-04 22:27:40,699 | 3018 | proxy.proxy, set_switch_data, 40 | DEBUG | DataManager set data from switch b'\x04\x00\x00\x10\x00\x00\x00\x0b\x00\x01\x00\x08\x00\x00\x00\x10'
2021-05-04 22:27:40,699 | 3018 | proxy.proxy, handle_switch, 138 | DEBUG | waiting data ......
2021-05-04 22:27:40,700 | 3018 | proxy.observable, notify_observers, 72 | DEBUG | notify data to observer: b'\x04\x00\x00\x10\x00\x00\x00\n\x00\x01\x00\x08\x00\x00\x00\x10'
2021-05-04 22:27:40,700 | 3018 | api.observer, update, 34 | DEBUG | observed from observable: b'\x04\x00\x00\x10\x00\x00\x00\n\x00\x01\x00\x08\x00\x00\x00\x10'
2021-05-04 22:27:40,700 | 3018 | proxy.observable, notify_observers, 72 | DEBUG | notify data to observer: b'\x04\x00\x00\x10\x00\x00\x00\x0b\x00\x01\x00\x08\x00\x00\x00\x10'
2021-05-04 22:27:40,701 | 3018 | api.observer, update, 34 | DEBUG | observed from observable: b'\x04\x00\x00\x10\x00\x00\x00\x0b\x00\x01\x00\x08\x00\x00\x00\x10'
2021-05-04 22:27:41,697 | 3018 | proxy.proxy, handle_switch, 140 | DEBUG | read b''
2021-05-04 22:27:41,697 | 3018 | proxy.proxy, handle_switch, 142 | DEBUG | no data from switch read
2021-05-04 22:27:41,698 | 3018 | proxy.proxy, handle_switch, 149 | INFO | Close the connection
2021-05-04 22:27:42,699 | 3018 | proxy.proxy, handle_switch, 140 | DEBUG | read b''
2021-05-04 22:27:42,699 | 3018 | proxy.proxy, handle_switch, 142 | DEBUG | no data from switch read
2021-05-04 22:27:42,700 | 3018 | proxy.proxy, handle_switch, 149 | INFO | Close the connection
2021-05-04 22:27:42,701 | 3018 | proxy.proxy, handle_switch, 140 | DEBUG | read b''
2021-05-04 22:27:42,701 | 3018 | proxy.proxy, handle_switch, 142 | DEBUG | no data from switch read
2021-05-04 22:27:42,702 | 3018 | proxy.proxy, handle_switch, 149 | INFO | Close the connection
2021-05-04 22:27:45,702 | 3018 | proxy.proxy, handle_switch, 134 | INFO | Client ('127.0.0.1', 63333) is connected
2021-05-04 22:27:45,703 | 3018 | proxy.proxy, handle_switch, 138 | DEBUG | waiting data ......
2021-05-04 22:27:45,704 | 3018 | proxy.proxy, handle_switch, 140 | DEBUG | read b'\x04\x00\x00\x10\x00\x00\x00\x0c\x00\x01\x00\x08\x00\x00\x00\x10'
2021-05-04 22:27:45,704 | 3018 | proxy.proxy, set_switch_data, 40 | DEBUG | DataManager set data from switch b'\x04\x00\x00\x10\x00\x00\x00\x0c\x00\x01\x00\x08\x00\x00\x00\x10'
2021-05-04 22:27:45,705 | 3018 | proxy.proxy, handle_switch, 138 | DEBUG | waiting data ......
2021-05-04 22:27:45,706 | 3018 | proxy.observable, notify_observers, 72 | DEBUG | notify data to observer: b'\x04\x00\x00\x10\x00\x00\x00\x0c\x00\x01\x00\x08\x00\x00\x00\x10'
2021-05-04 22:27:45,707 | 3018 | api.observer, update, 34 | DEBUG | observed from observable: b'\x04\x00\x00\x10\x00\x00\x00\x0c\x00\x01\x00\x08\x00\x00\x00\x10'
2021-05-04 22:27:46,704 | 3018 | proxy.proxy, handle_switch, 134 | INFO | Client ('127.0.0.1', 63333) is connected
2021-05-04 22:27:46,706 | 3018 | proxy.proxy, handle_switch, 138 | DEBUG | waiting data ......
2021-05-04 22:27:46,707 | 3018 | proxy.proxy, handle_switch, 140 | DEBUG | read b'\x04\x00\x00\x10\x00\x00\x00\r\x00\x01\x00\x08\x00\x00\x00\x10'
2021-05-04 22:27:46,708 | 3018 | proxy.proxy, set_switch_data, 40 | DEBUG | DataManager set data from switch b'\x04\x00\x00\x10\x00\x00\x00\r\x00\x01\x00\x08\x00\x00\x00\x10'
2021-05-04 22:27:46,708 | 3018 | proxy.proxy, handle_switch, 138 | DEBUG | waiting data ......
2021-05-04 22:27:46,709 | 3018 | proxy.observable, notify_observers, 72 | DEBUG | notify data to observer: b'\x04\x00\x00\x10\x00\x00\x00\r\x00\x01\x00\x08\x00\x00\x00\x10'
2021-05-04 22:27:46,709 | 3018 | api.observer, update, 34 | DEBUG | observed from observable: b'\x04\x00\x00\x10\x00\x00\x00\r\x00\x01\x00\x08\x00\x00\x00\x10'
2021-05-04 22:27:46,710 | 3018 | proxy.proxy, handle_switch, 134 | INFO | Client ('127.0.0.1', 63333) is connected
2021-05-04 22:27:46,711 | 3018 | proxy.proxy, handle_switch, 138 | DEBUG | waiting data ......
2021-05-04 22:27:46,711 | 3018 | proxy.proxy, handle_switch, 140 | DEBUG | read b'\x04\x00\x00\x10\x00\x00\x00\x0e\x00\x01\x00\x08\x00\x00\x00\x10'
2021-05-04 22:27:46,712 | 3018 | proxy.proxy, set_switch_data, 40 | DEBUG | DataManager set data from switch b'\x04\x00\x00\x10\x00\x00\x00\x0e\x00\x01\x00\x08\x00\x00\x00\x10'
2021-05-04 22:27:46,712 | 3018 | proxy.proxy, handle_switch, 138 | DEBUG | waiting data ......
2021-05-04 22:27:46,712 | 3018 | proxy.observable, notify_observers, 72 | DEBUG | notify data to observer: b'\x04\x00\x00\x10\x00\x00\x00\x0e\x00\x01\x00\x08\x00\x00\x00\x10'
2021-05-04 22:27:46,713 | 3018 | api.observer, update, 34 | DEBUG | observed from observable: b'\x04\x00\x00\x10\x00\x00\x00\x0e\x00\x01\x00\x08\x00\x00\x00\x10'
2021-05-04 22:27:49,706 | 3018 | proxy.proxy, handle_switch, 140 | DEBUG | read b''
2021-05-04 22:27:49,706 | 3018 | proxy.proxy, handle_switch, 142 | DEBUG | no data from switch read
2021-05-04 22:27:49,707 | 3018 | proxy.proxy, handle_switch, 149 | INFO | Close the connection
2021-05-04 22:27:50,707 | 3018 | proxy.proxy, handle_switch, 140 | DEBUG | read b''
2021-05-04 22:27:50,707 | 3018 | proxy.proxy, handle_switch, 142 | DEBUG | no data from switch read
2021-05-04 22:27:50,708 | 3018 | proxy.proxy, handle_switch, 149 | INFO | Close the connection
2021-05-04 22:27:50,708 | 3018 | proxy.proxy, handle_switch, 140 | DEBUG | read b''
2021-05-04 22:27:50,709 | 3018 | proxy.proxy, handle_switch, 142 | DEBUG | no data from switch read
2021-05-04 22:27:50,710 | 3018 | proxy.proxy, handle_switch, 149 | INFO | Close the connection
2021-05-04 22:27:57,716 | 3018 | proxy.proxy, handle_switch, 134 | INFO | Client ('127.0.0.1', 63333) is connected
2021-05-04 22:27:57,718 | 3018 | proxy.proxy, handle_switch, 138 | DEBUG | waiting data ......
2021-05-04 22:27:57,719 | 3018 | proxy.proxy, handle_switch, 140 | DEBUG | read b'\x04\x00\x00\x10\x00\x00\x00\x0f\x00\x01\x00\x08\x00\x00\x00\x10'
2021-05-04 22:27:57,720 | 3018 | proxy.proxy, set_switch_data, 40 | DEBUG | DataManager set data from switch b'\x04\x00\x00\x10\x00\x00\x00\x0f\x00\x01\x00\x08\x00\x00\x00\x10'
2021-05-04 22:27:57,720 | 3018 | proxy.proxy, handle_switch, 138 | DEBUG | waiting data ......
2021-05-04 22:27:57,721 | 3018 | proxy.observable, notify_observers, 72 | DEBUG | notify data to observer: b'\x04\x00\x00\x10\x00\x00\x00\x0f\x00\x01\x00\x08\x00\x00\x00\x10'
2021-05-04 22:27:57,721 | 3018 | api.observer, update, 34 | DEBUG | observed from observable: b'\x04\x00\x00\x10\x00\x00\x00\x0f\x00\x01\x00\x08\x00\x00\x00\x10'
2021-05-04 22:27:58,718 | 3018 | proxy.proxy, handle_switch, 134 | INFO | Client ('127.0.0.1', 63333) is connected
2021-05-04 22:27:58,719 | 3018 | proxy.proxy, handle_switch, 138 | DEBUG | waiting data ......
2021-05-04 22:27:58,719 | 3018 | proxy.proxy, handle_switch, 134 | INFO | Client ('127.0.0.1', 63333) is connected
2021-05-04 22:27:58,720 | 3018 | proxy.proxy, handle_switch, 138 | DEBUG | waiting data ......
2021-05-04 22:27:58,721 | 3018 | proxy.proxy, handle_switch, 140 | DEBUG | read b'\x04\x00\x00\x10\x00\x00\x00\x10\x00\x01\x00\x08\x00\x00\x00\x10'
2021-05-04 22:27:58,721 | 3018 | proxy.proxy, set_switch_data, 40 | DEBUG | DataManager set data from switch b'\x04\x00\x00\x10\x00\x00\x00\x10\x00\x01\x00\x08\x00\x00\x00\x10'
2021-05-04 22:27:58,722 | 3018 | proxy.proxy, handle_switch, 138 | DEBUG | waiting data ......
2021-05-04 22:27:58,722 | 3018 | proxy.proxy, handle_switch, 140 | DEBUG | read b'\x04\x00\x00\x10\x00\x00\x00\x11\x00\x01\x00\x08\x00\x00\x00\x10'
2021-05-04 22:27:58,723 | 3018 | proxy.proxy, set_switch_data, 40 | DEBUG | DataManager set data from switch b'\x04\x00\x00\x10\x00\x00\x00\x11\x00\x01\x00\x08\x00\x00\x00\x10'
2021-05-04 22:27:58,723 | 3018 | proxy.proxy, handle_switch, 138 | DEBUG | waiting data ......
2021-05-04 22:27:58,724 | 3018 | proxy.observable, notify_observers, 72 | DEBUG | notify data to observer: b'\x04\x00\x00\x10\x00\x00\x00\x10\x00\x01\x00\x08\x00\x00\x00\x10'
2021-05-04 22:27:58,724 | 3018 | api.observer, update, 34 | DEBUG | observed from observable: b'\x04\x00\x00\x10\x00\x00\x00\x10\x00\x01\x00\x08\x00\x00\x00\x10'
2021-05-04 22:27:58,725 | 3018 | proxy.observable, notify_observers, 72 | DEBUG | notify data to observer: b'\x04\x00\x00\x10\x00\x00\x00\x11\x00\x01\x00\x08\x00\x00\x00\x10'
2021-05-04 22:27:58,725 | 3018 | api.observer, update, 34 | DEBUG | observed from observable: b'\x04\x00\x00\x10\x00\x00\x00\x11\x00\x01\x00\x08\x00\x00\x00\x10'
2021-05-04 22:28:05,729 | 3018 | proxy.proxy, handle_switch, 140 | DEBUG | read b''
2021-05-04 22:28:05,731 | 3018 | proxy.proxy, handle_switch, 142 | DEBUG | no data from switch read
2021-05-04 22:28:05,732 | 3018 | proxy.proxy, handle_switch, 149 | INFO | Close the connection
2021-05-04 22:28:06,730 | 3018 | proxy.proxy, handle_switch, 140 | DEBUG | read b''
2021-05-04 22:28:06,731 | 3018 | proxy.proxy, handle_switch, 142 | DEBUG | no data from switch read
2021-05-04 22:28:06,732 | 3018 | proxy.proxy, handle_switch, 149 | INFO | Close the connection
2021-05-04 22:28:06,732 | 3018 | proxy.proxy, handle_switch, 140 | DEBUG | read b''
2021-05-04 22:28:06,733 | 3018 | proxy.proxy, handle_switch, 142 | DEBUG | no data from switch read
2021-05-04 22:28:06,734 | 3018 | proxy.proxy, handle_switch, 149 | INFO | Close the connection
2021-05-04 22:28:13,742 | 3018 | proxy.proxy, handle_switch, 134 | INFO | Client ('127.0.0.1', 63333) is connected
2021-05-04 22:28:13,743 | 3018 | proxy.proxy, handle_switch, 138 | DEBUG | waiting data ......
2021-05-04 22:28:13,747 | 3018 | proxy.proxy, handle_switch, 140 | DEBUG | read b'\x04\x00\x00\x10\x00\x00\x00\x12\x00\x01\x00\x08\x00\x00\x00\x10'
2021-05-04 22:28:13,747 | 3018 | proxy.proxy, set_switch_data, 40 | DEBUG | DataManager set data from switch b'\x04\x00\x00\x10\x00\x00\x00\x12\x00\x01\x00\x08\x00\x00\x00\x10'
2021-05-04 22:28:13,748 | 3018 | proxy.proxy, handle_switch, 138 | DEBUG | waiting data ......
2021-05-04 22:28:13,748 | 3018 | proxy.observable, notify_observers, 72 | DEBUG | notify data to observer: b'\x04\x00\x00\x10\x00\x00\x00\x12\x00\x01\x00\x08\x00\x00\x00\x10'
2021-05-04 22:28:13,749 | 3018 | api.observer, update, 34 | DEBUG | observed from observable: b'\x04\x00\x00\x10\x00\x00\x00\x12\x00\x01\x00\x08\x00\x00\x00\x10'
2021-05-04 22:28:14,744 | 3018 | proxy.proxy, handle_switch, 134 | INFO | Client ('127.0.0.1', 63333) is connected
2021-05-04 22:28:14,745 | 3018 | proxy.proxy, handle_switch, 138 | DEBUG | waiting data ......
2021-05-04 22:28:14,747 | 3018 | proxy.proxy, handle_switch, 140 | DEBUG | read b'\x04\x00\x00\x10\x00\x00\x00\x13\x00\x01\x00\x08\x00\x00\x00\x10'
2021-05-04 22:28:14,748 | 3018 | proxy.proxy, set_switch_data, 40 | DEBUG | DataManager set data from switch b'\x04\x00\x00\x10\x00\x00\x00\x13\x00\x01\x00\x08\x00\x00\x00\x10'
2021-05-04 22:28:14,748 | 3018 | proxy.proxy, handle_switch, 138 | DEBUG | waiting data ......
2021-05-04 22:28:14,749 | 3018 | proxy.observable, notify_observers, 72 | DEBUG | notify data to observer: b'\x04\x00\x00\x10\x00\x00\x00\x13\x00\x01\x00\x08\x00\x00\x00\x10'
2021-05-04 22:28:14,750 | 3018 | api.observer, update, 34 | DEBUG | observed from observable: b'\x04\x00\x00\x10\x00\x00\x00\x13\x00\x01\x00\x08\x00\x00\x00\x10'
2021-05-04 22:28:14,750 | 3018 | proxy.proxy, handle_switch, 134 | INFO | Client ('127.0.0.1', 63333) is connected
2021-05-04 22:28:14,751 | 3018 | proxy.proxy, handle_switch, 138 | DEBUG | waiting data ......
2021-05-04 22:28:14,751 | 3018 | proxy.proxy, handle_switch, 140 | DEBUG | read b'\x04\x00\x00\x10\x00\x00\x00\x14\x00\x01\x00\x08\x00\x00\x00\x10'
2021-05-04 22:28:14,752 | 3018 | proxy.proxy, set_switch_data, 40 | DEBUG | DataManager set data from switch b'\x04\x00\x00\x10\x00\x00\x00\x14\x00\x01\x00\x08\x00\x00\x00\x10'
2021-05-04 22:28:14,752 | 3018 | proxy.proxy, handle_switch, 138 | DEBUG | waiting data ......
2021-05-04 22:28:14,753 | 3018 | proxy.observable, notify_observers, 72 | DEBUG | notify data to observer: b'\x04\x00\x00\x10\x00\x00\x00\x14\x00\x01\x00\x08\x00\x00\x00\x10'
2021-05-04 22:28:14,753 | 3018 | api.observer, update, 34 | DEBUG | observed from observable: b'\x04\x00\x00\x10\x00\x00\x00\x14\x00\x01\x00\x08\x00\x00\x00\x10'
2021-05-04 22:28:21,757 | 3018 | proxy.proxy, handle_switch, 140 | DEBUG | read b''
2021-05-04 22:28:21,758 | 3018 | proxy.proxy, handle_switch, 142 | DEBUG | no data from switch read
2021-05-04 22:28:21,758 | 3018 | proxy.proxy, handle_switch, 149 | INFO | Close the connection
2021-05-04 22:28:22,758 | 3018 | proxy.proxy, handle_switch, 140 | DEBUG | read b''
2021-05-04 22:28:22,759 | 3018 | proxy.proxy, handle_switch, 142 | DEBUG | no data from switch read
2021-05-04 22:28:22,760 | 3018 | proxy.proxy, handle_switch, 149 | INFO | Close the connection
2021-05-04 22:28:22,760 | 3018 | proxy.proxy, handle_switch, 140 | DEBUG | read b''
2021-05-04 22:28:22,761 | 3018 | proxy.proxy, handle_switch, 142 | DEBUG | no data from switch read
2021-05-04 22:28:22,762 | 3018 | proxy.proxy, handle_switch, 149 | INFO | Close the connection
2021-05-04 22:28:29,769 | 3018 | proxy.proxy, handle_switch, 134 | INFO | Client ('127.0.0.1', 63333) is connected
2021-05-04 22:28:29,771 | 3018 | proxy.proxy, handle_switch, 138 | DEBUG | waiting data ......
2021-05-04 22:28:29,772 | 3018 | proxy.proxy, handle_switch, 140 | DEBUG | read b'\x04\x00\x00\x10\x00\x00\x00\x15\x00\x01\x00\x08\x00\x00\x00\x10'
2021-05-04 22:28:29,772 | 3018 | proxy.proxy, set_switch_data, 40 | DEBUG | DataManager set data from switch b'\x04\x00\x00\x10\x00\x00\x00\x15\x00\x01\x00\x08\x00\x00\x00\x10'
2021-05-04 22:28:29,773 | 3018 | proxy.proxy, handle_switch, 138 | DEBUG | waiting data ......
2021-05-04 22:28:29,773 | 3018 | proxy.observable, notify_observers, 72 | DEBUG | notify data to observer: b'\x04\x00\x00\x10\x00\x00\x00\x15\x00\x01\x00\x08\x00\x00\x00\x10'
2021-05-04 22:28:29,774 | 3018 | api.observer, update, 34 | DEBUG | observed from observable: b'\x04\x00\x00\x10\x00\x00\x00\x15\x00\x01\x00\x08\x00\x00\x00\x10'
2021-05-04 22:28:30,770 | 3018 | proxy.proxy, handle_switch, 134 | INFO | Client ('127.0.0.1', 63333) is connected
2021-05-04 22:28:30,771 | 3018 | proxy.proxy, handle_switch, 138 | DEBUG | waiting data ......
2021-05-04 22:28:30,773 | 3018 | proxy.proxy, handle_switch, 140 | DEBUG | read b'\x04\x00\x00\x10\x00\x00\x00\x16\x00\x01\x00\x08\x00\x00\x00\x10'
2021-05-04 22:28:30,773 | 3018 | proxy.proxy, set_switch_data, 40 | DEBUG | DataManager set data from switch b'\x04\x00\x00\x10\x00\x00\x00\x16\x00\x01\x00\x08\x00\x00\x00\x10'
2021-05-04 22:28:30,774 | 3018 | proxy.proxy, handle_switch, 138 | DEBUG | waiting data ......
2021-05-04 22:28:30,774 | 3018 | proxy.observable, notify_observers, 72 | DEBUG | notify data to observer: b'\x04\x00\x00\x10\x00\x00\x00\x16\x00\x01\x00\x08\x00\x00\x00\x10'
2021-05-04 22:28:30,775 | 3018 | api.observer, update, 34 | DEBUG | observed from observable: b'\x04\x00\x00\x10\x00\x00\x00\x16\x00\x01\x00\x08\x00\x00\x00\x10'
2021-05-04 22:28:30,775 | 3018 | proxy.proxy, handle_switch, 134 | INFO | Client ('127.0.0.1', 63333) is connected
2021-05-04 22:28:30,776 | 3018 | proxy.proxy, handle_switch, 138 | DEBUG | waiting data ......
2021-05-04 22:28:30,776 | 3018 | proxy.proxy, handle_switch, 140 | DEBUG | read b'\x04\x00\x00\x10\x00\x00\x00\x17\x00\x01\x00\x08\x00\x00\x00\x10'
2021-05-04 22:28:30,777 | 3018 | proxy.proxy, set_switch_data, 40 | DEBUG | DataManager set data from switch b'\x04\x00\x00\x10\x00\x00\x00\x17\x00\x01\x00\x08\x00\x00\x00\x10'
2021-05-04 22:28:30,777 | 3018 | proxy.proxy, handle_switch, 138 | DEBUG | waiting data ......
2021-05-04 22:28:30,777 | 3018 | proxy.observable, notify_observers, 72 | DEBUG | notify data to observer: b'\x04\x00\x00\x10\x00\x00\x00\x17\x00\x01\x00\x08\x00\x00\x00\x10'
2021-05-04 22:28:30,778 | 3018 | api.observer, update, 34 | DEBUG | observed from observable: b'\x04\x00\x00\x10\x00\x00\x00\x17\x00\x01\x00\x08\x00\x00\x00\x10'
2021-05-04 22:28:37,782 | 3018 | proxy.proxy, handle_switch, 140 | DEBUG | read b''
2021-05-04 22:28:37,783 | 3018 | proxy.proxy, handle_switch, 142 | DEBUG | no data from switch read
2021-05-04 22:28:37,784 | 3018 | proxy.proxy, handle_switch, 149 | INFO | Close the connection
2021-05-04 22:28:38,785 | 3018 | proxy.proxy, handle_switch, 140 | DEBUG | read b''
2021-05-04 22:28:38,786 | 3018 | proxy.proxy, handle_switch, 142 | DEBUG | no data from switch read
2021-05-04 22:28:38,787 | 3018 | proxy.proxy, handle_switch, 149 | INFO | Close the connection
2021-05-04 22:28:38,789 | 3018 | proxy.proxy, handle_switch, 140 | DEBUG | read b''
2021-05-04 22:28:38,789 | 3018 | proxy.proxy, handle_switch, 142 | DEBUG | no data from switch read
2021-05-04 22:28:38,790 | 3018 | proxy.proxy, handle_switch, 149 | INFO | Close the connection
2021-05-04 22:28:45,799 | 3018 | proxy.proxy, handle_switch, 134 | INFO | Client ('127.0.0.1', 63333) is connected
2021-05-04 22:28:45,801 | 3018 | proxy.proxy, handle_switch, 138 | DEBUG | waiting data ......
2021-05-04 22:28:45,801 | 3018 | proxy.proxy, handle_switch, 140 | DEBUG | read b'\x04\x00\x00\x10\x00\x00\x00\x18\x00\x01\x00\x08\x00\x00\x00\x10'
2021-05-04 22:28:45,802 | 3018 | proxy.proxy, set_switch_data, 40 | DEBUG | DataManager set data from switch b'\x04\x00\x00\x10\x00\x00\x00\x18\x00\x01\x00\x08\x00\x00\x00\x10'
2021-05-04 22:28:45,802 | 3018 | proxy.proxy, handle_switch, 138 | DEBUG | waiting data ......
2021-05-04 22:28:45,803 | 3018 | proxy.observable, notify_observers, 72 | DEBUG | notify data to observer: b'\x04\x00\x00\x10\x00\x00\x00\x18\x00\x01\x00\x08\x00\x00\x00\x10'
2021-05-04 22:28:45,803 | 3018 | api.observer, update, 34 | DEBUG | observed from observable: b'\x04\x00\x00\x10\x00\x00\x00\x18\x00\x01\x00\x08\x00\x00\x00\x10'
2021-05-04 22:28:46,802 | 3018 | proxy.proxy, handle_switch, 134 | INFO | Client ('127.0.0.1', 63333) is connected
2021-05-04 22:28:46,802 | 3018 | proxy.proxy, handle_switch, 138 | DEBUG | waiting data ......
2021-05-04 22:28:46,803 | 3018 | proxy.proxy, handle_switch, 140 | DEBUG | read b'\x04\x00\x00\x10\x00\x00\x00\x19\x00\x01\x00\x08\x00\x00\x00\x10'
2021-05-04 22:28:46,804 | 3018 | proxy.proxy, set_switch_data, 40 | DEBUG | DataManager set data from switch b'\x04\x00\x00\x10\x00\x00\x00\x19\x00\x01\x00\x08\x00\x00\x00\x10'
2021-05-04 22:28:46,805 | 3018 | proxy.proxy, handle_switch, 138 | DEBUG | waiting data ......
2021-05-04 22:28:46,805 | 3018 | proxy.observable, notify_observers, 72 | DEBUG | notify data to observer: b'\x04\x00\x00\x10\x00\x00\x00\x19\x00\x01\x00\x08\x00\x00\x00\x10'
2021-05-04 22:28:46,806 | 3018 | api.observer, update, 34 | DEBUG | observed from observable: b'\x04\x00\x00\x10\x00\x00\x00\x19\x00\x01\x00\x08\x00\x00\x00\x10'
2021-05-04 22:28:46,806 | 3018 | proxy.proxy, handle_switch, 134 | INFO | Client ('127.0.0.1', 63333) is connected
2021-05-04 22:28:46,806 | 3018 | proxy.proxy, handle_switch, 138 | DEBUG | waiting data ......
2021-05-04 22:28:46,807 | 3018 | proxy.proxy, handle_switch, 140 | DEBUG | read b'\x04\x00\x00\x10\x00\x00\x00\x1a\x00\x01\x00\x08\x00\x00\x00\x10'
2021-05-04 22:28:46,807 | 3018 | proxy.proxy, set_switch_data, 40 | DEBUG | DataManager set data from switch b'\x04\x00\x00\x10\x00\x00\x00\x1a\x00\x01\x00\x08\x00\x00\x00\x10'
2021-05-04 22:28:46,808 | 3018 | proxy.proxy, handle_switch, 138 | DEBUG | waiting data ......
2021-05-04 22:28:46,809 | 3018 | proxy.observable, notify_observers, 72 | DEBUG | notify data to observer: b'\x04\x00\x00\x10\x00\x00\x00\x1a\x00\x01\x00\x08\x00\x00\x00\x10'
2021-05-04 22:28:46,810 | 3018 | api.observer, update, 34 | DEBUG | observed from observable: b'\x04\x00\x00\x10\x00\x00\x00\x1a\x00\x01\x00\x08\x00\x00\x00\x10'
2021-05-04 22:28:53,816 | 3018 | proxy.proxy, handle_switch, 140 | DEBUG | read b''
2021-05-04 22:28:53,816 | 3018 | proxy.proxy, handle_switch, 142 | DEBUG | no data from switch read
2021-05-04 22:28:53,817 | 3018 | proxy.proxy, handle_switch, 149 | INFO | Close the connection
2021-05-04 22:28:54,819 | 3018 | proxy.proxy, handle_switch, 140 | DEBUG | read b''
2021-05-04 22:28:54,820 | 3018 | proxy.proxy, handle_switch, 142 | DEBUG | no data from switch read
2021-05-04 22:28:54,820 | 3018 | proxy.proxy, handle_switch, 149 | INFO | Close the connection
2021-05-04 22:28:54,822 | 3018 | proxy.proxy, handle_switch, 140 | DEBUG | read b''
2021-05-04 22:28:54,823 | 3018 | proxy.proxy, handle_switch, 142 | DEBUG | no data from switch read
2021-05-04 22:28:54,823 | 3018 | proxy.proxy, handle_switch, 149 | INFO | Close the connection
2021-05-04 22:29:01,832 | 3018 | proxy.proxy, handle_switch, 134 | INFO | Client ('127.0.0.1', 63333) is connected
2021-05-04 22:29:01,834 | 3018 | proxy.proxy, handle_switch, 138 | DEBUG | waiting data ......
2021-05-04 22:29:01,848 | 3018 | proxy.proxy, handle_switch, 140 | DEBUG | read b'\x04\x00\x00\x10\x00\x00\x00\x1b\x00\x01\x00\x08\x00\x00\x00\x10'
2021-05-04 22:29:01,849 | 3018 | proxy.proxy, set_switch_data, 40 | DEBUG | DataManager set data from switch b'\x04\x00\x00\x10\x00\x00\x00\x1b\x00\x01\x00\x08\x00\x00\x00\x10'
2021-05-04 22:29:01,849 | 3018 | proxy.proxy, handle_switch, 138 | DEBUG | waiting data ......
2021-05-04 22:29:01,850 | 3018 | proxy.observable, notify_observers, 72 | DEBUG | notify data to observer: b'\x04\x00\x00\x10\x00\x00\x00\x1b\x00\x01\x00\x08\x00\x00\x00\x10'
2021-05-04 22:29:01,850 | 3018 | api.observer, update, 34 | DEBUG | observed from observable: b'\x04\x00\x00\x10\x00\x00\x00\x1b\x00\x01\x00\x08\x00\x00\x00\x10'
2021-05-04 22:29:02,833 | 3018 | proxy.proxy, handle_switch, 134 | INFO | Client ('127.0.0.1', 63333) is connected
2021-05-04 22:29:02,834 | 3018 | proxy.proxy, handle_switch, 138 | DEBUG | waiting data ......
2021-05-04 22:29:02,835 | 3018 | proxy.proxy, handle_switch, 134 | INFO | Client ('127.0.0.1', 63333) is connected
2021-05-04 22:29:02,837 | 3018 | proxy.proxy, handle_switch, 138 | DEBUG | waiting data ......
2021-05-04 22:29:02,841 | 3018 | proxy.proxy, handle_switch, 140 | DEBUG | read b'\x04\x00\x00\x10\x00\x00\x00\x1c\x00\x01\x00\x08\x00\x00\x00\x10'
2021-05-04 22:29:02,843 | 3018 | proxy.proxy, set_switch_data, 40 | DEBUG | DataManager set data from switch b'\x04\x00\x00\x10\x00\x00\x00\x1c\x00\x01\x00\x08\x00\x00\x00\x10'
2021-05-04 22:29:02,843 | 3018 | proxy.proxy, handle_switch, 138 | DEBUG | waiting data ......
2021-05-04 22:29:02,844 | 3018 | proxy.proxy, handle_switch, 140 | DEBUG | read b'\x04\x00\x00\x10\x00\x00\x00\x1d\x00\x01\x00\x08\x00\x00\x00\x10'
2021-05-04 22:29:02,847 | 3018 | proxy.proxy, set_switch_data, 40 | DEBUG | DataManager set data from switch b'\x04\x00\x00\x10\x00\x00\x00\x1d\x00\x01\x00\x08\x00\x00\x00\x10'
2021-05-04 22:29:02,847 | 3018 | proxy.proxy, handle_switch, 138 | DEBUG | waiting data ......
2021-05-04 22:29:02,848 | 3018 | proxy.observable, notify_observers, 72 | DEBUG | notify data to observer: b'\x04\x00\x00\x10\x00\x00\x00\x1c\x00\x01\x00\x08\x00\x00\x00\x10'
2021-05-04 22:29:02,848 | 3018 | api.observer, update, 34 | DEBUG | observed from observable: b'\x04\x00\x00\x10\x00\x00\x00\x1c\x00\x01\x00\x08\x00\x00\x00\x10'
2021-05-04 22:29:02,849 | 3018 | proxy.observable, notify_observers, 72 | DEBUG | notify data to observer: b'\x04\x00\x00\x10\x00\x00\x00\x1d\x00\x01\x00\x08\x00\x00\x00\x10'
2021-05-04 22:29:02,849 | 3018 | api.observer, update, 34 | DEBUG | observed from observable: b'\x04\x00\x00\x10\x00\x00\x00\x1d\x00\x01\x00\x08\x00\x00\x00\x10'
2021-05-04 22:29:09,846 | 3018 | proxy.proxy, handle_switch, 140 | DEBUG | read b''
2021-05-04 22:29:09,847 | 3018 | proxy.proxy, handle_switch, 142 | DEBUG | no data from switch read
2021-05-04 22:29:09,848 | 3018 | proxy.proxy, handle_switch, 149 | INFO | Close the connection
2021-05-04 22:29:10,846 | 3018 | proxy.proxy, handle_switch, 140 | DEBUG | read b''
2021-05-04 22:29:10,847 | 3018 | proxy.proxy, handle_switch, 142 | DEBUG | no data from switch read
2021-05-04 22:29:10,847 | 3018 | proxy.proxy, handle_switch, 149 | INFO | Close the connection
2021-05-04 22:29:10,848 | 3018 | proxy.proxy, handle_switch, 140 | DEBUG | read b''
2021-05-04 22:29:10,849 | 3018 | proxy.proxy, handle_switch, 142 | DEBUG | no data from switch read
2021-05-04 22:29:10,849 | 3018 | proxy.proxy, handle_switch, 149 | INFO | Close the connection
2021-05-04 22:29:17,861 | 3018 | proxy.proxy, handle_switch, 134 | INFO | Client ('127.0.0.1', 63333) is connected
2021-05-04 22:29:17,863 | 3018 | proxy.proxy, handle_switch, 138 | DEBUG | waiting data ......
2021-05-04 22:29:17,864 | 3018 | proxy.proxy, handle_switch, 140 | DEBUG | read b'\x04\x00\x00\x10\x00\x00\x00\x1e\x00\x01\x00\x08\x00\x00\x00\x10'
2021-05-04 22:29:17,865 | 3018 | proxy.proxy, set_switch_data, 40 | DEBUG | DataManager set data from switch b'\x04\x00\x00\x10\x00\x00\x00\x1e\x00\x01\x00\x08\x00\x00\x00\x10'
2021-05-04 22:29:17,865 | 3018 | proxy.proxy, handle_switch, 138 | DEBUG | waiting data ......
2021-05-04 22:29:17,866 | 3018 | proxy.observable, notify_observers, 72 | DEBUG | notify data to observer: b'\x04\x00\x00\x10\x00\x00\x00\x1e\x00\x01\x00\x08\x00\x00\x00\x10'
2021-05-04 22:29:17,866 | 3018 | api.observer, update, 34 | DEBUG | observed from observable: b'\x04\x00\x00\x10\x00\x00\x00\x1e\x00\x01\x00\x08\x00\x00\x00\x10'
2021-05-04 22:29:18,862 | 3018 | proxy.proxy, handle_switch, 134 | INFO | Client ('127.0.0.1', 63333) is connected
2021-05-04 22:29:18,863 | 3018 | proxy.proxy, handle_switch, 138 | DEBUG | waiting data ......
2021-05-04 22:29:18,864 | 3018 | proxy.proxy, handle_switch, 140 | DEBUG | read b'\x04\x00\x00\x10\x00\x00\x00\x1f\x00\x01\x00\x08\x00\x00\x00\x10'
2021-05-04 22:29:18,865 | 3018 | proxy.proxy, set_switch_data, 40 | DEBUG | DataManager set data from switch b'\x04\x00\x00\x10\x00\x00\x00\x1f\x00\x01\x00\x08\x00\x00\x00\x10'
2021-05-04 22:29:18,865 | 3018 | proxy.proxy, handle_switch, 138 | DEBUG | waiting data ......
2021-05-04 22:29:18,866 | 3018 | proxy.observable, notify_observers, 72 | DEBUG | notify data to observer: b'\x04\x00\x00\x10\x00\x00\x00\x1f\x00\x01\x00\x08\x00\x00\x00\x10'
2021-05-04 22:29:18,866 | 3018 | api.observer, update, 34 | DEBUG | observed from observable: b'\x04\x00\x00\x10\x00\x00\x00\x1f\x00\x01\x00\x08\x00\x00\x00\x10'
2021-05-04 22:29:18,868 | 3018 | proxy.proxy, handle_switch, 134 | INFO | Client ('127.0.0.1', 63333) is connected
2021-05-04 22:29:18,869 | 3018 | proxy.proxy, handle_switch, 138 | DEBUG | waiting data ......
2021-05-04 22:29:18,870 | 3018 | proxy.proxy, handle_switch, 140 | DEBUG | read b'\x04\x00\x00\x10\x00\x00\x00 \x00\x01\x00\x08\x00\x00\x00\x10'
2021-05-04 22:29:18,870 | 3018 | proxy.proxy, set_switch_data, 40 | DEBUG | DataManager set data from switch b'\x04\x00\x00\x10\x00\x00\x00 \x00\x01\x00\x08\x00\x00\x00\x10'
2021-05-04 22:29:18,871 | 3018 | proxy.proxy, handle_switch, 138 | DEBUG | waiting data ......
2021-05-04 22:29:18,871 | 3018 | proxy.observable, notify_observers, 72 | DEBUG | notify data to observer: b'\x04\x00\x00\x10\x00\x00\x00 \x00\x01\x00\x08\x00\x00\x00\x10'
2021-05-04 22:29:18,872 | 3018 | api.observer, update, 34 | DEBUG | observed from observable: b'\x04\x00\x00\x10\x00\x00\x00 \x00\x01\x00\x08\x00\x00\x00\x10'
2021-05-04 22:29:25,874 | 3018 | proxy.proxy, handle_switch, 140 | DEBUG | read b''
2021-05-04 22:29:25,875 | 3018 | proxy.proxy, handle_switch, 142 | DEBUG | no data from switch read
2021-05-04 22:29:25,876 | 3018 | proxy.proxy, handle_switch, 149 | INFO | Close the connection
2021-05-04 22:29:26,876 | 3018 | proxy.proxy, handle_switch, 140 | DEBUG | read b''
2021-05-04 22:29:26,877 | 3018 | proxy.proxy, handle_switch, 142 | DEBUG | no data from switch read
2021-05-04 22:29:26,877 | 3018 | proxy.proxy, handle_switch, 149 | INFO | Close the connection
2021-05-04 22:29:26,878 | 3018 | proxy.proxy, handle_switch, 140 | DEBUG | read b''
2021-05-04 22:29:26,879 | 3018 | proxy.proxy, handle_switch, 142 | DEBUG | no data from switch read
2021-05-04 22:29:26,880 | 3018 | proxy.proxy, handle_switch, 149 | INFO | Close the connection
2021-05-04 22:29:33,890 | 3018 | proxy.proxy, handle_switch, 134 | INFO | Client ('127.0.0.1', 63333) is connected
2021-05-04 22:29:33,891 | 3018 | proxy.proxy, handle_switch, 138 | DEBUG | waiting data ......
2021-05-04 22:29:33,892 | 3018 | proxy.proxy, handle_switch, 140 | DEBUG | read b'\x04\x00\x00\x10\x00\x00\x00!\x00\x01\x00\x08\x00\x00\x00\x10'
2021-05-04 22:29:33,893 | 3018 | proxy.proxy, set_switch_data, 40 | DEBUG | DataManager set data from switch b'\x04\x00\x00\x10\x00\x00\x00!\x00\x01\x00\x08\x00\x00\x00\x10'
2021-05-04 22:29:33,894 | 3018 | proxy.proxy, handle_switch, 138 | DEBUG | waiting data ......
2021-05-04 22:29:33,896 | 3018 | proxy.observable, notify_observers, 72 | DEBUG | notify data to observer: b'\x04\x00\x00\x10\x00\x00\x00!\x00\x01\x00\x08\x00\x00\x00\x10'
2021-05-04 22:29:33,897 | 3018 | api.observer, update, 34 | DEBUG | observed from observable: b'\x04\x00\x00\x10\x00\x00\x00!\x00\x01\x00\x08\x00\x00\x00\x10'
2021-05-04 22:29:34,892 | 3018 | proxy.proxy, handle_switch, 134 | INFO | Client ('127.0.0.1', 63333) is connected
2021-05-04 22:29:34,893 | 3018 | proxy.proxy, handle_switch, 138 | DEBUG | waiting data ......
2021-05-04 22:29:34,895 | 3018 | proxy.proxy, handle_switch, 134 | INFO | Client ('127.0.0.1', 63333) is connected
2021-05-04 22:29:34,896 | 3018 | proxy.proxy, handle_switch, 138 | DEBUG | waiting data ......
2021-05-04 22:29:34,903 | 3018 | proxy.proxy, handle_switch, 140 | DEBUG | read b'\x04\x00\x00\x10\x00\x00\x00"\x00\x01\x00\x08\x00\x00\x00\x10'
2021-05-04 22:29:34,913 | 3018 | proxy.proxy, set_switch_data, 40 | DEBUG | DataManager set data from switch b'\x04\x00\x00\x10\x00\x00\x00"\x00\x01\x00\x08\x00\x00\x00\x10'
2021-05-04 22:29:34,914 | 3018 | proxy.proxy, handle_switch, 138 | DEBUG | waiting data ......
2021-05-04 22:29:34,915 | 3018 | proxy.proxy, handle_switch, 140 | DEBUG | read b'\x04\x00\x00\x10\x00\x00\x00#\x00\x01\x00\x08\x00\x00\x00\x10'
2021-05-04 22:29:34,916 | 3018 | proxy.proxy, set_switch_data, 40 | DEBUG | DataManager set data from switch b'\x04\x00\x00\x10\x00\x00\x00#\x00\x01\x00\x08\x00\x00\x00\x10'
2021-05-04 22:29:34,917 | 3018 | proxy.proxy, handle_switch, 138 | DEBUG | waiting data ......
2021-05-04 22:29:34,921 | 3018 | proxy.observable, notify_observers, 72 | DEBUG | notify data to observer: b'\x04\x00\x00\x10\x00\x00\x00"\x00\x01\x00\x08\x00\x00\x00\x10'
2021-05-04 22:29:34,922 | 3018 | api.observer, update, 34 | DEBUG | observed from observable: b'\x04\x00\x00\x10\x00\x00\x00"\x00\x01\x00\x08\x00\x00\x00\x10'
2021-05-04 22:29:34,922 | 3018 | proxy.observable, notify_observers, 72 | DEBUG | notify data to observer: b'\x04\x00\x00\x10\x00\x00\x00#\x00\x01\x00\x08\x00\x00\x00\x10'
2021-05-04 22:29:34,922 | 3018 | api.observer, update, 34 | DEBUG | observed from observable: b'\x04\x00\x00\x10\x00\x00\x00#\x00\x01\x00\x08\x00\x00\x00\x10'
2021-05-04 22:29:41,907 | 3018 | proxy.proxy, handle_switch, 140 | DEBUG | read b''
2021-05-04 22:29:41,908 | 3018 | proxy.proxy, handle_switch, 142 | DEBUG | no data from switch read
2021-05-04 22:29:41,908 | 3018 | proxy.proxy, handle_switch, 149 | INFO | Close the connection
2021-05-04 22:29:42,909 | 3018 | proxy.proxy, handle_switch, 140 | DEBUG | read b''
2021-05-04 22:29:42,910 | 3018 | proxy.proxy, handle_switch, 142 | DEBUG | no data from switch read
2021-05-04 22:29:42,911 | 3018 | proxy.proxy, handle_switch, 149 | INFO | Close the connection
2021-05-04 22:29:42,912 | 3018 | proxy.proxy, handle_switch, 140 | DEBUG | read b''
2021-05-04 22:29:42,912 | 3018 | proxy.proxy, handle_switch, 142 | DEBUG | no data from switch read
2021-05-04 22:29:42,913 | 3018 | proxy.proxy, handle_switch, 149 | INFO | Close the connection
2021-05-04 22:29:49,922 | 3018 | proxy.proxy, handle_switch, 134 | INFO | Client ('127.0.0.1', 63333) is connected
2021-05-04 22:29:49,922 | 3018 | proxy.proxy, handle_switch, 138 | DEBUG | waiting data ......
2021-05-04 22:29:49,923 | 3018 | proxy.proxy, handle_switch, 140 | DEBUG | read b'\x04\x00\x00\x10\x00\x00\x00$\x00\x01\x00\x08\x00\x00\x00\x10'
2021-05-04 22:29:49,923 | 3018 | proxy.proxy, set_switch_data, 40 | DEBUG | DataManager set data from switch b'\x04\x00\x00\x10\x00\x00\x00$\x00\x01\x00\x08\x00\x00\x00\x10'
2021-05-04 22:29:49,924 | 3018 | proxy.proxy, handle_switch, 138 | DEBUG | waiting data ......
2021-05-04 22:29:49,924 | 3018 | proxy.observable, notify_observers, 72 | DEBUG | notify data to observer: b'\x04\x00\x00\x10\x00\x00\x00$\x00\x01\x00\x08\x00\x00\x00\x10'
2021-05-04 22:29:49,925 | 3018 | api.observer, update, 34 | DEBUG | observed from observable: b'\x04\x00\x00\x10\x00\x00\x00$\x00\x01\x00\x08\x00\x00\x00\x10'
2021-05-04 22:29:50,926 | 3018 | proxy.proxy, handle_switch, 134 | INFO | Client ('127.0.0.1', 63333) is connected
2021-05-04 22:29:50,929 | 3018 | proxy.proxy, handle_switch, 138 | DEBUG | waiting data ......
2021-05-04 22:29:50,930 | 3018 | proxy.proxy, handle_switch, 134 | INFO | Client ('127.0.0.1', 63333) is connected
2021-05-04 22:29:50,932 | 3018 | proxy.proxy, handle_switch, 138 | DEBUG | waiting data ......
2021-05-04 22:29:50,985 | 3018 | proxy.proxy, handle_switch, 140 | DEBUG | read b'\x04\x00\x00\x10\x00\x00\x00%\x00\x01\x00\x08\x00\x00\x00\x10'
2021-05-04 22:29:50,987 | 3018 | proxy.proxy, set_switch_data, 40 | DEBUG | DataManager set data from switch b'\x04\x00\x00\x10\x00\x00\x00%\x00\x01\x00\x08\x00\x00\x00\x10'
2021-05-04 22:29:51,005 | 3018 | proxy.proxy, handle_switch, 138 | DEBUG | waiting data ......
2021-05-04 22:29:51,008 | 3018 | proxy.proxy, handle_switch, 140 | DEBUG | read b'\x04\x00\x00\x10\x00\x00\x00&\x00\x01\x00\x08\x00\x00\x00\x10'
2021-05-04 22:29:51,010 | 3018 | proxy.proxy, set_switch_data, 40 | DEBUG | DataManager set data from switch b'\x04\x00\x00\x10\x00\x00\x00&\x00\x01\x00\x08\x00\x00\x00\x10'
2021-05-04 22:29:51,014 | 3018 | proxy.proxy, handle_switch, 138 | DEBUG | waiting data ......
2021-05-04 22:29:51,017 | 3018 | proxy.observable, notify_observers, 72 | DEBUG | notify data to observer: b'\x04\x00\x00\x10\x00\x00\x00%\x00\x01\x00\x08\x00\x00\x00\x10'
2021-05-04 22:29:51,043 | 3018 | api.observer, update, 34 | DEBUG | observed from observable: b'\x04\x00\x00\x10\x00\x00\x00%\x00\x01\x00\x08\x00\x00\x00\x10'
2021-05-04 22:29:51,044 | 3018 | proxy.observable, notify_observers, 72 | DEBUG | notify data to observer: b'\x04\x00\x00\x10\x00\x00\x00&\x00\x01\x00\x08\x00\x00\x00\x10'
2021-05-04 22:29:51,047 | 3018 | api.observer, update, 34 | DEBUG | observed from observable: b'\x04\x00\x00\x10\x00\x00\x00&\x00\x01\x00\x08\x00\x00\x00\x10'
2021-05-04 22:29:57,941 | 3018 | proxy.proxy, handle_switch, 140 | DEBUG | read b''
2021-05-04 22:29:57,943 | 3018 | proxy.proxy, handle_switch, 142 | DEBUG | no data from switch read
2021-05-04 22:29:57,945 | 3018 | proxy.proxy, handle_switch, 149 | INFO | Close the connection
2021-05-04 22:29:58,942 | 3018 | proxy.proxy, handle_switch, 140 | DEBUG | read b''
2021-05-04 22:29:58,943 | 3018 | proxy.proxy, handle_switch, 142 | DEBUG | no data from switch read
2021-05-04 22:29:58,943 | 3018 | proxy.proxy, handle_switch, 149 | INFO | Close the connection
2021-05-04 22:29:58,944 | 3018 | proxy.proxy, handle_switch, 140 | DEBUG | read b''
2021-05-04 22:29:58,945 | 3018 | proxy.proxy, handle_switch, 142 | DEBUG | no data from switch read
2021-05-04 22:29:58,946 | 3018 | proxy.proxy, handle_switch, 149 | INFO | Close the connection
2021-05-04 22:30:05,955 | 3018 | proxy.proxy, handle_switch, 134 | INFO | Client ('127.0.0.1', 63333) is connected
2021-05-04 22:30:05,956 | 3018 | proxy.proxy, handle_switch, 138 | DEBUG | waiting data ......
2021-05-04 22:30:05,956 | 3018 | proxy.proxy, handle_switch, 140 | DEBUG | read b"\x04\x00\x00\x10\x00\x00\x00'\x00\x01\x00\x08\x00\x00\x00\x10"
2021-05-04 22:30:05,957 | 3018 | proxy.proxy, set_switch_data, 40 | DEBUG | DataManager set data from switch b"\x04\x00\x00\x10\x00\x00\x00'\x00\x01\x00\x08\x00\x00\x00\x10"
2021-05-04 22:30:05,957 | 3018 | proxy.proxy, handle_switch, 138 | DEBUG | waiting data ......
2021-05-04 22:30:05,958 | 3018 | proxy.observable, notify_observers, 72 | DEBUG | notify data to observer: b"\x04\x00\x00\x10\x00\x00\x00'\x00\x01\x00\x08\x00\x00\x00\x10"
2021-05-04 22:30:05,959 | 3018 | api.observer, update, 34 | DEBUG | observed from observable: b"\x04\x00\x00\x10\x00\x00\x00'\x00\x01\x00\x08\x00\x00\x00\x10"
2021-05-04 22:30:06,958 | 3018 | proxy.proxy, handle_switch, 134 | INFO | Client ('127.0.0.1', 63333) is connected
2021-05-04 22:30:06,958 | 3018 | proxy.proxy, handle_switch, 138 | DEBUG | waiting data ......
2021-05-04 22:30:06,959 | 3018 | proxy.proxy, handle_switch, 134 | INFO | Client ('127.0.0.1', 63333) is connected
2021-05-04 22:30:06,959 | 3018 | proxy.proxy, handle_switch, 138 | DEBUG | waiting data ......
2021-05-04 22:30:06,960 | 3018 | proxy.proxy, handle_switch, 140 | DEBUG | read b'\x04\x00\x00\x10\x00\x00\x00(\x00\x01\x00\x08\x00\x00\x00\x10'
2021-05-04 22:30:06,960 | 3018 | proxy.proxy, set_switch_data, 40 | DEBUG | DataManager set data from switch b'\x04\x00\x00\x10\x00\x00\x00(\x00\x01\x00\x08\x00\x00\x00\x10'
2021-05-04 22:30:06,961 | 3018 | proxy.proxy, handle_switch, 138 | DEBUG | waiting data ......
2021-05-04 22:30:06,961 | 3018 | proxy.proxy, handle_switch, 140 | DEBUG | read b'\x04\x00\x00\x10\x00\x00\x00)\x00\x01\x00\x08\x00\x00\x00\x10'
2021-05-04 22:30:06,961 | 3018 | proxy.proxy, set_switch_data, 40 | DEBUG | DataManager set data from switch b'\x04\x00\x00\x10\x00\x00\x00)\x00\x01\x00\x08\x00\x00\x00\x10'
2021-05-04 22:30:06,962 | 3018 | proxy.proxy, handle_switch, 138 | DEBUG | waiting data ......
2021-05-04 22:30:06,962 | 3018 | proxy.observable, notify_observers, 72 | DEBUG | notify data to observer: b'\x04\x00\x00\x10\x00\x00\x00(\x00\x01\x00\x08\x00\x00\x00\x10'
2021-05-04 22:30:06,963 | 3018 | api.observer, update, 34 | DEBUG | observed from observable: b'\x04\x00\x00\x10\x00\x00\x00(\x00\x01\x00\x08\x00\x00\x00\x10'
2021-05-04 22:30:06,963 | 3018 | proxy.observable, notify_observers, 72 | DEBUG | notify data to observer: b'\x04\x00\x00\x10\x00\x00\x00)\x00\x01\x00\x08\x00\x00\x00\x10'
2021-05-04 22:30:06,963 | 3018 | api.observer, update, 34 | DEBUG | observed from observable: b'\x04\x00\x00\x10\x00\x00\x00)\x00\x01\x00\x08\x00\x00\x00\x10'
2021-05-04 22:30:13,966 | 3018 | proxy.proxy, handle_switch, 140 | DEBUG | read b''
2021-05-04 22:30:13,967 | 3018 | proxy.proxy, handle_switch, 142 | DEBUG | no data from switch read
2021-05-04 22:30:13,967 | 3018 | proxy.proxy, handle_switch, 149 | INFO | Close the connection
2021-05-04 22:30:14,968 | 3018 | proxy.proxy, handle_switch, 140 | DEBUG | read b''
2021-05-04 22:30:14,969 | 3018 | proxy.proxy, handle_switch, 142 | DEBUG | no data from switch read
2021-05-04 22:30:14,969 | 3018 | proxy.proxy, handle_switch, 149 | INFO | Close the connection
2021-05-04 22:30:14,970 | 3018 | proxy.proxy, handle_switch, 140 | DEBUG | read b''
2021-05-04 22:30:14,970 | 3018 | proxy.proxy, handle_switch, 142 | DEBUG | no data from switch read
2021-05-04 22:30:14,971 | 3018 | proxy.proxy, handle_switch, 149 | INFO | Close the connection
2021-05-04 22:30:21,977 | 3018 | proxy.proxy, handle_switch, 134 | INFO | Client ('127.0.0.1', 63333) is connected
2021-05-04 22:30:21,978 | 3018 | proxy.proxy, handle_switch, 138 | DEBUG | waiting data ......
2021-05-04 22:30:21,978 | 3018 | proxy.proxy, handle_switch, 140 | DEBUG | read b'\x04\x00\x00\x10\x00\x00\x00*\x00\x01\x00\x08\x00\x00\x00\x10'
2021-05-04 22:30:21,979 | 3018 | proxy.proxy, set_switch_data, 40 | DEBUG | DataManager set data from switch b'\x04\x00\x00\x10\x00\x00\x00*\x00\x01\x00\x08\x00\x00\x00\x10'
2021-05-04 22:30:21,980 | 3018 | proxy.proxy, handle_switch, 138 | DEBUG | waiting data ......
2021-05-04 22:30:21,980 | 3018 | proxy.observable, notify_observers, 72 | DEBUG | notify data to observer: b'\x04\x00\x00\x10\x00\x00\x00*\x00\x01\x00\x08\x00\x00\x00\x10'
2021-05-04 22:30:21,981 | 3018 | api.observer, update, 34 | DEBUG | observed from observable: b'\x04\x00\x00\x10\x00\x00\x00*\x00\x01\x00\x08\x00\x00\x00\x10'
2021-05-04 22:30:22,979 | 3018 | proxy.proxy, handle_switch, 134 | INFO | Client ('127.0.0.1', 63333) is connected
2021-05-04 22:30:22,980 | 3018 | proxy.proxy, handle_switch, 138 | DEBUG | waiting data ......
2021-05-04 22:30:22,981 | 3018 | proxy.proxy, handle_switch, 140 | DEBUG | read b'\x04\x00\x00\x10\x00\x00\x00+\x00\x01\x00\x08\x00\x00\x00\x10'
2021-05-04 22:30:22,982 | 3018 | proxy.proxy, set_switch_data, 40 | DEBUG | DataManager set data from switch b'\x04\x00\x00\x10\x00\x00\x00+\x00\x01\x00\x08\x00\x00\x00\x10'
2021-05-04 22:30:22,983 | 3018 | proxy.proxy, handle_switch, 138 | DEBUG | waiting data ......
2021-05-04 22:30:22,983 | 3018 | proxy.observable, notify_observers, 72 | DEBUG | notify data to observer: b'\x04\x00\x00\x10\x00\x00\x00+\x00\x01\x00\x08\x00\x00\x00\x10'
2021-05-04 22:30:22,984 | 3018 | api.observer, update, 34 | DEBUG | observed from observable: b'\x04\x00\x00\x10\x00\x00\x00+\x00\x01\x00\x08\x00\x00\x00\x10'
2021-05-04 22:30:22,984 | 3018 | proxy.proxy, handle_switch, 134 | INFO | Client ('127.0.0.1', 63333) is connected
2021-05-04 22:30:22,985 | 3018 | proxy.proxy, handle_switch, 138 | DEBUG | waiting data ......
2021-05-04 22:30:22,985 | 3018 | proxy.proxy, handle_switch, 140 | DEBUG | read b'\x04\x00\x00\x10\x00\x00\x00,\x00\x01\x00\x08\x00\x00\x00\x10'
2021-05-04 22:30:22,986 | 3018 | proxy.proxy, set_switch_data, 40 | DEBUG | DataManager set data from switch b'\x04\x00\x00\x10\x00\x00\x00,\x00\x01\x00\x08\x00\x00\x00\x10'
2021-05-04 22:30:22,987 | 3018 | proxy.proxy, handle_switch, 138 | DEBUG | waiting data ......
2021-05-04 22:30:22,988 | 3018 | proxy.observable, notify_observers, 72 | DEBUG | notify data to observer: b'\x04\x00\x00\x10\x00\x00\x00,\x00\x01\x00\x08\x00\x00\x00\x10'
2021-05-04 22:30:22,988 | 3018 | api.observer, update, 34 | DEBUG | observed from observable: b'\x04\x00\x00\x10\x00\x00\x00,\x00\x01\x00\x08\x00\x00\x00\x10'
2021-05-04 22:30:29,992 | 3018 | proxy.proxy, handle_switch, 140 | DEBUG | read b''
2021-05-04 22:30:29,993 | 3018 | proxy.proxy, handle_switch, 142 | DEBUG | no data from switch read
2021-05-04 22:30:29,994 | 3018 | proxy.proxy, handle_switch, 149 | INFO | Close the connection
2021-05-04 22:30:30,994 | 3018 | proxy.proxy, handle_switch, 140 | DEBUG | read b''
2021-05-04 22:30:30,994 | 3018 | proxy.proxy, handle_switch, 142 | DEBUG | no data from switch read
2021-05-04 22:30:30,995 | 3018 | proxy.proxy, handle_switch, 149 | INFO | Close the connection
2021-05-04 22:30:30,996 | 3018 | proxy.proxy, handle_switch, 140 | DEBUG | read b''
2021-05-04 22:30:30,996 | 3018 | proxy.proxy, handle_switch, 142 | DEBUG | no data from switch read
2021-05-04 22:30:30,997 | 3018 | proxy.proxy, handle_switch, 149 | INFO | Close the connection
2021-05-04 22:30:38,006 | 3018 | proxy.proxy, handle_switch, 134 | INFO | Client ('127.0.0.1', 63333) is connected
2021-05-04 22:30:38,007 | 3018 | proxy.proxy, handle_switch, 138 | DEBUG | waiting data ......
2021-05-04 22:30:38,008 | 3018 | proxy.proxy, handle_switch, 140 | DEBUG | read b'\x04\x00\x00\x10\x00\x00\x00-\x00\x01\x00\x08\x00\x00\x00\x10'
2021-05-04 22:30:38,008 | 3018 | proxy.proxy, set_switch_data, 40 | DEBUG | DataManager set data from switch b'\x04\x00\x00\x10\x00\x00\x00-\x00\x01\x00\x08\x00\x00\x00\x10'
2021-05-04 22:30:38,009 | 3018 | proxy.proxy, handle_switch, 138 | DEBUG | waiting data ......
2021-05-04 22:30:38,009 | 3018 | proxy.observable, notify_observers, 72 | DEBUG | notify data to observer: b'\x04\x00\x00\x10\x00\x00\x00-\x00\x01\x00\x08\x00\x00\x00\x10'
2021-05-04 22:30:38,010 | 3018 | api.observer, update, 34 | DEBUG | observed from observable: b'\x04\x00\x00\x10\x00\x00\x00-\x00\x01\x00\x08\x00\x00\x00\x10'
2021-05-04 22:30:38,998 | 3018 | proxy.proxy, handle_switch, 134 | INFO | Client ('127.0.0.1', 63333) is connected
2021-05-04 22:30:38,999 | 3018 | proxy.proxy, handle_switch, 138 | DEBUG | waiting data ......
2021-05-04 22:30:38,999 | 3018 | proxy.proxy, handle_switch, 140 | DEBUG | read b'\x04\x00\x00\x10\x00\x00\x00.\x00\x01\x00\x08\x00\x00\x00\x10'
2021-05-04 22:30:39,000 | 3018 | proxy.proxy, set_switch_data, 40 | DEBUG | DataManager set data from switch b'\x04\x00\x00\x10\x00\x00\x00.\x00\x01\x00\x08\x00\x00\x00\x10'
2021-05-04 22:30:39,001 | 3018 | proxy.proxy, handle_switch, 138 | DEBUG | waiting data ......
2021-05-04 22:30:39,001 | 3018 | proxy.observable, notify_observers, 72 | DEBUG | notify data to observer: b'\x04\x00\x00\x10\x00\x00\x00.\x00\x01\x00\x08\x00\x00\x00\x10'
2021-05-04 22:30:39,001 | 3018 | api.observer, update, 34 | DEBUG | observed from observable: b'\x04\x00\x00\x10\x00\x00\x00.\x00\x01\x00\x08\x00\x00\x00\x10'
2021-05-04 22:30:39,003 | 3018 | proxy.proxy, handle_switch, 134 | INFO | Client ('127.0.0.1', 63333) is connected
2021-05-04 22:30:39,004 | 3018 | proxy.proxy, handle_switch, 138 | DEBUG | waiting data ......
2021-05-04 22:30:39,004 | 3018 | proxy.proxy, handle_switch, 140 | DEBUG | read b'\x04\x00\x00\x10\x00\x00\x00/\x00\x01\x00\x08\x00\x00\x00\x10'
2021-05-04 22:30:39,005 | 3018 | proxy.proxy, set_switch_data, 40 | DEBUG | DataManager set data from switch b'\x04\x00\x00\x10\x00\x00\x00/\x00\x01\x00\x08\x00\x00\x00\x10'
2021-05-04 22:30:39,006 | 3018 | proxy.proxy, handle_switch, 138 | DEBUG | waiting data ......
2021-05-04 22:30:39,006 | 3018 | proxy.observable, notify_observers, 72 | DEBUG | notify data to observer: b'\x04\x00\x00\x10\x00\x00\x00/\x00\x01\x00\x08\x00\x00\x00\x10'
2021-05-04 22:30:39,007 | 3018 | api.observer, update, 34 | DEBUG | observed from observable: b'\x04\x00\x00\x10\x00\x00\x00/\x00\x01\x00\x08\x00\x00\x00\x10'
2021-05-04 22:30:46,016 | 3018 | proxy.proxy, handle_switch, 140 | DEBUG | read b''
2021-05-04 22:30:46,017 | 3018 | proxy.proxy, handle_switch, 142 | DEBUG | no data from switch read
2021-05-04 22:30:46,017 | 3018 | proxy.proxy, handle_switch, 149 | INFO | Close the connection
2021-05-04 22:30:47,017 | 3018 | proxy.proxy, handle_switch, 140 | DEBUG | read b''
2021-05-04 22:30:47,018 | 3018 | proxy.proxy, handle_switch, 142 | DEBUG | no data from switch read
2021-05-04 22:30:47,018 | 3018 | proxy.proxy, handle_switch, 149 | INFO | Close the connection
2021-05-04 22:30:47,019 | 3018 | proxy.proxy, handle_switch, 140 | DEBUG | read b''
2021-05-04 22:30:47,019 | 3018 | proxy.proxy, handle_switch, 142 | DEBUG | no data from switch read
2021-05-04 22:30:47,019 | 3018 | proxy.proxy, handle_switch, 149 | INFO | Close the connection
2021-05-04 22:30:54,034 | 3018 | proxy.proxy, handle_switch, 134 | INFO | Client ('127.0.0.1', 63333) is connected
2021-05-04 22:30:54,038 | 3018 | proxy.proxy, handle_switch, 138 | DEBUG | waiting data ......
2021-05-04 22:30:54,044 | 3018 | proxy.proxy, handle_switch, 140 | DEBUG | read b'\x04\x00\x00\x10\x00\x00\x000\x00\x01\x00\x08\x00\x00\x00\x10'
2021-05-04 22:30:54,045 | 3018 | proxy.proxy, set_switch_data, 40 | DEBUG | DataManager set data from switch b'\x04\x00\x00\x10\x00\x00\x000\x00\x01\x00\x08\x00\x00\x00\x10'
2021-05-04 22:30:54,051 | 3018 | proxy.proxy, handle_switch, 138 | DEBUG | waiting data ......
2021-05-04 22:30:54,053 | 3018 | proxy.observable, notify_observers, 72 | DEBUG | notify data to observer: b'\x04\x00\x00\x10\x00\x00\x000\x00\x01\x00\x08\x00\x00\x00\x10'
2021-05-04 22:30:54,055 | 3018 | api.observer, update, 34 | DEBUG | observed from observable: b'\x04\x00\x00\x10\x00\x00\x000\x00\x01\x00\x08\x00\x00\x00\x10'
2021-05-04 22:30:55,035 | 3018 | proxy.proxy, handle_switch, 134 | INFO | Client ('127.0.0.1', 63333) is connected
2021-05-04 22:30:55,035 | 3018 | proxy.proxy, handle_switch, 138 | DEBUG | waiting data ......
2021-05-04 22:30:55,036 | 3018 | proxy.proxy, handle_switch, 140 | DEBUG | read b'\x04\x00\x00\x10\x00\x00\x001\x00\x01\x00\x08\x00\x00\x00\x10'
2021-05-04 22:30:55,036 | 3018 | proxy.proxy, set_switch_data, 40 | DEBUG | DataManager set data from switch b'\x04\x00\x00\x10\x00\x00\x001\x00\x01\x00\x08\x00\x00\x00\x10'
2021-05-04 22:30:55,037 | 3018 | proxy.proxy, handle_switch, 138 | DEBUG | waiting data ......
2021-05-04 22:30:55,037 | 3018 | proxy.observable, notify_observers, 72 | DEBUG | notify data to observer: b'\x04\x00\x00\x10\x00\x00\x001\x00\x01\x00\x08\x00\x00\x00\x10'
2021-05-04 22:30:55,037 | 3018 | api.observer, update, 34 | DEBUG | observed from observable: b'\x04\x00\x00\x10\x00\x00\x001\x00\x01\x00\x08\x00\x00\x00\x10'
2021-05-04 22:30:55,038 | 3018 | proxy.proxy, handle_switch, 134 | INFO | Client ('127.0.0.1', 63333) is connected
2021-05-04 22:30:55,039 | 3018 | proxy.proxy, handle_switch, 138 | DEBUG | waiting data ......
2021-05-04 22:30:55,039 | 3018 | proxy.proxy, handle_switch, 140 | DEBUG | read b'\x04\x00\x00\x10\x00\x00\x002\x00\x01\x00\x08\x00\x00\x00\x10'
2021-05-04 22:30:55,040 | 3018 | proxy.proxy, set_switch_data, 40 | DEBUG | DataManager set data from switch b'\x04\x00\x00\x10\x00\x00\x002\x00\x01\x00\x08\x00\x00\x00\x10'
2021-05-04 22:30:55,041 | 3018 | proxy.proxy, handle_switch, 138 | DEBUG | waiting data ......
2021-05-04 22:30:55,042 | 3018 | proxy.observable, notify_observers, 72 | DEBUG | notify data to observer: b'\x04\x00\x00\x10\x00\x00\x002\x00\x01\x00\x08\x00\x00\x00\x10'
2021-05-04 22:30:55,043 | 3018 | api.observer, update, 34 | DEBUG | observed from observable: b'\x04\x00\x00\x10\x00\x00\x002\x00\x01\x00\x08\x00\x00\x00\x10'
2021-05-04 22:31:02,045 | 3018 | proxy.proxy, handle_switch, 140 | DEBUG | read b''
2021-05-04 22:31:02,046 | 3018 | proxy.proxy, handle_switch, 142 | DEBUG | no data from switch read
2021-05-04 22:31:02,046 | 3018 | proxy.proxy, handle_switch, 149 | INFO | Close the connection
2021-05-04 22:31:03,046 | 3018 | proxy.proxy, handle_switch, 140 | DEBUG | read b''
2021-05-04 22:31:03,046 | 3018 | proxy.proxy, handle_switch, 142 | DEBUG | no data from switch read
2021-05-04 22:31:03,047 | 3018 | proxy.proxy, handle_switch, 149 | INFO | Close the connection
2021-05-04 22:31:03,048 | 3018 | proxy.proxy, handle_switch, 140 | DEBUG | read b''
2021-05-04 22:31:03,049 | 3018 | proxy.proxy, handle_switch, 142 | DEBUG | no data from switch read
2021-05-04 22:31:03,050 | 3018 | proxy.proxy, handle_switch, 149 | INFO | Close the connection
2021-05-04 22:31:10,060 | 3018 | proxy.proxy, handle_switch, 134 | INFO | Client ('127.0.0.1', 63333) is connected
2021-05-04 22:31:10,061 | 3018 | proxy.proxy, handle_switch, 138 | DEBUG | waiting data ......
2021-05-04 22:31:10,061 | 3018 | proxy.proxy, handle_switch, 140 | DEBUG | read b'\x04\x00\x00\x10\x00\x00\x003\x00\x01\x00\x08\x00\x00\x00\x10'
2021-05-04 22:31:10,063 | 3018 | proxy.proxy, set_switch_data, 40 | DEBUG | DataManager set data from switch b'\x04\x00\x00\x10\x00\x00\x003\x00\x01\x00\x08\x00\x00\x00\x10'
2021-05-04 22:31:10,064 | 3018 | proxy.proxy, handle_switch, 138 | DEBUG | waiting data ......
2021-05-04 22:31:10,065 | 3018 | proxy.observable, notify_observers, 72 | DEBUG | notify data to observer: b'\x04\x00\x00\x10\x00\x00\x003\x00\x01\x00\x08\x00\x00\x00\x10'
2021-05-04 22:31:10,066 | 3018 | api.observer, update, 34 | DEBUG | observed from observable: b'\x04\x00\x00\x10\x00\x00\x003\x00\x01\x00\x08\x00\x00\x00\x10'
2021-05-04 22:31:11,061 | 3018 | proxy.proxy, handle_switch, 134 | INFO | Client ('127.0.0.1', 63333) is connected
2021-05-04 22:31:11,062 | 3018 | proxy.proxy, handle_switch, 138 | DEBUG | waiting data ......
2021-05-04 22:31:11,063 | 3018 | proxy.proxy, handle_switch, 140 | DEBUG | read b'\x04\x00\x00\x10\x00\x00\x004\x00\x01\x00\x08\x00\x00\x00\x10'
2021-05-04 22:31:11,063 | 3018 | proxy.proxy, set_switch_data, 40 | DEBUG | DataManager set data from switch b'\x04\x00\x00\x10\x00\x00\x004\x00\x01\x00\x08\x00\x00\x00\x10'
2021-05-04 22:31:11,064 | 3018 | proxy.proxy, handle_switch, 138 | DEBUG | waiting data ......
2021-05-04 22:31:11,065 | 3018 | proxy.observable, notify_observers, 72 | DEBUG | notify data to observer: b'\x04\x00\x00\x10\x00\x00\x004\x00\x01\x00\x08\x00\x00\x00\x10'
2021-05-04 22:31:11,066 | 3018 | api.observer, update, 34 | DEBUG | observed from observable: b'\x04\x00\x00\x10\x00\x00\x004\x00\x01\x00\x08\x00\x00\x00\x10'
2021-05-04 22:31:11,067 | 3018 | proxy.proxy, handle_switch, 134 | INFO | Client ('127.0.0.1', 63333) is connected
2021-05-04 22:31:11,067 | 3018 | proxy.proxy, handle_switch, 138 | DEBUG | waiting data ......
2021-05-04 22:31:11,068 | 3018 | proxy.proxy, handle_switch, 140 | DEBUG | read b'\x04\x00\x00\x10\x00\x00\x005\x00\x01\x00\x08\x00\x00\x00\x10'
2021-05-04 22:31:11,068 | 3018 | proxy.proxy, set_switch_data, 40 | DEBUG | DataManager set data from switch b'\x04\x00\x00\x10\x00\x00\x005\x00\x01\x00\x08\x00\x00\x00\x10'
2021-05-04 22:31:11,069 | 3018 | proxy.proxy, handle_switch, 138 | DEBUG | waiting data ......
2021-05-04 22:31:11,070 | 3018 | proxy.observable, notify_observers, 72 | DEBUG | notify data to observer: b'\x04\x00\x00\x10\x00\x00\x005\x00\x01\x00\x08\x00\x00\x00\x10'
2021-05-04 22:31:11,070 | 3018 | api.observer, update, 34 | DEBUG | observed from observable: b'\x04\x00\x00\x10\x00\x00\x005\x00\x01\x00\x08\x00\x00\x00\x10'
2021-05-04 22:31:13,434 | 3018 | proxy.proxy, handle_switch, 140 | DEBUG | read b''
2021-05-04 22:31:13,434 | 3018 | proxy.proxy, handle_switch, 142 | DEBUG | no data from switch read
2021-05-04 22:31:13,434 | 3018 | proxy.proxy, handle_switch, 149 | INFO | Close the connection
2021-05-04 22:31:13,466 | 3018 | proxy.proxy, handle_switch, 140 | DEBUG | read b''
2021-05-04 22:31:13,467 | 3018 | proxy.proxy, handle_switch, 142 | DEBUG | no data from switch read
2021-05-04 22:31:13,467 | 3018 | proxy.proxy, handle_switch, 149 | INFO | Close the connection
2021-05-04 22:31:13,495 | 3018 | proxy.proxy, handle_switch, 140 | DEBUG | read b''
2021-05-04 22:31:13,496 | 3018 | proxy.proxy, handle_switch, 142 | DEBUG | no data from switch read
2021-05-04 22:31:13,497 | 3018 | proxy.proxy, handle_switch, 149 | INFO | Close the connection
