2021-05-21 10:18:57,032 | 5513 | proxy.proxy, start_server, 224 | INFO | Server on ('127.0.0.1', 63333)
2021-05-21 10:18:57,033 | 5513 | proxy.proxy, start_server, 227 | INFO | Server serve forever ('127.0.0.1', 63333)
2021-05-21 10:19:03,785 | 5513 | proxy.proxy, handle_switch, 241 | INFO | Client ('127.0.0.1', 55368) is connected
2021-05-21 10:19:03,787 | 5513 | proxy.proxy, handle_switch, 241 | INFO | Client ('127.0.0.1', 55370) is connected
2021-05-21 10:19:03,794 | 5513 | proxy.proxy, handle_switch, 241 | INFO | Client ('127.0.0.1', 55372) is connected
2021-05-21 10:19:03,797 | 5513 | proxy.proxy, handle_switch, 252 | DEBUG | waiting data ......
2021-05-21 10:19:03,800 | 5513 | proxy.proxy, handle_switch, 255 | DEBUG | read b'\x04\x00\x00\x10\x00\x00\x00+\x00\x01\x00\x08\x00\x00\x00\x10'
2021-05-21 10:19:03,804 | 5513 | proxy.proxy, send_to_controller, 396 | DEBUG | sent data to controller: b'\x04\x00\x00\x10\x00\x00\x00+\x00\x01\x00\x08\x00\x00\x00\x10'
2021-05-21 10:19:03,806 | 5513 | proxy.proxy, send_to_controller, 74 | DEBUG | set data and sent to controller : b'\x04\x00\x00\x10\x00\x00\x00+\x00\x01\x00\x08\x00\x00\x00\x10'
2021-05-21 10:19:03,807 | 5513 | proxy.proxy, handle_switch, 252 | DEBUG | waiting data ......
2021-05-21 10:19:03,808 | 5513 | proxy.proxy, handle_switch, 252 | DEBUG | waiting data ......
2021-05-21 10:19:03,808 | 5513 | proxy.proxy, handle_switch, 255 | DEBUG | read b'\x04\x00\x00\x10\x00\x00\x00,\x00\x01\x00\x08\x00\x00\x00\x10'
2021-05-21 10:19:03,810 | 5513 | proxy.proxy, send_to_controller, 396 | DEBUG | sent data to controller: b'\x04\x00\x00\x10\x00\x00\x00,\x00\x01\x00\x08\x00\x00\x00\x10'
2021-05-21 10:19:03,816 | 5513 | proxy.proxy, send_to_controller, 74 | DEBUG | set data and sent to controller : b'\x04\x00\x00\x10\x00\x00\x00,\x00\x01\x00\x08\x00\x00\x00\x10'
2021-05-21 10:19:03,817 | 5513 | proxy.proxy, handle_switch, 252 | DEBUG | waiting data ......
2021-05-21 10:19:03,817 | 5513 | proxy.proxy, handle_switch, 252 | DEBUG | waiting data ......
2021-05-21 10:19:03,818 | 5513 | proxy.proxy, handle_switch, 255 | DEBUG | read b'\x04\x00\x00\x10\x00\x00\x00-\x00\x01\x00\x08\x00\x00\x00\x10'
2021-05-21 10:19:03,819 | 5513 | proxy.proxy, send_to_controller, 396 | DEBUG | sent data to controller: b'\x04\x00\x00\x10\x00\x00\x00-\x00\x01\x00\x08\x00\x00\x00\x10'
2021-05-21 10:19:03,820 | 5513 | proxy.proxy, send_to_controller, 74 | DEBUG | set data and sent to controller : b'\x04\x00\x00\x10\x00\x00\x00-\x00\x01\x00\x08\x00\x00\x00\x10'
2021-05-21 10:19:03,820 | 5513 | proxy.proxy, handle_switch, 252 | DEBUG | waiting data ......
2021-05-21 10:19:03,821 | 5513 | proxy.proxy, handle_controller, 355 | INFO | connected Controller ('127.0.0.1', 6633)
2021-05-21 10:19:03,821 | 5513 | proxy.proxy, handle_controller, 360 | DEBUG | waiting data ......
2021-05-21 10:19:03,821 | 5513 | proxy.proxy, handle_controller, 362 | DEBUG | read b'\x04\x00\x00\x08\x92]\x05\x83\x04\x05\x00\x08\x92]\x05\x84'
2021-05-21 10:19:03,822 | 5513 | proxy.proxy, send_to_switch, 291 | DEBUG | sent data to switch: b'\x04\x00\x00\x08\x92]\x05\x83\x04\x05\x00\x08\x92]\x05\x84'
2021-05-21 10:19:03,822 | 5513 | proxy.proxy, send_to_switch, 92 | DEBUG | set data and sent to switch : b'\x04\x00\x00\x08\x92]\x05\x83\x04\x05\x00\x08\x92]\x05\x84'
2021-05-21 10:19:03,823 | 5513 | proxy.proxy, handle_controller, 360 | DEBUG | waiting data ......
2021-05-21 10:19:03,823 | 5513 | proxy.observable, notify_observers, 63 | DEBUG | notify data to observer: <proxy.packet.Message object at 0x7f381c909460>
2021-05-21 10:19:03,823 | 5513 | api.observer, update, 38 | DEBUG | observed from observable: b'\x04\x00\x00\x10\x00\x00\x00+\x00\x01\x00\x08\x00\x00\x00\x10'
2021-05-21 10:19:03,824 | 5513 | api.observer, todict, 44 | DEBUG | UBIntBase, key : {'_value': 4, 'enum_ref': None}
2021-05-21 10:19:03,826 | 5513 | api.observer, todict, 44 | DEBUG | UBIntBase, key : {'_value': 16, 'enum_ref': None}
2021-05-21 10:19:03,827 | 5513 | api.observer, todict, 44 | DEBUG | UBIntBase, key : {'_value': 43, 'enum_ref': None}
2021-05-21 10:19:03,827 | 5513 | api.observer, todict, 44 | DEBUG | UBIntBase, key : {'_value': 1, 'enum_ref': None}
2021-05-21 10:19:03,828 | 5513 | api.observer, todict, 44 | DEBUG | UBIntBase, key : {'_value': 8, 'enum_ref': None}
2021-05-21 10:19:03,828 | 5513 | api.observer, parse, 21 | INFO | Parsed msg : {'header': {'version': 4, 'message_type': 0, 'length': 16, 'xid': 43}, 'elements': [{'element_type': 1, 'length': 8, 'content': {'enum_ref': None}}]}
2021-05-21 10:19:03,829 | 5513 | proxy.observable, notify_observers, 63 | DEBUG | notify data to observer: <proxy.packet.Message object at 0x7f381c909610>
2021-05-21 10:19:03,830 | 5513 | api.observer, update, 38 | DEBUG | observed from observable: b'\x04\x00\x00\x10\x00\x00\x00,\x00\x01\x00\x08\x00\x00\x00\x10'
2021-05-21 10:19:03,830 | 5513 | api.observer, todict, 44 | DEBUG | UBIntBase, key : {'_value': 4, 'enum_ref': None}
2021-05-21 10:19:03,833 | 5513 | api.observer, todict, 44 | DEBUG | UBIntBase, key : {'_value': 16, 'enum_ref': None}
2021-05-21 10:19:03,838 | 5513 | api.observer, todict, 44 | DEBUG | UBIntBase, key : {'_value': 44, 'enum_ref': None}
2021-05-21 10:19:03,840 | 5513 | api.observer, todict, 44 | DEBUG | UBIntBase, key : {'_value': 1, 'enum_ref': None}
2021-05-21 10:19:03,841 | 5513 | api.observer, todict, 44 | DEBUG | UBIntBase, key : {'_value': 8, 'enum_ref': None}
2021-05-21 10:19:03,841 | 5513 | api.observer, parse, 21 | INFO | Parsed msg : {'header': {'version': 4, 'message_type': 0, 'length': 16, 'xid': 44}, 'elements': [{'element_type': 1, 'length': 8, 'content': {'enum_ref': None}}]}
2021-05-21 10:19:03,843 | 5513 | proxy.observable, notify_observers, 63 | DEBUG | notify data to observer: <proxy.packet.Message object at 0x7f381c909790>
2021-05-21 10:19:03,859 | 5513 | api.observer, update, 38 | DEBUG | observed from observable: b'\x04\x00\x00\x10\x00\x00\x00-\x00\x01\x00\x08\x00\x00\x00\x10'
2021-05-21 10:19:03,861 | 5513 | api.observer, todict, 44 | DEBUG | UBIntBase, key : {'_value': 4, 'enum_ref': None}
2021-05-21 10:19:03,862 | 5513 | api.observer, todict, 44 | DEBUG | UBIntBase, key : {'_value': 16, 'enum_ref': None}
2021-05-21 10:19:03,862 | 5513 | api.observer, todict, 44 | DEBUG | UBIntBase, key : {'_value': 45, 'enum_ref': None}
2021-05-21 10:19:03,863 | 5513 | api.observer, todict, 44 | DEBUG | UBIntBase, key : {'_value': 1, 'enum_ref': None}
2021-05-21 10:19:03,863 | 5513 | api.observer, todict, 44 | DEBUG | UBIntBase, key : {'_value': 8, 'enum_ref': None}
2021-05-21 10:19:03,864 | 5513 | api.observer, parse, 21 | INFO | Parsed msg : {'header': {'version': 4, 'message_type': 0, 'length': 16, 'xid': 45}, 'elements': [{'element_type': 1, 'length': 8, 'content': {'enum_ref': None}}]}
2021-05-21 10:19:03,864 | 5513 | proxy.observable, notify_observers, 63 | DEBUG | notify data to observer: <proxy.packet.Message object at 0x7f381c909370>
2021-05-21 10:19:03,865 | 5513 | api.observer, update, 38 | DEBUG | observed from observable: b'\x04\x00\x00\x08\x92]\x05\x83\x04\x05\x00\x08\x92]\x05\x84'
2021-05-21 10:19:03,868 | 5513 | api.observer, todict, 44 | DEBUG | UBIntBase, key : {'_value': 4, 'enum_ref': None}
2021-05-21 10:19:03,874 | 5513 | api.observer, todict, 44 | DEBUG | UBIntBase, key : {'_value': 8, 'enum_ref': None}
2021-05-21 10:19:03,875 | 5513 | api.observer, todict, 44 | DEBUG | UBIntBase, key : {'_value': 2455569795, 'enum_ref': None}
2021-05-21 10:19:03,875 | 5513 | api.observer, todict, 44 | DEBUG | UBIntBase, key : {'_value': 1029, 'enum_ref': None}
2021-05-21 10:19:03,876 | 5513 | api.observer, todict, 44 | DEBUG | UBIntBase, key : {'_value': 8, 'enum_ref': None}
2021-05-21 10:19:03,876 | 5513 | api.observer, parse, 21 | INFO | Parsed msg : {'header': {'version': 4, 'message_type': 0, 'length': 8, 'xid': 2455569795}, 'elements': [{'element_type': 1029, 'length': 8, 'content': {'enum_ref': None}}]}
2021-05-21 10:19:03,877 | 5513 | proxy.proxy, handle_controller, 355 | INFO | connected Controller ('127.0.0.1', 6633)
2021-05-21 10:19:03,881 | 5513 | proxy.proxy, handle_controller, 360 | DEBUG | waiting data ......
2021-05-21 10:19:03,882 | 5513 | proxy.proxy, handle_controller, 362 | DEBUG | read b'\x04\x00\x00\x08\xfcp2\r\x04\x05\x00\x08\xfcp2\x0e'
2021-05-21 10:19:03,884 | 5513 | proxy.proxy, send_to_switch, 291 | DEBUG | sent data to switch: b'\x04\x00\x00\x08\xfcp2\r\x04\x05\x00\x08\xfcp2\x0e'
2021-05-21 10:19:03,885 | 5513 | proxy.proxy, send_to_switch, 92 | DEBUG | set data and sent to switch : b'\x04\x00\x00\x08\xfcp2\r\x04\x05\x00\x08\xfcp2\x0e'
2021-05-21 10:19:03,890 | 5513 | proxy.proxy, handle_controller, 360 | DEBUG | waiting data ......
2021-05-21 10:19:03,890 | 5513 | proxy.proxy, handle_controller, 355 | INFO | connected Controller ('127.0.0.1', 6633)
2021-05-21 10:19:03,890 | 5513 | proxy.proxy, handle_controller, 360 | DEBUG | waiting data ......
2021-05-21 10:19:03,891 | 5513 | proxy.proxy, handle_controller, 362 | DEBUG | read b'\x04\x00\x00\x08\x00\x00\x82#\x04\x05\x00\x08\x00\x00\x82$'
2021-05-21 10:19:03,891 | 5513 | proxy.proxy, send_to_switch, 291 | DEBUG | sent data to switch: b'\x04\x00\x00\x08\x00\x00\x82#\x04\x05\x00\x08\x00\x00\x82$'
2021-05-21 10:19:03,892 | 5513 | proxy.proxy, send_to_switch, 92 | DEBUG | set data and sent to switch : b'\x04\x00\x00\x08\x00\x00\x82#\x04\x05\x00\x08\x00\x00\x82$'
2021-05-21 10:19:03,892 | 5513 | proxy.proxy, handle_controller, 360 | DEBUG | waiting data ......
2021-05-21 10:19:03,893 | 5513 | proxy.observable, notify_observers, 63 | DEBUG | notify data to observer: <proxy.packet.Message object at 0x7f381c8fac40>
2021-05-21 10:19:03,897 | 5513 | api.observer, update, 38 | DEBUG | observed from observable: b'\x04\x00\x00\x08\xfcp2\r\x04\x05\x00\x08\xfcp2\x0e'
2021-05-21 10:19:03,898 | 5513 | api.observer, todict, 44 | DEBUG | UBIntBase, key : {'_value': 4, 'enum_ref': None}
2021-05-21 10:19:03,905 | 5513 | api.observer, todict, 44 | DEBUG | UBIntBase, key : {'_value': 8, 'enum_ref': None}
2021-05-21 10:19:03,908 | 5513 | api.observer, todict, 44 | DEBUG | UBIntBase, key : {'_value': 4235211277, 'enum_ref': None}
2021-05-21 10:19:03,909 | 5513 | api.observer, todict, 44 | DEBUG | UBIntBase, key : {'_value': 1029, 'enum_ref': None}
2021-05-21 10:19:03,913 | 5513 | api.observer, todict, 44 | DEBUG | UBIntBase, key : {'_value': 8, 'enum_ref': None}
2021-05-21 10:19:03,914 | 5513 | api.observer, parse, 21 | INFO | Parsed msg : {'header': {'version': 4, 'message_type': 0, 'length': 8, 'xid': 4235211277}, 'elements': [{'element_type': 1029, 'length': 8, 'content': {'enum_ref': None}}]}
2021-05-21 10:19:03,918 | 5513 | proxy.observable, notify_observers, 63 | DEBUG | notify data to observer: <proxy.packet.Message object at 0x7f381c909220>
2021-05-21 10:19:03,918 | 5513 | api.observer, update, 38 | DEBUG | observed from observable: b'\x04\x00\x00\x08\x00\x00\x82#\x04\x05\x00\x08\x00\x00\x82$'
2021-05-21 10:19:03,919 | 5513 | api.observer, todict, 44 | DEBUG | UBIntBase, key : {'_value': 4, 'enum_ref': None}
2021-05-21 10:19:03,919 | 5513 | api.observer, todict, 44 | DEBUG | UBIntBase, key : {'_value': 8, 'enum_ref': None}
2021-05-21 10:19:03,920 | 5513 | api.observer, todict, 44 | DEBUG | UBIntBase, key : {'_value': 33315, 'enum_ref': None}
2021-05-21 10:19:03,920 | 5513 | api.observer, todict, 44 | DEBUG | UBIntBase, key : {'_value': 1029, 'enum_ref': None}
2021-05-21 10:19:03,921 | 5513 | api.observer, todict, 44 | DEBUG | UBIntBase, key : {'_value': 8, 'enum_ref': None}
2021-05-21 10:19:03,921 | 5513 | api.observer, parse, 21 | INFO | Parsed msg : {'header': {'version': 4, 'message_type': 0, 'length': 8, 'xid': 33315}, 'elements': [{'element_type': 1029, 'length': 8, 'content': {'enum_ref': None}}]}
2021-05-21 10:19:04,286 | 5513 | proxy.proxy, handle_switch, 255 | DEBUG | read b'\x04\x06\x00 \x92]\x05\x84\x00\x00\x00\x00\x00\x00\x00\x01\x00\x00\x00\x00\xfe\x00\x00\x00\x00\x00\x00O\x00\x00\x00\x00'
2021-05-21 10:19:04,286 | 5513 | proxy.proxy, send_to_controller, 396 | DEBUG | sent data to controller: b'\x04\x06\x00 \x92]\x05\x84\x00\x00\x00\x00\x00\x00\x00\x01\x00\x00\x00\x00\xfe\x00\x00\x00\x00\x00\x00O\x00\x00\x00\x00'
2021-05-21 10:19:04,288 | 5513 | proxy.proxy, send_to_controller, 74 | DEBUG | set data and sent to controller : b'\x04\x06\x00 \x92]\x05\x84\x00\x00\x00\x00\x00\x00\x00\x01\x00\x00\x00\x00\xfe\x00\x00\x00\x00\x00\x00O\x00\x00\x00\x00'
2021-05-21 10:19:04,289 | 5513 | proxy.proxy, handle_switch, 252 | DEBUG | waiting data ......
2021-05-21 10:19:04,289 | 5513 | proxy.proxy, handle_switch, 255 | DEBUG | read b'\x04\x06\x00 \xfcp2\x0e\x00\x00\x00\x00\x00\x00\x00\x03\x00\x00\x00\x00\xfe\x00\x00\x00\x00\x00\x00O\x00\x00\x00\x00'
2021-05-21 10:19:04,291 | 5513 | proxy.proxy, send_to_controller, 396 | DEBUG | sent data to controller: b'\x04\x06\x00 \xfcp2\x0e\x00\x00\x00\x00\x00\x00\x00\x03\x00\x00\x00\x00\xfe\x00\x00\x00\x00\x00\x00O\x00\x00\x00\x00'
2021-05-21 10:19:04,292 | 5513 | proxy.proxy, send_to_controller, 74 | DEBUG | set data and sent to controller : b'\x04\x06\x00 \xfcp2\x0e\x00\x00\x00\x00\x00\x00\x00\x03\x00\x00\x00\x00\xfe\x00\x00\x00\x00\x00\x00O\x00\x00\x00\x00'
2021-05-21 10:19:04,292 | 5513 | proxy.proxy, handle_switch, 252 | DEBUG | waiting data ......
2021-05-21 10:19:04,293 | 5513 | proxy.proxy, handle_switch, 255 | DEBUG | read b'\x04\x06\x00 \x00\x00\x82$\x00\x00\x00\x00\x00\x00\x00\x02\x00\x00\x00\x00\xfe\x00\x00\x00\x00\x00\x00O\x00\x00\x00\x00'
2021-05-21 10:19:04,297 | 5513 | proxy.proxy, send_to_controller, 396 | DEBUG | sent data to controller: b'\x04\x06\x00 \x00\x00\x82$\x00\x00\x00\x00\x00\x00\x00\x02\x00\x00\x00\x00\xfe\x00\x00\x00\x00\x00\x00O\x00\x00\x00\x00'
2021-05-21 10:19:04,300 | 5513 | proxy.proxy, send_to_controller, 74 | DEBUG | set data and sent to controller : b'\x04\x06\x00 \x00\x00\x82$\x00\x00\x00\x00\x00\x00\x00\x02\x00\x00\x00\x00\xfe\x00\x00\x00\x00\x00\x00O\x00\x00\x00\x00'
2021-05-21 10:19:04,301 | 5513 | proxy.proxy, handle_switch, 252 | DEBUG | waiting data ......
2021-05-21 10:19:04,306 | 5513 | proxy.observable, notify_observers, 63 | DEBUG | notify data to observer: <proxy.packet.Message object at 0x7f381c909880>
2021-05-21 10:19:04,306 | 5513 | api.observer, update, 38 | DEBUG | observed from observable: b'\x04\x06\x00 \x92]\x05\x84\x00\x00\x00\x00\x00\x00\x00\x01\x00\x00\x00\x00\xfe\x00\x00\x00\x00\x00\x00O\x00\x00\x00\x00'
2021-05-21 10:19:04,307 | 5513 | api.observer, todict, 44 | DEBUG | UBIntBase, key : {'_value': 4, 'enum_ref': None}
2021-05-21 10:19:04,308 | 5513 | api.observer, todict, 44 | DEBUG | UBIntBase, key : {'_value': 32, 'enum_ref': None}
2021-05-21 10:19:04,308 | 5513 | api.observer, todict, 44 | DEBUG | UBIntBase, key : {'_value': 2455569796, 'enum_ref': None}
2021-05-21 10:19:04,309 | 5513 | api.observer, todict, 44 | DEBUG | UBIntBase, key : {'_value': 0, 'enum_ref': None}
2021-05-21 10:19:04,310 | 5513 | api.observer, todict, 44 | DEBUG | UBIntBase, key : {'_value': 254, 'enum_ref': None}
2021-05-21 10:19:04,311 | 5513 | api.observer, todict, 44 | DEBUG | UBIntBase, key : {'_value': 0, 'enum_ref': None}
2021-05-21 10:19:04,312 | 5513 | api.observer, todict, 44 | DEBUG | UBIntBase, key : {'_value': Capabilities(79), 'enum_ref': <class 'pyof.v0x04.controller2switch.features_reply.Capabilities'>}
2021-05-21 10:19:04,315 | 5513 | api.observer, todict, 44 | DEBUG | UBIntBase, key : {'_value': 0, 'enum_ref': None}
2021-05-21 10:19:04,316 | 5513 | api.observer, parse, 21 | INFO | Parsed msg : {'header': {'version': 4, 'message_type': 6, 'length': 32, 'xid': 2455569796}, 'datapath_id': {'enum_ref': None}, 'n_buffers': 0, 'n_tables': 254, 'auxiliary_id': 0, 'pad': {'enum_ref': None}, 'capabilities': {}, 'reserved': 0}
2021-05-21 10:19:04,317 | 5513 | proxy.observable, notify_observers, 63 | DEBUG | notify data to observer: <proxy.packet.Message object at 0x7f381c909a30>
2021-05-21 10:19:04,319 | 5513 | api.observer, update, 38 | DEBUG | observed from observable: b'\x04\x06\x00 \xfcp2\x0e\x00\x00\x00\x00\x00\x00\x00\x03\x00\x00\x00\x00\xfe\x00\x00\x00\x00\x00\x00O\x00\x00\x00\x00'
2021-05-21 10:19:04,320 | 5513 | api.observer, todict, 44 | DEBUG | UBIntBase, key : {'_value': 4, 'enum_ref': None}
2021-05-21 10:19:04,326 | 5513 | api.observer, todict, 44 | DEBUG | UBIntBase, key : {'_value': 32, 'enum_ref': None}
2021-05-21 10:19:04,327 | 5513 | api.observer, todict, 44 | DEBUG | UBIntBase, key : {'_value': 4235211278, 'enum_ref': None}
2021-05-21 10:19:04,328 | 5513 | api.observer, todict, 44 | DEBUG | UBIntBase, key : {'_value': 0, 'enum_ref': None}
2021-05-21 10:19:04,328 | 5513 | api.observer, todict, 44 | DEBUG | UBIntBase, key : {'_value': 254, 'enum_ref': None}
2021-05-21 10:19:04,328 | 5513 | api.observer, todict, 44 | DEBUG | UBIntBase, key : {'_value': 0, 'enum_ref': None}
2021-05-21 10:19:04,329 | 5513 | api.observer, todict, 44 | DEBUG | UBIntBase, key : {'_value': Capabilities(79), 'enum_ref': <class 'pyof.v0x04.controller2switch.features_reply.Capabilities'>}
2021-05-21 10:19:04,329 | 5513 | api.observer, todict, 44 | DEBUG | UBIntBase, key : {'_value': 0, 'enum_ref': None}
2021-05-21 10:19:04,330 | 5513 | api.observer, parse, 21 | INFO | Parsed msg : {'header': {'version': 4, 'message_type': 6, 'length': 32, 'xid': 4235211278}, 'datapath_id': {'enum_ref': None}, 'n_buffers': 0, 'n_tables': 254, 'auxiliary_id': 0, 'pad': {'enum_ref': None}, 'capabilities': {}, 'reserved': 0}
2021-05-21 10:19:04,331 | 5513 | proxy.observable, notify_observers, 63 | DEBUG | notify data to observer: <proxy.packet.Message object at 0x7f381c9099a0>
2021-05-21 10:19:04,331 | 5513 | api.observer, update, 38 | DEBUG | observed from observable: b'\x04\x06\x00 \x00\x00\x82$\x00\x00\x00\x00\x00\x00\x00\x02\x00\x00\x00\x00\xfe\x00\x00\x00\x00\x00\x00O\x00\x00\x00\x00'
2021-05-21 10:19:04,334 | 5513 | api.observer, todict, 44 | DEBUG | UBIntBase, key : {'_value': 4, 'enum_ref': None}
2021-05-21 10:19:04,335 | 5513 | api.observer, todict, 44 | DEBUG | UBIntBase, key : {'_value': 32, 'enum_ref': None}
2021-05-21 10:19:04,341 | 5513 | api.observer, todict, 44 | DEBUG | UBIntBase, key : {'_value': 33316, 'enum_ref': None}
2021-05-21 10:19:04,342 | 5513 | api.observer, todict, 44 | DEBUG | UBIntBase, key : {'_value': 0, 'enum_ref': None}
2021-05-21 10:19:04,342 | 5513 | api.observer, todict, 44 | DEBUG | UBIntBase, key : {'_value': 254, 'enum_ref': None}
2021-05-21 10:19:04,343 | 5513 | api.observer, todict, 44 | DEBUG | UBIntBase, key : {'_value': 0, 'enum_ref': None}
2021-05-21 10:19:04,344 | 5513 | api.observer, todict, 44 | DEBUG | UBIntBase, key : {'_value': Capabilities(79), 'enum_ref': <class 'pyof.v0x04.controller2switch.features_reply.Capabilities'>}
2021-05-21 10:19:04,345 | 5513 | api.observer, todict, 44 | DEBUG | UBIntBase, key : {'_value': 0, 'enum_ref': None}
2021-05-21 10:19:04,348 | 5513 | api.observer, parse, 21 | INFO | Parsed msg : {'header': {'version': 4, 'message_type': 6, 'length': 32, 'xid': 33316}, 'datapath_id': {'enum_ref': None}, 'n_buffers': 0, 'n_tables': 254, 'auxiliary_id': 0, 'pad': {'enum_ref': None}, 'capabilities': {}, 'reserved': 0}
2021-05-21 10:19:04,351 | 5513 | proxy.proxy, handle_controller, 362 | DEBUG | read b'\x04\x12\x00\x10\x92]\x05\x85\x00\r\x00\x00\x00\x00\x00\x00\x04\x0e\x00P\x92]\x05\x86\x00\x00\x00\x00\x00\x00\x00\x00\x00\x00\x00\x00\x00\x00\x00\x00\x00\x00\x00\x00\x00\x00\x00\x00\xff\xff\xff\xff\x00\x00\x00\x00\x00\x00\x00\x00\x00\x00\x00\x00\x00\x01\x00\x04\x00\x00\x00\x00\x00\x04\x00\x18\x00\x00\x00\x00\x00\x00\x00\x10\xff\xff\xff\xfd\xff\xff\x00\x00\x00\x00\x00\x00'
2021-05-21 10:19:04,352 | 5513 | proxy.proxy, send_to_switch, 291 | DEBUG | sent data to switch: b'\x04\x12\x00\x10\x92]\x05\x85\x00\r\x00\x00\x00\x00\x00\x00\x04\x0e\x00P\x92]\x05\x86\x00\x00\x00\x00\x00\x00\x00\x00\x00\x00\x00\x00\x00\x00\x00\x00\x00\x00\x00\x00\x00\x00\x00\x00\xff\xff\xff\xff\x00\x00\x00\x00\x00\x00\x00\x00\x00\x00\x00\x00\x00\x01\x00\x04\x00\x00\x00\x00\x00\x04\x00\x18\x00\x00\x00\x00\x00\x00\x00\x10\xff\xff\xff\xfd\xff\xff\x00\x00\x00\x00\x00\x00'
2021-05-21 10:19:04,353 | 5513 | proxy.proxy, send_to_switch, 92 | DEBUG | set data and sent to switch : b'\x04\x12\x00\x10\x92]\x05\x85\x00\r\x00\x00\x00\x00\x00\x00\x04\x0e\x00P\x92]\x05\x86\x00\x00\x00\x00\x00\x00\x00\x00\x00\x00\x00\x00\x00\x00\x00\x00\x00\x00\x00\x00\x00\x00\x00\x00\xff\xff\xff\xff\x00\x00\x00\x00\x00\x00\x00\x00\x00\x00\x00\x00\x00\x01\x00\x04\x00\x00\x00\x00\x00\x04\x00\x18\x00\x00\x00\x00\x00\x00\x00\x10\xff\xff\xff\xfd\xff\xff\x00\x00\x00\x00\x00\x00'
2021-05-21 10:19:04,353 | 5513 | proxy.proxy, handle_controller, 360 | DEBUG | waiting data ......
2021-05-21 10:19:04,358 | 5513 | proxy.proxy, handle_controller, 362 | DEBUG | read b'\x04\x12\x00\x10\xfcp2\x0f\x00\r\x00\x00\x00\x00\x00\x00\x04\x0e\x00P\xfcp2\x10\x00\x00\x00\x00\x00\x00\x00\x00\x00\x00\x00\x00\x00\x00\x00\x00\x00\x00\x00\x00\x00\x00\x00\x00\xff\xff\xff\xff\x00\x00\x00\x00\x00\x00\x00\x00\x00\x00\x00\x00\x00\x01\x00\x04\x00\x00\x00\x00\x00\x04\x00\x18\x00\x00\x00\x00\x00\x00\x00\x10\xff\xff\xff\xfd\xff\xff\x00\x00\x00\x00\x00\x00'
2021-05-21 10:19:04,359 | 5513 | proxy.proxy, send_to_switch, 291 | DEBUG | sent data to switch: b'\x04\x12\x00\x10\xfcp2\x0f\x00\r\x00\x00\x00\x00\x00\x00\x04\x0e\x00P\xfcp2\x10\x00\x00\x00\x00\x00\x00\x00\x00\x00\x00\x00\x00\x00\x00\x00\x00\x00\x00\x00\x00\x00\x00\x00\x00\xff\xff\xff\xff\x00\x00\x00\x00\x00\x00\x00\x00\x00\x00\x00\x00\x00\x01\x00\x04\x00\x00\x00\x00\x00\x04\x00\x18\x00\x00\x00\x00\x00\x00\x00\x10\xff\xff\xff\xfd\xff\xff\x00\x00\x00\x00\x00\x00'
2021-05-21 10:19:04,363 | 5513 | proxy.proxy, send_to_switch, 92 | DEBUG | set data and sent to switch : b'\x04\x12\x00\x10\xfcp2\x0f\x00\r\x00\x00\x00\x00\x00\x00\x04\x0e\x00P\xfcp2\x10\x00\x00\x00\x00\x00\x00\x00\x00\x00\x00\x00\x00\x00\x00\x00\x00\x00\x00\x00\x00\x00\x00\x00\x00\xff\xff\xff\xff\x00\x00\x00\x00\x00\x00\x00\x00\x00\x00\x00\x00\x00\x01\x00\x04\x00\x00\x00\x00\x00\x04\x00\x18\x00\x00\x00\x00\x00\x00\x00\x10\xff\xff\xff\xfd\xff\xff\x00\x00\x00\x00\x00\x00'
2021-05-21 10:19:04,364 | 5513 | proxy.proxy, handle_controller, 360 | DEBUG | waiting data ......
2021-05-21 10:19:04,364 | 5513 | proxy.proxy, handle_controller, 362 | DEBUG | read b'\x04\x12\x00\x10\x00\x00\x82%\x00\r\x00\x00\x00\x00\x00\x00\x04\x0e\x00P\x00\x00\x82&\x00\x00\x00\x00\x00\x00\x00\x00\x00\x00\x00\x00\x00\x00\x00\x00\x00\x00\x00\x00\x00\x00\x00\x00\xff\xff\xff\xff\x00\x00\x00\x00\x00\x00\x00\x00\x00\x00\x00\x00\x00\x01\x00\x04\x00\x00\x00\x00\x00\x04\x00\x18\x00\x00\x00\x00\x00\x00\x00\x10\xff\xff\xff\xfd\xff\xff\x00\x00\x00\x00\x00\x00'
2021-05-21 10:19:04,368 | 5513 | proxy.proxy, send_to_switch, 291 | DEBUG | sent data to switch: b'\x04\x12\x00\x10\x00\x00\x82%\x00\r\x00\x00\x00\x00\x00\x00\x04\x0e\x00P\x00\x00\x82&\x00\x00\x00\x00\x00\x00\x00\x00\x00\x00\x00\x00\x00\x00\x00\x00\x00\x00\x00\x00\x00\x00\x00\x00\xff\xff\xff\xff\x00\x00\x00\x00\x00\x00\x00\x00\x00\x00\x00\x00\x00\x01\x00\x04\x00\x00\x00\x00\x00\x04\x00\x18\x00\x00\x00\x00\x00\x00\x00\x10\xff\xff\xff\xfd\xff\xff\x00\x00\x00\x00\x00\x00'
2021-05-21 10:19:04,374 | 5513 | proxy.proxy, send_to_switch, 92 | DEBUG | set data and sent to switch : b'\x04\x12\x00\x10\x00\x00\x82%\x00\r\x00\x00\x00\x00\x00\x00\x04\x0e\x00P\x00\x00\x82&\x00\x00\x00\x00\x00\x00\x00\x00\x00\x00\x00\x00\x00\x00\x00\x00\x00\x00\x00\x00\x00\x00\x00\x00\xff\xff\xff\xff\x00\x00\x00\x00\x00\x00\x00\x00\x00\x00\x00\x00\x00\x01\x00\x04\x00\x00\x00\x00\x00\x04\x00\x18\x00\x00\x00\x00\x00\x00\x00\x10\xff\xff\xff\xfd\xff\xff\x00\x00\x00\x00\x00\x00'
2021-05-21 10:19:04,375 | 5513 | proxy.proxy, handle_controller, 360 | DEBUG | waiting data ......
2021-05-21 10:19:04,375 | 5513 | proxy.observable, notify_observers, 63 | DEBUG | notify data to observer: <proxy.packet.Message object at 0x7f381c8fac40>
2021-05-21 10:19:04,377 | 5513 | api.observer, update, 38 | DEBUG | observed from observable: b'\x04\x12\x00\x10\x92]\x05\x85\x00\r\x00\x00\x00\x00\x00\x00\x04\x0e\x00P\x92]\x05\x86\x00\x00\x00\x00\x00\x00\x00\x00\x00\x00\x00\x00\x00\x00\x00\x00\x00\x00\x00\x00\x00\x00\x00\x00\xff\xff\xff\xff\x00\x00\x00\x00\x00\x00\x00\x00\x00\x00\x00\x00\x00\x01\x00\x04\x00\x00\x00\x00\x00\x04\x00\x18\x00\x00\x00\x00\x00\x00\x00\x10\xff\xff\xff\xfd\xff\xff\x00\x00\x00\x00\x00\x00'
2021-05-21 10:19:04,377 | 5513 | api.observer, todict, 44 | DEBUG | UBIntBase, key : {'_value': 4, 'enum_ref': None}
2021-05-21 10:19:04,380 | 5513 | api.observer, todict, 44 | DEBUG | UBIntBase, key : {'_value': 16, 'enum_ref': None}
2021-05-21 10:19:04,382 | 5513 | api.observer, todict, 44 | DEBUG | UBIntBase, key : {'_value': 2455569797, 'enum_ref': None}
2021-05-21 10:19:04,383 | 5513 | api.observer, todict, 44 | DEBUG | UBIntBase, key : {'_value': <MultipartRequestFlags.OFPMPF_REQ_NONE: 0>, 'enum_ref': <enum 'MultipartRequestFlags'>}
2021-05-21 10:19:04,384 | 5513 | api.observer, parse, 21 | INFO | Parsed msg : {'header': {'version': 4, 'message_type': 18, 'length': 16, 'xid': 2455569797}, 'multipart_type': 13, 'flags': {}, 'pad': {'enum_ref': None}, 'body': {'enum_ref': None}}
2021-05-21 10:19:04,384 | 5513 | proxy.observable, notify_observers, 63 | DEBUG | notify data to observer: <proxy.packet.Message object at 0x7f381c909550>
2021-05-21 10:19:04,385 | 5513 | api.observer, update, 38 | DEBUG | observed from observable: b'\x04\x12\x00\x10\xfcp2\x0f\x00\r\x00\x00\x00\x00\x00\x00\x04\x0e\x00P\xfcp2\x10\x00\x00\x00\x00\x00\x00\x00\x00\x00\x00\x00\x00\x00\x00\x00\x00\x00\x00\x00\x00\x00\x00\x00\x00\xff\xff\xff\xff\x00\x00\x00\x00\x00\x00\x00\x00\x00\x00\x00\x00\x00\x01\x00\x04\x00\x00\x00\x00\x00\x04\x00\x18\x00\x00\x00\x00\x00\x00\x00\x10\xff\xff\xff\xfd\xff\xff\x00\x00\x00\x00\x00\x00'
2021-05-21 10:19:04,385 | 5513 | api.observer, todict, 44 | DEBUG | UBIntBase, key : {'_value': 4, 'enum_ref': None}
2021-05-21 10:19:04,386 | 5513 | api.observer, todict, 44 | DEBUG | UBIntBase, key : {'_value': 16, 'enum_ref': None}
2021-05-21 10:19:04,386 | 5513 | api.observer, todict, 44 | DEBUG | UBIntBase, key : {'_value': 4235211279, 'enum_ref': None}
2021-05-21 10:19:04,393 | 5513 | api.observer, todict, 44 | DEBUG | UBIntBase, key : {'_value': <MultipartRequestFlags.OFPMPF_REQ_NONE: 0>, 'enum_ref': <enum 'MultipartRequestFlags'>}
2021-05-21 10:19:04,393 | 5513 | api.observer, parse, 21 | INFO | Parsed msg : {'header': {'version': 4, 'message_type': 18, 'length': 16, 'xid': 4235211279}, 'multipart_type': 13, 'flags': {}, 'pad': {'enum_ref': None}, 'body': {'enum_ref': None}}
2021-05-21 10:19:04,394 | 5513 | proxy.observable, notify_observers, 63 | DEBUG | notify data to observer: <proxy.packet.Message object at 0x7f381c909b50>
2021-05-21 10:19:04,395 | 5513 | api.observer, update, 38 | DEBUG | observed from observable: b'\x04\x12\x00\x10\x00\x00\x82%\x00\r\x00\x00\x00\x00\x00\x00\x04\x0e\x00P\x00\x00\x82&\x00\x00\x00\x00\x00\x00\x00\x00\x00\x00\x00\x00\x00\x00\x00\x00\x00\x00\x00\x00\x00\x00\x00\x00\xff\xff\xff\xff\x00\x00\x00\x00\x00\x00\x00\x00\x00\x00\x00\x00\x00\x01\x00\x04\x00\x00\x00\x00\x00\x04\x00\x18\x00\x00\x00\x00\x00\x00\x00\x10\xff\xff\xff\xfd\xff\xff\x00\x00\x00\x00\x00\x00'
2021-05-21 10:19:04,396 | 5513 | api.observer, todict, 44 | DEBUG | UBIntBase, key : {'_value': 4, 'enum_ref': None}
2021-05-21 10:19:04,396 | 5513 | api.observer, todict, 44 | DEBUG | UBIntBase, key : {'_value': 16, 'enum_ref': None}
2021-05-21 10:19:04,398 | 5513 | api.observer, todict, 44 | DEBUG | UBIntBase, key : {'_value': 33317, 'enum_ref': None}
2021-05-21 10:19:04,398 | 5513 | api.observer, todict, 44 | DEBUG | UBIntBase, key : {'_value': <MultipartRequestFlags.OFPMPF_REQ_NONE: 0>, 'enum_ref': <enum 'MultipartRequestFlags'>}
2021-05-21 10:19:04,398 | 5513 | api.observer, parse, 21 | INFO | Parsed msg : {'header': {'version': 4, 'message_type': 18, 'length': 16, 'xid': 33317}, 'multipart_type': 13, 'flags': {}, 'pad': {'enum_ref': None}, 'body': {'enum_ref': None}}
2021-05-21 10:19:04,399 | 5513 | proxy.proxy, handle_switch, 255 | DEBUG | read b'\x04\x13\x02\x10\x92]\x05\x85\x00\r\x00\x00\x00\x00\x00\x00\xff\xff\xff\xfe\x00\x00\x00\x00>\x80\xa8\xa5\x8bM\x00\x00s1\x00\x00\x00\x00\x00\x00\x00\x00\x00\x00\x00\x00\x00\x00\x00\x00\x00\x01\x00\x00\x00\x01\x00\x00\x00\x00\x00\x00\x00\x00\x00\x00\x00\x00\x00\x00\x00\x00\x00\x00\x00\x00\x00\x00\x00\x00\x00\x00\x00\x05\x00\x00\x00\x00Z\x9bc\xb9\xaaO\x00\x00s1-eth5\x00\x00\x00\x00\x00\x00\x00\x00\x00\x00\x00\x00\x00\x00\x00\x00\x04\x00\x00\x08@\x00\x00\x00\x00\x00\x00\x00\x00\x00\x00\x00\x00\x00\x98\x96\x80\x00\x00\x00\x00\x00\x00\x00\x07\x00\x00\x00\x00\xb2p\xc7\xaf\x90\xd4\x00\x00s1-eth7\x00\x00\x00\x00\x00\x00\x00\x00\x00\x00\x00\x00\x00\x00\x00\x00\x04\x00\x00\x08@\x00\x00\x00\x00\x00\x00\x00\x00\x00\x00\x00\x00\x00\x98\x96\x80\x00\x00\x00\x00\x00\x00\x00\x04\x00\x00\x00\x00J\xab\x05\x11\xf2\xad\x00\x00s1-eth4\x00\x00\x00\x00\x00\x00\x00\x00\x00\x00\x00\x00\x00\x00\x00\x00\x04\x00\x00\x08@\x00\x00\x00\x00\x00\x00\x00\x00\x00\x00\x00\x00\x00\x98\x96\x80\x00\x00\x00\x00\x00\x00\x00\x06\x00\x00\x00\x00"\xf1Q\xfc\x14\x8d\x00\x00s1-eth6\x00\x00\x00\x00\x00\x00\x00\x00\x00\x00\x00\x00\x00\x00\x00\x00\x04\x00\x00\x08@\x00\x00\x00\x00\x00\x00\x00\x00\x00\x00\x00\x00\x00\x98\x96\x80\x00\x00\x00\x00\x00\x00\x00\x01\x00\x00\x00\x00\xaaj\xa4\xe0}\x1f\x00\x00s1-eth1\x00\x00\x00\x00\x00\x00\x00\x00\x00\x00\x00\x00\x00\x00\x00\x00\x04\x00\x00\x08@\x00\x00\x00\x00\x00\x00\x00\x00\x00\x00\x00\x00\x00\x98\x96\x80\x00\x00\x00\x00\x00\x00\x00\x02\x00\x00\x00\x00\xa6I\xce#\xb2\xa4\x00\x00s1-eth2\x00\x00\x00\x00\x00\x00\x00\x00\x00\x00\x00\x00\x00\x00\x00\x00\x04\x00\x00\x08@\x00\x00\x00\x00\x00\x00\x00\x00\x00\x00\x00\x00\x00\x98\x96\x80\x00\x00\x00\x00\x00\x00\x00\x03\x00\x00\x00\x00\xdeO\xe9\xcd\xfa\xef\x00\x00s1-eth3\x00\x00\x00\x00\x00\x00\x00\x00\x00\x00\x00\x00\x00\x00\x00\x00\x04\x00\x00\x08@\x00\x00\x00\x00\x00\x00\x00\x00\x00\x00\x00\x00\x00\x98\x96\x80\x00\x00\x00\x00'
2021-05-21 10:19:04,407 | 5513 | proxy.proxy, send_to_controller, 396 | DEBUG | sent data to controller: b'\x04\x13\x02\x10\x92]\x05\x85\x00\r\x00\x00\x00\x00\x00\x00\xff\xff\xff\xfe\x00\x00\x00\x00>\x80\xa8\xa5\x8bM\x00\x00s1\x00\x00\x00\x00\x00\x00\x00\x00\x00\x00\x00\x00\x00\x00\x00\x00\x00\x01\x00\x00\x00\x01\x00\x00\x00\x00\x00\x00\x00\x00\x00\x00\x00\x00\x00\x00\x00\x00\x00\x00\x00\x00\x00\x00\x00\x00\x00\x00\x00\x05\x00\x00\x00\x00Z\x9bc\xb9\xaaO\x00\x00s1-eth5\x00\x00\x00\x00\x00\x00\x00\x00\x00\x00\x00\x00\x00\x00\x00\x00\x04\x00\x00\x08@\x00\x00\x00\x00\x00\x00\x00\x00\x00\x00\x00\x00\x00\x98\x96\x80\x00\x00\x00\x00\x00\x00\x00\x07\x00\x00\x00\x00\xb2p\xc7\xaf\x90\xd4\x00\x00s1-eth7\x00\x00\x00\x00\x00\x00\x00\x00\x00\x00\x00\x00\x00\x00\x00\x00\x04\x00\x00\x08@\x00\x00\x00\x00\x00\x00\x00\x00\x00\x00\x00\x00\x00\x98\x96\x80\x00\x00\x00\x00\x00\x00\x00\x04\x00\x00\x00\x00J\xab\x05\x11\xf2\xad\x00\x00s1-eth4\x00\x00\x00\x00\x00\x00\x00\x00\x00\x00\x00\x00\x00\x00\x00\x00\x04\x00\x00\x08@\x00\x00\x00\x00\x00\x00\x00\x00\x00\x00\x00\x00\x00\x98\x96\x80\x00\x00\x00\x00\x00\x00\x00\x06\x00\x00\x00\x00"\xf1Q\xfc\x14\x8d\x00\x00s1-eth6\x00\x00\x00\x00\x00\x00\x00\x00\x00\x00\x00\x00\x00\x00\x00\x00\x04\x00\x00\x08@\x00\x00\x00\x00\x00\x00\x00\x00\x00\x00\x00\x00\x00\x98\x96\x80\x00\x00\x00\x00\x00\x00\x00\x01\x00\x00\x00\x00\xaaj\xa4\xe0}\x1f\x00\x00s1-eth1\x00\x00\x00\x00\x00\x00\x00\x00\x00\x00\x00\x00\x00\x00\x00\x00\x04\x00\x00\x08@\x00\x00\x00\x00\x00\x00\x00\x00\x00\x00\x00\x00\x00\x98\x96\x80\x00\x00\x00\x00\x00\x00\x00\x02\x00\x00\x00\x00\xa6I\xce#\xb2\xa4\x00\x00s1-eth2\x00\x00\x00\x00\x00\x00\x00\x00\x00\x00\x00\x00\x00\x00\x00\x00\x04\x00\x00\x08@\x00\x00\x00\x00\x00\x00\x00\x00\x00\x00\x00\x00\x00\x98\x96\x80\x00\x00\x00\x00\x00\x00\x00\x03\x00\x00\x00\x00\xdeO\xe9\xcd\xfa\xef\x00\x00s1-eth3\x00\x00\x00\x00\x00\x00\x00\x00\x00\x00\x00\x00\x00\x00\x00\x00\x04\x00\x00\x08@\x00\x00\x00\x00\x00\x00\x00\x00\x00\x00\x00\x00\x00\x98\x96\x80\x00\x00\x00\x00'
2021-05-21 10:19:04,408 | 5513 | proxy.proxy, send_to_controller, 74 | DEBUG | set data and sent to controller : b'\x04\x13\x02\x10\x92]\x05\x85\x00\r\x00\x00\x00\x00\x00\x00\xff\xff\xff\xfe\x00\x00\x00\x00>\x80\xa8\xa5\x8bM\x00\x00s1\x00\x00\x00\x00\x00\x00\x00\x00\x00\x00\x00\x00\x00\x00\x00\x00\x00\x01\x00\x00\x00\x01\x00\x00\x00\x00\x00\x00\x00\x00\x00\x00\x00\x00\x00\x00\x00\x00\x00\x00\x00\x00\x00\x00\x00\x00\x00\x00\x00\x05\x00\x00\x00\x00Z\x9bc\xb9\xaaO\x00\x00s1-eth5\x00\x00\x00\x00\x00\x00\x00\x00\x00\x00\x00\x00\x00\x00\x00\x00\x04\x00\x00\x08@\x00\x00\x00\x00\x00\x00\x00\x00\x00\x00\x00\x00\x00\x98\x96\x80\x00\x00\x00\x00\x00\x00\x00\x07\x00\x00\x00\x00\xb2p\xc7\xaf\x90\xd4\x00\x00s1-eth7\x00\x00\x00\x00\x00\x00\x00\x00\x00\x00\x00\x00\x00\x00\x00\x00\x04\x00\x00\x08@\x00\x00\x00\x00\x00\x00\x00\x00\x00\x00\x00\x00\x00\x98\x96\x80\x00\x00\x00\x00\x00\x00\x00\x04\x00\x00\x00\x00J\xab\x05\x11\xf2\xad\x00\x00s1-eth4\x00\x00\x00\x00\x00\x00\x00\x00\x00\x00\x00\x00\x00\x00\x00\x00\x04\x00\x00\x08@\x00\x00\x00\x00\x00\x00\x00\x00\x00\x00\x00\x00\x00\x98\x96\x80\x00\x00\x00\x00\x00\x00\x00\x06\x00\x00\x00\x00"\xf1Q\xfc\x14\x8d\x00\x00s1-eth6\x00\x00\x00\x00\x00\x00\x00\x00\x00\x00\x00\x00\x00\x00\x00\x00\x04\x00\x00\x08@\x00\x00\x00\x00\x00\x00\x00\x00\x00\x00\x00\x00\x00\x98\x96\x80\x00\x00\x00\x00\x00\x00\x00\x01\x00\x00\x00\x00\xaaj\xa4\xe0}\x1f\x00\x00s1-eth1\x00\x00\x00\x00\x00\x00\x00\x00\x00\x00\x00\x00\x00\x00\x00\x00\x04\x00\x00\x08@\x00\x00\x00\x00\x00\x00\x00\x00\x00\x00\x00\x00\x00\x98\x96\x80\x00\x00\x00\x00\x00\x00\x00\x02\x00\x00\x00\x00\xa6I\xce#\xb2\xa4\x00\x00s1-eth2\x00\x00\x00\x00\x00\x00\x00\x00\x00\x00\x00\x00\x00\x00\x00\x00\x04\x00\x00\x08@\x00\x00\x00\x00\x00\x00\x00\x00\x00\x00\x00\x00\x00\x98\x96\x80\x00\x00\x00\x00\x00\x00\x00\x03\x00\x00\x00\x00\xdeO\xe9\xcd\xfa\xef\x00\x00s1-eth3\x00\x00\x00\x00\x00\x00\x00\x00\x00\x00\x00\x00\x00\x00\x00\x00\x04\x00\x00\x08@\x00\x00\x00\x00\x00\x00\x00\x00\x00\x00\x00\x00\x00\x98\x96\x80\x00\x00\x00\x00'
2021-05-21 10:19:04,416 | 5513 | proxy.proxy, handle_switch, 252 | DEBUG | waiting data ......
2021-05-21 10:19:04,416 | 5513 | proxy.proxy, handle_switch, 255 | DEBUG | read b'\x04\x13\x01\xd0\xfcp2\x0f\x00\r\x00\x00\x00\x00\x00\x00\xff\xff\xff\xfe\x00\x00\x00\x00&z\xe5u#L\x00\x00s3\x00\x00\x00\x00\x00\x00\x00\x00\x00\x00\x00\x00\x00\x00\x00\x00\x00\x01\x00\x00\x00\x01\x00\x00\x00\x00\x00\x00\x00\x00\x00\x00\x00\x00\x00\x00\x00\x00\x00\x00\x00\x00\x00\x00\x00\x00\x00\x00\x00\x04\x00\x00\x00\x00\x92\x9d\x87\xf2\xc2\x8a\x00\x00s3-eth4\x00\x00\x00\x00\x00\x00\x00\x00\x00\x00\x00\x00\x00\x00\x00\x00\x04\x00\x00\x08@\x00\x00\x00\x00\x00\x00\x00\x00\x00\x00\x00\x00\x00\x98\x96\x80\x00\x00\x00\x00\x00\x00\x00\x06\x00\x00\x00\x00\x12\x9b\xb1o%f\x00\x00s3-eth6\x00\x00\x00\x00\x00\x00\x00\x00\x00\x00\x00\x00\x00\x00\x00\x00\x04\x00\x00\x08@\x00\x00\x00\x00\x00\x00\x00\x00\x00\x00\x00\x00\x00\x98\x96\x80\x00\x00\x00\x00\x00\x00\x00\x01\x00\x00\x00\x00\xda\xc4\xd2N6#\x00\x00s3-eth1\x00\x00\x00\x00\x00\x00\x00\x00\x00\x00\x00\x00\x00\x00\x00\x00\x04\x00\x00\x08@\x00\x00\x00\x00\x00\x00\x00\x00\x00\x00\x00\x00\x00\x98\x96\x80\x00\x00\x00\x00\x00\x00\x00\x05\x00\x00\x00\x00\xce]QH\xd1D\x00\x00s3-eth5\x00\x00\x00\x00\x00\x00\x00\x00\x00\x00\x00\x00\x00\x00\x00\x00\x04\x00\x00\x08@\x00\x00\x00\x00\x00\x00\x00\x00\x00\x00\x00\x00\x00\x98\x96\x80\x00\x00\x00\x00\x00\x00\x00\x02\x00\x00\x00\x00\xeal\x0eO\xa1<\x00\x00s3-eth2\x00\x00\x00\x00\x00\x00\x00\x00\x00\x00\x00\x00\x00\x00\x00\x00\x04\x00\x00\x08@\x00\x00\x00\x00\x00\x00\x00\x00\x00\x00\x00\x00\x00\x98\x96\x80\x00\x00\x00\x00\x00\x00\x00\x03\x00\x00\x00\x00\xd6=N\xac\xfd+\x00\x00s3-eth3\x00\x00\x00\x00\x00\x00\x00\x00\x00\x00\x00\x00\x00\x00\x00\x00\x04\x00\x00\x08@\x00\x00\x00\x00\x00\x00\x00\x00\x00\x00\x00\x00\x00\x98\x96\x80\x00\x00\x00\x00'
2021-05-21 10:19:04,423 | 5513 | proxy.proxy, send_to_controller, 396 | DEBUG | sent data to controller: b'\x04\x13\x01\xd0\xfcp2\x0f\x00\r\x00\x00\x00\x00\x00\x00\xff\xff\xff\xfe\x00\x00\x00\x00&z\xe5u#L\x00\x00s3\x00\x00\x00\x00\x00\x00\x00\x00\x00\x00\x00\x00\x00\x00\x00\x00\x00\x01\x00\x00\x00\x01\x00\x00\x00\x00\x00\x00\x00\x00\x00\x00\x00\x00\x00\x00\x00\x00\x00\x00\x00\x00\x00\x00\x00\x00\x00\x00\x00\x04\x00\x00\x00\x00\x92\x9d\x87\xf2\xc2\x8a\x00\x00s3-eth4\x00\x00\x00\x00\x00\x00\x00\x00\x00\x00\x00\x00\x00\x00\x00\x00\x04\x00\x00\x08@\x00\x00\x00\x00\x00\x00\x00\x00\x00\x00\x00\x00\x00\x98\x96\x80\x00\x00\x00\x00\x00\x00\x00\x06\x00\x00\x00\x00\x12\x9b\xb1o%f\x00\x00s3-eth6\x00\x00\x00\x00\x00\x00\x00\x00\x00\x00\x00\x00\x00\x00\x00\x00\x04\x00\x00\x08@\x00\x00\x00\x00\x00\x00\x00\x00\x00\x00\x00\x00\x00\x98\x96\x80\x00\x00\x00\x00\x00\x00\x00\x01\x00\x00\x00\x00\xda\xc4\xd2N6#\x00\x00s3-eth1\x00\x00\x00\x00\x00\x00\x00\x00\x00\x00\x00\x00\x00\x00\x00\x00\x04\x00\x00\x08@\x00\x00\x00\x00\x00\x00\x00\x00\x00\x00\x00\x00\x00\x98\x96\x80\x00\x00\x00\x00\x00\x00\x00\x05\x00\x00\x00\x00\xce]QH\xd1D\x00\x00s3-eth5\x00\x00\x00\x00\x00\x00\x00\x00\x00\x00\x00\x00\x00\x00\x00\x00\x04\x00\x00\x08@\x00\x00\x00\x00\x00\x00\x00\x00\x00\x00\x00\x00\x00\x98\x96\x80\x00\x00\x00\x00\x00\x00\x00\x02\x00\x00\x00\x00\xeal\x0eO\xa1<\x00\x00s3-eth2\x00\x00\x00\x00\x00\x00\x00\x00\x00\x00\x00\x00\x00\x00\x00\x00\x04\x00\x00\x08@\x00\x00\x00\x00\x00\x00\x00\x00\x00\x00\x00\x00\x00\x98\x96\x80\x00\x00\x00\x00\x00\x00\x00\x03\x00\x00\x00\x00\xd6=N\xac\xfd+\x00\x00s3-eth3\x00\x00\x00\x00\x00\x00\x00\x00\x00\x00\x00\x00\x00\x00\x00\x00\x04\x00\x00\x08@\x00\x00\x00\x00\x00\x00\x00\x00\x00\x00\x00\x00\x00\x98\x96\x80\x00\x00\x00\x00'
2021-05-21 10:19:04,424 | 5513 | proxy.proxy, send_to_controller, 74 | DEBUG | set data and sent to controller : b'\x04\x13\x01\xd0\xfcp2\x0f\x00\r\x00\x00\x00\x00\x00\x00\xff\xff\xff\xfe\x00\x00\x00\x00&z\xe5u#L\x00\x00s3\x00\x00\x00\x00\x00\x00\x00\x00\x00\x00\x00\x00\x00\x00\x00\x00\x00\x01\x00\x00\x00\x01\x00\x00\x00\x00\x00\x00\x00\x00\x00\x00\x00\x00\x00\x00\x00\x00\x00\x00\x00\x00\x00\x00\x00\x00\x00\x00\x00\x04\x00\x00\x00\x00\x92\x9d\x87\xf2\xc2\x8a\x00\x00s3-eth4\x00\x00\x00\x00\x00\x00\x00\x00\x00\x00\x00\x00\x00\x00\x00\x00\x04\x00\x00\x08@\x00\x00\x00\x00\x00\x00\x00\x00\x00\x00\x00\x00\x00\x98\x96\x80\x00\x00\x00\x00\x00\x00\x00\x06\x00\x00\x00\x00\x12\x9b\xb1o%f\x00\x00s3-eth6\x00\x00\x00\x00\x00\x00\x00\x00\x00\x00\x00\x00\x00\x00\x00\x00\x04\x00\x00\x08@\x00\x00\x00\x00\x00\x00\x00\x00\x00\x00\x00\x00\x00\x98\x96\x80\x00\x00\x00\x00\x00\x00\x00\x01\x00\x00\x00\x00\xda\xc4\xd2N6#\x00\x00s3-eth1\x00\x00\x00\x00\x00\x00\x00\x00\x00\x00\x00\x00\x00\x00\x00\x00\x04\x00\x00\x08@\x00\x00\x00\x00\x00\x00\x00\x00\x00\x00\x00\x00\x00\x98\x96\x80\x00\x00\x00\x00\x00\x00\x00\x05\x00\x00\x00\x00\xce]QH\xd1D\x00\x00s3-eth5\x00\x00\x00\x00\x00\x00\x00\x00\x00\x00\x00\x00\x00\x00\x00\x00\x04\x00\x00\x08@\x00\x00\x00\x00\x00\x00\x00\x00\x00\x00\x00\x00\x00\x98\x96\x80\x00\x00\x00\x00\x00\x00\x00\x02\x00\x00\x00\x00\xeal\x0eO\xa1<\x00\x00s3-eth2\x00\x00\x00\x00\x00\x00\x00\x00\x00\x00\x00\x00\x00\x00\x00\x00\x04\x00\x00\x08@\x00\x00\x00\x00\x00\x00\x00\x00\x00\x00\x00\x00\x00\x98\x96\x80\x00\x00\x00\x00\x00\x00\x00\x03\x00\x00\x00\x00\xd6=N\xac\xfd+\x00\x00s3-eth3\x00\x00\x00\x00\x00\x00\x00\x00\x00\x00\x00\x00\x00\x00\x00\x00\x04\x00\x00\x08@\x00\x00\x00\x00\x00\x00\x00\x00\x00\x00\x00\x00\x00\x98\x96\x80\x00\x00\x00\x00'
2021-05-21 10:19:04,424 | 5513 | proxy.proxy, handle_switch, 252 | DEBUG | waiting data ......
2021-05-21 10:19:04,424 | 5513 | proxy.proxy, handle_switch, 255 | DEBUG | read b"\x04\x13\x02\x10\x00\x00\x82%\x00\r\x00\x00\x00\x00\x00\x00\xff\xff\xff\xfe\x00\x00\x00\x00\xaa\xa6K.\x16G\x00\x00s2\x00\x00\x00\x00\x00\x00\x00\x00\x00\x00\x00\x00\x00\x00\x00\x00\x00\x01\x00\x00\x00\x01\x00\x00\x00\x00\x00\x00\x00\x00\x00\x00\x00\x00\x00\x00\x00\x00\x00\x00\x00\x00\x00\x00\x00\x00\x00\x00\x00\x05\x00\x00\x00\x00^Z\x1faH\x19\x00\x00s2-eth5\x00\x00\x00\x00\x00\x00\x00\x00\x00\x00\x00\x00\x00\x00\x00\x00\x04\x00\x00\x08@\x00\x00\x00\x00\x00\x00\x00\x00\x00\x00\x00\x00\x00\x98\x96\x80\x00\x00\x00\x00\x00\x00\x00\x06\x00\x00\x00\x00\xba5\xa4\xa2\xb9\xb6\x00\x00s2-eth6\x00\x00\x00\x00\x00\x00\x00\x00\x00\x00\x00\x00\x00\x00\x00\x00\x04\x00\x00\x08@\x00\x00\x00\x00\x00\x00\x00\x00\x00\x00\x00\x00\x00\x98\x96\x80\x00\x00\x00\x00\x00\x00\x00\x04\x00\x00\x00\x00Z\xd3\xbb2\xff'\x00\x00s2-eth4\x00\x00\x00\x00\x00\x00\x00\x00\x00\x00\x00\x00\x00\x00\x00\x00\x04\x00\x00\x08@\x00\x00\x00\x00\x00\x00\x00\x00\x00\x00\x00\x00\x00\x98\x96\x80\x00\x00\x00\x00\x00\x00\x00\x07\x00\x00\x00\x00\x12\x82c\xe8\x0b;\x00\x00s2-eth7\x00\x00\x00\x00\x00\x00\x00\x00\x00\x00\x00\x00\x00\x00\x00\x00\x04\x00\x00\x08@\x00\x00\x00\x00\x00\x00\x00\x00\x00\x00\x00\x00\x00\x98\x96\x80\x00\x00\x00\x00\x00\x00\x00\x01\x00\x00\x00\x00f\xe0\x13\xc8\x01\x9d\x00\x00s2-eth1\x00\x00\x00\x00\x00\x00\x00\x00\x00\x00\x00\x00\x00\x00\x00\x00\x04\x00\x00\x08@\x00\x00\x00\x00\x00\x00\x00\x00\x00\x00\x00\x00\x00\x98\x96\x80\x00\x00\x00\x00\x00\x00\x00\x02\x00\x00\x00\x00\x12\xc9\x8ch\xba\x1e\x00\x00s2-eth2\x00\x00\x00\x00\x00\x00\x00\x00\x00\x00\x00\x00\x00\x00\x00\x00\x04\x00\x00\x08@\x00\x00\x00\x00\x00\x00\x00\x00\x00\x00\x00\x00\x00\x98\x96\x80\x00\x00\x00\x00\x00\x00\x00\x03\x00\x00\x00\x00f\xe8h\xcc\xd8\xd0\x00\x00s2-eth3\x00\x00\x00\x00\x00\x00\x00\x00\x00\x00\x00\x00\x00\x00\x00\x00\x04\x00\x00\x08@\x00\x00\x00\x00\x00\x00\x00\x00\x00\x00\x00\x00\x00\x98\x96\x80\x00\x00\x00\x00"
2021-05-21 10:19:04,427 | 5513 | proxy.proxy, send_to_controller, 396 | DEBUG | sent data to controller: b"\x04\x13\x02\x10\x00\x00\x82%\x00\r\x00\x00\x00\x00\x00\x00\xff\xff\xff\xfe\x00\x00\x00\x00\xaa\xa6K.\x16G\x00\x00s2\x00\x00\x00\x00\x00\x00\x00\x00\x00\x00\x00\x00\x00\x00\x00\x00\x00\x01\x00\x00\x00\x01\x00\x00\x00\x00\x00\x00\x00\x00\x00\x00\x00\x00\x00\x00\x00\x00\x00\x00\x00\x00\x00\x00\x00\x00\x00\x00\x00\x05\x00\x00\x00\x00^Z\x1faH\x19\x00\x00s2-eth5\x00\x00\x00\x00\x00\x00\x00\x00\x00\x00\x00\x00\x00\x00\x00\x00\x04\x00\x00\x08@\x00\x00\x00\x00\x00\x00\x00\x00\x00\x00\x00\x00\x00\x98\x96\x80\x00\x00\x00\x00\x00\x00\x00\x06\x00\x00\x00\x00\xba5\xa4\xa2\xb9\xb6\x00\x00s2-eth6\x00\x00\x00\x00\x00\x00\x00\x00\x00\x00\x00\x00\x00\x00\x00\x00\x04\x00\x00\x08@\x00\x00\x00\x00\x00\x00\x00\x00\x00\x00\x00\x00\x00\x98\x96\x80\x00\x00\x00\x00\x00\x00\x00\x04\x00\x00\x00\x00Z\xd3\xbb2\xff'\x00\x00s2-eth4\x00\x00\x00\x00\x00\x00\x00\x00\x00\x00\x00\x00\x00\x00\x00\x00\x04\x00\x00\x08@\x00\x00\x00\x00\x00\x00\x00\x00\x00\x00\x00\x00\x00\x98\x96\x80\x00\x00\x00\x00\x00\x00\x00\x07\x00\x00\x00\x00\x12\x82c\xe8\x0b;\x00\x00s2-eth7\x00\x00\x00\x00\x00\x00\x00\x00\x00\x00\x00\x00\x00\x00\x00\x00\x04\x00\x00\x08@\x00\x00\x00\x00\x00\x00\x00\x00\x00\x00\x00\x00\x00\x98\x96\x80\x00\x00\x00\x00\x00\x00\x00\x01\x00\x00\x00\x00f\xe0\x13\xc8\x01\x9d\x00\x00s2-eth1\x00\x00\x00\x00\x00\x00\x00\x00\x00\x00\x00\x00\x00\x00\x00\x00\x04\x00\x00\x08@\x00\x00\x00\x00\x00\x00\x00\x00\x00\x00\x00\x00\x00\x98\x96\x80\x00\x00\x00\x00\x00\x00\x00\x02\x00\x00\x00\x00\x12\xc9\x8ch\xba\x1e\x00\x00s2-eth2\x00\x00\x00\x00\x00\x00\x00\x00\x00\x00\x00\x00\x00\x00\x00\x00\x04\x00\x00\x08@\x00\x00\x00\x00\x00\x00\x00\x00\x00\x00\x00\x00\x00\x98\x96\x80\x00\x00\x00\x00\x00\x00\x00\x03\x00\x00\x00\x00f\xe8h\xcc\xd8\xd0\x00\x00s2-eth3\x00\x00\x00\x00\x00\x00\x00\x00\x00\x00\x00\x00\x00\x00\x00\x00\x04\x00\x00\x08@\x00\x00\x00\x00\x00\x00\x00\x00\x00\x00\x00\x00\x00\x98\x96\x80\x00\x00\x00\x00"
2021-05-21 10:19:04,427 | 5513 | proxy.proxy, send_to_controller, 74 | DEBUG | set data and sent to controller : b"\x04\x13\x02\x10\x00\x00\x82%\x00\r\x00\x00\x00\x00\x00\x00\xff\xff\xff\xfe\x00\x00\x00\x00\xaa\xa6K.\x16G\x00\x00s2\x00\x00\x00\x00\x00\x00\x00\x00\x00\x00\x00\x00\x00\x00\x00\x00\x00\x01\x00\x00\x00\x01\x00\x00\x00\x00\x00\x00\x00\x00\x00\x00\x00\x00\x00\x00\x00\x00\x00\x00\x00\x00\x00\x00\x00\x00\x00\x00\x00\x05\x00\x00\x00\x00^Z\x1faH\x19\x00\x00s2-eth5\x00\x00\x00\x00\x00\x00\x00\x00\x00\x00\x00\x00\x00\x00\x00\x00\x04\x00\x00\x08@\x00\x00\x00\x00\x00\x00\x00\x00\x00\x00\x00\x00\x00\x98\x96\x80\x00\x00\x00\x00\x00\x00\x00\x06\x00\x00\x00\x00\xba5\xa4\xa2\xb9\xb6\x00\x00s2-eth6\x00\x00\x00\x00\x00\x00\x00\x00\x00\x00\x00\x00\x00\x00\x00\x00\x04\x00\x00\x08@\x00\x00\x00\x00\x00\x00\x00\x00\x00\x00\x00\x00\x00\x98\x96\x80\x00\x00\x00\x00\x00\x00\x00\x04\x00\x00\x00\x00Z\xd3\xbb2\xff'\x00\x00s2-eth4\x00\x00\x00\x00\x00\x00\x00\x00\x00\x00\x00\x00\x00\x00\x00\x00\x04\x00\x00\x08@\x00\x00\x00\x00\x00\x00\x00\x00\x00\x00\x00\x00\x00\x98\x96\x80\x00\x00\x00\x00\x00\x00\x00\x07\x00\x00\x00\x00\x12\x82c\xe8\x0b;\x00\x00s2-eth7\x00\x00\x00\x00\x00\x00\x00\x00\x00\x00\x00\x00\x00\x00\x00\x00\x04\x00\x00\x08@\x00\x00\x00\x00\x00\x00\x00\x00\x00\x00\x00\x00\x00\x98\x96\x80\x00\x00\x00\x00\x00\x00\x00\x01\x00\x00\x00\x00f\xe0\x13\xc8\x01\x9d\x00\x00s2-eth1\x00\x00\x00\x00\x00\x00\x00\x00\x00\x00\x00\x00\x00\x00\x00\x00\x04\x00\x00\x08@\x00\x00\x00\x00\x00\x00\x00\x00\x00\x00\x00\x00\x00\x98\x96\x80\x00\x00\x00\x00\x00\x00\x00\x02\x00\x00\x00\x00\x12\xc9\x8ch\xba\x1e\x00\x00s2-eth2\x00\x00\x00\x00\x00\x00\x00\x00\x00\x00\x00\x00\x00\x00\x00\x00\x04\x00\x00\x08@\x00\x00\x00\x00\x00\x00\x00\x00\x00\x00\x00\x00\x00\x98\x96\x80\x00\x00\x00\x00\x00\x00\x00\x03\x00\x00\x00\x00f\xe8h\xcc\xd8\xd0\x00\x00s2-eth3\x00\x00\x00\x00\x00\x00\x00\x00\x00\x00\x00\x00\x00\x00\x00\x00\x04\x00\x00\x08@\x00\x00\x00\x00\x00\x00\x00\x00\x00\x00\x00\x00\x00\x98\x96\x80\x00\x00\x00\x00"
2021-05-21 10:19:04,428 | 5513 | proxy.proxy, handle_switch, 252 | DEBUG | waiting data ......
2021-05-21 10:19:04,429 | 5513 | proxy.observable, notify_observers, 63 | DEBUG | notify data to observer: <proxy.packet.Message object at 0x7f381c909eb0>
2021-05-21 10:19:04,429 | 5513 | api.observer, update, 38 | DEBUG | observed from observable: b'\x04\x13\x02\x10\x92]\x05\x85\x00\r\x00\x00\x00\x00\x00\x00\xff\xff\xff\xfe\x00\x00\x00\x00>\x80\xa8\xa5\x8bM\x00\x00s1\x00\x00\x00\x00\x00\x00\x00\x00\x00\x00\x00\x00\x00\x00\x00\x00\x00\x01\x00\x00\x00\x01\x00\x00\x00\x00\x00\x00\x00\x00\x00\x00\x00\x00\x00\x00\x00\x00\x00\x00\x00\x00\x00\x00\x00\x00\x00\x00\x00\x05\x00\x00\x00\x00Z\x9bc\xb9\xaaO\x00\x00s1-eth5\x00\x00\x00\x00\x00\x00\x00\x00\x00\x00\x00\x00\x00\x00\x00\x00\x04\x00\x00\x08@\x00\x00\x00\x00\x00\x00\x00\x00\x00\x00\x00\x00\x00\x98\x96\x80\x00\x00\x00\x00\x00\x00\x00\x07\x00\x00\x00\x00\xb2p\xc7\xaf\x90\xd4\x00\x00s1-eth7\x00\x00\x00\x00\x00\x00\x00\x00\x00\x00\x00\x00\x00\x00\x00\x00\x04\x00\x00\x08@\x00\x00\x00\x00\x00\x00\x00\x00\x00\x00\x00\x00\x00\x98\x96\x80\x00\x00\x00\x00\x00\x00\x00\x04\x00\x00\x00\x00J\xab\x05\x11\xf2\xad\x00\x00s1-eth4\x00\x00\x00\x00\x00\x00\x00\x00\x00\x00\x00\x00\x00\x00\x00\x00\x04\x00\x00\x08@\x00\x00\x00\x00\x00\x00\x00\x00\x00\x00\x00\x00\x00\x98\x96\x80\x00\x00\x00\x00\x00\x00\x00\x06\x00\x00\x00\x00"\xf1Q\xfc\x14\x8d\x00\x00s1-eth6\x00\x00\x00\x00\x00\x00\x00\x00\x00\x00\x00\x00\x00\x00\x00\x00\x04\x00\x00\x08@\x00\x00\x00\x00\x00\x00\x00\x00\x00\x00\x00\x00\x00\x98\x96\x80\x00\x00\x00\x00\x00\x00\x00\x01\x00\x00\x00\x00\xaaj\xa4\xe0}\x1f\x00\x00s1-eth1\x00\x00\x00\x00\x00\x00\x00\x00\x00\x00\x00\x00\x00\x00\x00\x00\x04\x00\x00\x08@\x00\x00\x00\x00\x00\x00\x00\x00\x00\x00\x00\x00\x00\x98\x96\x80\x00\x00\x00\x00\x00\x00\x00\x02\x00\x00\x00\x00\xa6I\xce#\xb2\xa4\x00\x00s1-eth2\x00\x00\x00\x00\x00\x00\x00\x00\x00\x00\x00\x00\x00\x00\x00\x00\x04\x00\x00\x08@\x00\x00\x00\x00\x00\x00\x00\x00\x00\x00\x00\x00\x00\x98\x96\x80\x00\x00\x00\x00\x00\x00\x00\x03\x00\x00\x00\x00\xdeO\xe9\xcd\xfa\xef\x00\x00s1-eth3\x00\x00\x00\x00\x00\x00\x00\x00\x00\x00\x00\x00\x00\x00\x00\x00\x04\x00\x00\x08@\x00\x00\x00\x00\x00\x00\x00\x00\x00\x00\x00\x00\x00\x98\x96\x80\x00\x00\x00\x00'
2021-05-21 10:19:04,432 | 5513 | api.observer, todict, 44 | DEBUG | UBIntBase, key : {'_value': 4, 'enum_ref': None}
2021-05-21 10:19:04,439 | 5513 | api.observer, todict, 44 | DEBUG | UBIntBase, key : {'_value': 528, 'enum_ref': None}
2021-05-21 10:19:04,449 | 5513 | api.observer, todict, 44 | DEBUG | UBIntBase, key : {'_value': 2455569797, 'enum_ref': None}
2021-05-21 10:19:04,450 | 5513 | api.observer, todict, 44 | DEBUG | UBIntBase, key : {'_value': 0, 'enum_ref': None}
2021-05-21 10:19:04,450 | 5513 | api.observer, todict, 44 | DEBUG | UBIntBase, key : {'_value': 4294967294, 'enum_ref': None}
2021-05-21 10:19:04,451 | 5513 | api.observer, todict, 44 | DEBUG | UBIntBase, key : {'_value': PortConfig(1), 'enum_ref': <class 'pyof.v0x04.common.port.PortConfig'>}
2021-05-21 10:19:04,451 | 5513 | api.observer, todict, 44 | DEBUG | UBIntBase, key : {'_value': PortState(1), 'enum_ref': <class 'pyof.v0x04.common.port.PortState'>}
2021-05-21 10:19:04,452 | 5513 | api.observer, todict, 44 | DEBUG | UBIntBase, key : {'_value': PortFeatures(0), 'enum_ref': <class 'pyof.v0x04.common.port.PortFeatures'>}
2021-05-21 10:19:04,452 | 5513 | api.observer, todict, 44 | DEBUG | UBIntBase, key : {'_value': PortFeatures(0), 'enum_ref': <class 'pyof.v0x04.common.port.PortFeatures'>}
2021-05-21 10:19:04,453 | 5513 | api.observer, todict, 44 | DEBUG | UBIntBase, key : {'_value': PortFeatures(0), 'enum_ref': <class 'pyof.v0x04.common.port.PortFeatures'>}
2021-05-21 10:19:04,454 | 5513 | api.observer, todict, 44 | DEBUG | UBIntBase, key : {'_value': PortFeatures(0), 'enum_ref': <class 'pyof.v0x04.common.port.PortFeatures'>}
2021-05-21 10:19:04,456 | 5513 | api.observer, todict, 44 | DEBUG | UBIntBase, key : {'_value': 0, 'enum_ref': None}
2021-05-21 10:19:04,460 | 5513 | api.observer, todict, 44 | DEBUG | UBIntBase, key : {'_value': 0, 'enum_ref': None}
2021-05-21 10:19:04,466 | 5513 | api.observer, todict, 44 | DEBUG | UBIntBase, key : {'_value': 5, 'enum_ref': None}
2021-05-21 10:19:04,466 | 5513 | api.observer, todict, 44 | DEBUG | UBIntBase, key : {'_value': PortConfig(0), 'enum_ref': <class 'pyof.v0x04.common.port.PortConfig'>}
2021-05-21 10:19:04,467 | 5513 | api.observer, todict, 44 | DEBUG | UBIntBase, key : {'_value': PortState(4), 'enum_ref': <class 'pyof.v0x04.common.port.PortState'>}
2021-05-21 10:19:04,467 | 5513 | api.observer, todict, 44 | DEBUG | UBIntBase, key : {'_value': PortFeatures(2112), 'enum_ref': <class 'pyof.v0x04.common.port.PortFeatures'>}
2021-05-21 10:19:04,468 | 5513 | api.observer, todict, 44 | DEBUG | UBIntBase, key : {'_value': PortFeatures(0), 'enum_ref': <class 'pyof.v0x04.common.port.PortFeatures'>}
2021-05-21 10:19:04,468 | 5513 | api.observer, todict, 44 | DEBUG | UBIntBase, key : {'_value': PortFeatures(0), 'enum_ref': <class 'pyof.v0x04.common.port.PortFeatures'>}
2021-05-21 10:19:04,468 | 5513 | api.observer, todict, 44 | DEBUG | UBIntBase, key : {'_value': PortFeatures(0), 'enum_ref': <class 'pyof.v0x04.common.port.PortFeatures'>}
2021-05-21 10:19:04,469 | 5513 | api.observer, todict, 44 | DEBUG | UBIntBase, key : {'_value': 10000000, 'enum_ref': None}
2021-05-21 10:19:04,469 | 5513 | api.observer, todict, 44 | DEBUG | UBIntBase, key : {'_value': 0, 'enum_ref': None}
2021-05-21 10:19:04,469 | 5513 | api.observer, todict, 44 | DEBUG | UBIntBase, key : {'_value': 7, 'enum_ref': None}
2021-05-21 10:19:04,470 | 5513 | api.observer, todict, 44 | DEBUG | UBIntBase, key : {'_value': PortConfig(0), 'enum_ref': <class 'pyof.v0x04.common.port.PortConfig'>}
2021-05-21 10:19:04,470 | 5513 | api.observer, todict, 44 | DEBUG | UBIntBase, key : {'_value': PortState(4), 'enum_ref': <class 'pyof.v0x04.common.port.PortState'>}
2021-05-21 10:19:04,471 | 5513 | api.observer, todict, 44 | DEBUG | UBIntBase, key : {'_value': PortFeatures(2112), 'enum_ref': <class 'pyof.v0x04.common.port.PortFeatures'>}
2021-05-21 10:19:04,471 | 5513 | api.observer, todict, 44 | DEBUG | UBIntBase, key : {'_value': PortFeatures(0), 'enum_ref': <class 'pyof.v0x04.common.port.PortFeatures'>}
2021-05-21 10:19:04,471 | 5513 | api.observer, todict, 44 | DEBUG | UBIntBase, key : {'_value': PortFeatures(0), 'enum_ref': <class 'pyof.v0x04.common.port.PortFeatures'>}
2021-05-21 10:19:04,472 | 5513 | api.observer, todict, 44 | DEBUG | UBIntBase, key : {'_value': PortFeatures(0), 'enum_ref': <class 'pyof.v0x04.common.port.PortFeatures'>}
2021-05-21 10:19:04,472 | 5513 | api.observer, todict, 44 | DEBUG | UBIntBase, key : {'_value': 10000000, 'enum_ref': None}
2021-05-21 10:19:04,472 | 5513 | api.observer, todict, 44 | DEBUG | UBIntBase, key : {'_value': 0, 'enum_ref': None}
2021-05-21 10:19:04,473 | 5513 | api.observer, todict, 44 | DEBUG | UBIntBase, key : {'_value': 4, 'enum_ref': None}
2021-05-21 10:19:04,473 | 5513 | api.observer, todict, 44 | DEBUG | UBIntBase, key : {'_value': PortConfig(0), 'enum_ref': <class 'pyof.v0x04.common.port.PortConfig'>}
2021-05-21 10:19:04,474 | 5513 | api.observer, todict, 44 | DEBUG | UBIntBase, key : {'_value': PortState(4), 'enum_ref': <class 'pyof.v0x04.common.port.PortState'>}
2021-05-21 10:19:04,482 | 5513 | api.observer, todict, 44 | DEBUG | UBIntBase, key : {'_value': PortFeatures(2112), 'enum_ref': <class 'pyof.v0x04.common.port.PortFeatures'>}
2021-05-21 10:19:04,483 | 5513 | api.observer, todict, 44 | DEBUG | UBIntBase, key : {'_value': PortFeatures(0), 'enum_ref': <class 'pyof.v0x04.common.port.PortFeatures'>}
2021-05-21 10:19:04,484 | 5513 | api.observer, todict, 44 | DEBUG | UBIntBase, key : {'_value': PortFeatures(0), 'enum_ref': <class 'pyof.v0x04.common.port.PortFeatures'>}
2021-05-21 10:19:04,485 | 5513 | api.observer, todict, 44 | DEBUG | UBIntBase, key : {'_value': PortFeatures(0), 'enum_ref': <class 'pyof.v0x04.common.port.PortFeatures'>}
2021-05-21 10:19:04,487 | 5513 | api.observer, todict, 44 | DEBUG | UBIntBase, key : {'_value': 10000000, 'enum_ref': None}
2021-05-21 10:19:04,488 | 5513 | api.observer, todict, 44 | DEBUG | UBIntBase, key : {'_value': 0, 'enum_ref': None}
2021-05-21 10:19:04,489 | 5513 | api.observer, todict, 44 | DEBUG | UBIntBase, key : {'_value': 6, 'enum_ref': None}
2021-05-21 10:19:04,489 | 5513 | api.observer, todict, 44 | DEBUG | UBIntBase, key : {'_value': PortConfig(0), 'enum_ref': <class 'pyof.v0x04.common.port.PortConfig'>}
2021-05-21 10:19:04,490 | 5513 | api.observer, todict, 44 | DEBUG | UBIntBase, key : {'_value': PortState(4), 'enum_ref': <class 'pyof.v0x04.common.port.PortState'>}
2021-05-21 10:19:04,490 | 5513 | api.observer, todict, 44 | DEBUG | UBIntBase, key : {'_value': PortFeatures(2112), 'enum_ref': <class 'pyof.v0x04.common.port.PortFeatures'>}
2021-05-21 10:19:04,491 | 5513 | api.observer, todict, 44 | DEBUG | UBIntBase, key : {'_value': PortFeatures(0), 'enum_ref': <class 'pyof.v0x04.common.port.PortFeatures'>}
2021-05-21 10:19:04,498 | 5513 | api.observer, todict, 44 | DEBUG | UBIntBase, key : {'_value': PortFeatures(0), 'enum_ref': <class 'pyof.v0x04.common.port.PortFeatures'>}
2021-05-21 10:19:04,500 | 5513 | api.observer, todict, 44 | DEBUG | UBIntBase, key : {'_value': PortFeatures(0), 'enum_ref': <class 'pyof.v0x04.common.port.PortFeatures'>}
2021-05-21 10:19:04,500 | 5513 | api.observer, todict, 44 | DEBUG | UBIntBase, key : {'_value': 10000000, 'enum_ref': None}
2021-05-21 10:19:04,500 | 5513 | api.observer, todict, 44 | DEBUG | UBIntBase, key : {'_value': 0, 'enum_ref': None}
2021-05-21 10:19:04,501 | 5513 | api.observer, todict, 44 | DEBUG | UBIntBase, key : {'_value': 1, 'enum_ref': None}
2021-05-21 10:19:04,501 | 5513 | api.observer, todict, 44 | DEBUG | UBIntBase, key : {'_value': PortConfig(0), 'enum_ref': <class 'pyof.v0x04.common.port.PortConfig'>}
2021-05-21 10:19:04,502 | 5513 | api.observer, todict, 44 | DEBUG | UBIntBase, key : {'_value': PortState(4), 'enum_ref': <class 'pyof.v0x04.common.port.PortState'>}
2021-05-21 10:19:04,502 | 5513 | api.observer, todict, 44 | DEBUG | UBIntBase, key : {'_value': PortFeatures(2112), 'enum_ref': <class 'pyof.v0x04.common.port.PortFeatures'>}
2021-05-21 10:19:04,502 | 5513 | api.observer, todict, 44 | DEBUG | UBIntBase, key : {'_value': PortFeatures(0), 'enum_ref': <class 'pyof.v0x04.common.port.PortFeatures'>}
2021-05-21 10:19:04,503 | 5513 | api.observer, todict, 44 | DEBUG | UBIntBase, key : {'_value': PortFeatures(0), 'enum_ref': <class 'pyof.v0x04.common.port.PortFeatures'>}
2021-05-21 10:19:04,503 | 5513 | api.observer, todict, 44 | DEBUG | UBIntBase, key : {'_value': PortFeatures(0), 'enum_ref': <class 'pyof.v0x04.common.port.PortFeatures'>}
2021-05-21 10:19:04,504 | 5513 | api.observer, todict, 44 | DEBUG | UBIntBase, key : {'_value': 10000000, 'enum_ref': None}
2021-05-21 10:19:04,504 | 5513 | api.observer, todict, 44 | DEBUG | UBIntBase, key : {'_value': 0, 'enum_ref': None}
2021-05-21 10:19:04,504 | 5513 | api.observer, todict, 44 | DEBUG | UBIntBase, key : {'_value': 2, 'enum_ref': None}
2021-05-21 10:19:04,505 | 5513 | api.observer, todict, 44 | DEBUG | UBIntBase, key : {'_value': PortConfig(0), 'enum_ref': <class 'pyof.v0x04.common.port.PortConfig'>}
2021-05-21 10:19:04,505 | 5513 | api.observer, todict, 44 | DEBUG | UBIntBase, key : {'_value': PortState(4), 'enum_ref': <class 'pyof.v0x04.common.port.PortState'>}
2021-05-21 10:19:04,506 | 5513 | api.observer, todict, 44 | DEBUG | UBIntBase, key : {'_value': PortFeatures(2112), 'enum_ref': <class 'pyof.v0x04.common.port.PortFeatures'>}
2021-05-21 10:19:04,514 | 5513 | api.observer, todict, 44 | DEBUG | UBIntBase, key : {'_value': PortFeatures(0), 'enum_ref': <class 'pyof.v0x04.common.port.PortFeatures'>}
2021-05-21 10:19:04,514 | 5513 | api.observer, todict, 44 | DEBUG | UBIntBase, key : {'_value': PortFeatures(0), 'enum_ref': <class 'pyof.v0x04.common.port.PortFeatures'>}
2021-05-21 10:19:04,516 | 5513 | api.observer, todict, 44 | DEBUG | UBIntBase, key : {'_value': PortFeatures(0), 'enum_ref': <class 'pyof.v0x04.common.port.PortFeatures'>}
2021-05-21 10:19:04,518 | 5513 | api.observer, todict, 44 | DEBUG | UBIntBase, key : {'_value': 10000000, 'enum_ref': None}
2021-05-21 10:19:04,519 | 5513 | api.observer, todict, 44 | DEBUG | UBIntBase, key : {'_value': 0, 'enum_ref': None}
2021-05-21 10:19:04,519 | 5513 | api.observer, todict, 44 | DEBUG | UBIntBase, key : {'_value': 3, 'enum_ref': None}
2021-05-21 10:19:04,519 | 5513 | api.observer, todict, 44 | DEBUG | UBIntBase, key : {'_value': PortConfig(0), 'enum_ref': <class 'pyof.v0x04.common.port.PortConfig'>}
2021-05-21 10:19:04,520 | 5513 | api.observer, todict, 44 | DEBUG | UBIntBase, key : {'_value': PortState(4), 'enum_ref': <class 'pyof.v0x04.common.port.PortState'>}
2021-05-21 10:19:04,520 | 5513 | api.observer, todict, 44 | DEBUG | UBIntBase, key : {'_value': PortFeatures(2112), 'enum_ref': <class 'pyof.v0x04.common.port.PortFeatures'>}
2021-05-21 10:19:04,521 | 5513 | api.observer, todict, 44 | DEBUG | UBIntBase, key : {'_value': PortFeatures(0), 'enum_ref': <class 'pyof.v0x04.common.port.PortFeatures'>}
2021-05-21 10:19:04,521 | 5513 | api.observer, todict, 44 | DEBUG | UBIntBase, key : {'_value': PortFeatures(0), 'enum_ref': <class 'pyof.v0x04.common.port.PortFeatures'>}
2021-05-21 10:19:04,526 | 5513 | api.observer, todict, 44 | DEBUG | UBIntBase, key : {'_value': PortFeatures(0), 'enum_ref': <class 'pyof.v0x04.common.port.PortFeatures'>}
2021-05-21 10:19:04,527 | 5513 | api.observer, todict, 44 | DEBUG | UBIntBase, key : {'_value': 10000000, 'enum_ref': None}
2021-05-21 10:19:04,527 | 5513 | api.observer, todict, 44 | DEBUG | UBIntBase, key : {'_value': 0, 'enum_ref': None}
2021-05-21 10:19:04,528 | 5513 | api.observer, parse, 21 | INFO | Parsed msg : {'header': {'version': 4, 'message_type': 19, 'length': 528, 'xid': 2455569797}, 'multipart_type': 13, 'flags': 0, 'pad': {'enum_ref': None}, 'body': [{'port_no': 4294967294, 'pad': {'enum_ref': None}, 'hw_addr': {'enum_ref': None}, 'pad2': {'enum_ref': None}, 'name': {'enum_ref': None, 'length': 16}, 'config': {}, 'state': {}, 'curr': {}, 'advertised': {}, 'supported': {}, 'peer': {}, 'curr_speed': 0, 'max_speed': 0}, {'port_no': 5, 'pad': {'enum_ref': None}, 'hw_addr': {'enum_ref': None}, 'pad2': {'enum_ref': None}, 'name': {'enum_ref': None, 'length': 16}, 'config': {}, 'state': {}, 'curr': {}, 'advertised': {}, 'supported': {}, 'peer': {}, 'curr_speed': 10000000, 'max_speed': 0}, {'port_no': 7, 'pad': {'enum_ref': None}, 'hw_addr': {'enum_ref': None}, 'pad2': {'enum_ref': None}, 'name': {'enum_ref': None, 'length': 16}, 'config': {}, 'state': {}, 'curr': {}, 'advertised': {}, 'supported': {}, 'peer': {}, 'curr_speed': 10000000, 'max_speed': 0}, {'port_no': 4, 'pad': {'enum_ref': None}, 'hw_addr': {'enum_ref': None}, 'pad2': {'enum_ref': None}, 'name': {'enum_ref': None, 'length': 16}, 'config': {}, 'state': {}, 'curr': {}, 'advertised': {}, 'supported': {}, 'peer': {}, 'curr_speed': 10000000, 'max_speed': 0}, {'port_no': 6, 'pad': {'enum_ref': None}, 'hw_addr': {'enum_ref': None}, 'pad2': {'enum_ref': None}, 'name': {'enum_ref': None, 'length': 16}, 'config': {}, 'state': {}, 'curr': {}, 'advertised': {}, 'supported': {}, 'peer': {}, 'curr_speed': 10000000, 'max_speed': 0}, {'port_no': 1, 'pad': {'enum_ref': None}, 'hw_addr': {'enum_ref': None}, 'pad2': {'enum_ref': None}, 'name': {'enum_ref': None, 'length': 16}, 'config': {}, 'state': {}, 'curr': {}, 'advertised': {}, 'supported': {}, 'peer': {}, 'curr_speed': 10000000, 'max_speed': 0}, {'port_no': 2, 'pad': {'enum_ref': None}, 'hw_addr': {'enum_ref': None}, 'pad2': {'enum_ref': None}, 'name': {'enum_ref': None, 'length': 16}, 'config': {}, 'state': {}, 'curr': {}, 'advertised': {}, 'supported': {}, 'peer': {}, 'curr_speed': 10000000, 'max_speed': 0}, {'port_no': 3, 'pad': {'enum_ref': None}, 'hw_addr': {'enum_ref': None}, 'pad2': {'enum_ref': None}, 'name': {'enum_ref': None, 'length': 16}, 'config': {}, 'state': {}, 'curr': {}, 'advertised': {}, 'supported': {}, 'peer': {}, 'curr_speed': 10000000, 'max_speed': 0}]}
2021-05-21 10:19:04,530 | 5513 | proxy.observable, notify_observers, 63 | DEBUG | notify data to observer: <proxy.packet.Message object at 0x7f381c9096d0>
2021-05-21 10:19:04,530 | 5513 | api.observer, update, 38 | DEBUG | observed from observable: b'\x04\x13\x01\xd0\xfcp2\x0f\x00\r\x00\x00\x00\x00\x00\x00\xff\xff\xff\xfe\x00\x00\x00\x00&z\xe5u#L\x00\x00s3\x00\x00\x00\x00\x00\x00\x00\x00\x00\x00\x00\x00\x00\x00\x00\x00\x00\x01\x00\x00\x00\x01\x00\x00\x00\x00\x00\x00\x00\x00\x00\x00\x00\x00\x00\x00\x00\x00\x00\x00\x00\x00\x00\x00\x00\x00\x00\x00\x00\x04\x00\x00\x00\x00\x92\x9d\x87\xf2\xc2\x8a\x00\x00s3-eth4\x00\x00\x00\x00\x00\x00\x00\x00\x00\x00\x00\x00\x00\x00\x00\x00\x04\x00\x00\x08@\x00\x00\x00\x00\x00\x00\x00\x00\x00\x00\x00\x00\x00\x98\x96\x80\x00\x00\x00\x00\x00\x00\x00\x06\x00\x00\x00\x00\x12\x9b\xb1o%f\x00\x00s3-eth6\x00\x00\x00\x00\x00\x00\x00\x00\x00\x00\x00\x00\x00\x00\x00\x00\x04\x00\x00\x08@\x00\x00\x00\x00\x00\x00\x00\x00\x00\x00\x00\x00\x00\x98\x96\x80\x00\x00\x00\x00\x00\x00\x00\x01\x00\x00\x00\x00\xda\xc4\xd2N6#\x00\x00s3-eth1\x00\x00\x00\x00\x00\x00\x00\x00\x00\x00\x00\x00\x00\x00\x00\x00\x04\x00\x00\x08@\x00\x00\x00\x00\x00\x00\x00\x00\x00\x00\x00\x00\x00\x98\x96\x80\x00\x00\x00\x00\x00\x00\x00\x05\x00\x00\x00\x00\xce]QH\xd1D\x00\x00s3-eth5\x00\x00\x00\x00\x00\x00\x00\x00\x00\x00\x00\x00\x00\x00\x00\x00\x04\x00\x00\x08@\x00\x00\x00\x00\x00\x00\x00\x00\x00\x00\x00\x00\x00\x98\x96\x80\x00\x00\x00\x00\x00\x00\x00\x02\x00\x00\x00\x00\xeal\x0eO\xa1<\x00\x00s3-eth2\x00\x00\x00\x00\x00\x00\x00\x00\x00\x00\x00\x00\x00\x00\x00\x00\x04\x00\x00\x08@\x00\x00\x00\x00\x00\x00\x00\x00\x00\x00\x00\x00\x00\x98\x96\x80\x00\x00\x00\x00\x00\x00\x00\x03\x00\x00\x00\x00\xd6=N\xac\xfd+\x00\x00s3-eth3\x00\x00\x00\x00\x00\x00\x00\x00\x00\x00\x00\x00\x00\x00\x00\x00\x04\x00\x00\x08@\x00\x00\x00\x00\x00\x00\x00\x00\x00\x00\x00\x00\x00\x98\x96\x80\x00\x00\x00\x00'
2021-05-21 10:19:04,535 | 5513 | api.observer, todict, 44 | DEBUG | UBIntBase, key : {'_value': 4, 'enum_ref': None}
2021-05-21 10:19:04,545 | 5513 | api.observer, todict, 44 | DEBUG | UBIntBase, key : {'_value': 464, 'enum_ref': None}
2021-05-21 10:19:04,546 | 5513 | api.observer, todict, 44 | DEBUG | UBIntBase, key : {'_value': 4235211279, 'enum_ref': None}
2021-05-21 10:19:04,547 | 5513 | api.observer, todict, 44 | DEBUG | UBIntBase, key : {'_value': 0, 'enum_ref': None}
2021-05-21 10:19:04,549 | 5513 | api.observer, todict, 44 | DEBUG | UBIntBase, key : {'_value': 4294967294, 'enum_ref': None}
2021-05-21 10:19:04,550 | 5513 | api.observer, todict, 44 | DEBUG | UBIntBase, key : {'_value': PortConfig(1), 'enum_ref': <class 'pyof.v0x04.common.port.PortConfig'>}
2021-05-21 10:19:04,550 | 5513 | api.observer, todict, 44 | DEBUG | UBIntBase, key : {'_value': PortState(1), 'enum_ref': <class 'pyof.v0x04.common.port.PortState'>}
2021-05-21 10:19:04,551 | 5513 | api.observer, todict, 44 | DEBUG | UBIntBase, key : {'_value': PortFeatures(0), 'enum_ref': <class 'pyof.v0x04.common.port.PortFeatures'>}
2021-05-21 10:19:04,551 | 5513 | api.observer, todict, 44 | DEBUG | UBIntBase, key : {'_value': PortFeatures(0), 'enum_ref': <class 'pyof.v0x04.common.port.PortFeatures'>}
2021-05-21 10:19:04,551 | 5513 | api.observer, todict, 44 | DEBUG | UBIntBase, key : {'_value': PortFeatures(0), 'enum_ref': <class 'pyof.v0x04.common.port.PortFeatures'>}
2021-05-21 10:19:04,552 | 5513 | api.observer, todict, 44 | DEBUG | UBIntBase, key : {'_value': PortFeatures(0), 'enum_ref': <class 'pyof.v0x04.common.port.PortFeatures'>}
2021-05-21 10:19:04,552 | 5513 | api.observer, todict, 44 | DEBUG | UBIntBase, key : {'_value': 0, 'enum_ref': None}
2021-05-21 10:19:04,552 | 5513 | api.observer, todict, 44 | DEBUG | UBIntBase, key : {'_value': 0, 'enum_ref': None}
2021-05-21 10:19:04,553 | 5513 | api.observer, todict, 44 | DEBUG | UBIntBase, key : {'_value': 4, 'enum_ref': None}
2021-05-21 10:19:04,553 | 5513 | api.observer, todict, 44 | DEBUG | UBIntBase, key : {'_value': PortConfig(0), 'enum_ref': <class 'pyof.v0x04.common.port.PortConfig'>}
2021-05-21 10:19:04,554 | 5513 | api.observer, todict, 44 | DEBUG | UBIntBase, key : {'_value': PortState(4), 'enum_ref': <class 'pyof.v0x04.common.port.PortState'>}
2021-05-21 10:19:04,561 | 5513 | api.observer, todict, 44 | DEBUG | UBIntBase, key : {'_value': PortFeatures(2112), 'enum_ref': <class 'pyof.v0x04.common.port.PortFeatures'>}
2021-05-21 10:19:04,562 | 5513 | api.observer, todict, 44 | DEBUG | UBIntBase, key : {'_value': PortFeatures(0), 'enum_ref': <class 'pyof.v0x04.common.port.PortFeatures'>}
2021-05-21 10:19:04,563 | 5513 | api.observer, todict, 44 | DEBUG | UBIntBase, key : {'_value': PortFeatures(0), 'enum_ref': <class 'pyof.v0x04.common.port.PortFeatures'>}
2021-05-21 10:19:04,563 | 5513 | api.observer, todict, 44 | DEBUG | UBIntBase, key : {'_value': PortFeatures(0), 'enum_ref': <class 'pyof.v0x04.common.port.PortFeatures'>}
2021-05-21 10:19:04,564 | 5513 | api.observer, todict, 44 | DEBUG | UBIntBase, key : {'_value': 10000000, 'enum_ref': None}
2021-05-21 10:19:04,565 | 5513 | api.observer, todict, 44 | DEBUG | UBIntBase, key : {'_value': 0, 'enum_ref': None}
2021-05-21 10:19:04,575 | 5513 | api.observer, todict, 44 | DEBUG | UBIntBase, key : {'_value': 6, 'enum_ref': None}
2021-05-21 10:19:04,575 | 5513 | api.observer, todict, 44 | DEBUG | UBIntBase, key : {'_value': PortConfig(0), 'enum_ref': <class 'pyof.v0x04.common.port.PortConfig'>}
2021-05-21 10:19:04,576 | 5513 | api.observer, todict, 44 | DEBUG | UBIntBase, key : {'_value': PortState(4), 'enum_ref': <class 'pyof.v0x04.common.port.PortState'>}
2021-05-21 10:19:04,576 | 5513 | api.observer, todict, 44 | DEBUG | UBIntBase, key : {'_value': PortFeatures(2112), 'enum_ref': <class 'pyof.v0x04.common.port.PortFeatures'>}
2021-05-21 10:19:04,578 | 5513 | api.observer, todict, 44 | DEBUG | UBIntBase, key : {'_value': PortFeatures(0), 'enum_ref': <class 'pyof.v0x04.common.port.PortFeatures'>}
2021-05-21 10:19:04,580 | 5513 | api.observer, todict, 44 | DEBUG | UBIntBase, key : {'_value': PortFeatures(0), 'enum_ref': <class 'pyof.v0x04.common.port.PortFeatures'>}
2021-05-21 10:19:04,581 | 5513 | api.observer, todict, 44 | DEBUG | UBIntBase, key : {'_value': PortFeatures(0), 'enum_ref': <class 'pyof.v0x04.common.port.PortFeatures'>}
2021-05-21 10:19:04,581 | 5513 | api.observer, todict, 44 | DEBUG | UBIntBase, key : {'_value': 10000000, 'enum_ref': None}
2021-05-21 10:19:04,583 | 5513 | api.observer, todict, 44 | DEBUG | UBIntBase, key : {'_value': 0, 'enum_ref': None}
2021-05-21 10:19:04,585 | 5513 | api.observer, todict, 44 | DEBUG | UBIntBase, key : {'_value': 1, 'enum_ref': None}
2021-05-21 10:19:04,586 | 5513 | api.observer, todict, 44 | DEBUG | UBIntBase, key : {'_value': PortConfig(0), 'enum_ref': <class 'pyof.v0x04.common.port.PortConfig'>}
2021-05-21 10:19:04,586 | 5513 | api.observer, todict, 44 | DEBUG | UBIntBase, key : {'_value': PortState(4), 'enum_ref': <class 'pyof.v0x04.common.port.PortState'>}
2021-05-21 10:19:04,586 | 5513 | api.observer, todict, 44 | DEBUG | UBIntBase, key : {'_value': PortFeatures(2112), 'enum_ref': <class 'pyof.v0x04.common.port.PortFeatures'>}
2021-05-21 10:19:04,587 | 5513 | api.observer, todict, 44 | DEBUG | UBIntBase, key : {'_value': PortFeatures(0), 'enum_ref': <class 'pyof.v0x04.common.port.PortFeatures'>}
2021-05-21 10:19:04,587 | 5513 | api.observer, todict, 44 | DEBUG | UBIntBase, key : {'_value': PortFeatures(0), 'enum_ref': <class 'pyof.v0x04.common.port.PortFeatures'>}
2021-05-21 10:19:04,587 | 5513 | api.observer, todict, 44 | DEBUG | UBIntBase, key : {'_value': PortFeatures(0), 'enum_ref': <class 'pyof.v0x04.common.port.PortFeatures'>}
2021-05-21 10:19:04,588 | 5513 | api.observer, todict, 44 | DEBUG | UBIntBase, key : {'_value': 10000000, 'enum_ref': None}
2021-05-21 10:19:04,588 | 5513 | api.observer, todict, 44 | DEBUG | UBIntBase, key : {'_value': 0, 'enum_ref': None}
2021-05-21 10:19:04,589 | 5513 | api.observer, todict, 44 | DEBUG | UBIntBase, key : {'_value': 5, 'enum_ref': None}
2021-05-21 10:19:04,594 | 5513 | api.observer, todict, 44 | DEBUG | UBIntBase, key : {'_value': PortConfig(0), 'enum_ref': <class 'pyof.v0x04.common.port.PortConfig'>}
2021-05-21 10:19:04,595 | 5513 | api.observer, todict, 44 | DEBUG | UBIntBase, key : {'_value': PortState(4), 'enum_ref': <class 'pyof.v0x04.common.port.PortState'>}
2021-05-21 10:19:04,595 | 5513 | api.observer, todict, 44 | DEBUG | UBIntBase, key : {'_value': PortFeatures(2112), 'enum_ref': <class 'pyof.v0x04.common.port.PortFeatures'>}
2021-05-21 10:19:04,596 | 5513 | api.observer, todict, 44 | DEBUG | UBIntBase, key : {'_value': PortFeatures(0), 'enum_ref': <class 'pyof.v0x04.common.port.PortFeatures'>}
2021-05-21 10:19:04,597 | 5513 | api.observer, todict, 44 | DEBUG | UBIntBase, key : {'_value': PortFeatures(0), 'enum_ref': <class 'pyof.v0x04.common.port.PortFeatures'>}
2021-05-21 10:19:04,597 | 5513 | api.observer, todict, 44 | DEBUG | UBIntBase, key : {'_value': PortFeatures(0), 'enum_ref': <class 'pyof.v0x04.common.port.PortFeatures'>}
2021-05-21 10:19:04,598 | 5513 | api.observer, todict, 44 | DEBUG | UBIntBase, key : {'_value': 10000000, 'enum_ref': None}
2021-05-21 10:19:04,600 | 5513 | api.observer, todict, 44 | DEBUG | UBIntBase, key : {'_value': 0, 'enum_ref': None}
2021-05-21 10:19:04,600 | 5513 | api.observer, todict, 44 | DEBUG | UBIntBase, key : {'_value': 2, 'enum_ref': None}
2021-05-21 10:19:04,606 | 5513 | api.observer, todict, 44 | DEBUG | UBIntBase, key : {'_value': PortConfig(0), 'enum_ref': <class 'pyof.v0x04.common.port.PortConfig'>}
2021-05-21 10:19:04,610 | 5513 | api.observer, todict, 44 | DEBUG | UBIntBase, key : {'_value': PortState(4), 'enum_ref': <class 'pyof.v0x04.common.port.PortState'>}
2021-05-21 10:19:04,615 | 5513 | api.observer, todict, 44 | DEBUG | UBIntBase, key : {'_value': PortFeatures(2112), 'enum_ref': <class 'pyof.v0x04.common.port.PortFeatures'>}
2021-05-21 10:19:04,616 | 5513 | api.observer, todict, 44 | DEBUG | UBIntBase, key : {'_value': PortFeatures(0), 'enum_ref': <class 'pyof.v0x04.common.port.PortFeatures'>}
2021-05-21 10:19:04,616 | 5513 | api.observer, todict, 44 | DEBUG | UBIntBase, key : {'_value': PortFeatures(0), 'enum_ref': <class 'pyof.v0x04.common.port.PortFeatures'>}
2021-05-21 10:19:04,617 | 5513 | api.observer, todict, 44 | DEBUG | UBIntBase, key : {'_value': PortFeatures(0), 'enum_ref': <class 'pyof.v0x04.common.port.PortFeatures'>}
2021-05-21 10:19:04,617 | 5513 | api.observer, todict, 44 | DEBUG | UBIntBase, key : {'_value': 10000000, 'enum_ref': None}
2021-05-21 10:19:04,618 | 5513 | api.observer, todict, 44 | DEBUG | UBIntBase, key : {'_value': 0, 'enum_ref': None}
2021-05-21 10:19:04,618 | 5513 | api.observer, todict, 44 | DEBUG | UBIntBase, key : {'_value': 3, 'enum_ref': None}
2021-05-21 10:19:04,619 | 5513 | api.observer, todict, 44 | DEBUG | UBIntBase, key : {'_value': PortConfig(0), 'enum_ref': <class 'pyof.v0x04.common.port.PortConfig'>}
2021-05-21 10:19:04,619 | 5513 | api.observer, todict, 44 | DEBUG | UBIntBase, key : {'_value': PortState(4), 'enum_ref': <class 'pyof.v0x04.common.port.PortState'>}
2021-05-21 10:19:04,620 | 5513 | api.observer, todict, 44 | DEBUG | UBIntBase, key : {'_value': PortFeatures(2112), 'enum_ref': <class 'pyof.v0x04.common.port.PortFeatures'>}
2021-05-21 10:19:04,621 | 5513 | api.observer, todict, 44 | DEBUG | UBIntBase, key : {'_value': PortFeatures(0), 'enum_ref': <class 'pyof.v0x04.common.port.PortFeatures'>}
2021-05-21 10:19:04,622 | 5513 | api.observer, todict, 44 | DEBUG | UBIntBase, key : {'_value': PortFeatures(0), 'enum_ref': <class 'pyof.v0x04.common.port.PortFeatures'>}
2021-05-21 10:19:04,622 | 5513 | api.observer, todict, 44 | DEBUG | UBIntBase, key : {'_value': PortFeatures(0), 'enum_ref': <class 'pyof.v0x04.common.port.PortFeatures'>}
2021-05-21 10:19:04,622 | 5513 | api.observer, todict, 44 | DEBUG | UBIntBase, key : {'_value': 10000000, 'enum_ref': None}
2021-05-21 10:19:04,625 | 5513 | api.observer, todict, 44 | DEBUG | UBIntBase, key : {'_value': 0, 'enum_ref': None}
2021-05-21 10:19:04,625 | 5513 | api.observer, parse, 21 | INFO | Parsed msg : {'header': {'version': 4, 'message_type': 19, 'length': 464, 'xid': 4235211279}, 'multipart_type': 13, 'flags': 0, 'pad': {'enum_ref': None}, 'body': [{'port_no': 4294967294, 'pad': {'enum_ref': None}, 'hw_addr': {'enum_ref': None}, 'pad2': {'enum_ref': None}, 'name': {'enum_ref': None, 'length': 16}, 'config': {}, 'state': {}, 'curr': {}, 'advertised': {}, 'supported': {}, 'peer': {}, 'curr_speed': 0, 'max_speed': 0}, {'port_no': 4, 'pad': {'enum_ref': None}, 'hw_addr': {'enum_ref': None}, 'pad2': {'enum_ref': None}, 'name': {'enum_ref': None, 'length': 16}, 'config': {}, 'state': {}, 'curr': {}, 'advertised': {}, 'supported': {}, 'peer': {}, 'curr_speed': 10000000, 'max_speed': 0}, {'port_no': 6, 'pad': {'enum_ref': None}, 'hw_addr': {'enum_ref': None}, 'pad2': {'enum_ref': None}, 'name': {'enum_ref': None, 'length': 16}, 'config': {}, 'state': {}, 'curr': {}, 'advertised': {}, 'supported': {}, 'peer': {}, 'curr_speed': 10000000, 'max_speed': 0}, {'port_no': 1, 'pad': {'enum_ref': None}, 'hw_addr': {'enum_ref': None}, 'pad2': {'enum_ref': None}, 'name': {'enum_ref': None, 'length': 16}, 'config': {}, 'state': {}, 'curr': {}, 'advertised': {}, 'supported': {}, 'peer': {}, 'curr_speed': 10000000, 'max_speed': 0}, {'port_no': 5, 'pad': {'enum_ref': None}, 'hw_addr': {'enum_ref': None}, 'pad2': {'enum_ref': None}, 'name': {'enum_ref': None, 'length': 16}, 'config': {}, 'state': {}, 'curr': {}, 'advertised': {}, 'supported': {}, 'peer': {}, 'curr_speed': 10000000, 'max_speed': 0}, {'port_no': 2, 'pad': {'enum_ref': None}, 'hw_addr': {'enum_ref': None}, 'pad2': {'enum_ref': None}, 'name': {'enum_ref': None, 'length': 16}, 'config': {}, 'state': {}, 'curr': {}, 'advertised': {}, 'supported': {}, 'peer': {}, 'curr_speed': 10000000, 'max_speed': 0}, {'port_no': 3, 'pad': {'enum_ref': None}, 'hw_addr': {'enum_ref': None}, 'pad2': {'enum_ref': None}, 'name': {'enum_ref': None, 'length': 16}, 'config': {}, 'state': {}, 'curr': {}, 'advertised': {}, 'supported': {}, 'peer': {}, 'curr_speed': 10000000, 'max_speed': 0}]}
2021-05-21 10:19:04,632 | 5513 | proxy.observable, notify_observers, 63 | DEBUG | notify data to observer: <proxy.packet.Message object at 0x7f381c909430>
2021-05-21 10:19:04,633 | 5513 | api.observer, update, 38 | DEBUG | observed from observable: b"\x04\x13\x02\x10\x00\x00\x82%\x00\r\x00\x00\x00\x00\x00\x00\xff\xff\xff\xfe\x00\x00\x00\x00\xaa\xa6K.\x16G\x00\x00s2\x00\x00\x00\x00\x00\x00\x00\x00\x00\x00\x00\x00\x00\x00\x00\x00\x00\x01\x00\x00\x00\x01\x00\x00\x00\x00\x00\x00\x00\x00\x00\x00\x00\x00\x00\x00\x00\x00\x00\x00\x00\x00\x00\x00\x00\x00\x00\x00\x00\x05\x00\x00\x00\x00^Z\x1faH\x19\x00\x00s2-eth5\x00\x00\x00\x00\x00\x00\x00\x00\x00\x00\x00\x00\x00\x00\x00\x00\x04\x00\x00\x08@\x00\x00\x00\x00\x00\x00\x00\x00\x00\x00\x00\x00\x00\x98\x96\x80\x00\x00\x00\x00\x00\x00\x00\x06\x00\x00\x00\x00\xba5\xa4\xa2\xb9\xb6\x00\x00s2-eth6\x00\x00\x00\x00\x00\x00\x00\x00\x00\x00\x00\x00\x00\x00\x00\x00\x04\x00\x00\x08@\x00\x00\x00\x00\x00\x00\x00\x00\x00\x00\x00\x00\x00\x98\x96\x80\x00\x00\x00\x00\x00\x00\x00\x04\x00\x00\x00\x00Z\xd3\xbb2\xff'\x00\x00s2-eth4\x00\x00\x00\x00\x00\x00\x00\x00\x00\x00\x00\x00\x00\x00\x00\x00\x04\x00\x00\x08@\x00\x00\x00\x00\x00\x00\x00\x00\x00\x00\x00\x00\x00\x98\x96\x80\x00\x00\x00\x00\x00\x00\x00\x07\x00\x00\x00\x00\x12\x82c\xe8\x0b;\x00\x00s2-eth7\x00\x00\x00\x00\x00\x00\x00\x00\x00\x00\x00\x00\x00\x00\x00\x00\x04\x00\x00\x08@\x00\x00\x00\x00\x00\x00\x00\x00\x00\x00\x00\x00\x00\x98\x96\x80\x00\x00\x00\x00\x00\x00\x00\x01\x00\x00\x00\x00f\xe0\x13\xc8\x01\x9d\x00\x00s2-eth1\x00\x00\x00\x00\x00\x00\x00\x00\x00\x00\x00\x00\x00\x00\x00\x00\x04\x00\x00\x08@\x00\x00\x00\x00\x00\x00\x00\x00\x00\x00\x00\x00\x00\x98\x96\x80\x00\x00\x00\x00\x00\x00\x00\x02\x00\x00\x00\x00\x12\xc9\x8ch\xba\x1e\x00\x00s2-eth2\x00\x00\x00\x00\x00\x00\x00\x00\x00\x00\x00\x00\x00\x00\x00\x00\x04\x00\x00\x08@\x00\x00\x00\x00\x00\x00\x00\x00\x00\x00\x00\x00\x00\x98\x96\x80\x00\x00\x00\x00\x00\x00\x00\x03\x00\x00\x00\x00f\xe8h\xcc\xd8\xd0\x00\x00s2-eth3\x00\x00\x00\x00\x00\x00\x00\x00\x00\x00\x00\x00\x00\x00\x00\x00\x04\x00\x00\x08@\x00\x00\x00\x00\x00\x00\x00\x00\x00\x00\x00\x00\x00\x98\x96\x80\x00\x00\x00\x00"
2021-05-21 10:19:04,647 | 5513 | api.observer, todict, 44 | DEBUG | UBIntBase, key : {'_value': 4, 'enum_ref': None}
2021-05-21 10:19:04,655 | 5513 | api.observer, todict, 44 | DEBUG | UBIntBase, key : {'_value': 528, 'enum_ref': None}
2021-05-21 10:19:04,658 | 5513 | api.observer, todict, 44 | DEBUG | UBIntBase, key : {'_value': 33317, 'enum_ref': None}
2021-05-21 10:19:04,659 | 5513 | api.observer, todict, 44 | DEBUG | UBIntBase, key : {'_value': 0, 'enum_ref': None}
2021-05-21 10:19:04,659 | 5513 | api.observer, todict, 44 | DEBUG | UBIntBase, key : {'_value': 4294967294, 'enum_ref': None}
2021-05-21 10:19:04,660 | 5513 | api.observer, todict, 44 | DEBUG | UBIntBase, key : {'_value': PortConfig(1), 'enum_ref': <class 'pyof.v0x04.common.port.PortConfig'>}
2021-05-21 10:19:04,660 | 5513 | api.observer, todict, 44 | DEBUG | UBIntBase, key : {'_value': PortState(1), 'enum_ref': <class 'pyof.v0x04.common.port.PortState'>}
2021-05-21 10:19:04,661 | 5513 | api.observer, todict, 44 | DEBUG | UBIntBase, key : {'_value': PortFeatures(0), 'enum_ref': <class 'pyof.v0x04.common.port.PortFeatures'>}
2021-05-21 10:19:04,663 | 5513 | api.observer, todict, 44 | DEBUG | UBIntBase, key : {'_value': PortFeatures(0), 'enum_ref': <class 'pyof.v0x04.common.port.PortFeatures'>}
2021-05-21 10:19:04,665 | 5513 | api.observer, todict, 44 | DEBUG | UBIntBase, key : {'_value': PortFeatures(0), 'enum_ref': <class 'pyof.v0x04.common.port.PortFeatures'>}
2021-05-21 10:19:04,667 | 5513 | api.observer, todict, 44 | DEBUG | UBIntBase, key : {'_value': PortFeatures(0), 'enum_ref': <class 'pyof.v0x04.common.port.PortFeatures'>}
2021-05-21 10:19:04,667 | 5513 | api.observer, todict, 44 | DEBUG | UBIntBase, key : {'_value': 0, 'enum_ref': None}
2021-05-21 10:19:04,668 | 5513 | api.observer, todict, 44 | DEBUG | UBIntBase, key : {'_value': 0, 'enum_ref': None}
2021-05-21 10:19:04,669 | 5513 | api.observer, todict, 44 | DEBUG | UBIntBase, key : {'_value': 5, 'enum_ref': None}
2021-05-21 10:19:04,670 | 5513 | api.observer, todict, 44 | DEBUG | UBIntBase, key : {'_value': PortConfig(0), 'enum_ref': <class 'pyof.v0x04.common.port.PortConfig'>}
2021-05-21 10:19:04,670 | 5513 | api.observer, todict, 44 | DEBUG | UBIntBase, key : {'_value': PortState(4), 'enum_ref': <class 'pyof.v0x04.common.port.PortState'>}
2021-05-21 10:19:04,671 | 5513 | api.observer, todict, 44 | DEBUG | UBIntBase, key : {'_value': PortFeatures(2112), 'enum_ref': <class 'pyof.v0x04.common.port.PortFeatures'>}
2021-05-21 10:19:04,671 | 5513 | api.observer, todict, 44 | DEBUG | UBIntBase, key : {'_value': PortFeatures(0), 'enum_ref': <class 'pyof.v0x04.common.port.PortFeatures'>}
2021-05-21 10:19:04,671 | 5513 | api.observer, todict, 44 | DEBUG | UBIntBase, key : {'_value': PortFeatures(0), 'enum_ref': <class 'pyof.v0x04.common.port.PortFeatures'>}
2021-05-21 10:19:04,678 | 5513 | api.observer, todict, 44 | DEBUG | UBIntBase, key : {'_value': PortFeatures(0), 'enum_ref': <class 'pyof.v0x04.common.port.PortFeatures'>}
2021-05-21 10:19:04,678 | 5513 | api.observer, todict, 44 | DEBUG | UBIntBase, key : {'_value': 10000000, 'enum_ref': None}
2021-05-21 10:19:04,679 | 5513 | api.observer, todict, 44 | DEBUG | UBIntBase, key : {'_value': 0, 'enum_ref': None}
2021-05-21 10:19:04,679 | 5513 | api.observer, todict, 44 | DEBUG | UBIntBase, key : {'_value': 6, 'enum_ref': None}
2021-05-21 10:19:04,680 | 5513 | api.observer, todict, 44 | DEBUG | UBIntBase, key : {'_value': PortConfig(0), 'enum_ref': <class 'pyof.v0x04.common.port.PortConfig'>}
2021-05-21 10:19:04,680 | 5513 | api.observer, todict, 44 | DEBUG | UBIntBase, key : {'_value': PortState(4), 'enum_ref': <class 'pyof.v0x04.common.port.PortState'>}
2021-05-21 10:19:04,681 | 5513 | api.observer, todict, 44 | DEBUG | UBIntBase, key : {'_value': PortFeatures(2112), 'enum_ref': <class 'pyof.v0x04.common.port.PortFeatures'>}
2021-05-21 10:19:04,681 | 5513 | api.observer, todict, 44 | DEBUG | UBIntBase, key : {'_value': PortFeatures(0), 'enum_ref': <class 'pyof.v0x04.common.port.PortFeatures'>}
2021-05-21 10:19:04,682 | 5513 | api.observer, todict, 44 | DEBUG | UBIntBase, key : {'_value': PortFeatures(0), 'enum_ref': <class 'pyof.v0x04.common.port.PortFeatures'>}
2021-05-21 10:19:04,682 | 5513 | api.observer, todict, 44 | DEBUG | UBIntBase, key : {'_value': PortFeatures(0), 'enum_ref': <class 'pyof.v0x04.common.port.PortFeatures'>}
2021-05-21 10:19:04,683 | 5513 | api.observer, todict, 44 | DEBUG | UBIntBase, key : {'_value': 10000000, 'enum_ref': None}
2021-05-21 10:19:04,683 | 5513 | api.observer, todict, 44 | DEBUG | UBIntBase, key : {'_value': 0, 'enum_ref': None}
2021-05-21 10:19:04,690 | 5513 | api.observer, todict, 44 | DEBUG | UBIntBase, key : {'_value': 4, 'enum_ref': None}
2021-05-21 10:19:04,690 | 5513 | api.observer, todict, 44 | DEBUG | UBIntBase, key : {'_value': PortConfig(0), 'enum_ref': <class 'pyof.v0x04.common.port.PortConfig'>}
2021-05-21 10:19:04,691 | 5513 | api.observer, todict, 44 | DEBUG | UBIntBase, key : {'_value': PortState(4), 'enum_ref': <class 'pyof.v0x04.common.port.PortState'>}
2021-05-21 10:19:04,697 | 5513 | api.observer, todict, 44 | DEBUG | UBIntBase, key : {'_value': PortFeatures(2112), 'enum_ref': <class 'pyof.v0x04.common.port.PortFeatures'>}
2021-05-21 10:19:04,700 | 5513 | api.observer, todict, 44 | DEBUG | UBIntBase, key : {'_value': PortFeatures(0), 'enum_ref': <class 'pyof.v0x04.common.port.PortFeatures'>}
2021-05-21 10:19:04,701 | 5513 | api.observer, todict, 44 | DEBUG | UBIntBase, key : {'_value': PortFeatures(0), 'enum_ref': <class 'pyof.v0x04.common.port.PortFeatures'>}
2021-05-21 10:19:04,701 | 5513 | api.observer, todict, 44 | DEBUG | UBIntBase, key : {'_value': PortFeatures(0), 'enum_ref': <class 'pyof.v0x04.common.port.PortFeatures'>}
2021-05-21 10:19:04,702 | 5513 | api.observer, todict, 44 | DEBUG | UBIntBase, key : {'_value': 10000000, 'enum_ref': None}
2021-05-21 10:19:04,702 | 5513 | api.observer, todict, 44 | DEBUG | UBIntBase, key : {'_value': 0, 'enum_ref': None}
2021-05-21 10:19:04,703 | 5513 | api.observer, todict, 44 | DEBUG | UBIntBase, key : {'_value': 7, 'enum_ref': None}
2021-05-21 10:19:04,703 | 5513 | api.observer, todict, 44 | DEBUG | UBIntBase, key : {'_value': PortConfig(0), 'enum_ref': <class 'pyof.v0x04.common.port.PortConfig'>}
2021-05-21 10:19:04,703 | 5513 | api.observer, todict, 44 | DEBUG | UBIntBase, key : {'_value': PortState(4), 'enum_ref': <class 'pyof.v0x04.common.port.PortState'>}
2021-05-21 10:19:04,704 | 5513 | api.observer, todict, 44 | DEBUG | UBIntBase, key : {'_value': PortFeatures(2112), 'enum_ref': <class 'pyof.v0x04.common.port.PortFeatures'>}
2021-05-21 10:19:04,704 | 5513 | api.observer, todict, 44 | DEBUG | UBIntBase, key : {'_value': PortFeatures(0), 'enum_ref': <class 'pyof.v0x04.common.port.PortFeatures'>}
2021-05-21 10:19:04,705 | 5513 | api.observer, todict, 44 | DEBUG | UBIntBase, key : {'_value': PortFeatures(0), 'enum_ref': <class 'pyof.v0x04.common.port.PortFeatures'>}
2021-05-21 10:19:04,705 | 5513 | api.observer, todict, 44 | DEBUG | UBIntBase, key : {'_value': PortFeatures(0), 'enum_ref': <class 'pyof.v0x04.common.port.PortFeatures'>}
2021-05-21 10:19:04,705 | 5513 | api.observer, todict, 44 | DEBUG | UBIntBase, key : {'_value': 10000000, 'enum_ref': None}
2021-05-21 10:19:04,706 | 5513 | api.observer, todict, 44 | DEBUG | UBIntBase, key : {'_value': 0, 'enum_ref': None}
2021-05-21 10:19:04,706 | 5513 | api.observer, todict, 44 | DEBUG | UBIntBase, key : {'_value': 1, 'enum_ref': None}
2021-05-21 10:19:04,706 | 5513 | api.observer, todict, 44 | DEBUG | UBIntBase, key : {'_value': PortConfig(0), 'enum_ref': <class 'pyof.v0x04.common.port.PortConfig'>}
2021-05-21 10:19:04,709 | 5513 | api.observer, todict, 44 | DEBUG | UBIntBase, key : {'_value': PortState(4), 'enum_ref': <class 'pyof.v0x04.common.port.PortState'>}
2021-05-21 10:19:04,710 | 5513 | api.observer, todict, 44 | DEBUG | UBIntBase, key : {'_value': PortFeatures(2112), 'enum_ref': <class 'pyof.v0x04.common.port.PortFeatures'>}
2021-05-21 10:19:04,717 | 5513 | api.observer, todict, 44 | DEBUG | UBIntBase, key : {'_value': PortFeatures(0), 'enum_ref': <class 'pyof.v0x04.common.port.PortFeatures'>}
2021-05-21 10:19:04,720 | 5513 | api.observer, todict, 44 | DEBUG | UBIntBase, key : {'_value': PortFeatures(0), 'enum_ref': <class 'pyof.v0x04.common.port.PortFeatures'>}
2021-05-21 10:19:04,726 | 5513 | api.observer, todict, 44 | DEBUG | UBIntBase, key : {'_value': PortFeatures(0), 'enum_ref': <class 'pyof.v0x04.common.port.PortFeatures'>}
2021-05-21 10:19:04,728 | 5513 | api.observer, todict, 44 | DEBUG | UBIntBase, key : {'_value': 10000000, 'enum_ref': None}
2021-05-21 10:19:04,729 | 5513 | api.observer, todict, 44 | DEBUG | UBIntBase, key : {'_value': 0, 'enum_ref': None}
2021-05-21 10:19:04,730 | 5513 | api.observer, todict, 44 | DEBUG | UBIntBase, key : {'_value': 2, 'enum_ref': None}
2021-05-21 10:19:04,734 | 5513 | api.observer, todict, 44 | DEBUG | UBIntBase, key : {'_value': PortConfig(0), 'enum_ref': <class 'pyof.v0x04.common.port.PortConfig'>}
2021-05-21 10:19:04,734 | 5513 | api.observer, todict, 44 | DEBUG | UBIntBase, key : {'_value': PortState(4), 'enum_ref': <class 'pyof.v0x04.common.port.PortState'>}
2021-05-21 10:19:04,736 | 5513 | api.observer, todict, 44 | DEBUG | UBIntBase, key : {'_value': PortFeatures(2112), 'enum_ref': <class 'pyof.v0x04.common.port.PortFeatures'>}
2021-05-21 10:19:04,737 | 5513 | api.observer, todict, 44 | DEBUG | UBIntBase, key : {'_value': PortFeatures(0), 'enum_ref': <class 'pyof.v0x04.common.port.PortFeatures'>}
2021-05-21 10:19:04,743 | 5513 | api.observer, todict, 44 | DEBUG | UBIntBase, key : {'_value': PortFeatures(0), 'enum_ref': <class 'pyof.v0x04.common.port.PortFeatures'>}
2021-05-21 10:19:04,749 | 5513 | api.observer, todict, 44 | DEBUG | UBIntBase, key : {'_value': PortFeatures(0), 'enum_ref': <class 'pyof.v0x04.common.port.PortFeatures'>}
2021-05-21 10:19:04,750 | 5513 | api.observer, todict, 44 | DEBUG | UBIntBase, key : {'_value': 10000000, 'enum_ref': None}
2021-05-21 10:19:04,750 | 5513 | api.observer, todict, 44 | DEBUG | UBIntBase, key : {'_value': 0, 'enum_ref': None}
2021-05-21 10:19:04,751 | 5513 | api.observer, todict, 44 | DEBUG | UBIntBase, key : {'_value': 3, 'enum_ref': None}
2021-05-21 10:19:04,751 | 5513 | api.observer, todict, 44 | DEBUG | UBIntBase, key : {'_value': PortConfig(0), 'enum_ref': <class 'pyof.v0x04.common.port.PortConfig'>}
2021-05-21 10:19:04,751 | 5513 | api.observer, todict, 44 | DEBUG | UBIntBase, key : {'_value': PortState(4), 'enum_ref': <class 'pyof.v0x04.common.port.PortState'>}
2021-05-21 10:19:04,752 | 5513 | api.observer, todict, 44 | DEBUG | UBIntBase, key : {'_value': PortFeatures(2112), 'enum_ref': <class 'pyof.v0x04.common.port.PortFeatures'>}
2021-05-21 10:19:04,752 | 5513 | api.observer, todict, 44 | DEBUG | UBIntBase, key : {'_value': PortFeatures(0), 'enum_ref': <class 'pyof.v0x04.common.port.PortFeatures'>}
2021-05-21 10:19:04,753 | 5513 | api.observer, todict, 44 | DEBUG | UBIntBase, key : {'_value': PortFeatures(0), 'enum_ref': <class 'pyof.v0x04.common.port.PortFeatures'>}
2021-05-21 10:19:04,753 | 5513 | api.observer, todict, 44 | DEBUG | UBIntBase, key : {'_value': PortFeatures(0), 'enum_ref': <class 'pyof.v0x04.common.port.PortFeatures'>}
2021-05-21 10:19:04,753 | 5513 | api.observer, todict, 44 | DEBUG | UBIntBase, key : {'_value': 10000000, 'enum_ref': None}
2021-05-21 10:19:04,754 | 5513 | api.observer, todict, 44 | DEBUG | UBIntBase, key : {'_value': 0, 'enum_ref': None}
2021-05-21 10:19:04,754 | 5513 | api.observer, parse, 21 | INFO | Parsed msg : {'header': {'version': 4, 'message_type': 19, 'length': 528, 'xid': 33317}, 'multipart_type': 13, 'flags': 0, 'pad': {'enum_ref': None}, 'body': [{'port_no': 4294967294, 'pad': {'enum_ref': None}, 'hw_addr': {'enum_ref': None}, 'pad2': {'enum_ref': None}, 'name': {'enum_ref': None, 'length': 16}, 'config': {}, 'state': {}, 'curr': {}, 'advertised': {}, 'supported': {}, 'peer': {}, 'curr_speed': 0, 'max_speed': 0}, {'port_no': 5, 'pad': {'enum_ref': None}, 'hw_addr': {'enum_ref': None}, 'pad2': {'enum_ref': None}, 'name': {'enum_ref': None, 'length': 16}, 'config': {}, 'state': {}, 'curr': {}, 'advertised': {}, 'supported': {}, 'peer': {}, 'curr_speed': 10000000, 'max_speed': 0}, {'port_no': 6, 'pad': {'enum_ref': None}, 'hw_addr': {'enum_ref': None}, 'pad2': {'enum_ref': None}, 'name': {'enum_ref': None, 'length': 16}, 'config': {}, 'state': {}, 'curr': {}, 'advertised': {}, 'supported': {}, 'peer': {}, 'curr_speed': 10000000, 'max_speed': 0}, {'port_no': 4, 'pad': {'enum_ref': None}, 'hw_addr': {'enum_ref': None}, 'pad2': {'enum_ref': None}, 'name': {'enum_ref': None, 'length': 16}, 'config': {}, 'state': {}, 'curr': {}, 'advertised': {}, 'supported': {}, 'peer': {}, 'curr_speed': 10000000, 'max_speed': 0}, {'port_no': 7, 'pad': {'enum_ref': None}, 'hw_addr': {'enum_ref': None}, 'pad2': {'enum_ref': None}, 'name': {'enum_ref': None, 'length': 16}, 'config': {}, 'state': {}, 'curr': {}, 'advertised': {}, 'supported': {}, 'peer': {}, 'curr_speed': 10000000, 'max_speed': 0}, {'port_no': 1, 'pad': {'enum_ref': None}, 'hw_addr': {'enum_ref': None}, 'pad2': {'enum_ref': None}, 'name': {'enum_ref': None, 'length': 16}, 'config': {}, 'state': {}, 'curr': {}, 'advertised': {}, 'supported': {}, 'peer': {}, 'curr_speed': 10000000, 'max_speed': 0}, {'port_no': 2, 'pad': {'enum_ref': None}, 'hw_addr': {'enum_ref': None}, 'pad2': {'enum_ref': None}, 'name': {'enum_ref': None, 'length': 16}, 'config': {}, 'state': {}, 'curr': {}, 'advertised': {}, 'supported': {}, 'peer': {}, 'curr_speed': 10000000, 'max_speed': 0}, {'port_no': 3, 'pad': {'enum_ref': None}, 'hw_addr': {'enum_ref': None}, 'pad2': {'enum_ref': None}, 'name': {'enum_ref': None, 'length': 16}, 'config': {}, 'state': {}, 'curr': {}, 'advertised': {}, 'supported': {}, 'peer': {}, 'curr_speed': 10000000, 'max_speed': 0}]}
2021-05-21 10:19:08,860 | 5513 | root, <module>, 55 | INFO | keyboardInterrupt : 
