2021-05-21 10:05:54,165 | 5172 | proxy.proxy, start_server, 224 | INFO | Server on ('127.0.0.1', 63333)
2021-05-21 10:05:54,166 | 5172 | proxy.proxy, start_server, 227 | INFO | Server serve forever ('127.0.0.1', 63333)
2021-05-21 10:05:56,095 | 5172 | proxy.proxy, handle_switch, 241 | INFO | Client ('127.0.0.1', 54632) is connected
2021-05-21 10:05:56,098 | 5172 | proxy.proxy, handle_switch, 252 | DEBUG | waiting data ......
2021-05-21 10:05:56,099 | 5172 | proxy.proxy, handle_controller, 355 | INFO | connected Controller ('127.0.0.1', 6633)
2021-05-21 10:05:56,100 | 5172 | proxy.proxy, handle_controller, 360 | DEBUG | waiting data ......
2021-05-21 10:05:56,100 | 5172 | proxy.proxy, handle_controller, 362 | DEBUG | read b'\x04\x00\x00\x08\xd6B\x82\x12'
2021-05-21 10:05:56,101 | 5172 | proxy.proxy, send_to_switch, 291 | DEBUG | sent data to switch: b'\x04\x00\x00\x08\xd6B\x82\x12'
2021-05-21 10:05:56,101 | 5172 | proxy.proxy, send_to_switch, 92 | DEBUG | set data and sent to switch : b'\x04\x00\x00\x08\xd6B\x82\x12'
2021-05-21 10:05:56,103 | 5172 | proxy.proxy, handle_controller, 360 | DEBUG | waiting data ......
2021-05-21 10:05:56,103 | 5172 | proxy.observable, notify_observers, 63 | DEBUG | notify data to observer: <proxy.packet.Message object at 0x7fe87fe2e160>
2021-05-21 10:05:56,104 | 5172 | api.observer, update, 38 | DEBUG | observed from observable: b'\x04\x00\x00\x08\xd6B\x82\x12'
2021-05-21 10:05:56,104 | 5172 | api.observer, todict, 39 | DEBUG | UBIntBase, key : {'_value': 4, 'enum_ref': None}
2021-05-21 10:05:56,105 | 5172 | api.observer, todict, 39 | DEBUG | UBIntBase, key : {'_value': 8, 'enum_ref': None}
2021-05-21 10:05:56,105 | 5172 | api.observer, todict, 39 | DEBUG | UBIntBase, key : {'_value': 3594682898, 'enum_ref': None}
2021-05-21 10:05:56,112 | 5172 | api.observer, parse, 16 | INFO | Parsed msg : {'header': {'version': 4, 'message_type': 0, 'length': 8, 'xid': 3594682898}, 'elements': []}
2021-05-21 10:05:56,112 | 5172 | proxy.proxy, handle_switch, 255 | DEBUG | read b'\x04\x00\x00\x10\x00\x00\x00\x1c\x00\x01\x00\x08\x00\x00\x00\x10'
2021-05-21 10:05:56,115 | 5172 | proxy.proxy, send_to_controller, 396 | DEBUG | sent data to controller: b'\x04\x00\x00\x10\x00\x00\x00\x1c\x00\x01\x00\x08\x00\x00\x00\x10'
2021-05-21 10:05:56,116 | 5172 | proxy.proxy, send_to_controller, 74 | DEBUG | set data and sent to controller : b'\x04\x00\x00\x10\x00\x00\x00\x1c\x00\x01\x00\x08\x00\x00\x00\x10'
2021-05-21 10:05:56,117 | 5172 | proxy.proxy, handle_switch, 252 | DEBUG | waiting data ......
2021-05-21 10:05:56,121 | 5172 | proxy.observable, notify_observers, 63 | DEBUG | notify data to observer: <proxy.packet.Message object at 0x7fe87fe1ec40>
2021-05-21 10:05:56,130 | 5172 | api.observer, update, 38 | DEBUG | observed from observable: b'\x04\x00\x00\x10\x00\x00\x00\x1c\x00\x01\x00\x08\x00\x00\x00\x10'
2021-05-21 10:05:56,131 | 5172 | api.observer, todict, 39 | DEBUG | UBIntBase, key : {'_value': 4, 'enum_ref': None}
2021-05-21 10:05:56,132 | 5172 | api.observer, todict, 39 | DEBUG | UBIntBase, key : {'_value': 16, 'enum_ref': None}
2021-05-21 10:05:56,133 | 5172 | api.observer, todict, 39 | DEBUG | UBIntBase, key : {'_value': 28, 'enum_ref': None}
2021-05-21 10:05:56,138 | 5172 | api.observer, todict, 39 | DEBUG | UBIntBase, key : {'_value': 1, 'enum_ref': None}
2021-05-21 10:05:56,138 | 5172 | api.observer, todict, 39 | DEBUG | UBIntBase, key : {'_value': 8, 'enum_ref': None}
2021-05-21 10:05:56,139 | 5172 | api.observer, parse, 16 | INFO | Parsed msg : {'header': {'version': 4, 'message_type': 0, 'length': 16, 'xid': 28}, 'elements': [{'element_type': 1, 'length': 8, 'content': {'enum_ref': None}}]}
2021-05-21 10:05:56,140 | 5172 | proxy.proxy, handle_switch, 241 | INFO | Client ('127.0.0.1', 54636) is connected
2021-05-21 10:05:56,144 | 5172 | proxy.proxy, handle_controller, 362 | DEBUG | read b'\x04\x05\x00\x08\xd6B\x82\x13'
2021-05-21 10:05:56,146 | 5172 | proxy.proxy, send_to_switch, 291 | DEBUG | sent data to switch: b'\x04\x05\x00\x08\xd6B\x82\x13'
2021-05-21 10:05:56,149 | 5172 | proxy.proxy, send_to_switch, 92 | DEBUG | set data and sent to switch : b'\x04\x05\x00\x08\xd6B\x82\x13'
2021-05-21 10:05:56,150 | 5172 | proxy.proxy, handle_controller, 360 | DEBUG | waiting data ......
2021-05-21 10:05:56,151 | 5172 | proxy.observable, notify_observers, 63 | DEBUG | notify data to observer: <proxy.packet.Message object at 0x7fe87fe2e250>
2021-05-21 10:05:56,174 | 5172 | api.observer, update, 38 | DEBUG | observed from observable: b'\x04\x05\x00\x08\xd6B\x82\x13'
2021-05-21 10:05:56,174 | 5172 | api.observer, todict, 39 | DEBUG | UBIntBase, key : {'_value': 4, 'enum_ref': None}
2021-05-21 10:05:56,175 | 5172 | api.observer, todict, 39 | DEBUG | UBIntBase, key : {'_value': 8, 'enum_ref': None}
2021-05-21 10:05:56,177 | 5172 | api.observer, todict, 39 | DEBUG | UBIntBase, key : {'_value': 3594682899, 'enum_ref': None}
2021-05-21 10:05:56,180 | 5172 | api.observer, parse, 16 | INFO | Parsed msg : {'header': {'version': 4, 'message_type': 5, 'length': 8, 'xid': 3594682899}}
2021-05-21 10:05:56,180 | 5172 | proxy.proxy, handle_switch, 252 | DEBUG | waiting data ......
2021-05-21 10:05:56,181 | 5172 | proxy.proxy, handle_switch, 255 | DEBUG | read b'\x04\x00\x00\x10\x00\x00\x00\x1d\x00\x01\x00\x08\x00\x00\x00\x10'
2021-05-21 10:05:56,183 | 5172 | proxy.proxy, send_to_controller, 396 | DEBUG | sent data to controller: b'\x04\x00\x00\x10\x00\x00\x00\x1d\x00\x01\x00\x08\x00\x00\x00\x10'
2021-05-21 10:05:56,186 | 5172 | proxy.proxy, send_to_controller, 74 | DEBUG | set data and sent to controller : b'\x04\x00\x00\x10\x00\x00\x00\x1d\x00\x01\x00\x08\x00\x00\x00\x10'
2021-05-21 10:05:56,189 | 5172 | proxy.proxy, handle_switch, 252 | DEBUG | waiting data ......
2021-05-21 10:05:56,192 | 5172 | proxy.proxy, handle_controller, 355 | INFO | connected Controller ('127.0.0.1', 6633)
2021-05-21 10:05:56,194 | 5172 | proxy.proxy, handle_controller, 360 | DEBUG | waiting data ......
2021-05-21 10:05:56,197 | 5172 | proxy.proxy, handle_controller, 362 | DEBUG | read b'\x04\x00\x00\x08\xc0<s\x1e\x04\x05\x00\x08\xc0<s\x1f'
2021-05-21 10:05:56,204 | 5172 | proxy.proxy, send_to_switch, 291 | DEBUG | sent data to switch: b'\x04\x00\x00\x08\xc0<s\x1e\x04\x05\x00\x08\xc0<s\x1f'
2021-05-21 10:05:56,205 | 5172 | proxy.proxy, send_to_switch, 92 | DEBUG | set data and sent to switch : b'\x04\x00\x00\x08\xc0<s\x1e\x04\x05\x00\x08\xc0<s\x1f'
2021-05-21 10:05:56,205 | 5172 | proxy.proxy, handle_controller, 360 | DEBUG | waiting data ......
2021-05-21 10:05:56,207 | 5172 | proxy.observable, notify_observers, 63 | DEBUG | notify data to observer: <proxy.packet.Message object at 0x7fe87fe2e4c0>
2021-05-21 10:05:56,211 | 5172 | api.observer, update, 38 | DEBUG | observed from observable: b'\x04\x00\x00\x10\x00\x00\x00\x1d\x00\x01\x00\x08\x00\x00\x00\x10'
2021-05-21 10:05:56,215 | 5172 | api.observer, todict, 39 | DEBUG | UBIntBase, key : {'_value': 4, 'enum_ref': None}
2021-05-21 10:05:56,218 | 5172 | api.observer, todict, 39 | DEBUG | UBIntBase, key : {'_value': 16, 'enum_ref': None}
2021-05-21 10:05:56,219 | 5172 | api.observer, todict, 39 | DEBUG | UBIntBase, key : {'_value': 29, 'enum_ref': None}
2021-05-21 10:05:56,219 | 5172 | api.observer, todict, 39 | DEBUG | UBIntBase, key : {'_value': 1, 'enum_ref': None}
2021-05-21 10:05:56,220 | 5172 | api.observer, todict, 39 | DEBUG | UBIntBase, key : {'_value': 8, 'enum_ref': None}
2021-05-21 10:05:56,220 | 5172 | api.observer, parse, 16 | INFO | Parsed msg : {'header': {'version': 4, 'message_type': 0, 'length': 16, 'xid': 29}, 'elements': [{'element_type': 1, 'length': 8, 'content': {'enum_ref': None}}]}
2021-05-21 10:05:56,220 | 5172 | proxy.observable, notify_observers, 63 | DEBUG | notify data to observer: <proxy.packet.Message object at 0x7fe87fe2e340>
2021-05-21 10:05:56,221 | 5172 | api.observer, update, 38 | DEBUG | observed from observable: b'\x04\x00\x00\x08\xc0<s\x1e\x04\x05\x00\x08\xc0<s\x1f'
2021-05-21 10:05:56,221 | 5172 | api.observer, todict, 39 | DEBUG | UBIntBase, key : {'_value': 4, 'enum_ref': None}
2021-05-21 10:05:56,223 | 5172 | api.observer, todict, 39 | DEBUG | UBIntBase, key : {'_value': 8, 'enum_ref': None}
2021-05-21 10:05:56,223 | 5172 | api.observer, todict, 39 | DEBUG | UBIntBase, key : {'_value': 3225187102, 'enum_ref': None}
2021-05-21 10:05:56,224 | 5172 | api.observer, todict, 39 | DEBUG | UBIntBase, key : {'_value': 1029, 'enum_ref': None}
2021-05-21 10:05:56,224 | 5172 | api.observer, todict, 39 | DEBUG | UBIntBase, key : {'_value': 8, 'enum_ref': None}
2021-05-21 10:05:56,226 | 5172 | api.observer, parse, 16 | INFO | Parsed msg : {'header': {'version': 4, 'message_type': 0, 'length': 8, 'xid': 3225187102}, 'elements': [{'element_type': 1029, 'length': 8, 'content': {'enum_ref': None}}]}
2021-05-21 10:05:56,596 | 5172 | proxy.proxy, handle_switch, 241 | INFO | Client ('127.0.0.1', 54640) is connected
2021-05-21 10:05:56,599 | 5172 | proxy.proxy, handle_switch, 252 | DEBUG | waiting data ......
2021-05-21 10:05:56,600 | 5172 | proxy.proxy, handle_switch, 255 | DEBUG | read b'\x04\x00\x00\x10\x00\x00\x00\x1e\x00\x01\x00\x08\x00\x00\x00\x10'
2021-05-21 10:05:56,603 | 5172 | proxy.proxy, send_to_controller, 396 | DEBUG | sent data to controller: b'\x04\x00\x00\x10\x00\x00\x00\x1e\x00\x01\x00\x08\x00\x00\x00\x10'
2021-05-21 10:05:56,604 | 5172 | proxy.proxy, send_to_controller, 74 | DEBUG | set data and sent to controller : b'\x04\x00\x00\x10\x00\x00\x00\x1e\x00\x01\x00\x08\x00\x00\x00\x10'
2021-05-21 10:05:56,605 | 5172 | proxy.proxy, handle_switch, 252 | DEBUG | waiting data ......
2021-05-21 10:05:56,605 | 5172 | proxy.proxy, handle_controller, 355 | INFO | connected Controller ('127.0.0.1', 6633)
2021-05-21 10:05:56,606 | 5172 | proxy.proxy, handle_controller, 360 | DEBUG | waiting data ......
2021-05-21 10:05:56,606 | 5172 | proxy.proxy, handle_controller, 362 | DEBUG | read b'\x04\x00\x00\x08\xa3%\x00p\x04\x05\x00\x08\xa3%\x00q'
2021-05-21 10:05:56,611 | 5172 | proxy.proxy, send_to_switch, 291 | DEBUG | sent data to switch: b'\x04\x00\x00\x08\xa3%\x00p\x04\x05\x00\x08\xa3%\x00q'
2021-05-21 10:05:56,618 | 5172 | proxy.proxy, send_to_switch, 92 | DEBUG | set data and sent to switch : b'\x04\x00\x00\x08\xa3%\x00p\x04\x05\x00\x08\xa3%\x00q'
2021-05-21 10:05:56,619 | 5172 | proxy.proxy, handle_controller, 360 | DEBUG | waiting data ......
2021-05-21 10:05:56,620 | 5172 | proxy.observable, notify_observers, 63 | DEBUG | notify data to observer: <proxy.packet.Message object at 0x7fe87fe2e0a0>
2021-05-21 10:05:56,621 | 5172 | api.observer, update, 38 | DEBUG | observed from observable: b'\x04\x00\x00\x10\x00\x00\x00\x1e\x00\x01\x00\x08\x00\x00\x00\x10'
2021-05-21 10:05:56,622 | 5172 | api.observer, todict, 39 | DEBUG | UBIntBase, key : {'_value': 4, 'enum_ref': None}
2021-05-21 10:05:56,626 | 5172 | api.observer, todict, 39 | DEBUG | UBIntBase, key : {'_value': 16, 'enum_ref': None}
2021-05-21 10:05:56,634 | 5172 | api.observer, todict, 39 | DEBUG | UBIntBase, key : {'_value': 30, 'enum_ref': None}
2021-05-21 10:05:56,635 | 5172 | api.observer, todict, 39 | DEBUG | UBIntBase, key : {'_value': 1, 'enum_ref': None}
2021-05-21 10:05:56,639 | 5172 | api.observer, todict, 39 | DEBUG | UBIntBase, key : {'_value': 8, 'enum_ref': None}
2021-05-21 10:05:56,646 | 5172 | api.observer, parse, 16 | INFO | Parsed msg : {'header': {'version': 4, 'message_type': 0, 'length': 16, 'xid': 30}, 'elements': [{'element_type': 1, 'length': 8, 'content': {'enum_ref': None}}]}
2021-05-21 10:05:56,647 | 5172 | proxy.observable, notify_observers, 63 | DEBUG | notify data to observer: <proxy.packet.Message object at 0x7fe87fe2e9a0>
2021-05-21 10:05:56,648 | 5172 | api.observer, update, 38 | DEBUG | observed from observable: b'\x04\x00\x00\x08\xa3%\x00p\x04\x05\x00\x08\xa3%\x00q'
2021-05-21 10:05:56,650 | 5172 | api.observer, todict, 39 | DEBUG | UBIntBase, key : {'_value': 4, 'enum_ref': None}
2021-05-21 10:05:56,653 | 5172 | api.observer, todict, 39 | DEBUG | UBIntBase, key : {'_value': 8, 'enum_ref': None}
2021-05-21 10:05:56,662 | 5172 | api.observer, todict, 39 | DEBUG | UBIntBase, key : {'_value': 2737111152, 'enum_ref': None}
2021-05-21 10:05:56,663 | 5172 | api.observer, todict, 39 | DEBUG | UBIntBase, key : {'_value': 1029, 'enum_ref': None}
2021-05-21 10:05:56,664 | 5172 | api.observer, todict, 39 | DEBUG | UBIntBase, key : {'_value': 8, 'enum_ref': None}
2021-05-21 10:05:56,664 | 5172 | api.observer, parse, 16 | INFO | Parsed msg : {'header': {'version': 4, 'message_type': 0, 'length': 8, 'xid': 2737111152}, 'elements': [{'element_type': 1029, 'length': 8, 'content': {'enum_ref': None}}]}
2021-05-21 10:05:56,665 | 5172 | proxy.proxy, handle_switch, 255 | DEBUG | read b'\x04\x06\x00 \xd6B\x82\x13\x00\x00\x00\x00\x00\x00\x00\x01\x00\x00\x00\x00\xfe\x00\x00\x00\x00\x00\x00O\x00\x00\x00\x00'
2021-05-21 10:05:56,668 | 5172 | proxy.proxy, send_to_controller, 396 | DEBUG | sent data to controller: b'\x04\x06\x00 \xd6B\x82\x13\x00\x00\x00\x00\x00\x00\x00\x01\x00\x00\x00\x00\xfe\x00\x00\x00\x00\x00\x00O\x00\x00\x00\x00'
2021-05-21 10:05:56,670 | 5172 | proxy.proxy, send_to_controller, 74 | DEBUG | set data and sent to controller : b'\x04\x06\x00 \xd6B\x82\x13\x00\x00\x00\x00\x00\x00\x00\x01\x00\x00\x00\x00\xfe\x00\x00\x00\x00\x00\x00O\x00\x00\x00\x00'
2021-05-21 10:05:56,671 | 5172 | proxy.proxy, handle_switch, 252 | DEBUG | waiting data ......
2021-05-21 10:05:56,671 | 5172 | proxy.proxy, handle_switch, 255 | DEBUG | read b'\x04\x06\x00 \xc0<s\x1f\x00\x00\x00\x00\x00\x00\x00\x03\x00\x00\x00\x00\xfe\x00\x00\x00\x00\x00\x00O\x00\x00\x00\x00'
2021-05-21 10:05:56,673 | 5172 | proxy.proxy, send_to_controller, 396 | DEBUG | sent data to controller: b'\x04\x06\x00 \xc0<s\x1f\x00\x00\x00\x00\x00\x00\x00\x03\x00\x00\x00\x00\xfe\x00\x00\x00\x00\x00\x00O\x00\x00\x00\x00'
2021-05-21 10:05:56,674 | 5172 | proxy.proxy, send_to_controller, 74 | DEBUG | set data and sent to controller : b'\x04\x06\x00 \xc0<s\x1f\x00\x00\x00\x00\x00\x00\x00\x03\x00\x00\x00\x00\xfe\x00\x00\x00\x00\x00\x00O\x00\x00\x00\x00'
2021-05-21 10:05:56,674 | 5172 | proxy.proxy, handle_switch, 252 | DEBUG | waiting data ......
2021-05-21 10:05:56,674 | 5172 | proxy.observable, notify_observers, 63 | DEBUG | notify data to observer: <proxy.packet.Message object at 0x7fe87fe2e2b0>
2021-05-21 10:05:56,681 | 5172 | api.observer, update, 38 | DEBUG | observed from observable: b'\x04\x06\x00 \xd6B\x82\x13\x00\x00\x00\x00\x00\x00\x00\x01\x00\x00\x00\x00\xfe\x00\x00\x00\x00\x00\x00O\x00\x00\x00\x00'
2021-05-21 10:05:56,682 | 5172 | api.observer, todict, 39 | DEBUG | UBIntBase, key : {'_value': 4, 'enum_ref': None}
2021-05-21 10:05:56,683 | 5172 | api.observer, todict, 39 | DEBUG | UBIntBase, key : {'_value': 32, 'enum_ref': None}
2021-05-21 10:05:56,683 | 5172 | api.observer, todict, 39 | DEBUG | UBIntBase, key : {'_value': 3594682899, 'enum_ref': None}
2021-05-21 10:05:56,684 | 5172 | api.observer, todict, 39 | DEBUG | UBIntBase, key : {'_value': 0, 'enum_ref': None}
2021-05-21 10:05:56,684 | 5172 | api.observer, todict, 39 | DEBUG | UBIntBase, key : {'_value': 254, 'enum_ref': None}
2021-05-21 10:05:56,685 | 5172 | api.observer, todict, 39 | DEBUG | UBIntBase, key : {'_value': 0, 'enum_ref': None}
2021-05-21 10:05:56,685 | 5172 | api.observer, todict, 39 | DEBUG | UBIntBase, key : {'_value': Capabilities(79), 'enum_ref': <class 'pyof.v0x04.controller2switch.features_reply.Capabilities'>}
2021-05-21 10:05:56,687 | 5172 | api.observer, todict, 39 | DEBUG | UBIntBase, key : {'_value': 0, 'enum_ref': None}
2021-05-21 10:05:56,687 | 5172 | api.observer, parse, 16 | INFO | Parsed msg : {'header': {'version': 4, 'message_type': 6, 'length': 32, 'xid': 3594682899}, 'datapath_id': {'enum_ref': None}, 'n_buffers': 0, 'n_tables': 254, 'auxiliary_id': 0, 'pad': {'enum_ref': None}, 'capabilities': Capabilities(79), 'reserved': 0}
2021-05-21 10:05:56,687 | 5172 | proxy.observable, notify_observers, 63 | DEBUG | notify data to observer: <proxy.packet.Message object at 0x7fe87fe2ed60>
2021-05-21 10:05:56,688 | 5172 | api.observer, update, 38 | DEBUG | observed from observable: b'\x04\x06\x00 \xc0<s\x1f\x00\x00\x00\x00\x00\x00\x00\x03\x00\x00\x00\x00\xfe\x00\x00\x00\x00\x00\x00O\x00\x00\x00\x00'
2021-05-21 10:05:56,688 | 5172 | api.observer, todict, 39 | DEBUG | UBIntBase, key : {'_value': 4, 'enum_ref': None}
2021-05-21 10:05:56,694 | 5172 | api.observer, todict, 39 | DEBUG | UBIntBase, key : {'_value': 32, 'enum_ref': None}
2021-05-21 10:05:56,695 | 5172 | api.observer, todict, 39 | DEBUG | UBIntBase, key : {'_value': 3225187103, 'enum_ref': None}
2021-05-21 10:05:56,696 | 5172 | api.observer, todict, 39 | DEBUG | UBIntBase, key : {'_value': 0, 'enum_ref': None}
2021-05-21 10:05:56,697 | 5172 | api.observer, todict, 39 | DEBUG | UBIntBase, key : {'_value': 254, 'enum_ref': None}
2021-05-21 10:05:56,697 | 5172 | api.observer, todict, 39 | DEBUG | UBIntBase, key : {'_value': 0, 'enum_ref': None}
2021-05-21 10:05:56,698 | 5172 | api.observer, todict, 39 | DEBUG | UBIntBase, key : {'_value': Capabilities(79), 'enum_ref': <class 'pyof.v0x04.controller2switch.features_reply.Capabilities'>}
2021-05-21 10:05:56,698 | 5172 | api.observer, todict, 39 | DEBUG | UBIntBase, key : {'_value': 0, 'enum_ref': None}
2021-05-21 10:05:56,699 | 5172 | api.observer, parse, 16 | INFO | Parsed msg : {'header': {'version': 4, 'message_type': 6, 'length': 32, 'xid': 3225187103}, 'datapath_id': {'enum_ref': None}, 'n_buffers': 0, 'n_tables': 254, 'auxiliary_id': 0, 'pad': {'enum_ref': None}, 'capabilities': Capabilities(79), 'reserved': 0}
2021-05-21 10:05:56,699 | 5172 | proxy.proxy, handle_controller, 362 | DEBUG | read b'\x04\x12\x00\x10\xd6B\x82\x14\x00\r\x00\x00\x00\x00\x00\x00\x04\x0e\x00P\xd6B\x82\x15\x00\x00\x00\x00\x00\x00\x00\x00\x00\x00\x00\x00\x00\x00\x00\x00\x00\x00\x00\x00\x00\x00\x00\x00\xff\xff\xff\xff\x00\x00\x00\x00\x00\x00\x00\x00\x00\x00\x00\x00\x00\x01\x00\x04\x00\x00\x00\x00\x00\x04\x00\x18\x00\x00\x00\x00\x00\x00\x00\x10\xff\xff\xff\xfd\xff\xff\x00\x00\x00\x00\x00\x00'
2021-05-21 10:05:56,701 | 5172 | proxy.proxy, send_to_switch, 291 | DEBUG | sent data to switch: b'\x04\x12\x00\x10\xd6B\x82\x14\x00\r\x00\x00\x00\x00\x00\x00\x04\x0e\x00P\xd6B\x82\x15\x00\x00\x00\x00\x00\x00\x00\x00\x00\x00\x00\x00\x00\x00\x00\x00\x00\x00\x00\x00\x00\x00\x00\x00\xff\xff\xff\xff\x00\x00\x00\x00\x00\x00\x00\x00\x00\x00\x00\x00\x00\x01\x00\x04\x00\x00\x00\x00\x00\x04\x00\x18\x00\x00\x00\x00\x00\x00\x00\x10\xff\xff\xff\xfd\xff\xff\x00\x00\x00\x00\x00\x00'
2021-05-21 10:05:56,702 | 5172 | proxy.proxy, send_to_switch, 92 | DEBUG | set data and sent to switch : b'\x04\x12\x00\x10\xd6B\x82\x14\x00\r\x00\x00\x00\x00\x00\x00\x04\x0e\x00P\xd6B\x82\x15\x00\x00\x00\x00\x00\x00\x00\x00\x00\x00\x00\x00\x00\x00\x00\x00\x00\x00\x00\x00\x00\x00\x00\x00\xff\xff\xff\xff\x00\x00\x00\x00\x00\x00\x00\x00\x00\x00\x00\x00\x00\x01\x00\x04\x00\x00\x00\x00\x00\x04\x00\x18\x00\x00\x00\x00\x00\x00\x00\x10\xff\xff\xff\xfd\xff\xff\x00\x00\x00\x00\x00\x00'
2021-05-21 10:05:56,702 | 5172 | proxy.proxy, handle_controller, 360 | DEBUG | waiting data ......
2021-05-21 10:05:56,709 | 5172 | proxy.proxy, handle_controller, 362 | DEBUG | read b'\x04\x12\x00\x10\xc0<s \x00\r\x00\x00\x00\x00\x00\x00\x04\x0e\x00P\xc0<s!\x00\x00\x00\x00\x00\x00\x00\x00\x00\x00\x00\x00\x00\x00\x00\x00\x00\x00\x00\x00\x00\x00\x00\x00\xff\xff\xff\xff\x00\x00\x00\x00\x00\x00\x00\x00\x00\x00\x00\x00\x00\x01\x00\x04\x00\x00\x00\x00\x00\x04\x00\x18\x00\x00\x00\x00\x00\x00\x00\x10\xff\xff\xff\xfd\xff\xff\x00\x00\x00\x00\x00\x00'
2021-05-21 10:05:56,713 | 5172 | proxy.proxy, send_to_switch, 291 | DEBUG | sent data to switch: b'\x04\x12\x00\x10\xc0<s \x00\r\x00\x00\x00\x00\x00\x00\x04\x0e\x00P\xc0<s!\x00\x00\x00\x00\x00\x00\x00\x00\x00\x00\x00\x00\x00\x00\x00\x00\x00\x00\x00\x00\x00\x00\x00\x00\xff\xff\xff\xff\x00\x00\x00\x00\x00\x00\x00\x00\x00\x00\x00\x00\x00\x01\x00\x04\x00\x00\x00\x00\x00\x04\x00\x18\x00\x00\x00\x00\x00\x00\x00\x10\xff\xff\xff\xfd\xff\xff\x00\x00\x00\x00\x00\x00'
2021-05-21 10:05:56,722 | 5172 | proxy.proxy, send_to_switch, 92 | DEBUG | set data and sent to switch : b'\x04\x12\x00\x10\xc0<s \x00\r\x00\x00\x00\x00\x00\x00\x04\x0e\x00P\xc0<s!\x00\x00\x00\x00\x00\x00\x00\x00\x00\x00\x00\x00\x00\x00\x00\x00\x00\x00\x00\x00\x00\x00\x00\x00\xff\xff\xff\xff\x00\x00\x00\x00\x00\x00\x00\x00\x00\x00\x00\x00\x00\x01\x00\x04\x00\x00\x00\x00\x00\x04\x00\x18\x00\x00\x00\x00\x00\x00\x00\x10\xff\xff\xff\xfd\xff\xff\x00\x00\x00\x00\x00\x00'
2021-05-21 10:05:56,722 | 5172 | proxy.proxy, handle_controller, 360 | DEBUG | waiting data ......
2021-05-21 10:05:56,723 | 5172 | proxy.observable, notify_observers, 63 | DEBUG | notify data to observer: <proxy.packet.Message object at 0x7fe87fe2e3d0>
2021-05-21 10:05:56,723 | 5172 | api.observer, update, 38 | DEBUG | observed from observable: b'\x04\x12\x00\x10\xd6B\x82\x14\x00\r\x00\x00\x00\x00\x00\x00\x04\x0e\x00P\xd6B\x82\x15\x00\x00\x00\x00\x00\x00\x00\x00\x00\x00\x00\x00\x00\x00\x00\x00\x00\x00\x00\x00\x00\x00\x00\x00\xff\xff\xff\xff\x00\x00\x00\x00\x00\x00\x00\x00\x00\x00\x00\x00\x00\x01\x00\x04\x00\x00\x00\x00\x00\x04\x00\x18\x00\x00\x00\x00\x00\x00\x00\x10\xff\xff\xff\xfd\xff\xff\x00\x00\x00\x00\x00\x00'
2021-05-21 10:05:56,724 | 5172 | api.observer, todict, 39 | DEBUG | UBIntBase, key : {'_value': 4, 'enum_ref': None}
2021-05-21 10:05:56,724 | 5172 | api.observer, todict, 39 | DEBUG | UBIntBase, key : {'_value': 16, 'enum_ref': None}
2021-05-21 10:05:56,725 | 5172 | api.observer, todict, 39 | DEBUG | UBIntBase, key : {'_value': 3594682900, 'enum_ref': None}
2021-05-21 10:05:56,725 | 5172 | api.observer, todict, 39 | DEBUG | UBIntBase, key : {'_value': <MultipartRequestFlags.OFPMPF_REQ_NONE: 0>, 'enum_ref': <enum 'MultipartRequestFlags'>}
2021-05-21 10:05:56,726 | 5172 | api.observer, parse, 16 | INFO | Parsed msg : {'header': {'version': 4, 'message_type': 18, 'length': 16, 'xid': 3594682900}, 'multipart_type': {}, 'flags': <MultipartRequestFlags.OFPMPF_REQ_NONE: 0>, 'pad': {'enum_ref': None}, 'body': {'enum_ref': None}}
2021-05-21 10:05:56,726 | 5172 | proxy.observable, notify_observers, 63 | DEBUG | notify data to observer: <proxy.packet.Message object at 0x7fe87fe2e7c0>
2021-05-21 10:05:56,726 | 5172 | api.observer, update, 38 | DEBUG | observed from observable: b'\x04\x12\x00\x10\xc0<s \x00\r\x00\x00\x00\x00\x00\x00\x04\x0e\x00P\xc0<s!\x00\x00\x00\x00\x00\x00\x00\x00\x00\x00\x00\x00\x00\x00\x00\x00\x00\x00\x00\x00\x00\x00\x00\x00\xff\xff\xff\xff\x00\x00\x00\x00\x00\x00\x00\x00\x00\x00\x00\x00\x00\x01\x00\x04\x00\x00\x00\x00\x00\x04\x00\x18\x00\x00\x00\x00\x00\x00\x00\x10\xff\xff\xff\xfd\xff\xff\x00\x00\x00\x00\x00\x00'
2021-05-21 10:05:56,727 | 5172 | api.observer, todict, 39 | DEBUG | UBIntBase, key : {'_value': 4, 'enum_ref': None}
2021-05-21 10:05:56,728 | 5172 | api.observer, todict, 39 | DEBUG | UBIntBase, key : {'_value': 16, 'enum_ref': None}
2021-05-21 10:05:56,728 | 5172 | api.observer, todict, 39 | DEBUG | UBIntBase, key : {'_value': 3225187104, 'enum_ref': None}
2021-05-21 10:05:56,730 | 5172 | api.observer, todict, 39 | DEBUG | UBIntBase, key : {'_value': <MultipartRequestFlags.OFPMPF_REQ_NONE: 0>, 'enum_ref': <enum 'MultipartRequestFlags'>}
2021-05-21 10:05:56,731 | 5172 | api.observer, parse, 16 | INFO | Parsed msg : {'header': {'version': 4, 'message_type': 18, 'length': 16, 'xid': 3225187104}, 'multipart_type': {}, 'flags': <MultipartRequestFlags.OFPMPF_REQ_NONE: 0>, 'pad': {'enum_ref': None}, 'body': {'enum_ref': None}}
2021-05-21 10:05:56,731 | 5172 | proxy.proxy, handle_switch, 255 | DEBUG | read b'\x04\x06\x00 \xa3%\x00q\x00\x00\x00\x00\x00\x00\x00\x02\x00\x00\x00\x00\xfe\x00\x00\x00\x00\x00\x00O\x00\x00\x00\x00'
2021-05-21 10:05:56,733 | 5172 | proxy.proxy, send_to_controller, 396 | DEBUG | sent data to controller: b'\x04\x06\x00 \xa3%\x00q\x00\x00\x00\x00\x00\x00\x00\x02\x00\x00\x00\x00\xfe\x00\x00\x00\x00\x00\x00O\x00\x00\x00\x00'
2021-05-21 10:05:56,737 | 5172 | proxy.proxy, send_to_controller, 74 | DEBUG | set data and sent to controller : b'\x04\x06\x00 \xa3%\x00q\x00\x00\x00\x00\x00\x00\x00\x02\x00\x00\x00\x00\xfe\x00\x00\x00\x00\x00\x00O\x00\x00\x00\x00'
2021-05-21 10:05:56,738 | 5172 | proxy.proxy, handle_switch, 252 | DEBUG | waiting data ......
2021-05-21 10:05:56,739 | 5172 | proxy.proxy, handle_switch, 255 | DEBUG | read b'\x04\x13\x02\x10\xd6B\x82\x14\x00\r\x00\x00\x00\x00\x00\x00\xff\xff\xff\xfe\x00\x00\x00\x00>\x80\xa8\xa5\x8bM\x00\x00s1\x00\x00\x00\x00\x00\x00\x00\x00\x00\x00\x00\x00\x00\x00\x00\x00\x00\x01\x00\x00\x00\x01\x00\x00\x00\x00\x00\x00\x00\x00\x00\x00\x00\x00\x00\x00\x00\x00\x00\x00\x00\x00\x00\x00\x00\x00\x00\x00\x00\x05\x00\x00\x00\x00Z\x9bc\xb9\xaaO\x00\x00s1-eth5\x00\x00\x00\x00\x00\x00\x00\x00\x00\x00\x00\x00\x00\x00\x00\x00\x04\x00\x00\x08@\x00\x00\x00\x00\x00\x00\x00\x00\x00\x00\x00\x00\x00\x98\x96\x80\x00\x00\x00\x00\x00\x00\x00\x07\x00\x00\x00\x00\xb2p\xc7\xaf\x90\xd4\x00\x00s1-eth7\x00\x00\x00\x00\x00\x00\x00\x00\x00\x00\x00\x00\x00\x00\x00\x00\x04\x00\x00\x08@\x00\x00\x00\x00\x00\x00\x00\x00\x00\x00\x00\x00\x00\x98\x96\x80\x00\x00\x00\x00\x00\x00\x00\x04\x00\x00\x00\x00J\xab\x05\x11\xf2\xad\x00\x00s1-eth4\x00\x00\x00\x00\x00\x00\x00\x00\x00\x00\x00\x00\x00\x00\x00\x00\x04\x00\x00\x08@\x00\x00\x00\x00\x00\x00\x00\x00\x00\x00\x00\x00\x00\x98\x96\x80\x00\x00\x00\x00\x00\x00\x00\x06\x00\x00\x00\x00"\xf1Q\xfc\x14\x8d\x00\x00s1-eth6\x00\x00\x00\x00\x00\x00\x00\x00\x00\x00\x00\x00\x00\x00\x00\x00\x04\x00\x00\x08@\x00\x00\x00\x00\x00\x00\x00\x00\x00\x00\x00\x00\x00\x98\x96\x80\x00\x00\x00\x00\x00\x00\x00\x01\x00\x00\x00\x00\xaaj\xa4\xe0}\x1f\x00\x00s1-eth1\x00\x00\x00\x00\x00\x00\x00\x00\x00\x00\x00\x00\x00\x00\x00\x00\x04\x00\x00\x08@\x00\x00\x00\x00\x00\x00\x00\x00\x00\x00\x00\x00\x00\x98\x96\x80\x00\x00\x00\x00\x00\x00\x00\x02\x00\x00\x00\x00\xa6I\xce#\xb2\xa4\x00\x00s1-eth2\x00\x00\x00\x00\x00\x00\x00\x00\x00\x00\x00\x00\x00\x00\x00\x00\x04\x00\x00\x08@\x00\x00\x00\x00\x00\x00\x00\x00\x00\x00\x00\x00\x00\x98\x96\x80\x00\x00\x00\x00\x00\x00\x00\x03\x00\x00\x00\x00\xdeO\xe9\xcd\xfa\xef\x00\x00s1-eth3\x00\x00\x00\x00\x00\x00\x00\x00\x00\x00\x00\x00\x00\x00\x00\x00\x04\x00\x00\x08@\x00\x00\x00\x00\x00\x00\x00\x00\x00\x00\x00\x00\x00\x98\x96\x80\x00\x00\x00\x00'
2021-05-21 10:05:56,748 | 5172 | proxy.proxy, send_to_controller, 396 | DEBUG | sent data to controller: b'\x04\x13\x02\x10\xd6B\x82\x14\x00\r\x00\x00\x00\x00\x00\x00\xff\xff\xff\xfe\x00\x00\x00\x00>\x80\xa8\xa5\x8bM\x00\x00s1\x00\x00\x00\x00\x00\x00\x00\x00\x00\x00\x00\x00\x00\x00\x00\x00\x00\x01\x00\x00\x00\x01\x00\x00\x00\x00\x00\x00\x00\x00\x00\x00\x00\x00\x00\x00\x00\x00\x00\x00\x00\x00\x00\x00\x00\x00\x00\x00\x00\x05\x00\x00\x00\x00Z\x9bc\xb9\xaaO\x00\x00s1-eth5\x00\x00\x00\x00\x00\x00\x00\x00\x00\x00\x00\x00\x00\x00\x00\x00\x04\x00\x00\x08@\x00\x00\x00\x00\x00\x00\x00\x00\x00\x00\x00\x00\x00\x98\x96\x80\x00\x00\x00\x00\x00\x00\x00\x07\x00\x00\x00\x00\xb2p\xc7\xaf\x90\xd4\x00\x00s1-eth7\x00\x00\x00\x00\x00\x00\x00\x00\x00\x00\x00\x00\x00\x00\x00\x00\x04\x00\x00\x08@\x00\x00\x00\x00\x00\x00\x00\x00\x00\x00\x00\x00\x00\x98\x96\x80\x00\x00\x00\x00\x00\x00\x00\x04\x00\x00\x00\x00J\xab\x05\x11\xf2\xad\x00\x00s1-eth4\x00\x00\x00\x00\x00\x00\x00\x00\x00\x00\x00\x00\x00\x00\x00\x00\x04\x00\x00\x08@\x00\x00\x00\x00\x00\x00\x00\x00\x00\x00\x00\x00\x00\x98\x96\x80\x00\x00\x00\x00\x00\x00\x00\x06\x00\x00\x00\x00"\xf1Q\xfc\x14\x8d\x00\x00s1-eth6\x00\x00\x00\x00\x00\x00\x00\x00\x00\x00\x00\x00\x00\x00\x00\x00\x04\x00\x00\x08@\x00\x00\x00\x00\x00\x00\x00\x00\x00\x00\x00\x00\x00\x98\x96\x80\x00\x00\x00\x00\x00\x00\x00\x01\x00\x00\x00\x00\xaaj\xa4\xe0}\x1f\x00\x00s1-eth1\x00\x00\x00\x00\x00\x00\x00\x00\x00\x00\x00\x00\x00\x00\x00\x00\x04\x00\x00\x08@\x00\x00\x00\x00\x00\x00\x00\x00\x00\x00\x00\x00\x00\x98\x96\x80\x00\x00\x00\x00\x00\x00\x00\x02\x00\x00\x00\x00\xa6I\xce#\xb2\xa4\x00\x00s1-eth2\x00\x00\x00\x00\x00\x00\x00\x00\x00\x00\x00\x00\x00\x00\x00\x00\x04\x00\x00\x08@\x00\x00\x00\x00\x00\x00\x00\x00\x00\x00\x00\x00\x00\x98\x96\x80\x00\x00\x00\x00\x00\x00\x00\x03\x00\x00\x00\x00\xdeO\xe9\xcd\xfa\xef\x00\x00s1-eth3\x00\x00\x00\x00\x00\x00\x00\x00\x00\x00\x00\x00\x00\x00\x00\x00\x04\x00\x00\x08@\x00\x00\x00\x00\x00\x00\x00\x00\x00\x00\x00\x00\x00\x98\x96\x80\x00\x00\x00\x00'
2021-05-21 10:05:56,749 | 5172 | proxy.proxy, send_to_controller, 74 | DEBUG | set data and sent to controller : b'\x04\x13\x02\x10\xd6B\x82\x14\x00\r\x00\x00\x00\x00\x00\x00\xff\xff\xff\xfe\x00\x00\x00\x00>\x80\xa8\xa5\x8bM\x00\x00s1\x00\x00\x00\x00\x00\x00\x00\x00\x00\x00\x00\x00\x00\x00\x00\x00\x00\x01\x00\x00\x00\x01\x00\x00\x00\x00\x00\x00\x00\x00\x00\x00\x00\x00\x00\x00\x00\x00\x00\x00\x00\x00\x00\x00\x00\x00\x00\x00\x00\x05\x00\x00\x00\x00Z\x9bc\xb9\xaaO\x00\x00s1-eth5\x00\x00\x00\x00\x00\x00\x00\x00\x00\x00\x00\x00\x00\x00\x00\x00\x04\x00\x00\x08@\x00\x00\x00\x00\x00\x00\x00\x00\x00\x00\x00\x00\x00\x98\x96\x80\x00\x00\x00\x00\x00\x00\x00\x07\x00\x00\x00\x00\xb2p\xc7\xaf\x90\xd4\x00\x00s1-eth7\x00\x00\x00\x00\x00\x00\x00\x00\x00\x00\x00\x00\x00\x00\x00\x00\x04\x00\x00\x08@\x00\x00\x00\x00\x00\x00\x00\x00\x00\x00\x00\x00\x00\x98\x96\x80\x00\x00\x00\x00\x00\x00\x00\x04\x00\x00\x00\x00J\xab\x05\x11\xf2\xad\x00\x00s1-eth4\x00\x00\x00\x00\x00\x00\x00\x00\x00\x00\x00\x00\x00\x00\x00\x00\x04\x00\x00\x08@\x00\x00\x00\x00\x00\x00\x00\x00\x00\x00\x00\x00\x00\x98\x96\x80\x00\x00\x00\x00\x00\x00\x00\x06\x00\x00\x00\x00"\xf1Q\xfc\x14\x8d\x00\x00s1-eth6\x00\x00\x00\x00\x00\x00\x00\x00\x00\x00\x00\x00\x00\x00\x00\x00\x04\x00\x00\x08@\x00\x00\x00\x00\x00\x00\x00\x00\x00\x00\x00\x00\x00\x98\x96\x80\x00\x00\x00\x00\x00\x00\x00\x01\x00\x00\x00\x00\xaaj\xa4\xe0}\x1f\x00\x00s1-eth1\x00\x00\x00\x00\x00\x00\x00\x00\x00\x00\x00\x00\x00\x00\x00\x00\x04\x00\x00\x08@\x00\x00\x00\x00\x00\x00\x00\x00\x00\x00\x00\x00\x00\x98\x96\x80\x00\x00\x00\x00\x00\x00\x00\x02\x00\x00\x00\x00\xa6I\xce#\xb2\xa4\x00\x00s1-eth2\x00\x00\x00\x00\x00\x00\x00\x00\x00\x00\x00\x00\x00\x00\x00\x00\x04\x00\x00\x08@\x00\x00\x00\x00\x00\x00\x00\x00\x00\x00\x00\x00\x00\x98\x96\x80\x00\x00\x00\x00\x00\x00\x00\x03\x00\x00\x00\x00\xdeO\xe9\xcd\xfa\xef\x00\x00s1-eth3\x00\x00\x00\x00\x00\x00\x00\x00\x00\x00\x00\x00\x00\x00\x00\x00\x04\x00\x00\x08@\x00\x00\x00\x00\x00\x00\x00\x00\x00\x00\x00\x00\x00\x98\x96\x80\x00\x00\x00\x00'
2021-05-21 10:05:56,750 | 5172 | proxy.proxy, handle_switch, 252 | DEBUG | waiting data ......
2021-05-21 10:05:56,750 | 5172 | proxy.proxy, handle_switch, 255 | DEBUG | read b'\x04\x13\x01\xd0\xc0<s \x00\r\x00\x00\x00\x00\x00\x00\xff\xff\xff\xfe\x00\x00\x00\x00&z\xe5u#L\x00\x00s3\x00\x00\x00\x00\x00\x00\x00\x00\x00\x00\x00\x00\x00\x00\x00\x00\x00\x01\x00\x00\x00\x01\x00\x00\x00\x00\x00\x00\x00\x00\x00\x00\x00\x00\x00\x00\x00\x00\x00\x00\x00\x00\x00\x00\x00\x00\x00\x00\x00\x04\x00\x00\x00\x00\x92\x9d\x87\xf2\xc2\x8a\x00\x00s3-eth4\x00\x00\x00\x00\x00\x00\x00\x00\x00\x00\x00\x00\x00\x00\x00\x00\x04\x00\x00\x08@\x00\x00\x00\x00\x00\x00\x00\x00\x00\x00\x00\x00\x00\x98\x96\x80\x00\x00\x00\x00\x00\x00\x00\x06\x00\x00\x00\x00\x12\x9b\xb1o%f\x00\x00s3-eth6\x00\x00\x00\x00\x00\x00\x00\x00\x00\x00\x00\x00\x00\x00\x00\x00\x04\x00\x00\x08@\x00\x00\x00\x00\x00\x00\x00\x00\x00\x00\x00\x00\x00\x98\x96\x80\x00\x00\x00\x00\x00\x00\x00\x01\x00\x00\x00\x00\xda\xc4\xd2N6#\x00\x00s3-eth1\x00\x00\x00\x00\x00\x00\x00\x00\x00\x00\x00\x00\x00\x00\x00\x00\x04\x00\x00\x08@\x00\x00\x00\x00\x00\x00\x00\x00\x00\x00\x00\x00\x00\x98\x96\x80\x00\x00\x00\x00\x00\x00\x00\x05\x00\x00\x00\x00\xce]QH\xd1D\x00\x00s3-eth5\x00\x00\x00\x00\x00\x00\x00\x00\x00\x00\x00\x00\x00\x00\x00\x00\x04\x00\x00\x08@\x00\x00\x00\x00\x00\x00\x00\x00\x00\x00\x00\x00\x00\x98\x96\x80\x00\x00\x00\x00\x00\x00\x00\x02\x00\x00\x00\x00\xeal\x0eO\xa1<\x00\x00s3-eth2\x00\x00\x00\x00\x00\x00\x00\x00\x00\x00\x00\x00\x00\x00\x00\x00\x04\x00\x00\x08@\x00\x00\x00\x00\x00\x00\x00\x00\x00\x00\x00\x00\x00\x98\x96\x80\x00\x00\x00\x00\x00\x00\x00\x03\x00\x00\x00\x00\xd6=N\xac\xfd+\x00\x00s3-eth3\x00\x00\x00\x00\x00\x00\x00\x00\x00\x00\x00\x00\x00\x00\x00\x00\x04\x00\x00\x08@\x00\x00\x00\x00\x00\x00\x00\x00\x00\x00\x00\x00\x00\x98\x96\x80\x00\x00\x00\x00'
2021-05-21 10:05:56,755 | 5172 | proxy.proxy, send_to_controller, 396 | DEBUG | sent data to controller: b'\x04\x13\x01\xd0\xc0<s \x00\r\x00\x00\x00\x00\x00\x00\xff\xff\xff\xfe\x00\x00\x00\x00&z\xe5u#L\x00\x00s3\x00\x00\x00\x00\x00\x00\x00\x00\x00\x00\x00\x00\x00\x00\x00\x00\x00\x01\x00\x00\x00\x01\x00\x00\x00\x00\x00\x00\x00\x00\x00\x00\x00\x00\x00\x00\x00\x00\x00\x00\x00\x00\x00\x00\x00\x00\x00\x00\x00\x04\x00\x00\x00\x00\x92\x9d\x87\xf2\xc2\x8a\x00\x00s3-eth4\x00\x00\x00\x00\x00\x00\x00\x00\x00\x00\x00\x00\x00\x00\x00\x00\x04\x00\x00\x08@\x00\x00\x00\x00\x00\x00\x00\x00\x00\x00\x00\x00\x00\x98\x96\x80\x00\x00\x00\x00\x00\x00\x00\x06\x00\x00\x00\x00\x12\x9b\xb1o%f\x00\x00s3-eth6\x00\x00\x00\x00\x00\x00\x00\x00\x00\x00\x00\x00\x00\x00\x00\x00\x04\x00\x00\x08@\x00\x00\x00\x00\x00\x00\x00\x00\x00\x00\x00\x00\x00\x98\x96\x80\x00\x00\x00\x00\x00\x00\x00\x01\x00\x00\x00\x00\xda\xc4\xd2N6#\x00\x00s3-eth1\x00\x00\x00\x00\x00\x00\x00\x00\x00\x00\x00\x00\x00\x00\x00\x00\x04\x00\x00\x08@\x00\x00\x00\x00\x00\x00\x00\x00\x00\x00\x00\x00\x00\x98\x96\x80\x00\x00\x00\x00\x00\x00\x00\x05\x00\x00\x00\x00\xce]QH\xd1D\x00\x00s3-eth5\x00\x00\x00\x00\x00\x00\x00\x00\x00\x00\x00\x00\x00\x00\x00\x00\x04\x00\x00\x08@\x00\x00\x00\x00\x00\x00\x00\x00\x00\x00\x00\x00\x00\x98\x96\x80\x00\x00\x00\x00\x00\x00\x00\x02\x00\x00\x00\x00\xeal\x0eO\xa1<\x00\x00s3-eth2\x00\x00\x00\x00\x00\x00\x00\x00\x00\x00\x00\x00\x00\x00\x00\x00\x04\x00\x00\x08@\x00\x00\x00\x00\x00\x00\x00\x00\x00\x00\x00\x00\x00\x98\x96\x80\x00\x00\x00\x00\x00\x00\x00\x03\x00\x00\x00\x00\xd6=N\xac\xfd+\x00\x00s3-eth3\x00\x00\x00\x00\x00\x00\x00\x00\x00\x00\x00\x00\x00\x00\x00\x00\x04\x00\x00\x08@\x00\x00\x00\x00\x00\x00\x00\x00\x00\x00\x00\x00\x00\x98\x96\x80\x00\x00\x00\x00'
2021-05-21 10:05:56,756 | 5172 | proxy.proxy, send_to_controller, 74 | DEBUG | set data and sent to controller : b'\x04\x13\x01\xd0\xc0<s \x00\r\x00\x00\x00\x00\x00\x00\xff\xff\xff\xfe\x00\x00\x00\x00&z\xe5u#L\x00\x00s3\x00\x00\x00\x00\x00\x00\x00\x00\x00\x00\x00\x00\x00\x00\x00\x00\x00\x01\x00\x00\x00\x01\x00\x00\x00\x00\x00\x00\x00\x00\x00\x00\x00\x00\x00\x00\x00\x00\x00\x00\x00\x00\x00\x00\x00\x00\x00\x00\x00\x04\x00\x00\x00\x00\x92\x9d\x87\xf2\xc2\x8a\x00\x00s3-eth4\x00\x00\x00\x00\x00\x00\x00\x00\x00\x00\x00\x00\x00\x00\x00\x00\x04\x00\x00\x08@\x00\x00\x00\x00\x00\x00\x00\x00\x00\x00\x00\x00\x00\x98\x96\x80\x00\x00\x00\x00\x00\x00\x00\x06\x00\x00\x00\x00\x12\x9b\xb1o%f\x00\x00s3-eth6\x00\x00\x00\x00\x00\x00\x00\x00\x00\x00\x00\x00\x00\x00\x00\x00\x04\x00\x00\x08@\x00\x00\x00\x00\x00\x00\x00\x00\x00\x00\x00\x00\x00\x98\x96\x80\x00\x00\x00\x00\x00\x00\x00\x01\x00\x00\x00\x00\xda\xc4\xd2N6#\x00\x00s3-eth1\x00\x00\x00\x00\x00\x00\x00\x00\x00\x00\x00\x00\x00\x00\x00\x00\x04\x00\x00\x08@\x00\x00\x00\x00\x00\x00\x00\x00\x00\x00\x00\x00\x00\x98\x96\x80\x00\x00\x00\x00\x00\x00\x00\x05\x00\x00\x00\x00\xce]QH\xd1D\x00\x00s3-eth5\x00\x00\x00\x00\x00\x00\x00\x00\x00\x00\x00\x00\x00\x00\x00\x00\x04\x00\x00\x08@\x00\x00\x00\x00\x00\x00\x00\x00\x00\x00\x00\x00\x00\x98\x96\x80\x00\x00\x00\x00\x00\x00\x00\x02\x00\x00\x00\x00\xeal\x0eO\xa1<\x00\x00s3-eth2\x00\x00\x00\x00\x00\x00\x00\x00\x00\x00\x00\x00\x00\x00\x00\x00\x04\x00\x00\x08@\x00\x00\x00\x00\x00\x00\x00\x00\x00\x00\x00\x00\x00\x98\x96\x80\x00\x00\x00\x00\x00\x00\x00\x03\x00\x00\x00\x00\xd6=N\xac\xfd+\x00\x00s3-eth3\x00\x00\x00\x00\x00\x00\x00\x00\x00\x00\x00\x00\x00\x00\x00\x00\x04\x00\x00\x08@\x00\x00\x00\x00\x00\x00\x00\x00\x00\x00\x00\x00\x00\x98\x96\x80\x00\x00\x00\x00'
2021-05-21 10:05:56,756 | 5172 | proxy.proxy, handle_switch, 252 | DEBUG | waiting data ......
2021-05-21 10:05:56,757 | 5172 | proxy.observable, notify_observers, 63 | DEBUG | notify data to observer: <proxy.packet.Message object at 0x7fe87fe2ea00>
2021-05-21 10:05:56,757 | 5172 | api.observer, update, 38 | DEBUG | observed from observable: b'\x04\x06\x00 \xa3%\x00q\x00\x00\x00\x00\x00\x00\x00\x02\x00\x00\x00\x00\xfe\x00\x00\x00\x00\x00\x00O\x00\x00\x00\x00'
2021-05-21 10:05:56,759 | 5172 | api.observer, todict, 39 | DEBUG | UBIntBase, key : {'_value': 4, 'enum_ref': None}
2021-05-21 10:05:56,760 | 5172 | api.observer, todict, 39 | DEBUG | UBIntBase, key : {'_value': 32, 'enum_ref': None}
2021-05-21 10:05:56,765 | 5172 | api.observer, todict, 39 | DEBUG | UBIntBase, key : {'_value': 2737111153, 'enum_ref': None}
2021-05-21 10:05:56,765 | 5172 | api.observer, todict, 39 | DEBUG | UBIntBase, key : {'_value': 0, 'enum_ref': None}
2021-05-21 10:05:56,766 | 5172 | api.observer, todict, 39 | DEBUG | UBIntBase, key : {'_value': 254, 'enum_ref': None}
2021-05-21 10:05:56,768 | 5172 | api.observer, todict, 39 | DEBUG | UBIntBase, key : {'_value': 0, 'enum_ref': None}
2021-05-21 10:05:56,769 | 5172 | api.observer, todict, 39 | DEBUG | UBIntBase, key : {'_value': Capabilities(79), 'enum_ref': <class 'pyof.v0x04.controller2switch.features_reply.Capabilities'>}
2021-05-21 10:05:56,770 | 5172 | api.observer, todict, 39 | DEBUG | UBIntBase, key : {'_value': 0, 'enum_ref': None}
2021-05-21 10:05:56,771 | 5172 | api.observer, parse, 16 | INFO | Parsed msg : {'header': {'version': 4, 'message_type': 6, 'length': 32, 'xid': 2737111153}, 'datapath_id': {'enum_ref': None}, 'n_buffers': 0, 'n_tables': 254, 'auxiliary_id': 0, 'pad': {'enum_ref': None}, 'capabilities': Capabilities(79), 'reserved': 0}
2021-05-21 10:05:56,771 | 5172 | proxy.observable, notify_observers, 63 | DEBUG | notify data to observer: <proxy.packet.Message object at 0x7fe87fe2e370>
2021-05-21 10:05:56,772 | 5172 | api.observer, update, 38 | DEBUG | observed from observable: b'\x04\x13\x02\x10\xd6B\x82\x14\x00\r\x00\x00\x00\x00\x00\x00\xff\xff\xff\xfe\x00\x00\x00\x00>\x80\xa8\xa5\x8bM\x00\x00s1\x00\x00\x00\x00\x00\x00\x00\x00\x00\x00\x00\x00\x00\x00\x00\x00\x00\x01\x00\x00\x00\x01\x00\x00\x00\x00\x00\x00\x00\x00\x00\x00\x00\x00\x00\x00\x00\x00\x00\x00\x00\x00\x00\x00\x00\x00\x00\x00\x00\x05\x00\x00\x00\x00Z\x9bc\xb9\xaaO\x00\x00s1-eth5\x00\x00\x00\x00\x00\x00\x00\x00\x00\x00\x00\x00\x00\x00\x00\x00\x04\x00\x00\x08@\x00\x00\x00\x00\x00\x00\x00\x00\x00\x00\x00\x00\x00\x98\x96\x80\x00\x00\x00\x00\x00\x00\x00\x07\x00\x00\x00\x00\xb2p\xc7\xaf\x90\xd4\x00\x00s1-eth7\x00\x00\x00\x00\x00\x00\x00\x00\x00\x00\x00\x00\x00\x00\x00\x00\x04\x00\x00\x08@\x00\x00\x00\x00\x00\x00\x00\x00\x00\x00\x00\x00\x00\x98\x96\x80\x00\x00\x00\x00\x00\x00\x00\x04\x00\x00\x00\x00J\xab\x05\x11\xf2\xad\x00\x00s1-eth4\x00\x00\x00\x00\x00\x00\x00\x00\x00\x00\x00\x00\x00\x00\x00\x00\x04\x00\x00\x08@\x00\x00\x00\x00\x00\x00\x00\x00\x00\x00\x00\x00\x00\x98\x96\x80\x00\x00\x00\x00\x00\x00\x00\x06\x00\x00\x00\x00"\xf1Q\xfc\x14\x8d\x00\x00s1-eth6\x00\x00\x00\x00\x00\x00\x00\x00\x00\x00\x00\x00\x00\x00\x00\x00\x04\x00\x00\x08@\x00\x00\x00\x00\x00\x00\x00\x00\x00\x00\x00\x00\x00\x98\x96\x80\x00\x00\x00\x00\x00\x00\x00\x01\x00\x00\x00\x00\xaaj\xa4\xe0}\x1f\x00\x00s1-eth1\x00\x00\x00\x00\x00\x00\x00\x00\x00\x00\x00\x00\x00\x00\x00\x00\x04\x00\x00\x08@\x00\x00\x00\x00\x00\x00\x00\x00\x00\x00\x00\x00\x00\x98\x96\x80\x00\x00\x00\x00\x00\x00\x00\x02\x00\x00\x00\x00\xa6I\xce#\xb2\xa4\x00\x00s1-eth2\x00\x00\x00\x00\x00\x00\x00\x00\x00\x00\x00\x00\x00\x00\x00\x00\x04\x00\x00\x08@\x00\x00\x00\x00\x00\x00\x00\x00\x00\x00\x00\x00\x00\x98\x96\x80\x00\x00\x00\x00\x00\x00\x00\x03\x00\x00\x00\x00\xdeO\xe9\xcd\xfa\xef\x00\x00s1-eth3\x00\x00\x00\x00\x00\x00\x00\x00\x00\x00\x00\x00\x00\x00\x00\x00\x04\x00\x00\x08@\x00\x00\x00\x00\x00\x00\x00\x00\x00\x00\x00\x00\x00\x98\x96\x80\x00\x00\x00\x00'
2021-05-21 10:05:56,775 | 5172 | api.observer, todict, 39 | DEBUG | UBIntBase, key : {'_value': 4, 'enum_ref': None}
2021-05-21 10:05:56,782 | 5172 | api.observer, todict, 39 | DEBUG | UBIntBase, key : {'_value': 528, 'enum_ref': None}
2021-05-21 10:05:56,782 | 5172 | api.observer, todict, 39 | DEBUG | UBIntBase, key : {'_value': 3594682900, 'enum_ref': None}
2021-05-21 10:05:56,783 | 5172 | api.observer, todict, 39 | DEBUG | UBIntBase, key : {'_value': 0, 'enum_ref': None}
2021-05-21 10:05:56,784 | 5172 | api.observer, todict, 39 | DEBUG | UBIntBase, key : {'_value': 4294967294, 'enum_ref': None}
2021-05-21 10:05:56,788 | 5172 | api.observer, todict, 39 | DEBUG | UBIntBase, key : {'_value': PortConfig(1), 'enum_ref': <class 'pyof.v0x04.common.port.PortConfig'>}
2021-05-21 10:05:56,789 | 5172 | api.observer, todict, 39 | DEBUG | UBIntBase, key : {'_value': PortState(1), 'enum_ref': <class 'pyof.v0x04.common.port.PortState'>}
2021-05-21 10:05:56,789 | 5172 | api.observer, todict, 39 | DEBUG | UBIntBase, key : {'_value': PortFeatures(0), 'enum_ref': <class 'pyof.v0x04.common.port.PortFeatures'>}
2021-05-21 10:05:56,789 | 5172 | api.observer, todict, 39 | DEBUG | UBIntBase, key : {'_value': PortFeatures(0), 'enum_ref': <class 'pyof.v0x04.common.port.PortFeatures'>}
2021-05-21 10:05:56,794 | 5172 | api.observer, todict, 39 | DEBUG | UBIntBase, key : {'_value': PortFeatures(0), 'enum_ref': <class 'pyof.v0x04.common.port.PortFeatures'>}
2021-05-21 10:05:56,796 | 5172 | api.observer, todict, 39 | DEBUG | UBIntBase, key : {'_value': PortFeatures(0), 'enum_ref': <class 'pyof.v0x04.common.port.PortFeatures'>}
2021-05-21 10:05:56,796 | 5172 | api.observer, todict, 39 | DEBUG | UBIntBase, key : {'_value': 0, 'enum_ref': None}
2021-05-21 10:05:56,797 | 5172 | api.observer, todict, 39 | DEBUG | UBIntBase, key : {'_value': 0, 'enum_ref': None}
2021-05-21 10:05:56,797 | 5172 | api.observer, todict, 39 | DEBUG | UBIntBase, key : {'_value': 5, 'enum_ref': None}
2021-05-21 10:05:56,798 | 5172 | api.observer, todict, 39 | DEBUG | UBIntBase, key : {'_value': PortConfig(0), 'enum_ref': <class 'pyof.v0x04.common.port.PortConfig'>}
2021-05-21 10:05:56,798 | 5172 | api.observer, todict, 39 | DEBUG | UBIntBase, key : {'_value': PortState(4), 'enum_ref': <class 'pyof.v0x04.common.port.PortState'>}
2021-05-21 10:05:56,799 | 5172 | api.observer, todict, 39 | DEBUG | UBIntBase, key : {'_value': PortFeatures(2112), 'enum_ref': <class 'pyof.v0x04.common.port.PortFeatures'>}
2021-05-21 10:05:56,799 | 5172 | api.observer, todict, 39 | DEBUG | UBIntBase, key : {'_value': PortFeatures(0), 'enum_ref': <class 'pyof.v0x04.common.port.PortFeatures'>}
2021-05-21 10:05:56,799 | 5172 | api.observer, todict, 39 | DEBUG | UBIntBase, key : {'_value': PortFeatures(0), 'enum_ref': <class 'pyof.v0x04.common.port.PortFeatures'>}
2021-05-21 10:05:56,800 | 5172 | api.observer, todict, 39 | DEBUG | UBIntBase, key : {'_value': PortFeatures(0), 'enum_ref': <class 'pyof.v0x04.common.port.PortFeatures'>}
2021-05-21 10:05:56,800 | 5172 | api.observer, todict, 39 | DEBUG | UBIntBase, key : {'_value': 10000000, 'enum_ref': None}
2021-05-21 10:05:56,801 | 5172 | api.observer, todict, 39 | DEBUG | UBIntBase, key : {'_value': 0, 'enum_ref': None}
2021-05-21 10:05:56,802 | 5172 | api.observer, todict, 39 | DEBUG | UBIntBase, key : {'_value': 7, 'enum_ref': None}
2021-05-21 10:05:56,802 | 5172 | api.observer, todict, 39 | DEBUG | UBIntBase, key : {'_value': PortConfig(0), 'enum_ref': <class 'pyof.v0x04.common.port.PortConfig'>}
2021-05-21 10:05:56,803 | 5172 | api.observer, todict, 39 | DEBUG | UBIntBase, key : {'_value': PortState(4), 'enum_ref': <class 'pyof.v0x04.common.port.PortState'>}
2021-05-21 10:05:56,811 | 5172 | api.observer, todict, 39 | DEBUG | UBIntBase, key : {'_value': PortFeatures(2112), 'enum_ref': <class 'pyof.v0x04.common.port.PortFeatures'>}
2021-05-21 10:05:56,813 | 5172 | api.observer, todict, 39 | DEBUG | UBIntBase, key : {'_value': PortFeatures(0), 'enum_ref': <class 'pyof.v0x04.common.port.PortFeatures'>}
2021-05-21 10:05:56,814 | 5172 | api.observer, todict, 39 | DEBUG | UBIntBase, key : {'_value': PortFeatures(0), 'enum_ref': <class 'pyof.v0x04.common.port.PortFeatures'>}
2021-05-21 10:05:56,815 | 5172 | api.observer, todict, 39 | DEBUG | UBIntBase, key : {'_value': PortFeatures(0), 'enum_ref': <class 'pyof.v0x04.common.port.PortFeatures'>}
2021-05-21 10:05:56,816 | 5172 | api.observer, todict, 39 | DEBUG | UBIntBase, key : {'_value': 10000000, 'enum_ref': None}
2021-05-21 10:05:56,816 | 5172 | api.observer, todict, 39 | DEBUG | UBIntBase, key : {'_value': 0, 'enum_ref': None}
2021-05-21 10:05:56,816 | 5172 | api.observer, todict, 39 | DEBUG | UBIntBase, key : {'_value': 4, 'enum_ref': None}
2021-05-21 10:05:56,817 | 5172 | api.observer, todict, 39 | DEBUG | UBIntBase, key : {'_value': PortConfig(0), 'enum_ref': <class 'pyof.v0x04.common.port.PortConfig'>}
2021-05-21 10:05:56,821 | 5172 | api.observer, todict, 39 | DEBUG | UBIntBase, key : {'_value': PortState(4), 'enum_ref': <class 'pyof.v0x04.common.port.PortState'>}
2021-05-21 10:05:56,821 | 5172 | api.observer, todict, 39 | DEBUG | UBIntBase, key : {'_value': PortFeatures(2112), 'enum_ref': <class 'pyof.v0x04.common.port.PortFeatures'>}
2021-05-21 10:05:56,822 | 5172 | api.observer, todict, 39 | DEBUG | UBIntBase, key : {'_value': PortFeatures(0), 'enum_ref': <class 'pyof.v0x04.common.port.PortFeatures'>}
2021-05-21 10:05:56,823 | 5172 | api.observer, todict, 39 | DEBUG | UBIntBase, key : {'_value': PortFeatures(0), 'enum_ref': <class 'pyof.v0x04.common.port.PortFeatures'>}
2021-05-21 10:05:56,823 | 5172 | api.observer, todict, 39 | DEBUG | UBIntBase, key : {'_value': PortFeatures(0), 'enum_ref': <class 'pyof.v0x04.common.port.PortFeatures'>}
2021-05-21 10:05:56,824 | 5172 | api.observer, todict, 39 | DEBUG | UBIntBase, key : {'_value': 10000000, 'enum_ref': None}
2021-05-21 10:05:56,824 | 5172 | api.observer, todict, 39 | DEBUG | UBIntBase, key : {'_value': 0, 'enum_ref': None}
2021-05-21 10:05:56,830 | 5172 | api.observer, todict, 39 | DEBUG | UBIntBase, key : {'_value': 6, 'enum_ref': None}
2021-05-21 10:05:56,830 | 5172 | api.observer, todict, 39 | DEBUG | UBIntBase, key : {'_value': PortConfig(0), 'enum_ref': <class 'pyof.v0x04.common.port.PortConfig'>}
2021-05-21 10:05:56,831 | 5172 | api.observer, todict, 39 | DEBUG | UBIntBase, key : {'_value': PortState(4), 'enum_ref': <class 'pyof.v0x04.common.port.PortState'>}
2021-05-21 10:05:56,831 | 5172 | api.observer, todict, 39 | DEBUG | UBIntBase, key : {'_value': PortFeatures(2112), 'enum_ref': <class 'pyof.v0x04.common.port.PortFeatures'>}
2021-05-21 10:05:56,831 | 5172 | api.observer, todict, 39 | DEBUG | UBIntBase, key : {'_value': PortFeatures(0), 'enum_ref': <class 'pyof.v0x04.common.port.PortFeatures'>}
2021-05-21 10:05:56,832 | 5172 | api.observer, todict, 39 | DEBUG | UBIntBase, key : {'_value': PortFeatures(0), 'enum_ref': <class 'pyof.v0x04.common.port.PortFeatures'>}
2021-05-21 10:05:56,832 | 5172 | api.observer, todict, 39 | DEBUG | UBIntBase, key : {'_value': PortFeatures(0), 'enum_ref': <class 'pyof.v0x04.common.port.PortFeatures'>}
2021-05-21 10:05:56,832 | 5172 | api.observer, todict, 39 | DEBUG | UBIntBase, key : {'_value': 10000000, 'enum_ref': None}
2021-05-21 10:05:56,833 | 5172 | api.observer, todict, 39 | DEBUG | UBIntBase, key : {'_value': 0, 'enum_ref': None}
2021-05-21 10:05:56,834 | 5172 | api.observer, todict, 39 | DEBUG | UBIntBase, key : {'_value': 1, 'enum_ref': None}
2021-05-21 10:05:56,835 | 5172 | api.observer, todict, 39 | DEBUG | UBIntBase, key : {'_value': PortConfig(0), 'enum_ref': <class 'pyof.v0x04.common.port.PortConfig'>}
2021-05-21 10:05:56,842 | 5172 | api.observer, todict, 39 | DEBUG | UBIntBase, key : {'_value': PortState(4), 'enum_ref': <class 'pyof.v0x04.common.port.PortState'>}
2021-05-21 10:05:56,847 | 5172 | api.observer, todict, 39 | DEBUG | UBIntBase, key : {'_value': PortFeatures(2112), 'enum_ref': <class 'pyof.v0x04.common.port.PortFeatures'>}
2021-05-21 10:05:56,848 | 5172 | api.observer, todict, 39 | DEBUG | UBIntBase, key : {'_value': PortFeatures(0), 'enum_ref': <class 'pyof.v0x04.common.port.PortFeatures'>}
2021-05-21 10:05:56,849 | 5172 | api.observer, todict, 39 | DEBUG | UBIntBase, key : {'_value': PortFeatures(0), 'enum_ref': <class 'pyof.v0x04.common.port.PortFeatures'>}
2021-05-21 10:05:56,849 | 5172 | api.observer, todict, 39 | DEBUG | UBIntBase, key : {'_value': PortFeatures(0), 'enum_ref': <class 'pyof.v0x04.common.port.PortFeatures'>}
2021-05-21 10:05:56,850 | 5172 | api.observer, todict, 39 | DEBUG | UBIntBase, key : {'_value': 10000000, 'enum_ref': None}
2021-05-21 10:05:56,853 | 5172 | api.observer, todict, 39 | DEBUG | UBIntBase, key : {'_value': 0, 'enum_ref': None}
2021-05-21 10:05:56,855 | 5172 | api.observer, todict, 39 | DEBUG | UBIntBase, key : {'_value': 2, 'enum_ref': None}
2021-05-21 10:05:56,857 | 5172 | api.observer, todict, 39 | DEBUG | UBIntBase, key : {'_value': PortConfig(0), 'enum_ref': <class 'pyof.v0x04.common.port.PortConfig'>}
2021-05-21 10:05:56,857 | 5172 | api.observer, todict, 39 | DEBUG | UBIntBase, key : {'_value': PortState(4), 'enum_ref': <class 'pyof.v0x04.common.port.PortState'>}
2021-05-21 10:05:56,862 | 5172 | api.observer, todict, 39 | DEBUG | UBIntBase, key : {'_value': PortFeatures(2112), 'enum_ref': <class 'pyof.v0x04.common.port.PortFeatures'>}
2021-05-21 10:05:56,862 | 5172 | api.observer, todict, 39 | DEBUG | UBIntBase, key : {'_value': PortFeatures(0), 'enum_ref': <class 'pyof.v0x04.common.port.PortFeatures'>}
2021-05-21 10:05:56,863 | 5172 | api.observer, todict, 39 | DEBUG | UBIntBase, key : {'_value': PortFeatures(0), 'enum_ref': <class 'pyof.v0x04.common.port.PortFeatures'>}
2021-05-21 10:05:56,867 | 5172 | api.observer, todict, 39 | DEBUG | UBIntBase, key : {'_value': PortFeatures(0), 'enum_ref': <class 'pyof.v0x04.common.port.PortFeatures'>}
2021-05-21 10:05:56,870 | 5172 | api.observer, todict, 39 | DEBUG | UBIntBase, key : {'_value': 10000000, 'enum_ref': None}
2021-05-21 10:05:56,871 | 5172 | api.observer, todict, 39 | DEBUG | UBIntBase, key : {'_value': 0, 'enum_ref': None}
2021-05-21 10:05:56,875 | 5172 | api.observer, todict, 39 | DEBUG | UBIntBase, key : {'_value': 3, 'enum_ref': None}
2021-05-21 10:05:56,877 | 5172 | api.observer, todict, 39 | DEBUG | UBIntBase, key : {'_value': PortConfig(0), 'enum_ref': <class 'pyof.v0x04.common.port.PortConfig'>}
2021-05-21 10:05:56,880 | 5172 | api.observer, todict, 39 | DEBUG | UBIntBase, key : {'_value': PortState(4), 'enum_ref': <class 'pyof.v0x04.common.port.PortState'>}
2021-05-21 10:05:56,881 | 5172 | api.observer, todict, 39 | DEBUG | UBIntBase, key : {'_value': PortFeatures(2112), 'enum_ref': <class 'pyof.v0x04.common.port.PortFeatures'>}
2021-05-21 10:05:56,881 | 5172 | api.observer, todict, 39 | DEBUG | UBIntBase, key : {'_value': PortFeatures(0), 'enum_ref': <class 'pyof.v0x04.common.port.PortFeatures'>}
2021-05-21 10:05:56,882 | 5172 | api.observer, todict, 39 | DEBUG | UBIntBase, key : {'_value': PortFeatures(0), 'enum_ref': <class 'pyof.v0x04.common.port.PortFeatures'>}
2021-05-21 10:05:56,882 | 5172 | api.observer, todict, 39 | DEBUG | UBIntBase, key : {'_value': PortFeatures(0), 'enum_ref': <class 'pyof.v0x04.common.port.PortFeatures'>}
2021-05-21 10:05:56,884 | 5172 | api.observer, todict, 39 | DEBUG | UBIntBase, key : {'_value': 10000000, 'enum_ref': None}
2021-05-21 10:05:56,890 | 5172 | api.observer, todict, 39 | DEBUG | UBIntBase, key : {'_value': 0, 'enum_ref': None}
2021-05-21 10:05:56,891 | 5172 | api.observer, parse, 16 | INFO | Parsed msg : {'header': {'version': 4, 'message_type': 19, 'length': 528, 'xid': 3594682900}, 'multipart_type': {}, 'flags': 0, 'pad': {'enum_ref': None}, 'body': [{'port_no': 4294967294, 'pad': {'enum_ref': None}, 'hw_addr': {'enum_ref': None}, 'pad2': {'enum_ref': None}, 'name': {'enum_ref': None, 'length': 16}, 'config': PortConfig(1), 'state': PortState(1), 'curr': PortFeatures(0), 'advertised': PortFeatures(0), 'supported': PortFeatures(0), 'peer': PortFeatures(0), 'curr_speed': 0, 'max_speed': 0}, {'port_no': 5, 'pad': {'enum_ref': None}, 'hw_addr': {'enum_ref': None}, 'pad2': {'enum_ref': None}, 'name': {'enum_ref': None, 'length': 16}, 'config': PortConfig(0), 'state': PortState(4), 'curr': PortFeatures(2112), 'advertised': PortFeatures(0), 'supported': PortFeatures(0), 'peer': PortFeatures(0), 'curr_speed': 10000000, 'max_speed': 0}, {'port_no': 7, 'pad': {'enum_ref': None}, 'hw_addr': {'enum_ref': None}, 'pad2': {'enum_ref': None}, 'name': {'enum_ref': None, 'length': 16}, 'config': PortConfig(0), 'state': PortState(4), 'curr': PortFeatures(2112), 'advertised': PortFeatures(0), 'supported': PortFeatures(0), 'peer': PortFeatures(0), 'curr_speed': 10000000, 'max_speed': 0}, {'port_no': 4, 'pad': {'enum_ref': None}, 'hw_addr': {'enum_ref': None}, 'pad2': {'enum_ref': None}, 'name': {'enum_ref': None, 'length': 16}, 'config': PortConfig(0), 'state': PortState(4), 'curr': PortFeatures(2112), 'advertised': PortFeatures(0), 'supported': PortFeatures(0), 'peer': PortFeatures(0), 'curr_speed': 10000000, 'max_speed': 0}, {'port_no': 6, 'pad': {'enum_ref': None}, 'hw_addr': {'enum_ref': None}, 'pad2': {'enum_ref': None}, 'name': {'enum_ref': None, 'length': 16}, 'config': PortConfig(0), 'state': PortState(4), 'curr': PortFeatures(2112), 'advertised': PortFeatures(0), 'supported': PortFeatures(0), 'peer': PortFeatures(0), 'curr_speed': 10000000, 'max_speed': 0}, {'port_no': 1, 'pad': {'enum_ref': None}, 'hw_addr': {'enum_ref': None}, 'pad2': {'enum_ref': None}, 'name': {'enum_ref': None, 'length': 16}, 'config': PortConfig(0), 'state': PortState(4), 'curr': PortFeatures(2112), 'advertised': PortFeatures(0), 'supported': PortFeatures(0), 'peer': PortFeatures(0), 'curr_speed': 10000000, 'max_speed': 0}, {'port_no': 2, 'pad': {'enum_ref': None}, 'hw_addr': {'enum_ref': None}, 'pad2': {'enum_ref': None}, 'name': {'enum_ref': None, 'length': 16}, 'config': PortConfig(0), 'state': PortState(4), 'curr': PortFeatures(2112), 'advertised': PortFeatures(0), 'supported': PortFeatures(0), 'peer': PortFeatures(0), 'curr_speed': 10000000, 'max_speed': 0}, {'port_no': 3, 'pad': {'enum_ref': None}, 'hw_addr': {'enum_ref': None}, 'pad2': {'enum_ref': None}, 'name': {'enum_ref': None, 'length': 16}, 'config': PortConfig(0), 'state': PortState(4), 'curr': PortFeatures(2112), 'advertised': PortFeatures(0), 'supported': PortFeatures(0), 'peer': PortFeatures(0), 'curr_speed': 10000000, 'max_speed': 0}]}
2021-05-21 10:05:56,895 | 5172 | proxy.observable, notify_observers, 63 | DEBUG | notify data to observer: <proxy.packet.Message object at 0x7fe87fe2ecd0>
2021-05-21 10:05:56,895 | 5172 | api.observer, update, 38 | DEBUG | observed from observable: b'\x04\x13\x01\xd0\xc0<s \x00\r\x00\x00\x00\x00\x00\x00\xff\xff\xff\xfe\x00\x00\x00\x00&z\xe5u#L\x00\x00s3\x00\x00\x00\x00\x00\x00\x00\x00\x00\x00\x00\x00\x00\x00\x00\x00\x00\x01\x00\x00\x00\x01\x00\x00\x00\x00\x00\x00\x00\x00\x00\x00\x00\x00\x00\x00\x00\x00\x00\x00\x00\x00\x00\x00\x00\x00\x00\x00\x00\x04\x00\x00\x00\x00\x92\x9d\x87\xf2\xc2\x8a\x00\x00s3-eth4\x00\x00\x00\x00\x00\x00\x00\x00\x00\x00\x00\x00\x00\x00\x00\x00\x04\x00\x00\x08@\x00\x00\x00\x00\x00\x00\x00\x00\x00\x00\x00\x00\x00\x98\x96\x80\x00\x00\x00\x00\x00\x00\x00\x06\x00\x00\x00\x00\x12\x9b\xb1o%f\x00\x00s3-eth6\x00\x00\x00\x00\x00\x00\x00\x00\x00\x00\x00\x00\x00\x00\x00\x00\x04\x00\x00\x08@\x00\x00\x00\x00\x00\x00\x00\x00\x00\x00\x00\x00\x00\x98\x96\x80\x00\x00\x00\x00\x00\x00\x00\x01\x00\x00\x00\x00\xda\xc4\xd2N6#\x00\x00s3-eth1\x00\x00\x00\x00\x00\x00\x00\x00\x00\x00\x00\x00\x00\x00\x00\x00\x04\x00\x00\x08@\x00\x00\x00\x00\x00\x00\x00\x00\x00\x00\x00\x00\x00\x98\x96\x80\x00\x00\x00\x00\x00\x00\x00\x05\x00\x00\x00\x00\xce]QH\xd1D\x00\x00s3-eth5\x00\x00\x00\x00\x00\x00\x00\x00\x00\x00\x00\x00\x00\x00\x00\x00\x04\x00\x00\x08@\x00\x00\x00\x00\x00\x00\x00\x00\x00\x00\x00\x00\x00\x98\x96\x80\x00\x00\x00\x00\x00\x00\x00\x02\x00\x00\x00\x00\xeal\x0eO\xa1<\x00\x00s3-eth2\x00\x00\x00\x00\x00\x00\x00\x00\x00\x00\x00\x00\x00\x00\x00\x00\x04\x00\x00\x08@\x00\x00\x00\x00\x00\x00\x00\x00\x00\x00\x00\x00\x00\x98\x96\x80\x00\x00\x00\x00\x00\x00\x00\x03\x00\x00\x00\x00\xd6=N\xac\xfd+\x00\x00s3-eth3\x00\x00\x00\x00\x00\x00\x00\x00\x00\x00\x00\x00\x00\x00\x00\x00\x04\x00\x00\x08@\x00\x00\x00\x00\x00\x00\x00\x00\x00\x00\x00\x00\x00\x98\x96\x80\x00\x00\x00\x00'
2021-05-21 10:05:56,920 | 5172 | api.observer, todict, 39 | DEBUG | UBIntBase, key : {'_value': 4, 'enum_ref': None}
2021-05-21 10:05:56,921 | 5172 | api.observer, todict, 39 | DEBUG | UBIntBase, key : {'_value': 464, 'enum_ref': None}
2021-05-21 10:05:56,921 | 5172 | api.observer, todict, 39 | DEBUG | UBIntBase, key : {'_value': 3225187104, 'enum_ref': None}
2021-05-21 10:05:56,922 | 5172 | api.observer, todict, 39 | DEBUG | UBIntBase, key : {'_value': 0, 'enum_ref': None}
2021-05-21 10:05:56,922 | 5172 | api.observer, todict, 39 | DEBUG | UBIntBase, key : {'_value': 4294967294, 'enum_ref': None}
2021-05-21 10:05:56,923 | 5172 | api.observer, todict, 39 | DEBUG | UBIntBase, key : {'_value': PortConfig(1), 'enum_ref': <class 'pyof.v0x04.common.port.PortConfig'>}
2021-05-21 10:05:56,923 | 5172 | api.observer, todict, 39 | DEBUG | UBIntBase, key : {'_value': PortState(1), 'enum_ref': <class 'pyof.v0x04.common.port.PortState'>}
2021-05-21 10:05:56,924 | 5172 | api.observer, todict, 39 | DEBUG | UBIntBase, key : {'_value': PortFeatures(0), 'enum_ref': <class 'pyof.v0x04.common.port.PortFeatures'>}
2021-05-21 10:05:56,925 | 5172 | api.observer, todict, 39 | DEBUG | UBIntBase, key : {'_value': PortFeatures(0), 'enum_ref': <class 'pyof.v0x04.common.port.PortFeatures'>}
2021-05-21 10:05:56,930 | 5172 | api.observer, todict, 39 | DEBUG | UBIntBase, key : {'_value': PortFeatures(0), 'enum_ref': <class 'pyof.v0x04.common.port.PortFeatures'>}
2021-05-21 10:05:56,931 | 5172 | api.observer, todict, 39 | DEBUG | UBIntBase, key : {'_value': PortFeatures(0), 'enum_ref': <class 'pyof.v0x04.common.port.PortFeatures'>}
2021-05-21 10:05:56,931 | 5172 | api.observer, todict, 39 | DEBUG | UBIntBase, key : {'_value': 0, 'enum_ref': None}
2021-05-21 10:05:56,932 | 5172 | api.observer, todict, 39 | DEBUG | UBIntBase, key : {'_value': 0, 'enum_ref': None}
2021-05-21 10:05:56,934 | 5172 | api.observer, todict, 39 | DEBUG | UBIntBase, key : {'_value': 4, 'enum_ref': None}
2021-05-21 10:05:56,935 | 5172 | api.observer, todict, 39 | DEBUG | UBIntBase, key : {'_value': PortConfig(0), 'enum_ref': <class 'pyof.v0x04.common.port.PortConfig'>}
2021-05-21 10:05:56,935 | 5172 | api.observer, todict, 39 | DEBUG | UBIntBase, key : {'_value': PortState(4), 'enum_ref': <class 'pyof.v0x04.common.port.PortState'>}
2021-05-21 10:05:56,936 | 5172 | api.observer, todict, 39 | DEBUG | UBIntBase, key : {'_value': PortFeatures(2112), 'enum_ref': <class 'pyof.v0x04.common.port.PortFeatures'>}
2021-05-21 10:05:56,936 | 5172 | api.observer, todict, 39 | DEBUG | UBIntBase, key : {'_value': PortFeatures(0), 'enum_ref': <class 'pyof.v0x04.common.port.PortFeatures'>}
2021-05-21 10:05:56,937 | 5172 | api.observer, todict, 39 | DEBUG | UBIntBase, key : {'_value': PortFeatures(0), 'enum_ref': <class 'pyof.v0x04.common.port.PortFeatures'>}
2021-05-21 10:05:56,938 | 5172 | api.observer, todict, 39 | DEBUG | UBIntBase, key : {'_value': PortFeatures(0), 'enum_ref': <class 'pyof.v0x04.common.port.PortFeatures'>}
2021-05-21 10:05:56,939 | 5172 | api.observer, todict, 39 | DEBUG | UBIntBase, key : {'_value': 10000000, 'enum_ref': None}
2021-05-21 10:05:56,942 | 5172 | api.observer, todict, 39 | DEBUG | UBIntBase, key : {'_value': 0, 'enum_ref': None}
2021-05-21 10:05:56,942 | 5172 | api.observer, todict, 39 | DEBUG | UBIntBase, key : {'_value': 6, 'enum_ref': None}
2021-05-21 10:05:56,943 | 5172 | api.observer, todict, 39 | DEBUG | UBIntBase, key : {'_value': PortConfig(0), 'enum_ref': <class 'pyof.v0x04.common.port.PortConfig'>}
2021-05-21 10:05:56,951 | 5172 | api.observer, todict, 39 | DEBUG | UBIntBase, key : {'_value': PortState(4), 'enum_ref': <class 'pyof.v0x04.common.port.PortState'>}
2021-05-21 10:05:56,952 | 5172 | api.observer, todict, 39 | DEBUG | UBIntBase, key : {'_value': PortFeatures(2112), 'enum_ref': <class 'pyof.v0x04.common.port.PortFeatures'>}
2021-05-21 10:05:56,952 | 5172 | api.observer, todict, 39 | DEBUG | UBIntBase, key : {'_value': PortFeatures(0), 'enum_ref': <class 'pyof.v0x04.common.port.PortFeatures'>}
2021-05-21 10:05:56,953 | 5172 | api.observer, todict, 39 | DEBUG | UBIntBase, key : {'_value': PortFeatures(0), 'enum_ref': <class 'pyof.v0x04.common.port.PortFeatures'>}
2021-05-21 10:05:56,953 | 5172 | api.observer, todict, 39 | DEBUG | UBIntBase, key : {'_value': PortFeatures(0), 'enum_ref': <class 'pyof.v0x04.common.port.PortFeatures'>}
2021-05-21 10:05:56,954 | 5172 | api.observer, todict, 39 | DEBUG | UBIntBase, key : {'_value': 10000000, 'enum_ref': None}
2021-05-21 10:05:56,954 | 5172 | api.observer, todict, 39 | DEBUG | UBIntBase, key : {'_value': 0, 'enum_ref': None}
2021-05-21 10:05:56,955 | 5172 | api.observer, todict, 39 | DEBUG | UBIntBase, key : {'_value': 1, 'enum_ref': None}
2021-05-21 10:05:56,955 | 5172 | api.observer, todict, 39 | DEBUG | UBIntBase, key : {'_value': PortConfig(0), 'enum_ref': <class 'pyof.v0x04.common.port.PortConfig'>}
2021-05-21 10:05:56,955 | 5172 | api.observer, todict, 39 | DEBUG | UBIntBase, key : {'_value': PortState(4), 'enum_ref': <class 'pyof.v0x04.common.port.PortState'>}
2021-05-21 10:05:56,956 | 5172 | api.observer, todict, 39 | DEBUG | UBIntBase, key : {'_value': PortFeatures(2112), 'enum_ref': <class 'pyof.v0x04.common.port.PortFeatures'>}
2021-05-21 10:05:56,956 | 5172 | api.observer, todict, 39 | DEBUG | UBIntBase, key : {'_value': PortFeatures(0), 'enum_ref': <class 'pyof.v0x04.common.port.PortFeatures'>}
2021-05-21 10:05:56,956 | 5172 | api.observer, todict, 39 | DEBUG | UBIntBase, key : {'_value': PortFeatures(0), 'enum_ref': <class 'pyof.v0x04.common.port.PortFeatures'>}
2021-05-21 10:05:56,958 | 5172 | api.observer, todict, 39 | DEBUG | UBIntBase, key : {'_value': PortFeatures(0), 'enum_ref': <class 'pyof.v0x04.common.port.PortFeatures'>}
2021-05-21 10:05:56,966 | 5172 | api.observer, todict, 39 | DEBUG | UBIntBase, key : {'_value': 10000000, 'enum_ref': None}
2021-05-21 10:05:56,967 | 5172 | api.observer, todict, 39 | DEBUG | UBIntBase, key : {'_value': 0, 'enum_ref': None}
2021-05-21 10:05:56,967 | 5172 | api.observer, todict, 39 | DEBUG | UBIntBase, key : {'_value': 5, 'enum_ref': None}
2021-05-21 10:05:56,968 | 5172 | api.observer, todict, 39 | DEBUG | UBIntBase, key : {'_value': PortConfig(0), 'enum_ref': <class 'pyof.v0x04.common.port.PortConfig'>}
2021-05-21 10:05:56,970 | 5172 | api.observer, todict, 39 | DEBUG | UBIntBase, key : {'_value': PortState(4), 'enum_ref': <class 'pyof.v0x04.common.port.PortState'>}
2021-05-21 10:05:56,970 | 5172 | api.observer, todict, 39 | DEBUG | UBIntBase, key : {'_value': PortFeatures(2112), 'enum_ref': <class 'pyof.v0x04.common.port.PortFeatures'>}
2021-05-21 10:05:56,971 | 5172 | api.observer, todict, 39 | DEBUG | UBIntBase, key : {'_value': PortFeatures(0), 'enum_ref': <class 'pyof.v0x04.common.port.PortFeatures'>}
2021-05-21 10:05:56,971 | 5172 | api.observer, todict, 39 | DEBUG | UBIntBase, key : {'_value': PortFeatures(0), 'enum_ref': <class 'pyof.v0x04.common.port.PortFeatures'>}
2021-05-21 10:05:56,972 | 5172 | api.observer, todict, 39 | DEBUG | UBIntBase, key : {'_value': PortFeatures(0), 'enum_ref': <class 'pyof.v0x04.common.port.PortFeatures'>}
2021-05-21 10:05:56,972 | 5172 | api.observer, todict, 39 | DEBUG | UBIntBase, key : {'_value': 10000000, 'enum_ref': None}
2021-05-21 10:05:56,972 | 5172 | api.observer, todict, 39 | DEBUG | UBIntBase, key : {'_value': 0, 'enum_ref': None}
2021-05-21 10:05:56,973 | 5172 | api.observer, todict, 39 | DEBUG | UBIntBase, key : {'_value': 2, 'enum_ref': None}
2021-05-21 10:05:56,979 | 5172 | api.observer, todict, 39 | DEBUG | UBIntBase, key : {'_value': PortConfig(0), 'enum_ref': <class 'pyof.v0x04.common.port.PortConfig'>}
2021-05-21 10:05:56,980 | 5172 | api.observer, todict, 39 | DEBUG | UBIntBase, key : {'_value': PortState(4), 'enum_ref': <class 'pyof.v0x04.common.port.PortState'>}
2021-05-21 10:05:56,982 | 5172 | api.observer, todict, 39 | DEBUG | UBIntBase, key : {'_value': PortFeatures(2112), 'enum_ref': <class 'pyof.v0x04.common.port.PortFeatures'>}
2021-05-21 10:05:56,985 | 5172 | api.observer, todict, 39 | DEBUG | UBIntBase, key : {'_value': PortFeatures(0), 'enum_ref': <class 'pyof.v0x04.common.port.PortFeatures'>}
2021-05-21 10:05:56,986 | 5172 | api.observer, todict, 39 | DEBUG | UBIntBase, key : {'_value': PortFeatures(0), 'enum_ref': <class 'pyof.v0x04.common.port.PortFeatures'>}
2021-05-21 10:05:56,986 | 5172 | api.observer, todict, 39 | DEBUG | UBIntBase, key : {'_value': PortFeatures(0), 'enum_ref': <class 'pyof.v0x04.common.port.PortFeatures'>}
2021-05-21 10:05:56,988 | 5172 | api.observer, todict, 39 | DEBUG | UBIntBase, key : {'_value': 10000000, 'enum_ref': None}
2021-05-21 10:05:56,988 | 5172 | api.observer, todict, 39 | DEBUG | UBIntBase, key : {'_value': 0, 'enum_ref': None}
2021-05-21 10:05:56,988 | 5172 | api.observer, todict, 39 | DEBUG | UBIntBase, key : {'_value': 3, 'enum_ref': None}
2021-05-21 10:05:56,989 | 5172 | api.observer, todict, 39 | DEBUG | UBIntBase, key : {'_value': PortConfig(0), 'enum_ref': <class 'pyof.v0x04.common.port.PortConfig'>}
2021-05-21 10:05:56,990 | 5172 | api.observer, todict, 39 | DEBUG | UBIntBase, key : {'_value': PortState(4), 'enum_ref': <class 'pyof.v0x04.common.port.PortState'>}
2021-05-21 10:05:56,990 | 5172 | api.observer, todict, 39 | DEBUG | UBIntBase, key : {'_value': PortFeatures(2112), 'enum_ref': <class 'pyof.v0x04.common.port.PortFeatures'>}
2021-05-21 10:05:56,990 | 5172 | api.observer, todict, 39 | DEBUG | UBIntBase, key : {'_value': PortFeatures(0), 'enum_ref': <class 'pyof.v0x04.common.port.PortFeatures'>}
2021-05-21 10:05:56,991 | 5172 | api.observer, todict, 39 | DEBUG | UBIntBase, key : {'_value': PortFeatures(0), 'enum_ref': <class 'pyof.v0x04.common.port.PortFeatures'>}
2021-05-21 10:05:56,992 | 5172 | api.observer, todict, 39 | DEBUG | UBIntBase, key : {'_value': PortFeatures(0), 'enum_ref': <class 'pyof.v0x04.common.port.PortFeatures'>}
2021-05-21 10:05:56,998 | 5172 | api.observer, todict, 39 | DEBUG | UBIntBase, key : {'_value': 10000000, 'enum_ref': None}
2021-05-21 10:05:56,998 | 5172 | api.observer, todict, 39 | DEBUG | UBIntBase, key : {'_value': 0, 'enum_ref': None}
2021-05-21 10:05:56,999 | 5172 | api.observer, parse, 16 | INFO | Parsed msg : {'header': {'version': 4, 'message_type': 19, 'length': 464, 'xid': 3225187104}, 'multipart_type': {}, 'flags': 0, 'pad': {'enum_ref': None}, 'body': [{'port_no': 4294967294, 'pad': {'enum_ref': None}, 'hw_addr': {'enum_ref': None}, 'pad2': {'enum_ref': None}, 'name': {'enum_ref': None, 'length': 16}, 'config': PortConfig(1), 'state': PortState(1), 'curr': PortFeatures(0), 'advertised': PortFeatures(0), 'supported': PortFeatures(0), 'peer': PortFeatures(0), 'curr_speed': 0, 'max_speed': 0}, {'port_no': 4, 'pad': {'enum_ref': None}, 'hw_addr': {'enum_ref': None}, 'pad2': {'enum_ref': None}, 'name': {'enum_ref': None, 'length': 16}, 'config': PortConfig(0), 'state': PortState(4), 'curr': PortFeatures(2112), 'advertised': PortFeatures(0), 'supported': PortFeatures(0), 'peer': PortFeatures(0), 'curr_speed': 10000000, 'max_speed': 0}, {'port_no': 6, 'pad': {'enum_ref': None}, 'hw_addr': {'enum_ref': None}, 'pad2': {'enum_ref': None}, 'name': {'enum_ref': None, 'length': 16}, 'config': PortConfig(0), 'state': PortState(4), 'curr': PortFeatures(2112), 'advertised': PortFeatures(0), 'supported': PortFeatures(0), 'peer': PortFeatures(0), 'curr_speed': 10000000, 'max_speed': 0}, {'port_no': 1, 'pad': {'enum_ref': None}, 'hw_addr': {'enum_ref': None}, 'pad2': {'enum_ref': None}, 'name': {'enum_ref': None, 'length': 16}, 'config': PortConfig(0), 'state': PortState(4), 'curr': PortFeatures(2112), 'advertised': PortFeatures(0), 'supported': PortFeatures(0), 'peer': PortFeatures(0), 'curr_speed': 10000000, 'max_speed': 0}, {'port_no': 5, 'pad': {'enum_ref': None}, 'hw_addr': {'enum_ref': None}, 'pad2': {'enum_ref': None}, 'name': {'enum_ref': None, 'length': 16}, 'config': PortConfig(0), 'state': PortState(4), 'curr': PortFeatures(2112), 'advertised': PortFeatures(0), 'supported': PortFeatures(0), 'peer': PortFeatures(0), 'curr_speed': 10000000, 'max_speed': 0}, {'port_no': 2, 'pad': {'enum_ref': None}, 'hw_addr': {'enum_ref': None}, 'pad2': {'enum_ref': None}, 'name': {'enum_ref': None, 'length': 16}, 'config': PortConfig(0), 'state': PortState(4), 'curr': PortFeatures(2112), 'advertised': PortFeatures(0), 'supported': PortFeatures(0), 'peer': PortFeatures(0), 'curr_speed': 10000000, 'max_speed': 0}, {'port_no': 3, 'pad': {'enum_ref': None}, 'hw_addr': {'enum_ref': None}, 'pad2': {'enum_ref': None}, 'name': {'enum_ref': None, 'length': 16}, 'config': PortConfig(0), 'state': PortState(4), 'curr': PortFeatures(2112), 'advertised': PortFeatures(0), 'supported': PortFeatures(0), 'peer': PortFeatures(0), 'curr_speed': 10000000, 'max_speed': 0}]}
2021-05-21 10:05:56,999 | 5172 | proxy.proxy, handle_controller, 362 | DEBUG | read b'\x04\x12\x00\x10\xa3%\x00r\x00\r\x00\x00\x00\x00\x00\x00\x04\x0e\x00P\xa3%\x00s\x00\x00\x00\x00\x00\x00\x00\x00\x00\x00\x00\x00\x00\x00\x00\x00\x00\x00\x00\x00\x00\x00\x00\x00\xff\xff\xff\xff\x00\x00\x00\x00\x00\x00\x00\x00\x00\x00\x00\x00\x00\x01\x00\x04\x00\x00\x00\x00\x00\x04\x00\x18\x00\x00\x00\x00\x00\x00\x00\x10\xff\xff\xff\xfd\xff\xff\x00\x00\x00\x00\x00\x00'
2021-05-21 10:05:57,000 | 5172 | proxy.proxy, send_to_switch, 291 | DEBUG | sent data to switch: b'\x04\x12\x00\x10\xa3%\x00r\x00\r\x00\x00\x00\x00\x00\x00\x04\x0e\x00P\xa3%\x00s\x00\x00\x00\x00\x00\x00\x00\x00\x00\x00\x00\x00\x00\x00\x00\x00\x00\x00\x00\x00\x00\x00\x00\x00\xff\xff\xff\xff\x00\x00\x00\x00\x00\x00\x00\x00\x00\x00\x00\x00\x00\x01\x00\x04\x00\x00\x00\x00\x00\x04\x00\x18\x00\x00\x00\x00\x00\x00\x00\x10\xff\xff\xff\xfd\xff\xff\x00\x00\x00\x00\x00\x00'
2021-05-21 10:05:57,001 | 5172 | proxy.proxy, send_to_switch, 92 | DEBUG | set data and sent to switch : b'\x04\x12\x00\x10\xa3%\x00r\x00\r\x00\x00\x00\x00\x00\x00\x04\x0e\x00P\xa3%\x00s\x00\x00\x00\x00\x00\x00\x00\x00\x00\x00\x00\x00\x00\x00\x00\x00\x00\x00\x00\x00\x00\x00\x00\x00\xff\xff\xff\xff\x00\x00\x00\x00\x00\x00\x00\x00\x00\x00\x00\x00\x00\x01\x00\x04\x00\x00\x00\x00\x00\x04\x00\x18\x00\x00\x00\x00\x00\x00\x00\x10\xff\xff\xff\xfd\xff\xff\x00\x00\x00\x00\x00\x00'
2021-05-21 10:05:57,010 | 5172 | proxy.proxy, handle_controller, 360 | DEBUG | waiting data ......
2021-05-21 10:05:57,011 | 5172 | proxy.observable, notify_observers, 63 | DEBUG | notify data to observer: <proxy.packet.Message object at 0x7fe87fe2ed60>
2021-05-21 10:05:57,016 | 5172 | api.observer, update, 38 | DEBUG | observed from observable: b'\x04\x12\x00\x10\xa3%\x00r\x00\r\x00\x00\x00\x00\x00\x00\x04\x0e\x00P\xa3%\x00s\x00\x00\x00\x00\x00\x00\x00\x00\x00\x00\x00\x00\x00\x00\x00\x00\x00\x00\x00\x00\x00\x00\x00\x00\xff\xff\xff\xff\x00\x00\x00\x00\x00\x00\x00\x00\x00\x00\x00\x00\x00\x01\x00\x04\x00\x00\x00\x00\x00\x04\x00\x18\x00\x00\x00\x00\x00\x00\x00\x10\xff\xff\xff\xfd\xff\xff\x00\x00\x00\x00\x00\x00'
2021-05-21 10:05:57,022 | 5172 | api.observer, todict, 39 | DEBUG | UBIntBase, key : {'_value': 4, 'enum_ref': None}
2021-05-21 10:05:57,023 | 5172 | api.observer, todict, 39 | DEBUG | UBIntBase, key : {'_value': 16, 'enum_ref': None}
2021-05-21 10:05:57,023 | 5172 | api.observer, todict, 39 | DEBUG | UBIntBase, key : {'_value': 2737111154, 'enum_ref': None}
2021-05-21 10:05:57,023 | 5172 | api.observer, todict, 39 | DEBUG | UBIntBase, key : {'_value': <MultipartRequestFlags.OFPMPF_REQ_NONE: 0>, 'enum_ref': <enum 'MultipartRequestFlags'>}
2021-05-21 10:05:57,024 | 5172 | api.observer, parse, 16 | INFO | Parsed msg : {'header': {'version': 4, 'message_type': 18, 'length': 16, 'xid': 2737111154}, 'multipart_type': {}, 'flags': <MultipartRequestFlags.OFPMPF_REQ_NONE: 0>, 'pad': {'enum_ref': None}, 'body': {'enum_ref': None}}
2021-05-21 10:05:57,024 | 5172 | proxy.proxy, handle_switch, 255 | DEBUG | read b"\x04\x13\x02\x10\xa3%\x00r\x00\r\x00\x00\x00\x00\x00\x00\xff\xff\xff\xfe\x00\x00\x00\x00\xaa\xa6K.\x16G\x00\x00s2\x00\x00\x00\x00\x00\x00\x00\x00\x00\x00\x00\x00\x00\x00\x00\x00\x00\x01\x00\x00\x00\x01\x00\x00\x00\x00\x00\x00\x00\x00\x00\x00\x00\x00\x00\x00\x00\x00\x00\x00\x00\x00\x00\x00\x00\x00\x00\x00\x00\x05\x00\x00\x00\x00^Z\x1faH\x19\x00\x00s2-eth5\x00\x00\x00\x00\x00\x00\x00\x00\x00\x00\x00\x00\x00\x00\x00\x00\x04\x00\x00\x08@\x00\x00\x00\x00\x00\x00\x00\x00\x00\x00\x00\x00\x00\x98\x96\x80\x00\x00\x00\x00\x00\x00\x00\x06\x00\x00\x00\x00\xba5\xa4\xa2\xb9\xb6\x00\x00s2-eth6\x00\x00\x00\x00\x00\x00\x00\x00\x00\x00\x00\x00\x00\x00\x00\x00\x04\x00\x00\x08@\x00\x00\x00\x00\x00\x00\x00\x00\x00\x00\x00\x00\x00\x98\x96\x80\x00\x00\x00\x00\x00\x00\x00\x04\x00\x00\x00\x00Z\xd3\xbb2\xff'\x00\x00s2-eth4\x00\x00\x00\x00\x00\x00\x00\x00\x00\x00\x00\x00\x00\x00\x00\x00\x04\x00\x00\x08@\x00\x00\x00\x00\x00\x00\x00\x00\x00\x00\x00\x00\x00\x98\x96\x80\x00\x00\x00\x00\x00\x00\x00\x07\x00\x00\x00\x00\x12\x82c\xe8\x0b;\x00\x00s2-eth7\x00\x00\x00\x00\x00\x00\x00\x00\x00\x00\x00\x00\x00\x00\x00\x00\x04\x00\x00\x08@\x00\x00\x00\x00\x00\x00\x00\x00\x00\x00\x00\x00\x00\x98\x96\x80\x00\x00\x00\x00\x00\x00\x00\x01\x00\x00\x00\x00f\xe0\x13\xc8\x01\x9d\x00\x00s2-eth1\x00\x00\x00\x00\x00\x00\x00\x00\x00\x00\x00\x00\x00\x00\x00\x00\x04\x00\x00\x08@\x00\x00\x00\x00\x00\x00\x00\x00\x00\x00\x00\x00\x00\x98\x96\x80\x00\x00\x00\x00\x00\x00\x00\x02\x00\x00\x00\x00\x12\xc9\x8ch\xba\x1e\x00\x00s2-eth2\x00\x00\x00\x00\x00\x00\x00\x00\x00\x00\x00\x00\x00\x00\x00\x00\x04\x00\x00\x08@\x00\x00\x00\x00\x00\x00\x00\x00\x00\x00\x00\x00\x00\x98\x96\x80\x00\x00\x00\x00\x00\x00\x00\x03\x00\x00\x00\x00f\xe8h\xcc\xd8\xd0\x00\x00s2-eth3\x00\x00\x00\x00\x00\x00\x00\x00\x00\x00\x00\x00\x00\x00\x00\x00\x04\x00\x00\x08@\x00\x00\x00\x00\x00\x00\x00\x00\x00\x00\x00\x00\x00\x98\x96\x80\x00\x00\x00\x00"
2021-05-21 10:05:57,026 | 5172 | proxy.proxy, send_to_controller, 396 | DEBUG | sent data to controller: b"\x04\x13\x02\x10\xa3%\x00r\x00\r\x00\x00\x00\x00\x00\x00\xff\xff\xff\xfe\x00\x00\x00\x00\xaa\xa6K.\x16G\x00\x00s2\x00\x00\x00\x00\x00\x00\x00\x00\x00\x00\x00\x00\x00\x00\x00\x00\x00\x01\x00\x00\x00\x01\x00\x00\x00\x00\x00\x00\x00\x00\x00\x00\x00\x00\x00\x00\x00\x00\x00\x00\x00\x00\x00\x00\x00\x00\x00\x00\x00\x05\x00\x00\x00\x00^Z\x1faH\x19\x00\x00s2-eth5\x00\x00\x00\x00\x00\x00\x00\x00\x00\x00\x00\x00\x00\x00\x00\x00\x04\x00\x00\x08@\x00\x00\x00\x00\x00\x00\x00\x00\x00\x00\x00\x00\x00\x98\x96\x80\x00\x00\x00\x00\x00\x00\x00\x06\x00\x00\x00\x00\xba5\xa4\xa2\xb9\xb6\x00\x00s2-eth6\x00\x00\x00\x00\x00\x00\x00\x00\x00\x00\x00\x00\x00\x00\x00\x00\x04\x00\x00\x08@\x00\x00\x00\x00\x00\x00\x00\x00\x00\x00\x00\x00\x00\x98\x96\x80\x00\x00\x00\x00\x00\x00\x00\x04\x00\x00\x00\x00Z\xd3\xbb2\xff'\x00\x00s2-eth4\x00\x00\x00\x00\x00\x00\x00\x00\x00\x00\x00\x00\x00\x00\x00\x00\x04\x00\x00\x08@\x00\x00\x00\x00\x00\x00\x00\x00\x00\x00\x00\x00\x00\x98\x96\x80\x00\x00\x00\x00\x00\x00\x00\x07\x00\x00\x00\x00\x12\x82c\xe8\x0b;\x00\x00s2-eth7\x00\x00\x00\x00\x00\x00\x00\x00\x00\x00\x00\x00\x00\x00\x00\x00\x04\x00\x00\x08@\x00\x00\x00\x00\x00\x00\x00\x00\x00\x00\x00\x00\x00\x98\x96\x80\x00\x00\x00\x00\x00\x00\x00\x01\x00\x00\x00\x00f\xe0\x13\xc8\x01\x9d\x00\x00s2-eth1\x00\x00\x00\x00\x00\x00\x00\x00\x00\x00\x00\x00\x00\x00\x00\x00\x04\x00\x00\x08@\x00\x00\x00\x00\x00\x00\x00\x00\x00\x00\x00\x00\x00\x98\x96\x80\x00\x00\x00\x00\x00\x00\x00\x02\x00\x00\x00\x00\x12\xc9\x8ch\xba\x1e\x00\x00s2-eth2\x00\x00\x00\x00\x00\x00\x00\x00\x00\x00\x00\x00\x00\x00\x00\x00\x04\x00\x00\x08@\x00\x00\x00\x00\x00\x00\x00\x00\x00\x00\x00\x00\x00\x98\x96\x80\x00\x00\x00\x00\x00\x00\x00\x03\x00\x00\x00\x00f\xe8h\xcc\xd8\xd0\x00\x00s2-eth3\x00\x00\x00\x00\x00\x00\x00\x00\x00\x00\x00\x00\x00\x00\x00\x00\x04\x00\x00\x08@\x00\x00\x00\x00\x00\x00\x00\x00\x00\x00\x00\x00\x00\x98\x96\x80\x00\x00\x00\x00"
2021-05-21 10:05:57,027 | 5172 | proxy.proxy, send_to_controller, 74 | DEBUG | set data and sent to controller : b"\x04\x13\x02\x10\xa3%\x00r\x00\r\x00\x00\x00\x00\x00\x00\xff\xff\xff\xfe\x00\x00\x00\x00\xaa\xa6K.\x16G\x00\x00s2\x00\x00\x00\x00\x00\x00\x00\x00\x00\x00\x00\x00\x00\x00\x00\x00\x00\x01\x00\x00\x00\x01\x00\x00\x00\x00\x00\x00\x00\x00\x00\x00\x00\x00\x00\x00\x00\x00\x00\x00\x00\x00\x00\x00\x00\x00\x00\x00\x00\x05\x00\x00\x00\x00^Z\x1faH\x19\x00\x00s2-eth5\x00\x00\x00\x00\x00\x00\x00\x00\x00\x00\x00\x00\x00\x00\x00\x00\x04\x00\x00\x08@\x00\x00\x00\x00\x00\x00\x00\x00\x00\x00\x00\x00\x00\x98\x96\x80\x00\x00\x00\x00\x00\x00\x00\x06\x00\x00\x00\x00\xba5\xa4\xa2\xb9\xb6\x00\x00s2-eth6\x00\x00\x00\x00\x00\x00\x00\x00\x00\x00\x00\x00\x00\x00\x00\x00\x04\x00\x00\x08@\x00\x00\x00\x00\x00\x00\x00\x00\x00\x00\x00\x00\x00\x98\x96\x80\x00\x00\x00\x00\x00\x00\x00\x04\x00\x00\x00\x00Z\xd3\xbb2\xff'\x00\x00s2-eth4\x00\x00\x00\x00\x00\x00\x00\x00\x00\x00\x00\x00\x00\x00\x00\x00\x04\x00\x00\x08@\x00\x00\x00\x00\x00\x00\x00\x00\x00\x00\x00\x00\x00\x98\x96\x80\x00\x00\x00\x00\x00\x00\x00\x07\x00\x00\x00\x00\x12\x82c\xe8\x0b;\x00\x00s2-eth7\x00\x00\x00\x00\x00\x00\x00\x00\x00\x00\x00\x00\x00\x00\x00\x00\x04\x00\x00\x08@\x00\x00\x00\x00\x00\x00\x00\x00\x00\x00\x00\x00\x00\x98\x96\x80\x00\x00\x00\x00\x00\x00\x00\x01\x00\x00\x00\x00f\xe0\x13\xc8\x01\x9d\x00\x00s2-eth1\x00\x00\x00\x00\x00\x00\x00\x00\x00\x00\x00\x00\x00\x00\x00\x00\x04\x00\x00\x08@\x00\x00\x00\x00\x00\x00\x00\x00\x00\x00\x00\x00\x00\x98\x96\x80\x00\x00\x00\x00\x00\x00\x00\x02\x00\x00\x00\x00\x12\xc9\x8ch\xba\x1e\x00\x00s2-eth2\x00\x00\x00\x00\x00\x00\x00\x00\x00\x00\x00\x00\x00\x00\x00\x00\x04\x00\x00\x08@\x00\x00\x00\x00\x00\x00\x00\x00\x00\x00\x00\x00\x00\x98\x96\x80\x00\x00\x00\x00\x00\x00\x00\x03\x00\x00\x00\x00f\xe8h\xcc\xd8\xd0\x00\x00s2-eth3\x00\x00\x00\x00\x00\x00\x00\x00\x00\x00\x00\x00\x00\x00\x00\x00\x04\x00\x00\x08@\x00\x00\x00\x00\x00\x00\x00\x00\x00\x00\x00\x00\x00\x98\x96\x80\x00\x00\x00\x00"
2021-05-21 10:05:57,027 | 5172 | proxy.proxy, handle_switch, 252 | DEBUG | waiting data ......
2021-05-21 10:05:57,028 | 5172 | proxy.observable, notify_observers, 63 | DEBUG | notify data to observer: <proxy.packet.Message object at 0x7fe87fe2ed30>
2021-05-21 10:05:57,031 | 5172 | api.observer, update, 38 | DEBUG | observed from observable: b"\x04\x13\x02\x10\xa3%\x00r\x00\r\x00\x00\x00\x00\x00\x00\xff\xff\xff\xfe\x00\x00\x00\x00\xaa\xa6K.\x16G\x00\x00s2\x00\x00\x00\x00\x00\x00\x00\x00\x00\x00\x00\x00\x00\x00\x00\x00\x00\x01\x00\x00\x00\x01\x00\x00\x00\x00\x00\x00\x00\x00\x00\x00\x00\x00\x00\x00\x00\x00\x00\x00\x00\x00\x00\x00\x00\x00\x00\x00\x00\x05\x00\x00\x00\x00^Z\x1faH\x19\x00\x00s2-eth5\x00\x00\x00\x00\x00\x00\x00\x00\x00\x00\x00\x00\x00\x00\x00\x00\x04\x00\x00\x08@\x00\x00\x00\x00\x00\x00\x00\x00\x00\x00\x00\x00\x00\x98\x96\x80\x00\x00\x00\x00\x00\x00\x00\x06\x00\x00\x00\x00\xba5\xa4\xa2\xb9\xb6\x00\x00s2-eth6\x00\x00\x00\x00\x00\x00\x00\x00\x00\x00\x00\x00\x00\x00\x00\x00\x04\x00\x00\x08@\x00\x00\x00\x00\x00\x00\x00\x00\x00\x00\x00\x00\x00\x98\x96\x80\x00\x00\x00\x00\x00\x00\x00\x04\x00\x00\x00\x00Z\xd3\xbb2\xff'\x00\x00s2-eth4\x00\x00\x00\x00\x00\x00\x00\x00\x00\x00\x00\x00\x00\x00\x00\x00\x04\x00\x00\x08@\x00\x00\x00\x00\x00\x00\x00\x00\x00\x00\x00\x00\x00\x98\x96\x80\x00\x00\x00\x00\x00\x00\x00\x07\x00\x00\x00\x00\x12\x82c\xe8\x0b;\x00\x00s2-eth7\x00\x00\x00\x00\x00\x00\x00\x00\x00\x00\x00\x00\x00\x00\x00\x00\x04\x00\x00\x08@\x00\x00\x00\x00\x00\x00\x00\x00\x00\x00\x00\x00\x00\x98\x96\x80\x00\x00\x00\x00\x00\x00\x00\x01\x00\x00\x00\x00f\xe0\x13\xc8\x01\x9d\x00\x00s2-eth1\x00\x00\x00\x00\x00\x00\x00\x00\x00\x00\x00\x00\x00\x00\x00\x00\x04\x00\x00\x08@\x00\x00\x00\x00\x00\x00\x00\x00\x00\x00\x00\x00\x00\x98\x96\x80\x00\x00\x00\x00\x00\x00\x00\x02\x00\x00\x00\x00\x12\xc9\x8ch\xba\x1e\x00\x00s2-eth2\x00\x00\x00\x00\x00\x00\x00\x00\x00\x00\x00\x00\x00\x00\x00\x00\x04\x00\x00\x08@\x00\x00\x00\x00\x00\x00\x00\x00\x00\x00\x00\x00\x00\x98\x96\x80\x00\x00\x00\x00\x00\x00\x00\x03\x00\x00\x00\x00f\xe8h\xcc\xd8\xd0\x00\x00s2-eth3\x00\x00\x00\x00\x00\x00\x00\x00\x00\x00\x00\x00\x00\x00\x00\x00\x04\x00\x00\x08@\x00\x00\x00\x00\x00\x00\x00\x00\x00\x00\x00\x00\x00\x98\x96\x80\x00\x00\x00\x00"
2021-05-21 10:05:57,042 | 5172 | api.observer, todict, 39 | DEBUG | UBIntBase, key : {'_value': 4, 'enum_ref': None}
2021-05-21 10:05:57,043 | 5172 | api.observer, todict, 39 | DEBUG | UBIntBase, key : {'_value': 528, 'enum_ref': None}
2021-05-21 10:05:57,043 | 5172 | api.observer, todict, 39 | DEBUG | UBIntBase, key : {'_value': 2737111154, 'enum_ref': None}
2021-05-21 10:05:57,044 | 5172 | api.observer, todict, 39 | DEBUG | UBIntBase, key : {'_value': 0, 'enum_ref': None}
2021-05-21 10:05:57,045 | 5172 | api.observer, todict, 39 | DEBUG | UBIntBase, key : {'_value': 4294967294, 'enum_ref': None}
2021-05-21 10:05:57,049 | 5172 | api.observer, todict, 39 | DEBUG | UBIntBase, key : {'_value': PortConfig(1), 'enum_ref': <class 'pyof.v0x04.common.port.PortConfig'>}
2021-05-21 10:05:57,056 | 5172 | api.observer, todict, 39 | DEBUG | UBIntBase, key : {'_value': PortState(1), 'enum_ref': <class 'pyof.v0x04.common.port.PortState'>}
2021-05-21 10:05:57,056 | 5172 | api.observer, todict, 39 | DEBUG | UBIntBase, key : {'_value': PortFeatures(0), 'enum_ref': <class 'pyof.v0x04.common.port.PortFeatures'>}
2021-05-21 10:05:57,057 | 5172 | api.observer, todict, 39 | DEBUG | UBIntBase, key : {'_value': PortFeatures(0), 'enum_ref': <class 'pyof.v0x04.common.port.PortFeatures'>}
2021-05-21 10:05:57,057 | 5172 | api.observer, todict, 39 | DEBUG | UBIntBase, key : {'_value': PortFeatures(0), 'enum_ref': <class 'pyof.v0x04.common.port.PortFeatures'>}
2021-05-21 10:05:57,057 | 5172 | api.observer, todict, 39 | DEBUG | UBIntBase, key : {'_value': PortFeatures(0), 'enum_ref': <class 'pyof.v0x04.common.port.PortFeatures'>}
2021-05-21 10:05:57,058 | 5172 | api.observer, todict, 39 | DEBUG | UBIntBase, key : {'_value': 0, 'enum_ref': None}
2021-05-21 10:05:57,058 | 5172 | api.observer, todict, 39 | DEBUG | UBIntBase, key : {'_value': 0, 'enum_ref': None}
2021-05-21 10:05:57,058 | 5172 | api.observer, todict, 39 | DEBUG | UBIntBase, key : {'_value': 5, 'enum_ref': None}
2021-05-21 10:05:57,059 | 5172 | api.observer, todict, 39 | DEBUG | UBIntBase, key : {'_value': PortConfig(0), 'enum_ref': <class 'pyof.v0x04.common.port.PortConfig'>}
2021-05-21 10:05:57,059 | 5172 | api.observer, todict, 39 | DEBUG | UBIntBase, key : {'_value': PortState(4), 'enum_ref': <class 'pyof.v0x04.common.port.PortState'>}
2021-05-21 10:05:57,060 | 5172 | api.observer, todict, 39 | DEBUG | UBIntBase, key : {'_value': PortFeatures(2112), 'enum_ref': <class 'pyof.v0x04.common.port.PortFeatures'>}
2021-05-21 10:05:57,061 | 5172 | api.observer, todict, 39 | DEBUG | UBIntBase, key : {'_value': PortFeatures(0), 'enum_ref': <class 'pyof.v0x04.common.port.PortFeatures'>}
2021-05-21 10:05:57,061 | 5172 | api.observer, todict, 39 | DEBUG | UBIntBase, key : {'_value': PortFeatures(0), 'enum_ref': <class 'pyof.v0x04.common.port.PortFeatures'>}
2021-05-21 10:05:57,062 | 5172 | api.observer, todict, 39 | DEBUG | UBIntBase, key : {'_value': PortFeatures(0), 'enum_ref': <class 'pyof.v0x04.common.port.PortFeatures'>}
2021-05-21 10:05:57,062 | 5172 | api.observer, todict, 39 | DEBUG | UBIntBase, key : {'_value': 10000000, 'enum_ref': None}
2021-05-21 10:05:57,062 | 5172 | api.observer, todict, 39 | DEBUG | UBIntBase, key : {'_value': 0, 'enum_ref': None}
2021-05-21 10:05:57,063 | 5172 | api.observer, todict, 39 | DEBUG | UBIntBase, key : {'_value': 6, 'enum_ref': None}
2021-05-21 10:05:57,064 | 5172 | api.observer, todict, 39 | DEBUG | UBIntBase, key : {'_value': PortConfig(0), 'enum_ref': <class 'pyof.v0x04.common.port.PortConfig'>}
2021-05-21 10:05:57,067 | 5172 | api.observer, todict, 39 | DEBUG | UBIntBase, key : {'_value': PortState(4), 'enum_ref': <class 'pyof.v0x04.common.port.PortState'>}
2021-05-21 10:05:57,068 | 5172 | api.observer, todict, 39 | DEBUG | UBIntBase, key : {'_value': PortFeatures(2112), 'enum_ref': <class 'pyof.v0x04.common.port.PortFeatures'>}
2021-05-21 10:05:57,069 | 5172 | api.observer, todict, 39 | DEBUG | UBIntBase, key : {'_value': PortFeatures(0), 'enum_ref': <class 'pyof.v0x04.common.port.PortFeatures'>}
2021-05-21 10:05:57,070 | 5172 | api.observer, todict, 39 | DEBUG | UBIntBase, key : {'_value': PortFeatures(0), 'enum_ref': <class 'pyof.v0x04.common.port.PortFeatures'>}
2021-05-21 10:05:57,074 | 5172 | api.observer, todict, 39 | DEBUG | UBIntBase, key : {'_value': PortFeatures(0), 'enum_ref': <class 'pyof.v0x04.common.port.PortFeatures'>}
2021-05-21 10:05:57,076 | 5172 | api.observer, todict, 39 | DEBUG | UBIntBase, key : {'_value': 10000000, 'enum_ref': None}
2021-05-21 10:05:57,078 | 5172 | api.observer, todict, 39 | DEBUG | UBIntBase, key : {'_value': 0, 'enum_ref': None}
2021-05-21 10:05:57,080 | 5172 | api.observer, todict, 39 | DEBUG | UBIntBase, key : {'_value': 4, 'enum_ref': None}
2021-05-21 10:05:57,080 | 5172 | api.observer, todict, 39 | DEBUG | UBIntBase, key : {'_value': PortConfig(0), 'enum_ref': <class 'pyof.v0x04.common.port.PortConfig'>}
2021-05-21 10:05:57,081 | 5172 | api.observer, todict, 39 | DEBUG | UBIntBase, key : {'_value': PortState(4), 'enum_ref': <class 'pyof.v0x04.common.port.PortState'>}
2021-05-21 10:05:57,082 | 5172 | api.observer, todict, 39 | DEBUG | UBIntBase, key : {'_value': PortFeatures(2112), 'enum_ref': <class 'pyof.v0x04.common.port.PortFeatures'>}
2021-05-21 10:05:57,082 | 5172 | api.observer, todict, 39 | DEBUG | UBIntBase, key : {'_value': PortFeatures(0), 'enum_ref': <class 'pyof.v0x04.common.port.PortFeatures'>}
2021-05-21 10:05:57,086 | 5172 | api.observer, todict, 39 | DEBUG | UBIntBase, key : {'_value': PortFeatures(0), 'enum_ref': <class 'pyof.v0x04.common.port.PortFeatures'>}
2021-05-21 10:05:57,088 | 5172 | api.observer, todict, 39 | DEBUG | UBIntBase, key : {'_value': PortFeatures(0), 'enum_ref': <class 'pyof.v0x04.common.port.PortFeatures'>}
2021-05-21 10:05:57,089 | 5172 | api.observer, todict, 39 | DEBUG | UBIntBase, key : {'_value': 10000000, 'enum_ref': None}
2021-05-21 10:05:57,096 | 5172 | api.observer, todict, 39 | DEBUG | UBIntBase, key : {'_value': 0, 'enum_ref': None}
2021-05-21 10:05:57,097 | 5172 | api.observer, todict, 39 | DEBUG | UBIntBase, key : {'_value': 7, 'enum_ref': None}
2021-05-21 10:05:57,098 | 5172 | api.observer, todict, 39 | DEBUG | UBIntBase, key : {'_value': PortConfig(0), 'enum_ref': <class 'pyof.v0x04.common.port.PortConfig'>}
2021-05-21 10:05:57,100 | 5172 | api.observer, todict, 39 | DEBUG | UBIntBase, key : {'_value': PortState(4), 'enum_ref': <class 'pyof.v0x04.common.port.PortState'>}
2021-05-21 10:05:57,101 | 5172 | api.observer, todict, 39 | DEBUG | UBIntBase, key : {'_value': PortFeatures(2112), 'enum_ref': <class 'pyof.v0x04.common.port.PortFeatures'>}
2021-05-21 10:05:57,101 | 5172 | api.observer, todict, 39 | DEBUG | UBIntBase, key : {'_value': PortFeatures(0), 'enum_ref': <class 'pyof.v0x04.common.port.PortFeatures'>}
2021-05-21 10:05:57,102 | 5172 | api.observer, todict, 39 | DEBUG | UBIntBase, key : {'_value': PortFeatures(0), 'enum_ref': <class 'pyof.v0x04.common.port.PortFeatures'>}
2021-05-21 10:05:57,103 | 5172 | api.observer, todict, 39 | DEBUG | UBIntBase, key : {'_value': PortFeatures(0), 'enum_ref': <class 'pyof.v0x04.common.port.PortFeatures'>}
2021-05-21 10:05:57,105 | 5172 | api.observer, todict, 39 | DEBUG | UBIntBase, key : {'_value': 10000000, 'enum_ref': None}
2021-05-21 10:05:57,107 | 5172 | api.observer, todict, 39 | DEBUG | UBIntBase, key : {'_value': 0, 'enum_ref': None}
2021-05-21 10:05:57,108 | 5172 | api.observer, todict, 39 | DEBUG | UBIntBase, key : {'_value': 1, 'enum_ref': None}
2021-05-21 10:05:57,108 | 5172 | api.observer, todict, 39 | DEBUG | UBIntBase, key : {'_value': PortConfig(0), 'enum_ref': <class 'pyof.v0x04.common.port.PortConfig'>}
2021-05-21 10:05:57,109 | 5172 | api.observer, todict, 39 | DEBUG | UBIntBase, key : {'_value': PortState(4), 'enum_ref': <class 'pyof.v0x04.common.port.PortState'>}
2021-05-21 10:05:57,109 | 5172 | api.observer, todict, 39 | DEBUG | UBIntBase, key : {'_value': PortFeatures(2112), 'enum_ref': <class 'pyof.v0x04.common.port.PortFeatures'>}
2021-05-21 10:05:57,116 | 5172 | api.observer, todict, 39 | DEBUG | UBIntBase, key : {'_value': PortFeatures(0), 'enum_ref': <class 'pyof.v0x04.common.port.PortFeatures'>}
2021-05-21 10:05:57,117 | 5172 | api.observer, todict, 39 | DEBUG | UBIntBase, key : {'_value': PortFeatures(0), 'enum_ref': <class 'pyof.v0x04.common.port.PortFeatures'>}
2021-05-21 10:05:57,117 | 5172 | api.observer, todict, 39 | DEBUG | UBIntBase, key : {'_value': PortFeatures(0), 'enum_ref': <class 'pyof.v0x04.common.port.PortFeatures'>}
2021-05-21 10:05:57,118 | 5172 | api.observer, todict, 39 | DEBUG | UBIntBase, key : {'_value': 10000000, 'enum_ref': None}
2021-05-21 10:05:57,121 | 5172 | api.observer, todict, 39 | DEBUG | UBIntBase, key : {'_value': 0, 'enum_ref': None}
2021-05-21 10:05:57,128 | 5172 | api.observer, todict, 39 | DEBUG | UBIntBase, key : {'_value': 2, 'enum_ref': None}
2021-05-21 10:05:57,132 | 5172 | api.observer, todict, 39 | DEBUG | UBIntBase, key : {'_value': PortConfig(0), 'enum_ref': <class 'pyof.v0x04.common.port.PortConfig'>}
2021-05-21 10:05:57,133 | 5172 | api.observer, todict, 39 | DEBUG | UBIntBase, key : {'_value': PortState(4), 'enum_ref': <class 'pyof.v0x04.common.port.PortState'>}
2021-05-21 10:05:57,138 | 5172 | api.observer, todict, 39 | DEBUG | UBIntBase, key : {'_value': PortFeatures(2112), 'enum_ref': <class 'pyof.v0x04.common.port.PortFeatures'>}
2021-05-21 10:05:57,138 | 5172 | api.observer, todict, 39 | DEBUG | UBIntBase, key : {'_value': PortFeatures(0), 'enum_ref': <class 'pyof.v0x04.common.port.PortFeatures'>}
2021-05-21 10:05:57,139 | 5172 | api.observer, todict, 39 | DEBUG | UBIntBase, key : {'_value': PortFeatures(0), 'enum_ref': <class 'pyof.v0x04.common.port.PortFeatures'>}
2021-05-21 10:05:57,139 | 5172 | api.observer, todict, 39 | DEBUG | UBIntBase, key : {'_value': PortFeatures(0), 'enum_ref': <class 'pyof.v0x04.common.port.PortFeatures'>}
2021-05-21 10:05:57,139 | 5172 | api.observer, todict, 39 | DEBUG | UBIntBase, key : {'_value': 10000000, 'enum_ref': None}
2021-05-21 10:05:57,140 | 5172 | api.observer, todict, 39 | DEBUG | UBIntBase, key : {'_value': 0, 'enum_ref': None}
2021-05-21 10:05:57,140 | 5172 | api.observer, todict, 39 | DEBUG | UBIntBase, key : {'_value': 3, 'enum_ref': None}
2021-05-21 10:05:57,140 | 5172 | api.observer, todict, 39 | DEBUG | UBIntBase, key : {'_value': PortConfig(0), 'enum_ref': <class 'pyof.v0x04.common.port.PortConfig'>}
2021-05-21 10:05:57,141 | 5172 | api.observer, todict, 39 | DEBUG | UBIntBase, key : {'_value': PortState(4), 'enum_ref': <class 'pyof.v0x04.common.port.PortState'>}
2021-05-21 10:05:57,141 | 5172 | api.observer, todict, 39 | DEBUG | UBIntBase, key : {'_value': PortFeatures(2112), 'enum_ref': <class 'pyof.v0x04.common.port.PortFeatures'>}
2021-05-21 10:05:57,142 | 5172 | api.observer, todict, 39 | DEBUG | UBIntBase, key : {'_value': PortFeatures(0), 'enum_ref': <class 'pyof.v0x04.common.port.PortFeatures'>}
2021-05-21 10:05:57,142 | 5172 | api.observer, todict, 39 | DEBUG | UBIntBase, key : {'_value': PortFeatures(0), 'enum_ref': <class 'pyof.v0x04.common.port.PortFeatures'>}
2021-05-21 10:05:57,143 | 5172 | api.observer, todict, 39 | DEBUG | UBIntBase, key : {'_value': PortFeatures(0), 'enum_ref': <class 'pyof.v0x04.common.port.PortFeatures'>}
2021-05-21 10:05:57,144 | 5172 | api.observer, todict, 39 | DEBUG | UBIntBase, key : {'_value': 10000000, 'enum_ref': None}
2021-05-21 10:05:57,144 | 5172 | api.observer, todict, 39 | DEBUG | UBIntBase, key : {'_value': 0, 'enum_ref': None}
2021-05-21 10:05:57,145 | 5172 | api.observer, parse, 16 | INFO | Parsed msg : {'header': {'version': 4, 'message_type': 19, 'length': 528, 'xid': 2737111154}, 'multipart_type': {}, 'flags': 0, 'pad': {'enum_ref': None}, 'body': [{'port_no': 4294967294, 'pad': {'enum_ref': None}, 'hw_addr': {'enum_ref': None}, 'pad2': {'enum_ref': None}, 'name': {'enum_ref': None, 'length': 16}, 'config': PortConfig(1), 'state': PortState(1), 'curr': PortFeatures(0), 'advertised': PortFeatures(0), 'supported': PortFeatures(0), 'peer': PortFeatures(0), 'curr_speed': 0, 'max_speed': 0}, {'port_no': 5, 'pad': {'enum_ref': None}, 'hw_addr': {'enum_ref': None}, 'pad2': {'enum_ref': None}, 'name': {'enum_ref': None, 'length': 16}, 'config': PortConfig(0), 'state': PortState(4), 'curr': PortFeatures(2112), 'advertised': PortFeatures(0), 'supported': PortFeatures(0), 'peer': PortFeatures(0), 'curr_speed': 10000000, 'max_speed': 0}, {'port_no': 6, 'pad': {'enum_ref': None}, 'hw_addr': {'enum_ref': None}, 'pad2': {'enum_ref': None}, 'name': {'enum_ref': None, 'length': 16}, 'config': PortConfig(0), 'state': PortState(4), 'curr': PortFeatures(2112), 'advertised': PortFeatures(0), 'supported': PortFeatures(0), 'peer': PortFeatures(0), 'curr_speed': 10000000, 'max_speed': 0}, {'port_no': 4, 'pad': {'enum_ref': None}, 'hw_addr': {'enum_ref': None}, 'pad2': {'enum_ref': None}, 'name': {'enum_ref': None, 'length': 16}, 'config': PortConfig(0), 'state': PortState(4), 'curr': PortFeatures(2112), 'advertised': PortFeatures(0), 'supported': PortFeatures(0), 'peer': PortFeatures(0), 'curr_speed': 10000000, 'max_speed': 0}, {'port_no': 7, 'pad': {'enum_ref': None}, 'hw_addr': {'enum_ref': None}, 'pad2': {'enum_ref': None}, 'name': {'enum_ref': None, 'length': 16}, 'config': PortConfig(0), 'state': PortState(4), 'curr': PortFeatures(2112), 'advertised': PortFeatures(0), 'supported': PortFeatures(0), 'peer': PortFeatures(0), 'curr_speed': 10000000, 'max_speed': 0}, {'port_no': 1, 'pad': {'enum_ref': None}, 'hw_addr': {'enum_ref': None}, 'pad2': {'enum_ref': None}, 'name': {'enum_ref': None, 'length': 16}, 'config': PortConfig(0), 'state': PortState(4), 'curr': PortFeatures(2112), 'advertised': PortFeatures(0), 'supported': PortFeatures(0), 'peer': PortFeatures(0), 'curr_speed': 10000000, 'max_speed': 0}, {'port_no': 2, 'pad': {'enum_ref': None}, 'hw_addr': {'enum_ref': None}, 'pad2': {'enum_ref': None}, 'name': {'enum_ref': None, 'length': 16}, 'config': PortConfig(0), 'state': PortState(4), 'curr': PortFeatures(2112), 'advertised': PortFeatures(0), 'supported': PortFeatures(0), 'peer': PortFeatures(0), 'curr_speed': 10000000, 'max_speed': 0}, {'port_no': 3, 'pad': {'enum_ref': None}, 'hw_addr': {'enum_ref': None}, 'pad2': {'enum_ref': None}, 'name': {'enum_ref': None, 'length': 16}, 'config': PortConfig(0), 'state': PortState(4), 'curr': PortFeatures(2112), 'advertised': PortFeatures(0), 'supported': PortFeatures(0), 'peer': PortFeatures(0), 'curr_speed': 10000000, 'max_speed': 0}]}
2021-05-21 10:05:57,453 | 5172 | root, <module>, 55 | INFO | keyboardInterrupt : 
